Scenario - phase2_matchingPennies_algorithm1
Logfile written - 01/20/2018 10:01:44

Subject	Trial	Event Type	Code	Time	TTime	Uncertainty	Duration	Uncertainty	ReqTime	ReqDur	Stim Type	Pair Index

761	0	Manual	01/20/2018 09:28:40	-9976	-9976
761	0	Response	3	47359	47359	6
761	0	Response	3	48933	48933	6
761	0	Response	3	50557	50557	6
761	0	Response	2	122324	122324	6
761	0	Response	3	168171	168171	5
761	0	Response	3	268848	268848	6
761	0	Response	3	270293	270293	6
761	0	Response	2	354234	354234	6
761	0	Response	2	357473	357473	6
761	0	Response	2	420699	420699	6
761	0	Response	2	422311	422311	6
761	0	Response	2	423841	423841	6
761	0	Response	3	706696	706696	6
761	0	Response	3	707711	707711	6
761	0	Response	2	710727	710727	5
761	0	Response	3	715664	715664	5
761	0	Response	2	844306	844306	6
761	1	Nothing	51	930536	0	1			0		other	0
761	2	Sound	0	931549	0	2			0		other	0
761	2	Response	3	934954	3405	6
761	3	Nothing	101	934986	0	1			0		false_alarm	23
761	3	Response	3	935092	106	6
761	3	Response	3	935181	195	6
761	3	Response	3	936289	1303	6
761	4	Nothing	19	965186	0	1			0		other	0
761	5	Nothing	52	1010163	0	1			0		other	0
761	6	Sound	0	1011177	0	2			0		other	0
761	6	Response	3	1016804	5627	5
761	8	Nothing	111	1017856	0	1			0		false_alarm	31
761	8	Response	3	1019148	1292	6
761	8	Response	3	1023151	5295	6
761	8	Response	3	1024629	6773	6
761	8	Response	3	1026017	8161	6
761	8	Response	3	1027479	9623	5
761	8	Response	3	1028843	10987	6
761	8	Response	3	1031959	14103	6
761	8	Response	3	1033764	15908	6
761	8	Response	3	1035394	17538	6
761	8	Response	3	1036959	19103	6
761	8	Response	3	1038476	20620	5
761	9	Nothing	19	1046992	0	1			0		other	0
761	10	Nothing	51	1061208	0	1			0		other	0
761	11	Sound	0	1062222	0	2			0		other	0
761	11	Response	3	1065861	3639	6
761	12	Nothing	101	1065893	0	1			0		false_alarm	47
761	12	Response	3	1067173	1280	6
761	12	Response	3	1068770	2877	6
761	12	Response	3	1070363	4470	6
761	12	Response	3	1070371	4478	6
761	12	Response	3	1071851	5958	6
761	12	Response	3	1073449	7556	6
761	13	Nothing	19	1096026	0	1			0		other	0
761	14	Nothing	52	1115992	0	1			0		other	0
761	15	Sound	0	1117005	0	2			0		other	0
761	15	Response	3	1120578	3573	6
761	17	Nothing	111	1121630	0	1			0		false_alarm	58
761	17	Response	3	1122936	1306	5
761	17	Response	3	1127123	5493	6
761	17	Response	3	1128484	6854	6
761	17	Response	3	1129906	8276	6
761	17	Response	3	1131178	9548	6
761	17	Response	3	1131412	9782	7
761	17	Response	3	1132931	11301	6
761	17	Response	3	1133233	11603	6
761	17	Response	3	1134402	12772	6
761	17	Response	3	1134423	12793	6
761	17	Response	3	1134503	12873	5
761	17	Response	3	1136087	14457	6
761	17	Response	3	1140519	18889	5
761	17	Response	3	1140728	19098	5
761	17	Response	3	1142107	20477	6
761	18	Nothing	19	1150769	0	1			0		other	0
761	20	Nothing	52	1175406	0	1			0		other	0
761	21	Sound	0	1176418	0	2			0		other	0
761	21	Response	3	1181400	4982	6
761	23	Nothing	111	1182451	0	1			0		false_alarm	78
761	23	Response	3	1182787	336	6
761	23	Response	3	1185336	2885	6
761	23	Response	3	1186943	4492	6
761	23	Response	3	1188441	5990	6
761	23	Response	3	1190126	7675	4
761	23	Response	3	1191783	9332	6
761	23	Response	3	1193578	11127	6
761	23	Response	3	1195183	12732	6
761	23	Response	3	1196880	14429	6
761	23	Response	3	1198465	16014	6
761	23	Response	3	1200074	17623	6
761	23	Response	3	1200308	17857	6
761	23	Response	3	1200514	18063	6
761	23	Response	3	1201725	19274	6
761	23	Response	3	1207743	25292	6
761	23	Response	3	1207748	25297	6
761	23	Response	3	1209443	26992	6
761	23	Response	3	1211183	28732	6
761	24	Nothing	19	1212223	0	1			0		other	0
761	24	Response	3	1212876	653	6
761	24	Response	3	1212900	677	6
761	24	Response	3	1214645	2422	6
761	24	Response	3	1216485	4262	6
761	24	Response	3	1218061	5838	6
761	25	Nothing	19	1225789	0	1			0		other	0
761	26	Nothing	52	1246383	0	1			0		other	0
761	27	Sound	0	1247396	0	2			0		other	0
761	27	Response	3	1250192	2796	6
761	29	Nothing	111	1251246	0	1			0		false_alarm	107
761	29	Response	3	1251626	380	6
761	29	Response	3	1254348	3102	6
761	29	Response	3	1255794	4548	6
761	29	Response	3	1257330	6084	6
761	29	Response	3	1258812	7566	7
761	29	Response	3	1260499	9253	6
761	29	Response	3	1262123	10877	6
761	29	Response	3	1263954	12708	6
761	29	Response	3	1265751	14505	7
761	29	Response	3	1268680	17434	6
761	29	Response	3	1270346	19100	6
761	29	Response	3	1271861	20615	7
761	29	Response	3	1273704	22458	6
761	30	Nothing	19	1283824	0	1			0		other	0
761	31	Nothing	51	1294503	0	1			0		other	0
761	32	Sound	0	1295517	0	2			0		other	0
761	32	Response	3	1298918	3401	6
761	32	Response	3	1298933	3416	6
761	33	Nothing	101	1298951	0	1			0		false_alarm	126
761	33	Response	3	1299171	220	6
761	33	Response	3	1300407	1456	6
761	33	Response	3	1302461	3510	6
761	33	Response	3	1304002	5051	5
761	33	Response	3	1305864	6913	6
761	34	Nothing	19	1332465	0	1			0		other	0
761	34	Response	3	1358811	26346	6
761	34	Response	3	1360451	27986	4
761	34	Response	3	1362353	29888	5
761	35	Nothing	19	1367813	0	1			0		other	0
761	36	Nothing	51	1387616	0	1			0		other	0
761	37	Sound	0	1388629	0	2			0		other	0
761	37	Response	3	1392214	3585	6
761	38	Nothing	101	1392246	0	1			0		false_alarm	140
761	38	Response	3	1392366	120	6
761	38	Response	3	1392371	125	6
761	38	Response	3	1393871	1625	6
761	39	Nothing	19	1425796	0	1			0		other	0
761	40	Nothing	51	1447880	0	1			0		other	0
761	41	Sound	0	1448894	0	2			0		other	0
761	41	Response	2	1456467	7573	6
761	43	Nothing	100	1457521	0	1			0		false_alarm	148
761	43	Response	2	1475031	17510	4
761	43	Response	2	1477439	19918	6
761	43	Response	2	1478788	21267	6
761	43	Response	2	1480071	22550	6
761	43	Response	2	1481392	23871	6
761	43	Response	2	1482797	25276	6
761	43	Response	2	1484190	26669	5
761	43	Response	2	1485824	28303	6
761	43	Response	2	1487302	29781	6
761	43	Response	2	1488887	31366	6
761	44	Nothing	19	1490137	0	1			0		other	0
761	44	Response	2	1491959	1822	6
761	45	Nothing	19	1523427	0	1			0		other	0
761	47	Nothing	51	1565354	0	1			0		other	0
761	48	Sound	0	1566366	0	2			0		other	0
761	48	Response	3	1569647	3281	6
761	48	Response	3	1569655	3289	6
761	49	Nothing	101	1569680	0	1			0		false_alarm	166
761	49	Response	3	1570907	1227	5
761	49	Response	3	1572585	2905	6
761	49	Response	3	1574127	4447	6
761	50	Nothing	19	1603302	0	1			0		other	0
761	51	Nothing	51	1623785	0	1			0		other	0
761	52	Sound	0	1624799	0	2			0		other	0
761	52	Response	3	1627914	3115	6
761	53	Nothing	101	1627946	0	1			0		false_alarm	174
761	53	Response	3	1628990	1044	6
761	53	Response	3	1630430	2484	6
761	53	Response	3	1632073	4127	6
761	54	Nothing	19	1661526	0	1			0		other	0
761	55	Nothing	51	1677440	0	1			0		other	0
761	56	Sound	0	1678454	0	2			0		other	0
761	56	Response	3	1681882	3428	6
761	57	Nothing	101	1681915	0	1			0		false_alarm	182
761	57	Response	3	1683049	1134	6
761	57	Response	3	1684635	2720	5
761	57	Response	3	1686192	4277	6
761	58	Nothing	19	1715487	0	1			0		other	0
761	59	Nothing	51	1751881	0	1			0		other	0
761	60	Sound	0	1752893	0	2			0		other	0
761	60	Response	3	1755580	2687	5
761	61	Nothing	101	1755612	0	1			0		false_alarm	190
761	61	Response	3	1756847	1235	6
761	61	Response	3	1758324	2712	6
761	61	Response	3	1759837	4225	6
761	62	Nothing	19	1789200	0	1			0		other	0
761	63	Nothing	51	1837153	0	1			0		other	0
761	64	Sound	0	1838166	0	2			0		other	0
761	64	Response	3	1842789	4623	6
761	65	Nothing	101	1842821	0	1			0		false_alarm	198
761	65	Response	2	1845991	3170	6
761	65	Response	2	1847804	4983	4
761	66	Nothing	19	1876378	0	1			0		other	0
761	68	Nothing	51	1886460	0	1			0		other	0
761	69	Sound	0	1887472	0	2			0		other	0
761	69	Response	3	1892615	5143	6
761	70	Nothing	101	1892648	0	1			0		false_alarm	205
761	70	Response	3	1893010	362	6
761	70	Response	3	1894082	1434	5
761	70	Response	3	1895576	2928	6
761	71	Nothing	19	1926205	0	1			0		other	0
761	72	Nothing	51	1948629	0	1			0		other	0
761	73	Sound	0	1949643	0	2			0		other	0
761	73	Response	3	1952808	3165	6
761	73	Response	3	1952835	3192	6
761	74	Nothing	101	1952840	0	1			0		false_alarm	214
761	74	Response	3	1954300	1460	5
761	75	Nothing	19	1986430	0	1			0		other	0
761	76	Nothing	51	2010703	0	1			0		other	0
761	77	Sound	0	2011716	0	2			0		other	0
761	77	Response	3	2014961	3245	6
761	78	Nothing	101	2014993	0	1			0		false_alarm	220
761	78	Response	3	2016361	1368	6
761	79	Nothing	19	2048586	0	1			0		other	0
761	80	Nothing	51	2074409	0	1			0		other	0
761	81	Sound	0	2075421	0	2			0		other	0
761	81	Response	3	2078585	3164	6
761	82	Nothing	101	2078617	0	1			0		false_alarm	226
761	82	Response	3	2080106	1489	6
761	83	Nothing	19	2112187	0	1			0		other	0
761	84	Nothing	51	2132091	0	1			0		other	0
761	85	Sound	0	2133105	0	2			0		other	0
761	86	Nothing	77	2153120	0	1			0		other	0
761	87	Nothing	19	2186106	0	1			0		other	0
761	89	Nothing	51	2218323	0	1			0		other	0
761	90	Sound	0	2219337	0	2			0		other	0
761	90	Response	3	2224536	5199	5
761	91	Nothing	101	2224568	0	1			0		other	0
761	92	Nothing	19	2258188	0	1			0		other	0
761	93	Nothing	51	2277902	0	1			0		other	0
761	94	Sound	0	2278914	0	2			0		other	0
761	94	Response	2	2285644	6730	6
761	96	Nothing	100	2286694	0	1			0		false_alarm	241
761	96	Response	2	2286923	229	6
761	96	Response	2	2287909	1215	6
761	96	Response	2	2289005	2311	6
761	96	Response	2	2290184	3490	6
761	96	Response	2	2291427	4733	6
761	96	Response	2	2292767	6073	5
761	96	Response	2	2294120	7426	6
761	96	Response	2	2295415	8721	6
761	96	Response	2	2296733	10039	4
761	97	Nothing	19	2318846	0	1			0		other	0
761	98	Nothing	52	2339106	0	1			0		other	0
761	99	Sound	0	2340120	0	2			0		other	0
761	99	Response	3	2344719	4599	6
761	101	Nothing	111	2345765	0	1			0		false_alarm	255
761	101	Response	3	2346034	269	5
761	101	Response	3	2348733	2968	3
761	101	Response	3	2350078	4313	3
761	101	Response	3	2351459	5694	5
761	101	Response	3	2351463	5698	4
761	101	Response	3	2354496	8731	5
761	101	Response	3	2359397	13632	6
761	102	Nothing	19	2377893	0	1			0		other	0
761	103	Nothing	51	2389082	0	1			0		other	0
761	104	Sound	0	2390093	0	2			0		other	0
761	104	Response	3	2393463	3370	6
761	105	Nothing	101	2393493	0	1			0		false_alarm	267
761	105	Response	3	2394914	1421	5
761	105	Response	3	2395159	1666	5
761	105	Response	3	2396605	3112	6
761	105	Response	3	2398129	4636	6
761	106	Nothing	19	2426614	0	1			0		other	0
761	107	Nothing	51	2442876	0	1			0		other	0
761	108	Sound	0	2443887	0	2			0		other	0
761	108	Response	3	2448741	4854	5
761	109	Nothing	101	2448768	0	1			0		false_alarm	276
761	109	Response	3	2450273	1505	6
761	109	Response	3	2451898	3130	6
761	110	Nothing	19	2481903	0	1			0		other	0
761	112	Nothing	51	2499287	0	1			0		other	0
761	113	Sound	0	2500299	0	2			0		other	0
761	113	Response	2	2504951	4652	6
761	115	Nothing	100	2506002	0	1			0		false_alarm	283
761	115	Response	2	2506197	195	6
761	115	Response	2	2507274	1272	6
761	115	Response	2	2509704	3702	4
761	115	Response	2	2510982	4980	5
761	115	Response	2	2512287	6285	6
761	115	Response	2	2513558	7556	6
761	115	Response	2	2515047	9045	6
761	115	Response	2	2516530	10528	6
761	115	Response	2	2517745	11743	5
761	115	Response	2	2517749	11747	6
761	115	Response	2	2519042	13040	6
761	116	Nothing	19	2538584	0	1			0		other	0
761	117	Nothing	51	2582416	0	1			0		other	0
761	118	Sound	0	2583429	0	2			0		other	0
761	118	Response	2	2588213	4784	6
761	120	Nothing	100	2589265	0	1			0		false_alarm	299
761	120	Response	2	2589498	233	6
761	120	Response	2	2591657	2392	6
761	120	Response	2	2592885	3620	6
761	120	Response	2	2594105	4840	6
761	120	Response	2	2595389	6124	6
761	120	Response	2	2596824	7559	6
761	120	Response	2	2601069	11804	5
761	121	Nothing	19	2621822	0	1			0		other	0
761	122	Nothing	51	2658685	0	1			0		other	0
761	123	Sound	0	2659698	0	2			0		other	0
761	123	Response	3	2663456	3758	6
761	124	Nothing	101	2663489	0	1			0		false_alarm	311
761	124	Response	3	2664673	1184	6
761	125	Nothing	19	2697091	0	1			0		other	0
761	126	Nothing	51	2739224	0	1			0		other	0
761	127	Sound	0	2740237	0	2			0		other	0
761	127	Response	2	2745047	4810	6
761	129	Nothing	100	2746099	0	1			0		false_alarm	317
761	129	Response	2	2746264	165	6
761	129	Response	2	2747483	1384	6
761	129	Response	2	2748557	2458	6
761	129	Response	2	2749929	3830	6
761	129	Response	2	2751265	5166	6
761	129	Response	2	2752740	6641	6
761	129	Response	2	2754239	8140	6
761	129	Response	2	2755691	9592	6
761	129	Response	2	2757140	11041	6
761	129	Response	2	2760338	14239	6
761	129	Response	2	2761561	15462	6
761	129	Response	2	2763009	16910	4
761	130	Nothing	19	2778751	0	1			0		other	0
761	131	Nothing	51	2802295	0	1			0		other	0
761	132	Sound	0	2803308	0	2			0		other	0
761	132	Response	3	2807733	4425	6
761	133	Nothing	101	2807765	0	1			0		false_alarm	334
761	133	Response	3	2808976	1211	6
761	133	Response	3	2810295	2530	6
761	134	Nothing	19	2841325	0	1			0		other	0
761	136	Nothing	52	2861464	0	1			0		other	0
761	137	Sound	0	2862477	0	2			0		other	0
761	138	Nothing	77	2882494	0	1			0		other	0
761	138	Response	2	2904773	22279	6
761	138	Response	2	2906063	23569	6
761	139	Nothing	19	2915450	0	1			0		other	0
761	140	Nothing	51	2933940	0	2			0		other	0
761	141	Sound	0	2934954	0	2			0		other	0
761	141	Response	2	2942487	7533	6
761	143	Nothing	100	2943542	0	1			0		false_alarm	347
761	143	Response	2	2943820	278	6
761	143	Response	2	2945950	2408	6
761	143	Response	2	2947140	3598	6
761	143	Response	2	2948477	4935	6
761	143	Response	2	2949802	6260	6
761	143	Response	2	2951157	7615	6
761	143	Response	2	2952630	9088	6
761	143	Response	2	2953811	10269	6
761	143	Response	2	2955297	11755	6
761	144	Nothing	19	2976217	0	1			0		other	0
761	145	Nothing	51	3008270	0	1			0		other	0
761	146	Sound	0	3009283	0	2			0		other	0
761	146	Response	3	3012646	3363	5
761	146	Response	3	3012660	3377	5
761	147	Nothing	101	3012675	0	1			0		false_alarm	362
761	147	Response	3	3013663	988	5
761	148	Nothing	19	3046273	0	1			0		other	0
761	149	Nothing	51	3090727	0	1			0		other	0
761	150	Sound	0	3091739	0	2			0		other	0
761	150	Response	2	3095171	3432	6
761	152	Nothing	100	3096226	0	1			0		false_alarm	368
761	152	Response	2	3096414	188	6
761	152	Response	2	3097479	1253	6
761	152	Response	2	3098639	2413	6
761	152	Response	2	3099904	3678	5
761	152	Response	2	3101224	4998	6
761	152	Response	2	3102506	6280	6
761	152	Response	2	3104096	7870	6
761	152	Response	2	3105647	9421	5
761	152	Response	2	3106951	10725	6
761	152	Response	2	3108241	12015	5
761	153	Nothing	19	3128822	0	1			0		other	0
761	154	Nothing	51	3151485	0	1			0		other	0
761	155	Sound	0	3152498	0	2			0		other	0
761	155	Response	2	3155731	3233	7
761	157	Nothing	100	3156784	0	1			0		false_alarm	383
761	157	Response	2	3157291	507	6
761	157	Response	2	3159529	2745	6
761	157	Response	2	3160733	3949	6
761	157	Response	2	3161970	5186	5
761	157	Response	2	3163311	6527	6
761	157	Response	2	3164682	7898	6
761	157	Response	2	3165957	9173	6
761	157	Response	2	3167416	10632	6
761	157	Response	2	3170499	13715	4
761	157	Response	2	3171790	15006	6
761	158	Nothing	19	3189355	0	1			0		other	0
761	160	Nothing	51	3214154	0	1			0		other	0
761	161	Sound	0	3215166	0	2			0		other	0
761	161	Response	2	3219896	4730	6
761	163	Nothing	100	3220951	0	1			0		false_alarm	398
761	163	Response	2	3221159	208	6
761	163	Response	2	3222326	1375	6
761	163	Response	2	3223437	2486	6
761	163	Response	2	3224562	3611	53
761	163	Response	2	3225887	4936	6
761	163	Response	2	3227276	6325	6
761	163	Response	2	3228629	7678	5
761	163	Response	2	3232823	11872	6
761	163	Response	2	3234176	13225	6
761	164	Nothing	19	3253568	0	1			0		other	0
761	165	Nothing	51	3264264	0	1			0		other	0
761	166	Sound	0	3265276	0	2			0		other	0
761	166	Response	3	3269455	4179	6
761	167	Nothing	101	3269488	0	1			0		false_alarm	412
761	167	Response	3	3270848	1360	4
761	167	Response	3	3272255	2767	6
761	168	Nothing	19	3303100	0	1			0		other	0
761	168	Response	2	3306517	3417	6
761	168	Response	2	3307758	4658	6
761	169	Nothing	19	3335395	0	1			0		other	0
761	170	Nothing	51	3359088	0	1			0		other	0
761	171	Sound	0	3360101	0	2			0		other	0
761	171	Response	2	3364453	4352	6
761	173	Nothing	100	3365508	0	1			0		false_alarm	422
761	173	Response	2	3365776	268	6
761	173	Response	2	3366747	1239	4
761	173	Response	2	3367960	2452	6
761	173	Response	2	3369182	3674	4
761	173	Response	2	3370358	4850	6
761	173	Response	2	3371628	6120	6
761	173	Response	2	3373044	7536	6
761	173	Response	2	3374640	9132	6
761	173	Response	2	3375735	10227	5
761	174	Nothing	19	3398100	0	1			0		other	0
761	175	Nothing	51	3430213	0	1			0		other	0
761	176	Sound	0	3431227	0	2			0		other	0
761	176	Response	2	3434839	3612	6
761	178	Nothing	100	3435897	0	1			0		false_alarm	436
761	178	Response	2	3436027	130	5
761	178	Response	2	3438270	2373	5
761	178	Response	2	3439578	3681	6
761	178	Response	2	3440906	5009	6
761	178	Response	2	3442254	6357	6
761	178	Response	2	3443559	7662	6
761	178	Response	2	3444979	9082	6
761	178	Response	2	3446363	10466	4
761	178	Response	2	3447794	11897	6
761	178	Response	2	3449309	13412	6
761	179	Nothing	19	3468461	0	1			0		other	0
761	180	Nothing	51	3483065	0	1			0		other	0
761	181	Sound	0	3484077	0	2			0		other	0
761	181	Response	2	3488864	4787	5
761	183	Nothing	100	3489917	0	1			0		false_alarm	451
761	183	Response	2	3490152	235	6
761	183	Response	2	3492458	2541	6
761	183	Response	2	3493739	3822	6
761	183	Response	2	3495044	5127	6
761	183	Response	2	3496390	6473	6
761	183	Response	2	3499585	9668	6
761	183	Response	2	3500948	11031	6
761	184	Nothing	19	3522485	0	1			0		other	0
761	186	Nothing	51	3541810	0	1			0		other	0
761	187	Sound	0	3542823	0	2			0		other	0
761	187	Response	2	3546183	3360	6
761	189	Nothing	100	3547237	0	1			0		false_alarm	463
761	189	Response	2	3547463	226	6
761	189	Response	2	3548537	1300	6
761	189	Response	2	3549743	2506	6
761	189	Response	2	3550878	3641	6
761	189	Response	2	3552146	4909	6
761	189	Response	2	3553450	6213	6
761	189	Response	2	3554955	7718	6
761	189	Response	2	3556236	8999	6
761	189	Response	2	3557454	10217	6
761	189	Response	2	3557601	10364	6
761	189	Response	2	3557606	10369	6
761	190	Nothing	19	3579810	0	1			0		other	0
761	191	Nothing	52	3597368	0	1			0		other	0
761	192	Sound	0	3598382	0	2			0		other	0
761	192	Response	2	3602307	3925	6
761	193	Nothing	110	3602339	0	1			0		false_alarm	479
761	193	Response	2	3603657	1318	6
761	194	Nothing	19	3635847	0	1			0		other	0
761	195	Nothing	52	3649699	0	1			0		other	0
761	196	Sound	0	3650712	0	2			0		other	0
761	196	Response	3	3655667	4955	6
761	197	Response	3	3655898	195	6
761	198	Nothing	111	3656719	0	1			0		false_alarm	486
761	198	Response	3	3657113	394	6
761	198	Response	3	3659300	2581	6
761	198	Response	3	3660944	4225	6
761	198	Response	3	3662389	5670	6
761	198	Response	3	3663862	7143	5
761	198	Response	3	3665438	8719	6
761	198	Response	3	3666951	10232	5
761	198	Response	3	3668501	11782	6
761	198	Response	3	3670040	13321	6
761	199	Nothing	19	3689331	0	1			0		other	0
761	200	Nothing	51	3724539	0	1			0		other	0
761	201	Sound	0	3725553	0	2			0		other	0
761	201	Response	3	3730054	4501	6
761	202	Nothing	101	3730086	0	1			0		false_alarm	500
761	202	Response	3	3733415	3329	5
761	202	Response	3	3733419	3333	6
761	202	Response	3	3734911	4825	6
761	203	Nothing	19	3763687	0	1			0		other	0
761	204	Nothing	51	3794832	0	1			0		other	0
761	205	Sound	0	3795846	0	2			0		other	0
761	205	Response	2	3799391	3545	6
761	207	Nothing	100	3800446	0	1			0		false_alarm	508
761	207	Response	2	3800717	271	6
761	207	Response	2	3803026	2580	6
761	207	Response	2	3804183	3737	6
761	207	Response	2	3805391	4945	6
761	207	Response	2	3806806	6360	6
761	207	Response	2	3808152	7706	6
761	207	Response	2	3809457	9011	6
761	208	Nothing	19	3833038	0	1			0		other	0
761	210	Nothing	51	3844469	0	1			0		other	0
761	211	Sound	0	3845483	0	2			0		other	0
761	211	Response	3	3849601	4118	6
761	212	Nothing	101	3849634	0	1			0		false_alarm	520
761	212	Response	3	3851116	1482	5
761	213	Nothing	19	3883235	0	1			0		other	0
761	214	Nothing	51	3917197	0	1			0		other	0
761	215	Sound	0	3918211	0	2			0		other	0
761	215	Response	2	3921808	3597	6
761	217	Nothing	100	3922863	0	1			0		false_alarm	526
761	217	Response	2	3923036	173	6
761	217	Response	2	3925445	2582	6
761	217	Response	2	3926683	3820	6
761	217	Response	2	3927907	5044	5
761	217	Response	2	3929206	6343	6
761	217	Response	2	3932026	9163	6
761	217	Response	2	3933163	10300	6
761	218	Nothing	19	3955430	0	1			0		other	0
761	219	Nothing	51	3972592	0	1			0		other	0
761	220	Sound	0	3973605	0	2			0		other	0
761	220	Response	3	3981905	8300	6
761	221	Nothing	101	3981937	0	1			0		other	0
761	222	Nothing	19	4015499	0	1			0		other	0
761	223	Nothing	51	4040082	0	1			0		other	0
761	224	Sound	0	4041095	0	1			0		other	0
761	224	Response	2	4044338	3243	6
761	226	Nothing	100	4045393	0	1			0		false_alarm	543
761	226	Response	2	4045741	348	6
761	226	Response	2	4047866	2473	6
761	226	Response	2	4049019	3626	6
761	226	Response	2	4050343	4950	6
761	226	Response	2	4051741	6348	6
761	226	Response	2	4053218	7825	6
761	226	Response	2	4054775	9382	6
761	226	Response	2	4056045	10652	6
761	226	Response	2	4057652	12259	6
761	226	Response	2	4060463	15070	6
761	226	Response	2	4060604	15211	6
761	226	Response	2	4061822	16429	6
761	227	Nothing	19	4078003	0	1			0		other	0
761	228	Nothing	51	4089077	0	1			0		other	0
761	229	Sound	0	4090091	0	2			0		other	0
761	229	Response	3	4096378	6287	6
761	230	Nothing	101	4096411	0	1			0		false_alarm	560
761	230	Response	3	4097845	1434	4
761	231	Nothing	19	4129970	0	1			0		other	0
761	233	Nothing	52	4148396	0	1			0		other	0
761	234	Sound	0	4149410	0	2			0		other	0
761	234	Response	2	4153815	4405	6
761	235	Nothing	110	4153847	0	1			0		false_alarm	566
761	235	Response	2	4155290	1443	5
761	236	Nothing	19	4187432	0	1			0		other	0
761	237	Nothing	52	4217504	0	1			0		other	0
761	238	Sound	0	4218517	0	2			0		other	0
761	238	Response	3	4222612	4095	6
761	239	Response	3	4223664	1015	6
761	240	Nothing	111	4223667	0	1			0		false_alarm	573
761	240	Response	3	4229022	5355	6
761	240	Response	3	4230424	6757	6
761	240	Response	3	4231853	8186	6
761	240	Response	3	4233373	9706	6
761	240	Response	3	4234870	11203	6
761	240	Response	3	4234875	11208	6
761	240	Response	3	4236380	12713	6
761	240	Response	3	4237893	14226	6
761	240	Response	3	4237988	14321	6
761	240	Response	3	4241064	17397	6
761	240	Response	3	4242433	18766	6
761	241	Nothing	19	4256207	0	1			0		other	0
761	242	Nothing	52	4267788	0	1			0		other	0
761	243	Sound	0	4268802	0	2			0		other	0
761	243	Response	3	4274548	5746	6
761	245	Nothing	111	4275602	0	1			0		false_alarm	589
761	245	Response	3	4276071	469	6
761	245	Response	3	4280233	4631	6
761	245	Response	3	4281643	6041	6
761	245	Response	3	4283183	7581	6
761	245	Response	3	4283188	7586	6
761	245	Response	3	4288729	13127	5
761	245	Response	3	4288740	13138	6
761	245	Response	3	4288840	13238	6
761	245	Response	3	4289070	13468	6
761	245	Response	3	4289297	13695	6
761	245	Response	3	4290494	14892	5
761	246	Nothing	19	4308170	0	1			0		other	0
761	247	Nothing	51	4338930	0	1			0		other	0
761	248	Sound	0	4339943	0	2			0		other	0
761	248	Response	2	4343364	3421	6
761	250	Nothing	100	4344419	0	1			0		false_alarm	605
761	250	Response	2	4345329	910	6
761	250	Response	2	4348932	4513	5
761	250	Response	2	4350288	5869	6
761	250	Response	2	4351710	7291	6
761	250	Response	2	4353066	8647	6
761	250	Response	2	4354456	10037	5
761	250	Response	2	4356118	11699	6
761	250	Response	2	4357400	12981	6
761	250	Response	2	4358829	14410	6
761	251	Nothing	19	4377001	0	1			0		other	0
761	252	Nothing	51	4411335	0	1			0		other	0
761	253	Sound	0	4412348	0	2			0		other	0
761	253	Response	2	4415746	3398	6
761	255	Nothing	100	4416799	0	1			0		false_alarm	619
761	255	Response	2	4418577	1778	6
761	255	Response	2	4418583	1784	5
761	255	Response	2	4422209	5410	6
761	255	Response	2	4423692	6893	5
761	255	Response	2	4423696	6897	6
761	255	Response	2	4425232	8433	6
761	255	Response	2	4426650	9851	6
761	255	Response	2	4427999	11200	4
761	255	Response	2	4429364	12565	5
761	255	Response	2	4430642	13843	5
761	255	Response	2	4432065	15266	6
761	255	Response	2	4434957	18158	6
761	255	Response	2	4436168	19369	6
761	256	Nothing	19	4449280	0	1			0		other	0
761	258	Nothing	51	4476917	0	1			0		other	0
761	259	Sound	0	4477929	0	2			0		other	0
761	259	Response	2	4481227	3298	6
761	261	Nothing	100	4482281	0	1			0		false_alarm	637
761	261	Response	2	4482847	566	5
761	261	Response	2	4486412	4131	6
761	261	Response	2	4487826	5545	6
761	261	Response	2	4489160	6879	6
761	261	Response	2	4490448	8167	6
761	261	Response	2	4491803	9522	5
761	261	Response	2	4494996	12715	6
761	261	Response	2	4496102	13821	6
761	262	Nothing	19	4514790	0	1			0		other	0
761	263	Nothing	52	4538428	0	1			0		other	0
761	264	Sound	0	4539442	0	3			0		other	0
761	264	Response	3	4544712	5270	6
761	266	Nothing	111	4545765	0	1			0		false_alarm	650
761	266	Response	3	4546128	363	6
761	266	Response	3	4546152	387	6
761	266	Response	3	4547390	1625	6
761	266	Response	3	4550376	4611	6
761	266	Response	3	4552220	6455	6
761	266	Response	3	4553695	7930	6
761	266	Response	3	4555231	9466	6
761	266	Response	3	4556727	10962	5
761	266	Response	3	4556746	10981	6
761	266	Response	3	4556859	11094	6
761	266	Response	3	4559912	14147	6
761	266	Response	3	4560042	14277	6
761	266	Response	3	4561203	15438	6
761	266	Response	3	4561387	15622	6
761	266	Response	3	4562829	17064	6
761	266	Response	3	4563037	17272	7
761	266	Response	3	4566972	21207	3
761	266	Response	3	4567049	21284	4
761	267	Nothing	19	4578304	0	1			0		other	0
761	268	Nothing	52	4591807	0	1			0		other	0
761	269	Sound	0	4592821	0	2			0		other	0
761	269	Response	2	4599245	6424	6
761	270	Nothing	110	4599277	0	1			0		false_alarm	673
761	270	Response	2	4600672	1395	6
761	270	Response	2	4602032	2755	5
761	270	Response	2	4603373	4096	6
761	271	Nothing	19	4632856	0	1			0		other	0
761	272	Nothing	52	4645178	0	1			0		other	0
761	273	Sound	0	4646190	0	2			0		other	0
761	273	Response	3	4652620	6430	6
761	275	Nothing	111	4653674	0	1			0		false_alarm	681
761	275	Response	3	4654061	387	6
761	275	Response	3	4655364	1690	6
761	275	Response	3	4655371	1697	6
761	275	Response	3	4658387	4713	6
761	275	Response	3	4659922	6248	6
761	275	Response	3	4661485	7811	6
761	275	Response	3	4663266	9592	5
761	275	Response	3	4663272	9598	6
761	275	Response	3	4664756	11082	6
761	275	Response	3	4666382	12708	6
761	276	Nothing	19	4686230	0	1			0		other	0
761	277	Nothing	51	4710698	0	1			0		other	0
761	278	Sound	0	4711711	0	2			0		other	0
761	278	Response	2	4716545	4834	6
761	280	Nothing	100	4717598	0	1			0		false_alarm	696
761	280	Response	2	4717836	238	6
761	280	Response	2	4720152	2554	5
761	280	Response	2	4723176	5578	6
761	280	Response	2	4724752	7154	6
761	280	Response	2	4727923	10325	6
761	280	Response	2	4737249	19651	6
761	281	Nothing	19	4750173	0	1			0		other	0
761	283	Nothing	51	4764688	0	1			0		other	0
761	284	Sound	0	4765700	0	2			0		other	0
761	284	Response	3	4770294	4594	6
761	285	Nothing	101	4770326	0	1			0		false_alarm	707
761	285	Response	3	4771769	1443	6
761	285	Response	3	4773297	2971	6
761	286	Nothing	19	4803915	0	1			0		other	0
761	286	Response	2	4828267	24352	6
761	287	Nothing	19	4829951	0	1			0		other	0
761	288	Nothing	51	4868294	0	1			0		other	0
761	289	Sound	0	4869306	0	2			0		other	0
761	289	Response	3	4873853	4547	6
761	290	Nothing	101	4873885	0	1			0		false_alarm	716
761	290	Response	3	4875149	1264	6
761	290	Response	3	4876584	2699	6
761	291	Nothing	19	4907475	0	1			0		other	0
761	292	Nothing	51	4918557	0	1			0		other	0
761	293	Sound	0	4919569	0	2			0		other	0
761	293	Response	2	4927103	7534	4
761	295	Nothing	100	4928151	0	1			0		false_alarm	723
761	295	Response	2	4928375	224	6
761	295	Response	2	4930811	2660	6
761	295	Response	2	4933750	5599	6
761	295	Response	2	4935171	7020	6
761	295	Response	2	4936493	8342	5
761	295	Response	2	4937986	9835	5
761	295	Response	2	4940750	12599	6
761	295	Response	2	4942166	14015	6
761	296	Nothing	19	4960709	0	1			0		other	0
761	297	Nothing	51	4979861	0	1			0		other	0
761	298	Sound	0	4980875	0	2			0		other	0
761	298	Response	3	4986071	5196	6
761	299	Nothing	101	4986104	0	1			0		other	0
761	300	Nothing	19	5019662	0	1			0		other	0
761	301	Nothing	51	5037616	0	1			0		other	0
761	302	Sound	0	5038630	0	2			0		other	0
761	302	Response	2	5042821	4191	6
761	304	Nothing	100	5043874	0	1			0		false_alarm	741
761	304	Response	2	5044004	130	6
761	304	Response	2	5045232	1358	4
761	304	Response	2	5046461	2587	6
761	304	Response	2	5047741	3867	6
761	304	Response	2	5049111	5237	6
761	304	Response	2	5050440	6566	5
761	304	Response	2	5051760	7886	6
761	304	Response	2	5053255	9381	6
761	304	Response	2	5054389	10515	4
761	304	Response	2	5055767	11893	6
761	305	Nothing	19	5076448	0	1			0		other	0
761	307	Nothing	52	5111273	0	1			0		other	0
761	308	Sound	0	5112286	0	2			0		other	0
761	308	Response	2	5115660	3374	6
761	309	Nothing	110	5115692	0	1			0		false_alarm	756
761	309	Response	2	5116977	1285	6
761	310	Nothing	19	5149207	0	1			0		other	0
761	311	Nothing	51	5169827	0	1			0		other	0
761	312	Sound	0	5170840	0	2			0		other	0
761	312	Response	3	5174987	4147	6
761	313	Nothing	101	5175020	0	1			0		false_alarm	762
761	313	Response	3	5176593	1573	6
761	313	Response	3	5177937	2917	5
761	314	Nothing	19	5208600	0	1			0		other	0
761	315	Nothing	52	5219878	0	1			0		other	0
761	316	Sound	0	5220892	0	3			0		other	0
761	316	Response	3	5225770	4878	6
761	317	Response	3	5226015	208	6
761	318	Nothing	111	5226824	0	1			0		false_alarm	770
761	318	Response	3	5228160	1336	6
761	318	Response	3	5231026	4202	5
761	318	Response	3	5232387	5563	5
761	318	Response	3	5233720	6896	6
761	318	Response	3	5235041	8217	6
761	318	Response	3	5236610	9786	6
761	318	Response	3	5239761	12937	6
761	318	Response	3	5241501	14677	6
761	318	Response	3	5242979	16155	6
761	319	Nothing	19	5259355	0	1			0		other	0
761	320	Nothing	51	5292723	0	1			0		other	0
761	321	Sound	0	5293738	0	2			0		other	0
761	321	Response	2	5298200	4462	5
761	323	Nothing	100	5299252	0	1			0		false_alarm	784
761	323	Response	2	5299409	157	6
761	323	Response	2	5301846	2594	6
761	323	Response	2	5303186	3934	6
761	323	Response	2	5304581	5329	6
761	323	Response	2	5306007	6755	6
761	324	Nothing	19	5331488	0	1			0		other	0
761	325	Nothing	51	5348461	0	1			0		other	0
761	326	Sound	0	5349475	0	2			0		other	0
761	326	Response	3	5353882	4407	6
761	326	Response	3	5353887	4412	6
761	327	Nothing	101	5353915	0	1			0		false_alarm	795
761	327	Response	3	5355461	1546	6
761	328	Nothing	19	5387475	0	1			0		other	0
761	330	Nothing	52	5408158	0	1			0		other	0
761	331	Sound	0	5409171	0	2			0		other	0
761	331	Response	2	5412463	3292	6
761	332	Nothing	110	5412496	0	1			0		false_alarm	801
761	332	Response	2	5413784	1288	6
761	333	Nothing	19	5446023	0	1			0		other	0
761	334	Nothing	52	5489255	0	1			0		other	0
761	335	Sound	0	5490269	0	2			0		other	0
761	335	Response	3	5493495	3226	5
761	337	Nothing	111	5494548	0	1			0		false_alarm	807
761	337	Response	3	5494575	27	6
761	337	Response	3	5498449	3901	5
761	337	Response	3	5499916	5368	6
761	337	Response	3	5501226	6678	6
761	337	Response	3	5502650	8102	6
761	337	Response	3	5502894	8346	6
761	337	Response	3	5508465	13917	6
761	337	Response	3	5508607	14059	5
761	337	Response	3	5508766	14218	6
761	337	Response	3	5510336	15788	6
761	337	Response	3	5511779	17231	6
761	337	Response	3	5511891	17343	6
761	338	Nothing	19	5527126	0	1			0		other	0
761	339	Nothing	52	5557609	0	1			0		other	0
761	340	Sound	0	5558623	0	2			0		other	0
761	340	Response	3	5562751	4128	6
761	342	Nothing	111	5563804	0	1			0		false_alarm	824
761	342	Response	3	5564180	376	5
761	342	Response	3	5568152	4348	6
761	342	Response	3	5569647	5843	6
761	342	Response	3	5571041	7237	6
761	342	Response	3	5571192	7388	6
761	342	Response	3	5572551	8747	6
761	342	Response	3	5574012	10208	6
761	342	Response	3	5575500	11696	6
761	342	Response	3	5577192	13388	5
761	342	Response	3	5578702	14898	6
761	342	Response	3	5581603	17799	6
761	342	Response	3	5587787	23983	6
761	342	Response	3	5589312	25508	5
761	343	Nothing	19	5596319	0	1			0		other	0
761	344	Nothing	52	5618401	0	1			0		other	0
761	345	Sound	0	5619414	0	2			0		other	0
761	345	Response	3	5623584	4170	6
761	347	Nothing	111	5624639	0	1			0		false_alarm	842
761	347	Response	3	5625077	438	6
761	347	Response	3	5628140	3501	6
761	347	Response	3	5629591	4952	6
761	347	Response	3	5631242	6603	6
761	347	Response	3	5632672	8033	6
761	347	Response	3	5635682	11043	6
761	347	Response	3	5637502	12863	6
761	347	Response	3	5640561	15922	6
761	347	Response	3	5642033	17394	6
761	347	Response	3	5643569	18930	6
761	348	Nothing	19	5657173	0	1			0		other	0
761	349	Nothing	52	5682837	0	1			0		other	0
761	350	Sound	0	5683850	0	2			0		other	0
761	350	Response	2	5688790	4940	6
761	351	Nothing	110	5688822	0	1			0		false_alarm	857
761	351	Response	2	5690307	1485	6
761	352	Nothing	19	5722372	0	1			0		other	0
761	354	Nothing	52	5734017	0	1			0		other	0
761	355	Sound	0	5735030	0	2			0		other	0
761	355	Response	3	5739124	4094	4
761	357	Nothing	111	5740172	0	1			0		false_alarm	863
761	357	Response	3	5740549	377	6
761	357	Response	3	5744560	4388	7
761	357	Response	3	5746070	5898	4
761	357	Response	3	5747296	7124	6
761	357	Response	3	5748856	8684	6
761	357	Response	3	5748866	8694	6
761	357	Response	3	5750296	10124	5
761	357	Response	3	5751930	11758	6
761	357	Response	3	5753465	13293	6
761	357	Response	3	5753497	13325	5
761	357	Response	3	5753501	13329	6
761	357	Response	3	5753716	13544	6
761	357	Response	3	5755314	15142	6
761	358	Nothing	19	5772702	0	1			0		other	0
761	359	Nothing	51	5807819	0	1			0		other	0
761	360	Sound	0	5808833	0	2			0		other	0
761	360	Response	3	5813428	4595	6
761	360	Response	3	5813436	4603	6
761	361	Nothing	101	5813459	0	1			0		false_alarm	882
761	361	Response	3	5814833	1374	6
761	361	Response	3	5816584	3125	6
761	362	Nothing	19	5846964	0	1			0		other	0
761	363	Nothing	51	5880828	0	1			0		other	0
761	364	Sound	0	5881840	0	2			0		other	0
761	364	Response	2	5887243	5403	6
761	366	Nothing	100	5888295	0	1			0		false_alarm	889
761	366	Response	2	5888500	205	6
761	366	Response	2	5893668	5373	6
761	366	Response	2	5894883	6588	6
761	366	Response	2	5896321	8026	5
761	366	Response	2	5897718	9423	6
761	366	Response	2	5899338	11043	6
761	366	Response	2	5900691	12396	6
761	367	Nothing	19	5920851	0	1			0		other	0
761	368	Nothing	52	5946020	0	1			0		other	0
761	369	Sound	0	5947033	0	2			0		other	0
761	369	Response	2	5950029	2996	6
761	370	Nothing	110	5950060	0	1			0		false_alarm	901
761	370	Response	3	5953794	3734	6
761	370	Response	3	5955050	4990	6
761	371	Nothing	19	5983616	0	1			0		other	0
761	372	Nothing	51	6005562	0	1			0		other	0
761	373	Sound	0	6006575	0	2			0		other	0
761	373	Response	3	6010775	4200	6
761	374	Nothing	101	6010808	0	1			0		false_alarm	908
761	374	Response	3	6012215	1407	6
761	375	Nothing	19	6044402	0	1			0		other	0
761	377	Nothing	52	6058790	0	1			0		other	0
761	378	Sound	0	6059804	0	2			0		other	0
761	378	Response	3	6063720	3916	6
761	379	Response	3	6064593	838	6
761	380	Nothing	111	6064771	0	1			0		false_alarm	915
761	380	Response	3	6067074	2303	6
761	380	Response	3	6070021	5250	6
761	380	Response	3	6071520	6749	6
761	380	Response	3	6072871	8100	6
761	380	Response	3	6074218	9447	6
761	380	Response	3	6074225	9454	6
761	380	Response	3	6074326	9555	6
761	380	Response	3	6075717	10946	6
761	380	Response	3	6077091	12320	6
761	380	Response	3	6077096	12325	6
761	380	Response	3	6078571	13800	6
761	381	Nothing	19	6097281	0	1			0		other	0
761	382	Nothing	51	6108537	0	1			0		other	0
761	383	Sound	0	6109550	0	3			0		other	0
761	383	Response	2	6114008	4458	6
761	385	Nothing	100	6115062	0	1			0		false_alarm	931
761	385	Response	2	6115195	133	6
761	385	Response	2	6118955	3893	6
761	385	Response	2	6120319	5257	6
761	385	Response	2	6121650	6588	6
761	385	Response	2	6123059	7997	5
761	385	Response	2	6124430	9368	6
761	385	Response	2	6125855	10793	6
761	385	Response	2	6128699	13637	6
761	385	Response	2	6129918	14856	6
761	385	Response	2	6133090	18028	6
761	385	Response	2	6134287	19225	6
761	386	Nothing	19	6147640	0	1			0		other	0
761	387	Nothing	52	6184135	0	1			0		other	0
761	388	Sound	0	6185149	0	2			0		other	0
761	388	Response	3	6188864	3715	6
761	390	Nothing	111	6189917	0	2			0		false_alarm	947
761	390	Response	3	6189920	3	6
761	390	Response	3	6192689	2772	6
761	390	Response	3	6194076	4159	6
761	390	Response	3	6194231	4314	6
761	390	Response	3	6195579	5662	6
761	390	Response	3	6196999	7082	6
761	390	Response	3	6198444	8527	6
761	390	Response	3	6198451	8534	6
761	390	Response	3	6201258	11341	6
761	390	Response	3	6202891	12974	6
761	390	Response	3	6202933	13016	6
761	390	Response	3	6203008	13091	6
761	390	Response	3	6204198	14281	7
761	391	Nothing	19	6222423	0	1			0		other	0
761	392	Nothing	51	6251462	0	1			0		other	0
761	393	Sound	0	6252475	0	2			0		other	0
761	393	Response	2	6256931	4456	6
761	395	Nothing	100	6257985	0	1			0		false_alarm	965
761	395	Response	2	6258017	32	5
761	395	Response	2	6260363	2378	5
761	395	Response	2	6261776	3791	6
761	395	Response	2	6263068	5083	6
761	395	Response	2	6264383	6398	6
761	395	Response	2	6265858	7873	6
761	395	Response	2	6268991	11006	6
761	395	Response	2	6270228	12243	6
761	395	Response	2	6271604	13619	5
761	396	Nothing	19	6290589	0	1			0		other	0
761	397	Nothing	52	6307437	0	1			0		other	0
761	398	Sound	0	6308450	0	2			0		other	0
761	398	Response	3	6313426	4976	6
761	399	Response	3	6313474	10	6
761	400	Nothing	111	6314480	0	1			0		false_alarm	980
761	400	Response	3	6315828	1348	6
761	400	Response	3	6318723	4243	6
761	400	Response	3	6320358	5878	6
761	400	Response	3	6321901	7421	7
761	400	Response	3	6323391	8911	8
761	400	Response	3	6325101	10621	7
761	400	Response	3	6326686	12206	6
761	400	Response	3	6328382	13902	6
761	400	Response	3	6330057	15577	6
761	400	Response	3	6333147	18667	6
761	400	Response	3	6334994	20514	6
761	400	Response	3	6336641	22161	6
761	400	Response	3	6336651	22171	6
761	401	Nothing	19	6347041	0	1			0		other	0
761	403	Nothing	51	6360065	0	1			0		other	0
761	404	Sound	0	6361077	0	2			0		other	0
761	404	Response	2	6366945	5868	6
761	405	Response	2	6367154	172	6
761	406	Nothing	100	6368000	0	1			0		false_alarm	999
761	406	Response	2	6368157	157	6
761	406	Response	2	6369285	1285	6
761	406	Response	2	6372088	4088	6
761	406	Response	2	6373657	5657	5
761	406	Response	2	6375042	7042	5
761	406	Response	2	6376510	8510	6
761	406	Response	2	6377822	9822	6
761	406	Response	2	6385522	17522	6
761	407	Nothing	19	6400627	0	1			0		other	0
761	408	Nothing	52	6439706	0	1			0		other	0
761	409	Sound	0	6440720	0	2			0		other	0
761	409	Response	3	6444129	3409	6
761	409	Response	3	6444135	3415	5
761	410	Response	3	6444279	115	5
761	411	Nothing	111	6445181	0	1			0		false_alarm	1014
761	411	Response	3	6445578	397	6
761	411	Response	3	6446914	1733	6
761	411	Response	3	6448468	3287	6
761	411	Response	3	6449828	4647	6
761	411	Response	3	6451459	6278	6
761	411	Response	3	6452840	7659	5
761	411	Response	3	6454283	9102	6
761	411	Response	3	6456199	11018	5
761	411	Response	3	6457677	12496	6
761	411	Response	3	6459204	14023	6
761	412	Nothing	19	6477756	0	1			0		other	0
761	413	Nothing	51	6500793	0	1			0		other	0
761	414	Sound	0	6501807	0	2			0		other	0
761	414	Response	2	6505156	3349	6
761	416	Nothing	100	6506207	0	1			0		false_alarm	1029
761	416	Response	2	6508382	2175	5
761	416	Response	2	6511989	5782	6
761	416	Response	2	6513424	7217	6
761	416	Response	2	6514939	8732	6
761	416	Response	2	6516317	10110	6
761	416	Response	2	6517710	11503	6
761	416	Response	2	6519073	12866	6
761	417	Nothing	19	6538831	0	1			0		other	0
761	418	Nothing	51	6555053	0	1			0		other	0
761	419	Sound	0	6556066	0	2			0		other	0
761	419	Response	3	6560216	4150	6
761	420	Nothing	101	6560248	0	1			0		false_alarm	1041
761	420	Response	3	6561788	1540	6
761	420	Response	3	6563023	2775	6
761	421	Nothing	19	6593848	0	1			0		other	0
761	422	Nothing	52	6615675	0	1			0		other	0
761	423	Sound	0	6616689	0	2			0		other	0
761	423	Response	2	6621372	4683	6
761	424	Nothing	110	6621404	0	1			0		other	0
761	425	Nothing	19	6655038	0	1			0		other	0
761	427	Nothing	51	6677933	0	1			0		other	0
761	428	Sound	0	6678946	0	2			0		other	0
761	428	Response	3	6683343	4397	6
761	429	Nothing	101	6683374	0	1			0		false_alarm	1053
761	429	Response	3	6684802	1428	6
761	430	Nothing	19	6716976	0	1			0		other	0
761	431	Nothing	52	6732932	0	1			0		other	0
761	432	Sound	0	6733944	0	3			0		other	0
761	432	Response	3	6738306	4362	5
761	434	Nothing	111	6739359	0	1			0		false_alarm	1059
761	434	Response	3	6739774	415	6
761	434	Response	3	6742219	2860	6
761	434	Response	3	6743788	4429	6
761	434	Response	3	6745285	5926	6
761	434	Response	3	6746683	7324	6
761	434	Response	3	6748178	8819	6
761	434	Response	3	6749666	10307	6
761	434	Response	3	6751136	11777	6
761	434	Response	3	6754144	14785	6
761	434	Response	3	6755651	16292	6
761	435	Nothing	19	6771926	0	2			0		other	0
761	436	Nothing	51	6783272	0	1			0		other	0
761	437	Sound	0	6784286	0	2			0		other	0
761	437	Response	2	6787722	3436	6
761	439	Nothing	100	6788776	0	1			0		false_alarm	1074
761	439	Response	2	6789253	477	6
761	439	Response	2	6795821	7045	5
761	439	Response	2	6797158	8382	6
761	439	Response	2	6798534	9758	6
761	439	Response	2	6800013	11237	6
761	439	Response	2	6801277	12501	6
761	439	Response	2	6802555	13779	6
761	440	Nothing	19	6821402	0	1			0		other	0
761	441	Nothing	51	6833385	0	1			0		other	0
761	442	Sound	0	6834397	0	2			0		other	0
761	442	Response	3	6840245	5848	6
761	443	Nothing	101	6840277	0	1			0		false_alarm	1086
761	443	Response	3	6841679	1402	5
761	444	Nothing	19	6873907	0	1			0		other	0
761	444	Response	2	6899602	25695	6
761	444	Response	2	6900852	26945	6
761	445	Nothing	19	6922943	0	1			0		other	0
761	446	Nothing	52	6961475	0	1			0		other	0
761	447	Sound	0	6962489	0	2			0		other	0
761	447	Response	3	6966977	4488	6
761	449	Nothing	111	6968028	0	1			0		false_alarm	1095
761	449	Response	3	6968412	384	6
761	449	Response	3	6971072	3044	6
761	449	Response	3	6972548	4520	5
761	449	Response	3	6972552	4524	6
761	449	Response	3	6974082	6054	6
761	449	Response	3	6975402	7374	6
761	449	Response	3	6976862	8834	6
761	449	Response	3	6976867	8839	6
761	449	Response	3	6976909	8881	6
761	450	Nothing	19	7000526	0	1			0		other	0
761	452	Nothing	51	7029466	0	1			0		other	0
761	453	Sound	0	7030479	0	2			0		other	0
761	453	Response	3	7034729	4250	5
761	454	Nothing	101	7034759	0	1			0		false_alarm	1109
761	454	Response	3	7036276	1517	6
761	455	Nothing	19	7068290	0	1			0		other	0
761	456	Nothing	52	7109457	0	1			0		other	0
761	457	Sound	0	7110471	0	2			0		other	0
761	457	Response	2	7113699	3228	6
761	458	Nothing	110	7113730	0	1			0		false_alarm	1115
761	458	Response	2	7115229	1499	5
761	458	Response	2	7116500	2770	6
761	459	Nothing	19	7147401	0	1			0		other	0
761	460	Nothing	51	7182418	0	1			0		other	0
761	461	Sound	0	7183431	0	2			0		other	0
761	461	Response	3	7187997	4566	6
761	462	Nothing	101	7188029	0	1			0		false_alarm	1122
761	462	Response	3	7189382	1353	6
761	462	Response	3	7191048	3019	6
761	462	Response	3	7217426	29397	6
761	462	Response	3	7217431	29402	6
761	462	Response	3	7217454	29425	6
761	462	Response	3	7219459	31430	6
761	463	Nothing	19	7221601	0	1			0		other	0
761	463	Response	3	7254399	32798	5
761	464	Nothing	19	7260578	0	1			0		other	0
761	465	Nothing	51	7307581	0	1			0		other	0
761	466	Sound	0	7308593	0	2			0		other	0
761	466	Response	2	7317969	9376	6
761	468	Nothing	100	7319022	0	1			0		false_alarm	1135
761	468	Response	2	7319360	338	6
761	468	Response	2	7320337	1315	5
761	468	Response	2	7321561	2539	6
761	468	Response	2	7322784	3762	5
761	468	Response	2	7324148	5126	6
761	468	Response	2	7325505	6483	6
761	468	Response	2	7326931	7909	6
761	468	Response	2	7328309	9287	6
761	468	Response	2	7331468	12446	5
761	468	Response	2	7332994	13972	6
761	469	Nothing	19	7351624	0	1			0		other	0
761	470	Nothing	51	7385806	0	1			0		other	0
761	471	Sound	0	7386820	0	2			0		other	0
761	471	Response	2	7392147	5327	6
761	473	Nothing	100	7393200	0	1			0		false_alarm	1150
761	473	Response	2	7393572	372	6
761	473	Response	2	7395797	2597	6
761	473	Response	2	7397120	3920	6
761	473	Response	2	7398447	5247	6
761	473	Response	2	7399900	6700	6
761	473	Response	2	7401308	8108	6
761	474	Nothing	19	7425775	0	1			0		other	0
761	476	Nothing	51	7458869	0	1			0		other	0
761	477	Sound	0	7459882	0	2			0		other	0
761	477	Response	2	7462856	2974	6
761	479	Nothing	100	7463910	0	1			0		false_alarm	1161
761	479	Response	2	7464283	373	6
761	479	Response	2	7466512	2602	5
761	479	Response	2	7467651	3741	6
761	479	Response	2	7468958	5048	6
761	479	Response	2	7470329	6419	6
761	479	Response	2	7471808	7898	6
761	479	Response	2	7473177	9267	6
761	479	Response	2	7477566	13656	6
761	480	Nothing	19	7496497	0	1			0		other	0
761	481	Nothing	51	7512400	0	1			0		other	0
761	482	Sound	0	7513412	0	2			0		other	0
761	482	Response	3	7519727	6315	6
761	483	Nothing	101	7519760	0	1			0		other	0
761	484	Nothing	19	7553373	0	1			0		other	0
761	485	Nothing	52	7572962	0	1			0		other	0
761	486	Sound	0	7573976	0	2			0		other	0
761	486	Response	2	7578752	4776	6
761	487	Nothing	110	7578783	0	1			0		false_alarm	1179
761	487	Response	2	7579961	1178	6
761	487	Response	2	7581347	2564	6
761	488	Nothing	19	7612390	0	1			0		other	0
761	489	Nothing	51	7629238	0	1			0		other	0
761	490	Sound	0	7630251	0	2			0		other	0
761	490	Response	3	7636035	5784	6
761	491	Nothing	101	7636067	0	1			0		other	0
761	492	Nothing	19	7669682	0	1			0		other	0
761	493	Nothing	52	7719608	0	1			0		other	0
761	494	Sound	0	7720620	0	2			0		other	0
761	494	Response	3	7725408	4788	6
761	496	Nothing	111	7726463	0	1			0		false_alarm	1191
761	496	Response	3	7726815	352	6
761	496	Response	3	7729163	2700	6
761	496	Response	3	7730845	4382	6
761	496	Response	3	7732282	5819	6
761	496	Response	3	7733705	7242	6
761	496	Response	3	7735204	8741	6
761	496	Response	3	7736659	10196	6
761	496	Response	3	7739731	13268	6
761	496	Response	3	7741376	14913	6
761	496	Response	3	7746096	19633	6
761	496	Response	3	7747486	21023	5
761	497	Nothing	19	7759012	0	1			0		other	0
761	499	Nothing	51	7776332	0	1			0		other	0
761	500	Sound	0	7777345	0	2			0		other	0
761	500	Response	2	7782733	5388	6
761	502	Nothing	100	7783788	0	1			0		false_alarm	1207
761	502	Response	2	7784005	217	6
761	502	Response	2	7787695	3907	6
761	502	Response	2	7789117	5329	6
761	502	Response	2	7790714	6926	6
761	502	Response	2	7792420	8632	6
761	502	Response	2	7793771	9983	6
761	502	Response	2	7795146	11358	5
761	503	Nothing	19	7816373	0	1			0		other	0
761	504	Nothing	51	7843974	0	1			0		other	0
761	505	Sound	0	7844988	0	2			0		other	0
761	505	Response	2	7848256	3268	6
761	507	Nothing	100	7849310	0	1			0		false_alarm	1219
761	507	Response	2	7849422	112	6
761	507	Response	2	7850534	1224	6
761	507	Response	2	7851787	2477	6
761	507	Response	2	7853112	3802	5
761	507	Response	2	7854456	5146	6
761	507	Response	2	7855640	6330	6
761	507	Response	2	7857060	7750	6
761	507	Response	2	7858605	9295	6
761	507	Response	2	7859881	10571	5
761	507	Response	2	7861116	11806	6
761	508	Nothing	19	7881887	0	1			0		other	0
761	508	Response	2	7918712	36825	5
761	509	Nothing	19	7918763	0	1			0		other	0
761	510	Nothing	51	7941195	0	1			0		other	0
761	511	Sound	0	7942209	0	2			0		other	0
761	511	Response	2	7945768	3559	6
761	513	Nothing	100	7946822	0	1			0		false_alarm	1236
761	513	Response	2	7946970	148	5
761	513	Response	2	7948072	1250	5
761	513	Response	2	7950493	3671	6
761	513	Response	2	7951880	5058	6
761	513	Response	2	7953208	6386	6
761	513	Response	2	7954518	7696	6
761	513	Response	2	7956005	9183	6
761	513	Response	2	7960478	13656	5
761	514	Nothing	19	7979407	0	1			0		other	0
761	515	Nothing	52	8002055	0	1			0		other	0
761	516	Sound	0	8003069	0	2			0		other	0
761	516	Response	3	8007936	4867	6
761	518	Nothing	111	8008990	0	1			0		false_alarm	1249
761	518	Response	3	8009314	324	6
761	518	Response	3	8010779	1789	6
761	518	Response	3	8013579	4589	6
761	518	Response	3	8015103	6113	6
761	518	Response	3	8016516	7526	6
761	518	Response	3	8018009	9019	6
761	518	Response	3	8024069	15079	6
761	518	Response	3	8025612	16622	6
761	518	Response	3	8027256	18266	6
761	519	Nothing	19	8041591	0	1			0		other	0
761	520	Nothing	51	8073568	0	1			0		other	0
761	521	Sound	0	8074580	0	2			0		other	0
761	521	Response	3	8079445	4865	6
761	522	Nothing	101	8079477	0	1			0		false_alarm	1263
761	522	Response	3	8080945	1468	6
761	522	Response	3	8084411	4934	6
761	523	Nothing	19	8113002	0	1			0		other	0
761	525	Nothing	51	8131126	0	1			0		other	0
761	526	Sound	0	8132139	0	2			0		other	0
761	526	Response	2	8137032	4893	6
761	528	Nothing	100	8138086	0	1			0		false_alarm	1270
761	528	Response	2	8138279	193	6
761	528	Response	2	8140555	2469	5
761	528	Response	2	8142147	4061	6
761	528	Response	2	8143501	5415	6
761	528	Response	2	8144681	6595	6
761	528	Response	2	8146103	8017	6
761	528	Response	2	8147518	9432	6
761	529	Nothing	19	8170703	0	1			0		other	0
761	530	Nothing	51	8220646	0	1			0		other	0
761	531	Sound	0	8221661	0	2			0		other	0
761	531	Response	2	8226097	4436	6
761	533	Nothing	100	8227152	0	1			0		false_alarm	1282
761	533	Response	2	8227324	172	6
761	533	Response	2	8228405	1253	6
761	533	Response	2	8230869	3717	6
761	533	Response	2	8234032	6880	6
761	533	Response	2	8235315	8163	6
761	533	Response	2	8236651	9499	6
761	533	Response	2	8238178	11026	6
761	533	Response	2	8239759	12607	5
761	533	Response	2	8240995	13843	6
761	533	Response	2	8242339	15187	6
761	534	Nothing	19	8259771	0	1			0		other	0
761	535	Nothing	51	8302964	0	1			0		other	0
761	536	Sound	0	8303976	0	2			0		other	0
761	536	Response	3	8309000	5024	6
761	537	Nothing	101	8309032	0	1			0		other	0
761	538	Nothing	19	8342575	0	1			0		other	0
761	539	Nothing	51	8369169	0	1			0		other	0
761	540	Sound	0	8370181	0	2			0		other	0
761	540	Response	2	8374577	4396	6
761	542	Nothing	100	8375631	0	1			0		false_alarm	1302
761	542	Response	2	8375633	2	6
761	542	Response	2	8376791	1160	6
761	542	Response	2	8379168	3537	6
761	542	Response	2	8380490	4859	6
761	542	Response	2	8381852	6221	6
761	542	Response	2	8383350	7719	5
761	542	Response	2	8384817	9186	6
761	542	Response	2	8386162	10531	6
761	543	Nothing	19	8408247	0	1			0		other	0
761	544	Nothing	51	8419040	0	1			0		other	0
761	545	Sound	0	8420052	0	2			0		other	0
761	545	Response	2	8424670	4618	6
761	547	Nothing	100	8425724	0	1			0		false_alarm	1315
761	547	Response	2	8425822	98	6
761	547	Response	2	8428417	2693	6
761	547	Response	2	8429775	4051	6
761	547	Response	2	8431062	5338	6
761	547	Response	2	8432490	6766	6
761	547	Response	2	8433991	8267	6
761	547	Response	2	8435226	9502	6
761	548	Nothing	19	8458287	0	1			0		other	0
761	550	Nothing	52	8486714	0	1			0		other	0
761	551	Sound	0	8487727	0	2			0		other	0
761	551	Response	2	8492527	4800	6
761	552	Nothing	110	8492560	0	1			0		false_alarm	1327
761	552	Response	2	8493806	1246	6
761	553	Nothing	19	8526137	0	1			0		other	0
761	554	Nothing	51	8556624	0	1			0		other	0
761	555	Sound	0	8557638	0	2			0		other	0
761	555	Response	3	8563537	5899	6
761	556	Nothing	101	8563568	0	1			0		false_alarm	1333
761	556	Response	3	8566876	3308	5
761	557	Nothing	19	8597134	0	1			0		other	0
761	558	Nothing	51	8638148	0	1			0		other	0
761	559	Sound	0	8639160	0	2			0		other	0
761	559	Response	2	8643314	4154	6
761	560	Response	2	8644354	1004	6
761	561	Nothing	100	8644366	0	1			0		false_alarm	1340
761	561	Response	2	8645488	1122	6
761	561	Response	2	8647839	3473	6
761	561	Response	2	8649270	4904	5
761	561	Response	2	8650630	6264	5
761	561	Response	2	8651981	7615	6
761	561	Response	2	8653457	9091	6
761	561	Response	2	8654787	10421	6
761	561	Response	2	8656025	11659	6
761	562	Nothing	19	8676906	0	1			0		other	0
761	563	Nothing	51	8707979	0	1			0		other	0
761	564	Sound	0	8708990	0	2			0		other	0
761	564	Response	3	8714069	5079	5
761	564	Response	3	8714074	5084	6
761	565	Nothing	101	8714101	0	1			0		false_alarm	1354
761	565	Response	3	8714231	130	6
761	565	Response	3	8714356	255	6
761	565	Response	3	8715404	1303	5
761	566	Nothing	19	8747706	0	1			0		other	0
761	567	Nothing	51	8759050	0	1			0		other	0
761	568	Sound	0	8760064	0	2			0		other	0
761	568	Response	2	8766440	6376	5
761	570	Nothing	100	8767491	0	1			0		false_alarm	1362
761	570	Response	2	8767824	333	6
761	570	Response	2	8774195	6704	6
761	570	Response	2	8775457	7966	6
761	570	Response	2	8776773	9282	6
761	571	Nothing	19	8800101	0	1			0		other	0
761	573	Nothing	51	8827769	0	1			0		other	0
761	574	Sound	0	8828783	0	3			0		other	0
761	574	Response	2	8832252	3469	5
761	576	Nothing	100	8833302	0	1			0		false_alarm	1371
761	576	Response	2	8833622	320	6
761	576	Response	2	8836988	3686	6
761	576	Response	2	8838341	5039	3
761	576	Response	2	8839599	6297	6
761	576	Response	2	8841041	7739	7
761	576	Response	2	8842739	9437	6
761	576	Response	2	8844047	10745	5
761	576	Response	2	8845241	11939	7
761	577	Nothing	19	8865871	0	1			0		other	0
761	578	Nothing	51	8899123	0	1			0		other	0
761	579	Sound	0	8900137	0	2			0		other	0
761	579	Response	2	8904516	4379	6
761	581	Nothing	100	8905568	0	1			0		false_alarm	1384
761	581	Response	2	8905614	46	5
761	581	Response	2	8906781	1213	6
761	581	Response	2	8908051	2483	6
761	581	Response	2	8909369	3801	6
761	581	Response	2	8910602	5034	6
761	581	Response	2	8911939	6371	6
761	581	Response	2	8913542	7974	6
761	581	Response	2	8914747	9179	6
761	581	Response	2	8916123	10555	6
761	582	Nothing	19	8938132	0	1			0		other	0
761	583	Nothing	52	8970152	0	1			0		other	0
761	584	Sound	0	8971164	0	2			0		other	0
761	584	Response	2	8974620	3456	6
761	585	Nothing	110	8974654	0	1			0		false_alarm	1398
761	585	Response	2	8975963	1309	6
761	586	Nothing	19	9008205	0	1			0		other	0
761	587	Nothing	51	9021662	0	1			0		other	0
761	588	Sound	0	9022676	0	2			0		other	0
761	588	Response	3	9027868	5192	6
761	589	Nothing	101	9027900	0	1			0		false_alarm	1404
761	589	Response	3	9029358	1458	5
761	589	Response	3	9030712	2812	4
761	590	Nothing	19	9061449	0	1			0		other	0
761	591	Nothing	51	9086513	0	1			0		other	0
761	592	Sound	0	9087525	0	2			0		other	0
761	592	Response	2	9091637	4112	5
761	594	Nothing	100	9092689	0	1			0		false_alarm	1411
761	594	Response	2	9092769	80	6
761	594	Response	2	9093919	1230	6
761	594	Response	2	9095145	2456	6
761	594	Response	2	9096410	3721	6
761	594	Response	2	9097753	5064	6
761	594	Response	2	9099044	6355	6
761	594	Response	2	9100454	7765	6
761	594	Response	2	9103315	10626	6
761	594	Response	2	9104659	11970	6
761	595	Nothing	19	9125264	0	1			0		other	0
761	597	Nothing	52	9140832	0	1			0		other	0
761	598	Sound	0	9141844	0	2			0		other	0
761	598	Response	3	9153708	11864	6
761	600	Nothing	111	9154756	0	1			0		false_alarm	1425
761	600	Response	3	9156125	1369	6
761	600	Response	3	9159078	4322	5
761	600	Response	3	9160692	5936	6
761	600	Response	3	9162107	7351	6
761	601	Nothing	19	9187291	0	1			0		other	0
761	602	Nothing	52	9197385	0	1			0		other	0
761	603	Sound	0	9198398	0	2			0		other	0
761	603	Response	2	9204273	5875	6
761	604	Nothing	110	9204305	0	1			0		false_alarm	1434
761	604	Response	2	9205488	1183	6
761	605	Nothing	19	9237863	0	1			0		other	0
761	606	Nothing	51	9258190	0	1			0		other	0
761	607	Sound	0	9259204	0	2			0		other	0
761	607	Response	3	9268545	9341	6
761	608	Nothing	101	9268578	0	1			0		false_alarm	1440
761	608	Response	3	9271565	2987	6
761	608	Response	3	9273379	4801	6
761	609	Nothing	19	9302158	0	1			0		other	0
761	610	Nothing	51	9333331	0	1			0		other	0
761	611	Sound	0	9334345	0	2			0		other	0
761	611	Response	2	9340675	6330	6
761	613	Nothing	100	9341729	0	1			0		false_alarm	1447
761	613	Response	2	9341746	17	6
761	613	Response	2	9342776	1047	6
761	613	Response	2	9346572	4843	6
761	613	Response	2	9347901	6172	6
761	613	Response	2	9349367	7638	6
761	613	Response	2	9350888	9159	6
761	613	Response	2	9353828	12099	6
761	613	Response	2	9355097	13368	6
761	614	Nothing	19	9374280	0	1			0		other	0
761	615	Nothing	51	9423023	0	1			0		other	0
761	616	Sound	0	9424037	0	2			0		other	0
761	616	Response	3	9435866	11829	6
761	617	Nothing	101	9435898	0	1			0		other	0
761	618	Nothing	19	9469475	0	1			0		other	0
761	620	Nothing	51	9487437	0	1			0		other	0
761	621	Sound	0	9488450	0	2			0		other	0
761	622	Nothing	77	9508464	0	1			0		other	0
761	623	Nothing	19	9541411	0	1			0		other	0
761	624	Nothing	52	9567298	0	1			0		other	0
761	625	Sound	0	9568311	0	2			0		other	0
761	626	Nothing	77	9588327	0	1			0		other	0
761	627	Nothing	19	9621219	0	1			0		other	0
761	628	Nothing	51	9633958	0	1			0		other	0
761	629	Sound	0	9634972	0	2			0		other	0
761	630	Nothing	77	9654988	0	1			0		other	0
761	631	Nothing	19	9687890	0	1			0		other	0
761	632	Nothing	52	9709920	0	1			0		other	0
761	633	Sound	0	9710934	0	2			0		other	0
761	634	Nothing	77	9730950	0	1			0		other	0
761	635	Nothing	19	9763839	0	1			0		other	0
761	636	Nothing	52	9803492	0	1			0		other	0
761	637	Sound	0	9804506	0	2			0		other	0
761	638	Nothing	77	9824522	0	1			0		other	0
761	639	Nothing	19	9857414	0	1			0		other	0
761	641	Nothing	51	9893245	0	1			0		other	0
761	642	Sound	0	9894259	0	2			0		other	0
761	643	Nothing	77	9914274	0	1			0		other	0
761	644	Nothing	19	9947205	0	1			0		other	0
761	645	Nothing	52	9964353	0	1			0		other	0
761	646	Sound	0	9965367	0	2			0		other	0
761	647	Nothing	77	9985382	0	1			0		other	0
761	648	Nothing	19	10018275	0	1			0		other	0
761	649	Nothing	52	10040447	0	1			0		other	0
761	650	Sound	0	10041461	0	2			0		other	0
761	651	Nothing	77	10061478	0	1			0		other	0
761	652	Nothing	19	10094401	0	1			0		other	0
761	653	Nothing	52	10129633	0	1			0		other	0
761	654	Sound	0	10130645	0	2			0		other	0
761	655	Nothing	77	10150660	0	1			0		other	0
761	656	Nothing	19	10183589	0	1			0		other	0
761	657	Nothing	51	10194806	0	1			0		other	0
761	658	Sound	0	10195818	0	3			0		other	0
761	659	Nothing	77	10215832	0	1			0		other	0
761	660	Nothing	19	10248735	0	1			0		other	0
761	662	Nothing	51	10258960	0	1			0		other	0
761	663	Sound	0	10259971	0	2			0		other	0
761	664	Nothing	77	10279986	0	1			0		other	0
761	665	Nothing	19	10312884	0	1			0		other	0
761	665	Response	2	10338602	25718	6
761	665	Response	2	10339953	27069	6
761	666	Nothing	19	10352199	0	1			0		other	0
761	666	Response	2	10363472	11273	6
761	667	Nothing	19	10393426	0	1			0		other	0
761	668	Nothing	52	10426094	0	1			0		other	0
761	669	Sound	0	10427106	0	2			0		other	0
761	669	Response	2	10431333	4227	6
761	670	Nothing	110	10431366	0	1			0		false_alarm	1514
761	670	Response	2	10432821	1455	6
761	670	Response	2	10434183	2817	6
761	670	Response	2	10435626	4260	6
761	671	Nothing	19	10465001	0	1			0		other	0
761	672	Nothing	51	10488288	0	1			0		other	0
761	673	Sound	0	10489301	0	2			0		other	0
761	673	Response	2	10493946	4645	6
761	675	Nothing	100	10495000	0	1			0		false_alarm	1522
761	675	Response	2	10495427	427	6
761	675	Response	2	10500013	5013	6
761	675	Response	2	10501277	6277	5
761	675	Response	2	10502539	7539	6
761	675	Response	2	10505898	10898	6
761	675	Response	2	10507147	12147	6
761	676	Nothing	19	10527530	0	1			0		other	0
761	677	Nothing	52	10569637	0	1			0		other	0
761	678	Sound	0	10570649	0	2			0		other	0
761	678	Response	2	10574628	3979	6
761	679	Nothing	110	10574660	0	1			0		false_alarm	1533
761	679	Response	2	10575763	1103	6
761	680	Nothing	19	10608253	0	1			0		other	0
761	681	Nothing	51	10622971	0	1			0		other	0
761	682	Sound	0	10623986	0	2			0		other	0
761	682	Response	2	10629179	5193	6
761	684	Nothing	100	10630234	0	1			0		false_alarm	1539
761	684	Response	2	10630259	25	5
761	684	Response	2	10631332	1098	6
761	684	Response	2	10632484	2250	6
761	684	Response	2	10633698	3464	6
761	684	Response	2	10635027	4793	5
761	684	Response	2	10636441	6207	6
761	684	Response	2	10637712	7478	5
761	684	Response	2	10639241	9007	6
761	685	Nothing	19	10662784	0	1			0		other	0
761	687	Nothing	52	10683368	0	1			0		other	0
761	688	Sound	0	10684380	0	3			0		other	0
761	688	Response	2	10688585	4205	6
761	689	Nothing	110	10688617	0	1			0		false_alarm	1552
761	689	Response	2	10689710	1093	6
761	690	Nothing	19	10722190	0	1			0		other	0
761	691	Nothing	51	10735991	0	1			0		other	0
761	692	Sound	0	10737003	0	2			0		other	0
761	692	Response	2	10741864	4861	6
761	693	Response	2	10742913	1013	6
761	694	Nothing	100	10742918	0	1			0		false_alarm	1559
761	694	Response	2	10743988	1070	4
761	694	Response	2	10745102	2184	6
761	694	Response	2	10746203	3285	8
761	694	Response	2	10747469	4551	6
761	694	Response	2	10748692	5774	5
761	694	Response	2	10750134	7216	6
761	694	Response	2	10751431	8513	6
761	694	Response	2	10752834	9916	6
761	694	Response	2	10754286	11368	6
761	694	Response	2	10755686	12768	6
761	695	Nothing	19	10775443	0	1			0		other	0
761	696	Nothing	51	10796775	0	1			0		other	0
761	697	Sound	0	10797788	0	2			0		other	0
761	697	Response	2	10801902	4114	5
761	699	Nothing	100	10802955	0	1			0		false_alarm	1574
761	699	Response	2	10803118	163	6
761	699	Response	2	10803123	168	6
761	699	Response	2	10806571	3616	6
761	699	Response	2	10808003	5048	4
761	699	Response	2	10809373	6418	6
761	699	Response	2	10810650	7695	6
761	699	Response	2	10812085	9130	6
761	699	Response	2	10813450	10495	6
761	699	Response	2	10814818	11863	6
761	700	Nothing	19	10835504	0	1			0		other	0
761	701	Nothing	52	10856635	0	1			0		other	0
761	702	Sound	0	10857648	0	2			0		other	0
761	702	Response	2	10860929	3281	6
761	703	Nothing	110	10860962	0	1			0		false_alarm	1588
761	703	Response	2	10862025	1063	6
761	704	Nothing	19	10894506	0	1			0		other	0
761	705	Nothing	51	10911085	0	1			0		other	0
761	706	Sound	0	10912099	0	2			0		other	0
761	706	Response	3	10917747	5648	6
761	707	Nothing	101	10917778	0	1			0		other	0
761	708	Nothing	19	10951363	0	1			0		other	0
761	710	Nothing	52	10985044	0	1			0		other	0
761	711	Sound	0	10986056	0	2			0		other	0
761	711	Response	2	10990214	4158	6
761	712	Nothing	110	10990245	0	1			0		false_alarm	1599
761	712	Response	2	10991451	1206	6
761	713	Nothing	19	11023903	0	1			0		other	0
761	714	Nothing	51	11065152	0	1			0		other	0
761	715	Sound	0	11066165	0	2			0		other	0
761	715	Response	3	11073704	7539	6
761	716	Nothing	101	11073737	0	1			0		false_alarm	1605
761	716	Response	3	11081945	8208	6
761	717	Nothing	19	11107319	0	1			0		other	0
761	718	Nothing	52	11144876	0	1			0		other	0
761	719	Sound	0	11145890	0	3			0		other	0
761	719	Response	2	11150250	4360	6
761	720	Nothing	110	11150283	0	1			0		false_alarm	1611
761	720	Response	2	11151434	1151	6
761	721	Nothing	19	11183892	0	1			0		other	0
761	722	Nothing	51	11199071	0	1			0		other	0
761	723	Sound	0	11200084	0	2			0		other	0
761	723	Response	2	11207188	7104	6
761	725	Nothing	100	11208241	0	1			0		false_alarm	1617
761	725	Response	2	11208355	114	6
761	725	Response	2	11209405	1164	6
761	725	Response	2	11211670	3429	6
761	725	Response	2	11213001	4760	6
761	725	Response	2	11214375	6134	6
761	725	Response	2	11215678	7437	6
761	725	Response	2	11217019	8778	6
761	725	Response	2	11218521	10280	6
761	725	Response	2	11219837	11596	6
761	725	Response	2	11221204	12963	6
761	726	Nothing	19	11240739	0	1			0		other	0
761	727	Nothing	51	11252342	0	1			0		other	0
761	728	Sound	0	11253354	0	2			0		other	0
761	728	Response	2	11257413	4059	6
761	730	Nothing	100	11258465	0	1			0		false_alarm	1632
761	730	Response	2	11258724	259	6
761	730	Response	2	11260804	2339	6
761	730	Response	2	11262042	3577	4
761	730	Response	2	11263420	4955	6
761	730	Response	2	11265006	6541	6
761	730	Response	2	11266414	7949	6
761	730	Response	2	11267690	9225	6
761	730	Response	2	11268946	10481	6
761	731	Nothing	19	11290993	0	1			0		other	0
761	733	Nothing	52	11318122	0	1			0		other	0
761	734	Sound	0	11319131	0	2			0		other	0
761	734	Response	3	11323835	4704	3
761	734	Response	3	11323838	4707	4
761	736	Nothing	111	11324874	0	1			0		false_alarm	1646
761	736	Response	3	11325289	415	6
761	736	Response	3	11327844	2970	6
761	736	Response	3	11329321	4447	6
761	736	Response	3	11330866	5992	6
761	736	Response	3	11331007	6133	6
761	736	Response	3	11332292	7418	6
761	736	Response	3	11334079	9205	6
761	736	Response	3	11335221	10347	6
761	736	Response	3	11336899	12025	6
761	736	Response	3	11338426	13552	6
761	737	Nothing	19	11357451	0	1			0		other	0
761	737	Response	3	11368904	11453	6
761	737	Response	3	11368933	11482	6
761	737	Response	3	11369004	11553	6
761	737	Response	3	11369155	11704	6
761	737	Response	3	11370325	12874	6
761	737	Response	3	11372148	14697	6
761	738	Nothing	19	11389625	0	1			0		other	0
761	739	Nothing	52	11407767	0	1			0		other	0
761	740	Sound	0	11408781	0	2			0		other	0
761	740	Response	2	11414617	5836	6
761	741	Nothing	110	11414649	0	1			0		false_alarm	1668
761	741	Response	2	11415868	1219	6
761	742	Nothing	19	11448233	0	1			0		other	0
761	743	Nothing	52	11471756	0	1			0		other	0
761	744	Sound	0	11472768	0	2			0		other	0
761	744	Response	3	11478051	5283	6
761	745	Response	3	11478262	176	6
761	746	Nothing	111	11479103	0	1			0		false_alarm	1675
761	746	Response	3	11480579	1476	5
761	746	Response	3	11484883	5780	6
761	746	Response	3	11484888	5785	6
761	746	Response	3	11486405	7302	6
761	746	Response	3	11487905	8802	6
761	746	Response	3	11489533	10430	6
761	746	Response	3	11491133	12030	6
761	746	Response	3	11491138	12035	6
761	747	Nothing	19	11511675	0	1			0		other	0
761	748	Nothing	52	11527558	0	1			0		other	0
761	749	Sound	0	11528571	0	2			0		other	0
761	749	Response	3	11533379	4808	6
761	751	Nothing	111	11534429	0	1			0		false_alarm	1688
761	751	Response	3	11534792	363	6
761	751	Response	3	11536056	1627	4
761	751	Response	3	11539090	4661	6
761	751	Response	3	11540669	6240	6
761	751	Response	3	11542025	7596	6
761	751	Response	3	11545195	10766	6
761	751	Response	3	11546515	12086	6
761	752	Nothing	19	11566999	0	1			0		other	0
761	753	Nothing	52	11582091	0	1			0		other	0
761	754	Sound	0	11583102	0	2			0		other	0
761	754	Response	3	11587542	4440	6
761	756	Nothing	111	11588598	0	1			0		false_alarm	1700
761	756	Response	3	11589011	413	6
761	756	Response	3	11592026	3428	6
761	756	Response	3	11593528	4930	6
761	756	Response	3	11594958	6360	6
761	756	Response	3	11596439	7841	6
761	756	Response	3	11596622	8024	6
761	756	Response	3	11598033	9435	5
761	756	Response	3	11602619	14021	6
761	756	Response	3	11603950	15352	6
761	756	Response	3	11605632	17034	5
761	757	Nothing	19	11621130	0	1			0		other	0
761	759	Nothing	51	11636665	0	1			0		other	0
761	760	Sound	0	11637677	0	2			0		other	0
761	760	Response	3	11642968	5291	5
761	761	Nothing	101	11642997	0	1			0		false_alarm	1715
761	761	Response	3	11644463	1466	5
761	762	Nothing	19	11676569	0	1			0		other	0
761	763	Nothing	51	11711832	0	1			0		other	0
761	764	Sound	0	11712844	0	2			0		other	0
761	764	Response	2	11715924	3080	6
761	766	Nothing	100	11716975	0	1			0		false_alarm	1721
761	766	Response	2	11718423	1448	6
761	766	Response	2	11721835	4860	6
761	766	Response	2	11723209	6234	6
761	766	Response	2	11724409	7434	5
761	766	Response	2	11725916	8941	6
761	766	Response	2	11727398	10423	6
761	766	Response	2	11728804	11829	6
761	766	Response	2	11730178	13203	6
761	767	Nothing	19	11749576	0	1			0		other	0
761	768	Nothing	51	11760208	0	1			0		other	0
761	769	Sound	0	11761221	0	2			0		other	0
761	769	Response	2	11765588	4367	6
761	771	Nothing	100	11766640	0	1			0		false_alarm	1734
761	771	Response	2	11766868	228	6
761	771	Response	2	11768940	2300	6
761	771	Response	2	11770362	3722	6
761	771	Response	2	11771925	5285	6
761	771	Response	2	11773292	6652	6
761	771	Response	2	11774494	7854	6
761	771	Response	2	11775775	9135	6
761	772	Nothing	19	11799196	0	1			0		other	0
761	773	Nothing	51	11829539	0	1			0		other	0
761	774	Sound	0	11830553	0	2			0		other	0
761	774	Response	2	11837371	6818	6
761	776	Nothing	100	11838424	0	1			0		false_alarm	1746
761	776	Response	2	11838528	104	6
761	776	Response	2	11838973	549	6
761	776	Response	2	11839701	1277	6
761	776	Response	2	11840823	2399	6
761	776	Response	2	11842108	3684	6
761	776	Response	2	11843475	5051	6
761	776	Response	2	11844918	6494	5
761	776	Response	2	11847752	9328	6
761	776	Response	2	11849152	10728	6
761	777	Nothing	19	11870982	0	1			0		other	0
761	778	Nothing	52	11882309	0	1			0		other	0
761	779	Sound	0	11883323	0	2			0		other	0
761	779	Response	2	11888020	4697	6
761	780	Nothing	110	11888052	0	1			0		other	0
761	781	Nothing	19	11921556	0	1			0		other	0
761	783	Nothing	52	11943093	0	1			0		other	0
761	784	Sound	0	11944105	0	2			0		other	0
761	784	Response	2	11948282	4177	5
761	785	Nothing	110	11948314	0	1			0		false_alarm	1765
761	785	Response	2	11949538	1224	6
761	786	Nothing	19	11981890	0	1			0		other	0
761	787	Nothing	51	12000480	0	1			0		other	0
761	788	Sound	0	12001493	0	2			0		other	0
761	788	Response	2	12006503	5010	6
761	790	Nothing	100	12007555	0	1			0		false_alarm	1771
761	790	Response	2	12007654	99	6
761	790	Response	2	12008816	1261	6
761	790	Response	2	12009874	2319	6
761	790	Response	2	12011119	3564	6
761	790	Response	2	12012331	4776	6
761	790	Response	2	12013704	6149	6
761	790	Response	2	12015168	7613	3
761	790	Response	2	12016493	8938	5
761	791	Nothing	19	12040090	0	1			0		other	0
761	792	Nothing	52	12073328	0	1			0		other	0
761	793	Sound	0	12074340	0	2			0		other	0
761	793	Response	2	12078470	4130	6
761	794	Nothing	110	12078501	0	1			0		other	0
761	795	Nothing	19	12112025	0	1			0		other	0
761	796	Nothing	51	12123153	0	1			0		other	0
761	797	Sound	0	12124166	0	3			0		other	0
761	798	Nothing	77	12144181	0	1			0		other	0
761	799	Nothing	19	12177143	0	1			0		other	0
761	800	Nothing	51	12205287	0	1			0		other	0
761	801	Sound	0	12206301	0	2			0		other	0
761	801	Response	3	12212829	6528	6
761	802	Nothing	101	12212862	0	1			0		false_alarm	1793
761	802	Response	3	12214244	1382	6
761	803	Nothing	19	12246494	0	1			0		other	0
761	805	Nothing	51	12262993	0	1			0		other	0
761	806	Sound	0	12264006	0	2			0		other	0
761	806	Response	2	12269309	5303	5
761	808	Nothing	100	12270359	0	1			0		false_alarm	1799
761	808	Response	2	12270418	59	6
761	808	Response	2	12271429	1070	6
761	808	Response	2	12273656	3297	6
761	808	Response	2	12274957	4598	5
761	808	Response	2	12276324	5965	6
761	808	Response	2	12277671	7312	7
761	808	Response	2	12278953	8594	6
761	808	Response	2	12280213	9854	6
761	809	Nothing	19	12302970	0	1			0		other	0
761	810	Nothing	52	12334165	0	1			0		other	0
761	811	Sound	0	12335179	0	2			0		other	0
761	811	Response	2	12339634	4455	6
761	812	Nothing	110	12339667	0	1			0		false_alarm	1812
761	812	Response	2	12340835	1168	6
761	812	Response	2	12342225	2558	6
761	813	Nothing	19	12373223	0	1			0		other	0
761	814	Nothing	52	12389986	0	1			0		other	0
761	815	Sound	0	12390999	0	2			0		other	0
761	815	Response	2	12394872	3873	4
761	816	Nothing	110	12394902	0	1			0		other	0
761	817	Nothing	19	12428459	0	1			0		other	0
761	818	Nothing	52	12469181	0	1			0		other	0
761	819	Sound	0	12470194	0	2			0		other	0
761	819	Response	3	12476989	6795	6
761	820	Response	3	12477216	190	6
761	821	Nothing	111	12478042	0	1			0		false_alarm	1825
761	821	Response	3	12479441	1399	6
761	821	Response	3	12479559	1517	6
761	821	Response	3	12482120	4078	6
761	821	Response	3	12483442	5400	6
761	821	Response	3	12484772	6730	6
761	821	Response	3	12486272	8230	6
761	821	Response	3	12487650	9608	6
761	821	Response	3	12487961	9919	6
761	821	Response	3	12489198	11156	6
761	821	Response	3	12490873	12831	6
761	821	Response	3	12490878	12836	6
761	821	Response	3	12495475	17433	6
761	822	Nothing	19	12510661	0	1			0		other	0
761	823	Nothing	52	12530765	0	1			0		other	0
761	824	Sound	0	12531778	0	1			0		other	0
761	824	Response	2	12535999	4221	6
761	825	Nothing	110	12536031	0	1			0		false_alarm	1842
761	825	Response	2	12538517	2486	5
761	826	Nothing	19	12569684	0	1			0		other	0
761	828	Nothing	52	12597163	0	1			0		other	0
761	829	Sound	0	12598176	0	2			0		other	0
761	829	Response	3	12602817	4641	4
761	831	Nothing	111	12603857	0	1			0		false_alarm	1848
761	831	Response	3	12604277	420	6
761	831	Response	3	12606702	2845	5
761	831	Response	3	12608296	4439	6
761	831	Response	3	12609796	5939	6
761	831	Response	3	12611223	7366	6
761	831	Response	3	12615809	11952	6
761	831	Response	3	12617407	13550	6
761	831	Response	3	12617556	13699	6
761	831	Response	3	12617581	13724	6
761	831	Response	3	12618966	15109	4
761	831	Response	3	12620452	16595	6
761	831	Response	3	12620603	16746	6
761	832	Nothing	19	12636451	0	1			0		other	0
761	832	Response	3	12648947	12496	6
761	832	Response	3	12650460	14009	6
761	833	Nothing	19	12656947	0	1			0		other	0
761	834	Nothing	51	12682335	0	1			0		other	0
761	835	Sound	0	12683349	0	2			0		other	0
761	835	Response	3	12688067	4718	5
761	836	Nothing	101	12688099	0	1			0		false_alarm	1868
761	836	Response	3	12689729	1630	6
761	836	Response	3	12689990	1891	6
761	836	Response	3	12691222	3123	5
761	837	Nothing	19	12721654	0	1			0		other	0
761	838	Nothing	51	12735877	0	1			0		other	0
761	839	Sound	0	12736891	0	2			0		other	0
761	839	Response	2	12740314	3423	6
761	841	Nothing	100	12741367	0	1			0		false_alarm	1876
761	841	Response	2	12741535	168	6
761	841	Response	2	12742595	1228	6
761	841	Response	2	12743648	2281	6
761	841	Response	2	12744783	3416	6
761	841	Response	2	12746218	4851	6
761	841	Response	2	12747739	6372	6
761	841	Response	2	12750688	9321	6
761	841	Response	2	12752003	10636	6
761	842	Nothing	19	12773986	0	1			0		other	0
761	843	Nothing	52	12788375	0	1			0		other	0
761	844	Sound	0	12789389	0	2			0		other	0
761	844	Response	3	12795478	6089	6
761	846	Nothing	111	12796532	0	1			0		false_alarm	1889
761	846	Response	3	12796860	328	5
761	846	Response	3	12798200	1668	6
761	846	Response	3	12799868	3336	6
761	846	Response	3	12801264	4732	6
761	846	Response	3	12802615	6083	6
761	846	Response	3	12804014	7482	6
761	846	Response	2	12806863	10331	6
761	846	Response	3	12808434	11902	6
761	846	Response	3	12808564	12032	6
761	846	Response	3	12809729	13197	6
761	846	Response	3	12809734	13202	6
761	846	Response	3	12811414	14882	6
761	846	Response	3	12812745	16213	6
761	846	Response	3	12813065	16533	6
761	846	Response	3	12814343	17811	4
761	846	Response	3	12815949	19417	5
761	847	Nothing	19	12829161	0	1			0		other	0
761	847	Response	2	12848082	18921	6
761	847	Response	2	12849418	20257	6
761	848	Nothing	19	12866691	0	1			0		other	0
761	849	Nothing	52	12887823	0	1			0		other	0
761	850	Sound	0	12888836	0	2			0		other	0
761	850	Response	2	12892271	3435	6
761	851	Nothing	110	12892303	0	1			0		false_alarm	1913
761	851	Response	2	12893552	1249	6
761	852	Nothing	19	12925937	0	1			0		other	0
761	852	Response	3	12955026	29089	6
761	852	Response	3	12956351	30414	6
761	853	Nothing	19	12975548	0	1			0		other	0
761	855	Nothing	51	12988951	0	1			0		other	0
761	856	Sound	0	12989965	0	2			0		other	0
761	856	Response	2	12996299	6334	6
761	858	Nothing	100	12997351	0	1			0		false_alarm	1922
761	858	Response	2	12997422	71	6
761	858	Response	2	12998430	1079	6
761	858	Response	2	13000735	3384	6
761	858	Response	2	13002237	4886	6
761	858	Response	2	13003607	6256	6
761	858	Response	2	13006556	9205	4
761	858	Response	2	13007911	10560	6
761	859	Nothing	19	13029920	0	1			0		other	0
761	860	Nothing	52	13063168	0	1			0		other	0
761	861	Sound	0	13064181	0	2			0		other	0
761	861	Response	2	13069712	5531	6
761	862	Nothing	110	13069742	0	1			0		other	0
761	863	Nothing	19	13103340	0	1			0		other	0
761	864	Nothing	52	13124092	0	1			0		other	0
761	865	Sound	0	13125105	0	2			0		other	0
761	865	Response	2	13129269	4164	6
761	866	Nothing	110	13129302	0	1			0		false_alarm	1939
761	866	Response	2	13130459	1157	6
761	867	Nothing	19	13162827	0	1			0		other	0
761	868	Nothing	52	13184551	0	1			0		other	0
761	869	Sound	0	13185563	0	2			0		other	0
761	869	Response	2	13190094	4531	6
761	870	Nothing	110	13190127	0	1			0		other	0
761	871	Nothing	19	13223608	0	1			0		other	0
761	872	Nothing	52	13261820	0	1			0		other	0
761	873	Sound	0	13262834	0	2			0		other	0
761	873	Response	3	13270823	7989	6
761	875	Nothing	111	13271876	0	1			0		false_alarm	1950
761	875	Response	3	13272255	379	6
761	875	Response	3	13274602	2726	6
761	875	Response	3	13277429	5553	6
761	875	Response	3	13278951	7075	5
761	875	Response	3	13280515	8639	6
761	875	Response	3	13280657	8781	6
761	875	Response	3	13280824	8948	6
761	875	Response	3	13280971	9095	6
761	875	Response	3	13281985	10109	6
761	875	Response	3	13283705	11829	6
761	875	Response	3	13285280	13404	6
761	875	Response	3	13286643	14767	6
761	875	Response	3	13288301	16425	6
761	876	Nothing	19	13304488	0	2			0		other	0
761	878	Nothing	52	13320438	0	1			0		other	0
761	879	Sound	0	13321451	0	2			0		other	0
761	879	Response	3	13328460	7009	6
761	881	Nothing	111	13329513	0	1			0		false_alarm	1968
761	881	Response	3	13329875	362	6
761	881	Response	3	13332755	3242	6
761	881	Response	3	13334070	4557	6
761	881	Response	3	13335636	6123	6
761	881	Response	3	13341710	12197	6
761	882	Nothing	19	13362062	0	1			0		other	0
761	883	Nothing	52	13378235	0	1			0		other	0
761	884	Sound	0	13379249	0	2			0		other	0
761	885	Nothing	77	13399264	0	1			0		other	0
761	886	Nothing	19	13432199	0	1			0		other	0
761	887	Nothing	51	13449405	0	1			0		other	0
761	888	Sound	0	13450417	0	3			0		other	0
761	889	Nothing	77	13470432	0	1			0		other	0
761	890	Nothing	19	13503362	0	1			0		other	0
761	891	Nothing	51	13517596	0	1			0		other	0
761	892	Sound	0	13518608	0	2			0		other	0
761	893	Nothing	77	13538623	0	1			0		other	0
761	894	Nothing	19	13571545	0	1			0		other	0
761	895	Nothing	52	13597722	0	1			0		other	0
761	896	Sound	0	13598734	0	2			0		other	0
761	897	Nothing	77	13618749	0	1			0		other	0
761	898	Nothing	19	13651626	0	1			0		other	0
761	900	Nothing	51	13696055	0	1			0		other	0
761	901	Sound	0	13697069	0	2			0		other	0
761	902	Nothing	77	13717085	0	1			0		other	0
761	903	Nothing	19	13749988	0	1			0		other	0
761	904	Nothing	51	13770629	0	1			0		other	0
761	905	Sound	0	13771642	0	2			0		other	0
761	906	Nothing	77	13791657	0	1			0		other	0
761	907	Nothing	19	13824552	0	1			0		other	0
761	908	Nothing	52	13838599	0	1			0		other	0
761	909	Sound	0	13839613	0	2			0		other	0
761	910	Nothing	77	13859628	0	1			0		other	0
761	911	Nothing	19	13892533	0	1			0		other	0
761	912	Nothing	52	13904937	0	1			0		other	0
761	913	Sound	0	13905950	0	2			0		other	0
761	914	Nothing	77	13925967	0	1			0		other	0
761	915	Nothing	19	13958907	0	1			0		other	0
761	916	Nothing	52	13979810	0	1			0		other	0
761	917	Sound	0	13980823	0	2			0		other	0
761	918	Nothing	77	14000839	0	1			0		other	0
761	919	Nothing	19	14033759	0	1			0		other	0
761	921	Nothing	51	14073734	0	1			0		other	0
761	922	Sound	0	14074747	0	2			0		other	0
761	923	Nothing	77	14094763	0	1			0		other	0
761	924	Nothing	19	14127678	0	1			0		other	0
761	925	Nothing	52	14149975	0	1			0		other	0
761	926	Sound	0	14150987	0	2			0		other	0
761	927	Nothing	77	14171002	0	1			0		other	0
761	928	Nothing	19	14203881	0	1			0		other	0
761	929	Nothing	52	14227105	0	1			0		other	0
761	930	Sound	0	14228118	0	2			0		other	0
761	931	Nothing	77	14248134	0	1			0		other	0
761	932	Nothing	19	14281022	0	1			0		other	0
761	933	Nothing	51	14292610	0	1			0		other	0
761	934	Sound	0	14293624	0	2			0		other	0
761	935	Nothing	77	14313639	0	1			0		other	0
761	936	Nothing	19	14346597	0	1			0		other	0
761	937	Nothing	52	14374882	0	1			0		other	0
761	938	Sound	0	14375895	0	2			0		other	0
761	939	Nothing	77	14395910	0	1			0		other	0
761	940	Nothing	19	14428831	0	1			0		other	0
761	942	Nothing	52	14439211	0	1			0		other	0
761	943	Sound	0	14440223	0	2			0		other	0
761	944	Nothing	77	14460238	0	1			0		other	0
761	945	Nothing	19	14493149	0	1			0		other	0
761	946	Nothing	52	14505192	0	1			0		other	0
761	947	Sound	0	14506204	0	2			0		other	0
761	948	Nothing	77	14526219	0	1			0		other	0
761	949	Nothing	19	14559126	0	1			0		other	0
761	950	Nothing	52	14593759	0	1			0		other	0
761	951	Sound	0	14594772	0	2			0		other	0
761	952	Nothing	77	14614788	0	1			0		other	0
761	953	Nothing	19	14647673	0	1			0		other	0
761	954	Nothing	51	14691078	0	1			0		other	0
761	955	Sound	0	14692091	0	3			0		other	0
761	956	Nothing	77	14712106	0	1			0		other	0
761	957	Nothing	19	14744996	0	1			0		other	0
761	958	Nothing	51	14765180	0	1			0		other	0
761	959	Sound	0	14766194	0	2			0		other	0
761	960	Nothing	77	14786209	0	1			0		other	0
761	961	Nothing	19	14819098	0	1			0		other	0
761	963	Nothing	51	14843127	0	1			0		other	0
761	964	Sound	0	14844139	0	3			0		other	0
761	965	Nothing	77	14864154	0	1			0		other	0
761	965	Response	2	14873025	8871	6
761	966	Nothing	19	14897046	0	1			0		other	0
761	967	Nothing	51	14908380	0	2			0		other	0
761	968	Sound	0	14909394	0	2			0		other	0
761	968	Response	2	14913703	4309	5
761	970	Nothing	100	14914755	0	1			0		false_alarm	2059
761	970	Response	2	14916133	1378	6
761	970	Response	2	14918393	3638	6
761	970	Response	2	14919563	4808	6
761	970	Response	2	14922103	7348	6
761	971	Nothing	19	14947360	0	1			0		other	0
761	972	Nothing	52	14978577	0	1			0		other	0
761	973	Sound	0	14979590	0	2			0		other	0
761	974	Nothing	77	14999605	0	1			0		other	0
761	975	Nothing	19	15032561	0	1			0		other	0
761	976	Nothing	51	15046621	0	1			0		other	0
761	977	Sound	0	15047634	0	2			0		other	0
761	978	Nothing	77	15067651	0	1			0		other	0
761	979	Nothing	19	15100533	0	1			0		other	0
761	980	Nothing	51	15130713	0	1			0		other	0
761	981	Sound	0	15131727	0	2			0		other	0
761	982	Nothing	77	15151743	0	1			0		other	0
761	983	Nothing	19	15184635	0	1			0		other	0
761	985	Nothing	52	15216066	0	1			0		other	0
761	986	Sound	0	15217080	0	2			0		other	0
761	987	Nothing	77	15237095	0	1			0		other	0
761	988	Nothing	19	15270010	0	1			0		other	0
761	989	Nothing	52	15293932	0	1			0		other	0
761	990	Sound	0	15294946	0	2			0		other	0
761	991	Nothing	77	15314962	0	1			0		other	0
761	992	Nothing	19	15347874	0	1			0		other	0
761	993	Nothing	51	15365711	0	1			0		other	0
761	994	Sound	0	15366725	0	3			0		other	0
761	995	Nothing	77	15386741	0	1			0		other	0
761	996	Nothing	19	15419687	0	1			0		other	0
761	997	Nothing	52	15445295	0	2			0		other	0
761	998	Sound	0	15446307	0	2			0		other	0
761	999	Nothing	77	15466322	0	1			0		other	0
761	1000	Nothing	19	15499228	0	1			0		other	0
761	1001	Nothing	51	15526895	0	1			0		other	0
761	1002	Sound	0	15527907	0	2			0		other	0
761	1003	Nothing	77	15547924	0	1			0		other	0
761	1004	Nothing	19	15580854	0	1			0		other	0
761	1006	Nothing	52	15592168	0	1			0		other	0
761	1007	Sound	0	15593179	0	2			0		other	0
761	1008	Nothing	77	15613195	0	1			0		other	0
761	1009	Nothing	19	15646127	0	1			0		other	0
761	1010	Nothing	52	15674240	0	1			0		other	0
761	1011	Sound	0	15675254	0	2			0		other	0
761	1012	Nothing	77	15695271	0	1			0		other	0
761	1013	Nothing	19	15728213	0	1			0		other	0
761	1014	Nothing	51	15746880	0	1			0		other	0
761	1015	Sound	0	15747893	0	2			0		other	0
761	1016	Nothing	77	15767908	0	1			0		other	0
761	1017	Nothing	19	15800814	0	1			0		other	0
761	1018	Nothing	52	15848461	0	1			0		other	0
761	1019	Sound	0	15849475	0	2			0		other	0
761	1020	Nothing	77	15869489	0	1			0		other	0
761	1021	Nothing	19	15902403	0	1			0		other	0
761	1022	Nothing	52	15913407	0	1			0		other	0
761	1023	Sound	0	15914421	0	2			0		other	0
761	1024	Nothing	77	15934437	0	1			0		other	0
761	1025	Nothing	19	15967319	0	1			0		other	0
761	1027	Nothing	51	16004181	0	1			0		other	0
761	1028	Sound	0	16005195	0	2			0		other	0
761	1029	Nothing	77	16025209	0	1			0		other	0
761	1030	Nothing	19	16058137	0	1			0		other	0
761	1031	Nothing	51	16069641	0	1			0		other	0
761	1032	Sound	0	16070655	0	2			0		other	0
761	1033	Nothing	77	16090670	0	1			0		other	0
761	1034	Nothing	19	16123529	0	1			0		other	0
761	1035	Nothing	52	16165788	0	1			0		other	0
761	1036	Sound	0	16166802	0	2			0		other	0
761	1037	Nothing	77	16186818	0	1			0		other	0
761	1038	Nothing	19	16219730	0	1			0		other	0
761	1039	Nothing	52	16233394	0	1			0		other	0
761	1040	Sound	0	16234406	0	2			0		other	0
761	1041	Nothing	77	16254421	0	1			0		other	0
761	1042	Nothing	19	16287320	0	1			0		other	0
761	1043	Nothing	52	16299664	0	1			0		other	0
761	1044	Sound	0	16300676	0	2			0		other	0
761	1045	Nothing	77	16320691	0	1			0		other	0
761	1046	Nothing	19	16353596	0	1			0		other	0
761	1048	Nothing	52	16370421	0	1			0		other	0
761	1049	Sound	0	16371433	0	2			0		other	0
761	1050	Nothing	77	16391449	0	1			0		other	0
761	1051	Nothing	19	16424345	0	1			0		other	0
761	1052	Nothing	51	16448345	0	1			0		other	0
761	1053	Sound	0	16449359	0	3			0		other	0
761	1054	Nothing	77	16469374	0	1			0		other	0
761	1055	Nothing	19	16502321	0	1			0		other	0
761	1056	Nothing	51	16517734	0	1			0		other	0
761	1057	Sound	0	16518748	0	2			0		other	0
761	1058	Nothing	77	16538765	0	1			0		other	0
761	1059	Nothing	19	16571680	0	1			0		other	0
761	1060	Nothing	52	16593659	0	1			0		other	0
761	1061	Sound	0	16594671	0	2			0		other	0
761	1062	Nothing	77	16614687	0	1			0		other	0
761	1063	Nothing	19	16647575	0	1			0		other	0
761	1064	Nothing	52	16662548	0	1			0		other	0
761	1065	Sound	0	16663562	0	2			0		other	0
761	1066	Nothing	77	16683578	0	1			0		other	0
761	1067	Nothing	19	16716483	0	1			0		other	0
761	1069	Nothing	52	16737339	0	1			0		other	0
761	1070	Sound	0	16738352	0	2			0		other	0
761	1071	Nothing	77	16758368	0	1			0		other	0
761	1072	Nothing	19	16791257	0	1			0		other	0
761	1073	Nothing	52	16809500	0	1			0		other	0
761	1074	Sound	0	16810513	0	2			0		other	0
761	1075	Nothing	77	16830528	0	1			0		other	0
761	1076	Nothing	19	16863408	0	1			0		other	0
761	1077	Nothing	51	16891475	0	1			0		other	0
761	1078	Sound	0	16892488	0	2			0		other	0
761	1079	Nothing	77	16912503	0	1			0		other	0
761	1080	Nothing	19	16945404	0	1			0		other	0
761	1081	Nothing	52	16972931	0	1			0		other	0
761	1082	Sound	0	16973944	0	2			0		other	0
761	1083	Nothing	77	16993959	0	1			0		other	0
761	1084	Nothing	19	17026881	0	1			0		other	0
761	1085	Nothing	52	17056374	0	1			0		other	0
761	1086	Sound	0	17057387	0	2			0		other	0
761	1087	Nothing	77	17077401	0	1			0		other	0
761	1088	Nothing	19	17110326	0	1			0		other	0
761	1090	Nothing	51	17148086	0	1			0		other	0
761	1091	Sound	0	17149099	0	2			0		other	0
761	1092	Nothing	77	17169115	0	1			0		other	0
761	1093	Nothing	19	17202036	0	1			0		other	0
761	1094	Nothing	51	17229550	0	1			0		other	0
761	1095	Sound	0	17230563	0	2			0		other	0
761	1096	Nothing	77	17250577	0	1			0		other	0
761	1097	Nothing	19	17283464	0	1			0		other	0
761	1098	Nothing	51	17323345	0	1			0		other	0
761	1099	Sound	0	17324359	0	2			0		other	0
761	1100	Nothing	77	17344375	0	1			0		other	0
761	1101	Nothing	19	17377274	0	1			0		other	0
761	1102	Nothing	51	17399437	0	1			0		other	0
761	1103	Sound	0	17400450	0	2			0		other	0
761	1104	Nothing	77	17420467	0	1			0		other	0
761	1105	Nothing	19	17453375	0	1			0		other	0
761	1106	Nothing	51	17476608	0	1			0		other	0
761	1107	Sound	0	17477622	0	2			0		other	0
761	1108	Nothing	77	17497639	0	1			0		other	0
761	1109	Nothing	19	17530545	0	1			0		other	0
761	1111	Nothing	51	17554271	0	1			0		other	0
761	1112	Sound	0	17555281	0	3			0		other	0
761	1113	Nothing	77	17575295	0	1			0		other	0
761	1114	Nothing	19	17607839	0	1			0		other	0
761	1115	Nothing	51	17633952	0	1			0		other	0
761	1116	Sound	0	17634964	0	3			0		other	0
761	1117	Nothing	77	17654977	0	1			0		other	0
761	1118	Nothing	19	17687477	0	1			0		other	0
761	1119	Nothing	52	17704496	0	1			0		other	0
761	1120	Sound	0	17705509	0	2			0		other	0
761	1121	Nothing	77	17725523	0	1			0		other	0
761	1122	Nothing	19	17758077	0	1			0		other	0
761	1123	Nothing	51	17778553	0	1			0		other	0
761	1124	Sound	0	17779568	0	2			0		other	0
761	1125	Nothing	77	17799582	0	1			0		other	0
761	1126	Nothing	19	17832094	0	1			0		other	0
761	1127	Nothing	51	17848127	0	1			0		other	0
761	1128	Sound	0	17849139	0	2			0		other	0
761	1129	Nothing	77	17869152	0	1			0		other	0
761	1130	Nothing	19	17901645	0	1			0		other	0
761	1132	Nothing	52	17949377	0	1			0		other	0
761	1133	Sound	0	17950391	0	2			0		other	0
761	1134	Nothing	77	17970407	0	1			0		other	0
761	1135	Nothing	19	18003333	0	1			0		other	0
761	1136	Nothing	51	18017281	0	1			0		other	0
761	1137	Sound	0	18018294	0	2			0		other	0
761	1138	Nothing	77	18038310	0	1			0		other	0
761	1139	Nothing	19	18071204	0	1			0		other	0
761	1140	Nothing	51	18109705	0	1			0		other	0
761	1141	Sound	0	18110718	0	2			0		other	0
761	1142	Nothing	77	18130732	0	1			0		other	0
761	1143	Nothing	19	18163631	0	1			0		other	0
761	1144	Nothing	51	18180314	0	1			0		other	0
761	1145	Sound	0	18181328	0	2			0		other	0
761	1146	Nothing	77	18201343	0	1			0		other	0
761	1147	Nothing	19	18234261	0	1			0		other	0
761	1148	Nothing	51	18261505	0	1			0		other	0
761	1149	Sound	0	18262517	0	2			0		other	0
761	1150	Nothing	77	18282532	0	1			0		other	0
761	1151	Nothing	19	18315434	0	1			0		other	0
761	1153	Nothing	51	18357535	0	1			0		other	0
761	1154	Sound	0	18358548	0	1			0		other	0
761	1155	Nothing	77	18378563	0	1			0		other	0
761	1156	Nothing	19	18411466	0	1			0		other	0
761	1157	Nothing	51	18461469	0	1			0		other	0
761	1158	Sound	0	18462481	0	2			0		other	0
761	1159	Nothing	77	18482497	0	1			0		other	0
761	1160	Nothing	19	18515397	0	1			0		other	0
761	1161	Nothing	52	18529404	0	1			0		other	0
761	1162	Sound	0	18530416	0	2			0		other	0
761	1163	Nothing	77	18550431	0	1			0		other	0
761	1164	Nothing	19	18583366	0	1			0		other	0
761	1165	Nothing	52	18617038	0	1			0		other	0
761	1166	Sound	0	18618051	0	2			0		other	0
761	1167	Nothing	77	18638068	0	1			0		other	0
761	1168	Nothing	19	18670966	0	1			0		other	0
761	1169	Nothing	51	18706414	0	1			0		other	0
761	1170	Sound	0	18707426	0	2			0		other	0
761	1171	Nothing	77	18727437	0	1			0		other	0
761	1172	Nothing	19	18760347	0	1			0		other	0
761	1174	Nothing	51	18789949	0	1			0		other	0
761	1175	Sound	0	18790960	0	3			0		other	0
761	1176	Nothing	77	18810975	0	1			0		other	0
761	1177	Nothing	19	18843857	0	1			0		other	0
761	1178	Nothing	52	18872584	0	1			0		other	0
761	1179	Sound	0	18873596	0	2			0		other	0
761	1180	Nothing	77	18893611	0	1			0		other	0
761	1181	Nothing	19	18926478	0	1			0		other	0
761	1182	Nothing	51	18966755	0	1			0		other	0
761	1183	Sound	0	18967769	0	2			0		other	0
761	1184	Nothing	77	18987784	0	1			0		other	0
761	1185	Nothing	19	19020671	0	1			0		other	0
761	1186	Nothing	51	19032905	0	1			0		other	0
761	1187	Sound	0	19033918	0	2			0		other	0
761	1188	Nothing	77	19053935	0	1			0		other	0
761	1189	Nothing	19	19086952	0	1			0		other	0
761	1190	Nothing	52	19108899	0	1			0		other	0
761	1191	Sound	0	19109911	0	2			0		other	0
761	1192	Nothing	77	19129927	0	1			0		other	0
761	1193	Nothing	19	19162853	0	1			0		other	0
761	1195	Nothing	52	19199751	0	1			0		other	0
761	1196	Sound	0	19200763	0	2			0		other	0
761	1197	Nothing	77	19220776	0	1			0		other	0
761	1198	Nothing	19	19253687	0	1			0		other	0
761	1199	Nothing	51	19277364	0	1			0		other	0
761	1200	Sound	0	19278377	0	2			0		other	0
761	1201	Nothing	77	19298393	0	1			0		other	0
761	1202	Nothing	19	19331294	0	1			0		other	0
761	1203	Nothing	51	19363477	0	1			0		other	0
761	1204	Sound	0	19364490	0	3			0		other	0
761	1205	Nothing	77	19384505	0	1			0		other	0
761	1206	Nothing	19	19417420	0	1			0		other	0
761	1207	Nothing	51	19455112	0	1			0		other	0
761	1208	Sound	0	19456126	0	2			0		other	0
761	1209	Nothing	77	19476139	0	1			0		other	0
761	1210	Nothing	19	19509045	0	1			0		other	0
761	1211	Nothing	51	19549139	0	1			0		other	0
761	1212	Sound	0	19550151	0	3			0		other	0
761	1213	Nothing	77	19570166	0	1			0		other	0
761	1214	Nothing	19	19603066	0	1			0		other	0
761	1216	Nothing	52	19614555	0	1			0		other	0
761	1217	Sound	0	19615569	0	2			0		other	0
761	1218	Nothing	77	19635586	0	1			0		other	0
761	1219	Nothing	19	19668477	0	1			0		other	0
761	1220	Nothing	51	19703974	0	1			0		other	0
761	1221	Sound	0	19704988	0	3			0		other	0
761	1222	Nothing	77	19725004	0	1			0		other	0
761	1223	Nothing	19	19757803	0	1			0		other	0
761	1224	Nothing	52	19802271	0	1			0		other	0
761	1225	Sound	0	19803283	0	3			0		other	0
761	1226	Nothing	77	19823298	0	1			0		other	0
761	1226	Quit		19828169	4871
