Scenario - phase2_matchingPennies_algorithm1
Logfile written - 12/02/2019 11:12:43

Subject	Trial	Event Type	Code	Time	TTime	Uncertainty	Duration	Uncertainty	ReqTime	ReqDur	Stim Type	Pair Index

872	0	Manual	12/02/2019 10:39:14	10094	10094	NA
872	1	Nothing	51	1312094	0	0			0		other	0
872	1	Response	2	1315821	3728	5
872	2	Nothing	100	1315861	0	1			0		false_alarm	5
872	2	Response	2	1316969	1107	8
872	2	Response	2	1322724	6863	7
872	2	Response	2	1323982	8120	5
872	2	Response	2	1325491	9629	9
872	2	Response	2	1327002	11141	7
872	3	Nothing	19	1346209	0	1			0		other	0
872	4	Nothing	51	1363333	0	1			0		other	0
872	4	Response	3	1375064	11731	5
872	5	Nothing	101	1375100	0	1			0		other	0
872	6	Nothing	19	1405355	0	1			0		other	0
872	7	Nothing	52	1426125	0	1			0		other	0
872	8	Nothing	77	1446137	0	0			0		other	0
872	9	Nothing	19	1476451	0	1			0		other	0
872	10	Nothing	52	1522468	0	1			0		other	0
872	10	Response	2	1527739	5271	10
872	11	Nothing	110	1527781	0	1			0		other	0
872	12	Nothing	19	1558108	0	1			0		other	0
872	14	Nothing	52	1587515	0	1			0		other	0
872	15	Nothing	77	1607524	0	1			0		other	0
872	16	Nothing	19	1637824	0	1			0		other	0
872	17	Nothing	52	1672314	0	1			0		other	0
872	18	Nothing	77	1692324	0	1			0		other	0
872	19	Nothing	19	1722524	0	1			0		other	0
872	20	Nothing	51	1746709	0	1			0		other	0
872	21	Nothing	77	1766719	0	1			0		other	0
872	22	Nothing	19	1796914	0	0			0		other	0
872	23	Nothing	52	1832656	0	1			0		other	0
872	24	Nothing	77	1852675	0	1			0		other	0
872	25	Nothing	19	1882881	0	1			0		other	0
872	26	Nothing	52	1925671	0	1			0		other	0
872	26	Response	2	1928573	2901	7
872	27	Nothing	110	1928605	0	1			0		other	0
872	28	Nothing	19	1958989	0	1			0		other	0
872	30	Nothing	51	1976845	0	1			0		other	0
872	30	Response	2	1979347	2502	5
872	31	Nothing	100	1979392	0	1			0		false_alarm	41
872	31	Response	2	1981083	1691	17
872	31	Response	2	1982390	2998	6
872	31	Response	2	1983870	4478	6
872	31	Response	2	1985516	6123	7
872	32	Nothing	19	2010439	0	1			0		other	0
872	33	Nothing	52	2025579	0	1			0		other	0
872	34	Nothing	77	2045588	0	1			0		other	0
872	35	Nothing	19	2075900	0	0			0		other	0
872	36	Nothing	52	2112972	0	1			0		other	0
872	37	Nothing	77	2132986	0	1			0		other	0
872	38	Nothing	19	2163163	0	1			0		other	0
872	39	Nothing	52	2208539	0	1			0		other	0
872	39	Response	2	2210859	2320	6
872	40	Nothing	110	2210890	0	0			0		false_alarm	55
872	40	Response	2	2212122	1232	5
872	41	Nothing	19	2245503	0	1			0		other	0
872	42	Nothing	52	2257581	0	1			0		other	0
872	42	Response	2	2260450	2869	8
872	42	Response	2	2260461	2880	5
872	43	Nothing	110	2260490	0	1			0		other	0
872	44	Nothing	19	2295142	0	1			0		other	0
872	46	Nothing	51	2306840	0	1			0		other	0
872	46	Response	2	2309098	2258	6
872	47	Nothing	100	2309146	0	1			0		false_alarm	65
872	47	Response	2	2310474	1328	8
872	47	Response	2	2311787	2641	5
872	47	Response	2	2313198	4052	10
872	47	Response	2	2314606	5460	15
872	48	Nothing	19	2343627	0	1			0		other	0
872	49	Nothing	52	2361796	0	0			0		other	0
872	49	Response	2	2364387	2591	10
872	50	Nothing	110	2364426	0	1			0		other	0
872	51	Nothing	19	2398847	0	1			0		other	0
872	52	Nothing	52	2432749	0	1			0		other	0
872	53	Nothing	77	2452759	0	0			0		other	0
872	54	Nothing	19	2486602	0	0			0		other	0
872	55	Nothing	52	2528944	0	0			0		other	0
872	55	Response	2	2530987	2044	25
872	56	Nothing	110	2531037	0	1			0		other	0
872	57	Nothing	19	2565676	0	0			0		other	0
872	58	Nothing	52	2592538	0	1			0		other	0
872	59	Nothing	77	2612553	0	1			0		other	0
872	60	Nothing	19	2646195	0	1			0		other	0
872	62	Nothing	52	2694839	0	0			0		other	0
872	62	Response	2	2697102	2263	16
872	63	Nothing	110	2697145	0	1			0		other	0
872	64	Nothing	19	2731958	0	1			0		other	0
872	65	Nothing	52	2766617	0	1			0		other	0
872	65	Response	2	2768920	2303	6
872	66	Nothing	110	2768966	0	1			0		other	0
872	67	Nothing	19	2803676	0	1			0		other	0
872	67	Response	3	2803703	27	6
872	67	Response	3	2808723	5047	5
872	67	Response	3	2813567	9892	6
872	67	Response	3	2817681	14005	6
872	67	Response	3	2820401	16725	5
872	68	Nothing	19	2821146	0	1			0		other	0
872	68	Response	3	2825605	4459	5
872	69	Nothing	19	2832038	0	1			0		other	0
872	69	Response	3	2832089	51	10
872	69	Response	3	2838906	6868	4
872	69	Response	3	2844250	12213	6
872	69	Response	3	2851336	19298	5
872	69	Response	3	2859898	27861	5
872	69	Response	3	2863915	31878	6
872	69	Response	3	2865148	33110	5
872	69	Response	3	2869588	37551	5
872	69	Response	3	2872304	40266	18
872	69	Response	3	2873764	41726	9
872	69	Response	3	2875363	43326	8
872	69	Response	3	2876796	44758	5
872	69	Response	3	2878233	46196	5
872	70	Nothing	19	2879138	0	1			0		other	0
872	70	Response	3	2879712	574	6
872	70	Response	3	2881206	2068	9
872	70	Response	3	2882726	3588	8
872	71	Nothing	19	2924672	0	1			0		other	0
872	72	Nothing	52	2956648	0	1			0		other	0
872	72	Response	3	2963179	6532	6
872	72	Response	3	2963185	6537	5
872	73	Nothing	111	2963221	0	1			0		false_alarm	122
872	73	Response	3	2969197	5976	6
872	73	Response	3	2975005	11785	8
872	73	Response	3	2976530	13309	7
872	73	Response	3	2977834	14613	8
872	73	Response	3	2979141	15920	4
872	73	Response	3	2979145	15924	10
872	74	Nothing	19	2997955	0	1			0		other	0
872	75	Nothing	52	3024717	0	1			0		other	0
872	76	Nothing	77	3044726	0	1			0		other	0
872	77	Nothing	19	3078653	0	1			0		other	0
872	78	Nothing	52	3127470	0	1			0		other	0
872	79	Nothing	77	3147482	0	1			0		other	0
872	80	Nothing	19	3181214	0	1			0		other	0
872	82	Nothing	52	3195465	0	0			0		other	0
872	83	Nothing	77	3215475	0	1			0		other	0
872	84	Nothing	19	3249002	0	1			0		other	0
872	85	Nothing	52	3287010	0	1			0		other	0
872	86	Nothing	77	3307022	0	1			0		other	0
872	87	Nothing	19	3340910	0	0			0		other	0
872	88	Nothing	52	3352655	0	1			0		other	0
872	89	Nothing	77	3372666	0	1			0		other	0
872	90	Nothing	19	3406479	0	0			0		other	0
872	91	Nothing	52	3418150	0	1			0		other	0
872	92	Nothing	77	3438157	0	0			0		other	0
872	93	Nothing	19	3471808	0	1			0		other	0
872	94	Nothing	52	3499343	0	1			0		other	0
872	94	Response	2	3503644	4301	9
872	95	Nothing	110	3503676	0	1			0		other	0
872	96	Nothing	19	3538420	0	1			0		other	0
872	98	Nothing	52	3556104	0	1			0		other	0
872	98	Response	2	3558557	2453	6
872	99	Nothing	110	3558589	0	1			0		other	0
872	100	Nothing	19	3593389	0	1			0		other	0
872	101	Nothing	52	3613020	0	0			0		other	0
872	101	Response	2	3615729	2709	8
872	102	Nothing	110	3615763	0	1			0		other	0
872	103	Nothing	19	3650234	0	1			0		other	0
872	104	Nothing	52	3693603	0	1			0		other	0
872	105	Nothing	77	3713611	0	1			0		other	0
872	106	Nothing	19	3747382	0	1			0		other	0
872	107	Nothing	52	3761285	0	1			0		other	0
872	107	Response	2	3763331	2046	6
872	108	Nothing	110	3763364	0	1			0		other	0
872	109	Nothing	19	3798379	0	1			0		other	0
872	110	Nothing	52	3811345	0	1			0		other	0
872	110	Response	2	3813150	1805	5
872	111	Nothing	110	3813183	0	0			0		false_alarm	169
872	111	Response	2	3814660	1477	6
872	112	Nothing	19	3847665	0	1			0		other	0
872	114	Nothing	52	3888197	0	1			0		other	0
872	115	Nothing	77	3908218	0	1			0		other	0
872	116	Nothing	19	3942161	0	1			0		other	0
872	117	Nothing	52	3955616	0	0			0		other	0
872	117	Response	3	3963194	7578	6
872	118	Nothing	111	3963247	0	1			0		false_alarm	177
872	118	Response	3	3964443	1196	8
872	118	Response	3	3967874	4627	6
872	118	Response	3	3969209	5962	5
872	118	Response	3	3970966	7719	5
872	118	Response	3	3974128	10881	5
872	118	Response	3	3976763	13516	5
872	118	Response	3	3978159	14912	6
872	118	Response	3	3979334	16087	10
872	118	Response	3	3980679	17431	5
872	118	Response	3	3982138	18891	7
872	118	Response	3	3983435	20187	6
872	118	Response	3	3985907	22660	5
872	118	Response	3	3987375	24127	10
872	118	Response	3	3991180	27933	5
872	118	Response	3	3992585	29338	6
872	118	Response	3	3993907	30660	6
872	118	Response	3	3995341	32094	8
872	118	Response	3	3996741	33494	18
872	118	Response	3	3998158	34910	80
872	119	Nothing	19	3998336	0	0			0		other	0
872	120	Nothing	52	4013549	0	1			0		other	0
872	121	Nothing	77	4033559	0	1			0		other	0
872	122	Nothing	19	4067095	0	1			0		other	0
872	123	Nothing	52	4094555	0	1			0		other	0
872	123	Response	3	4099001	4446	17
872	124	Nothing	111	4099058	0	1			0		false_alarm	203
872	124	Response	3	4103391	4333	5
872	124	Response	3	4107812	8754	5
872	124	Response	3	4109039	9980	10
872	124	Response	3	4110270	11212	8
872	124	Response	3	4111631	12573	7
872	125	Nothing	19	4133811	0	1			0		other	0
872	126	Nothing	51	4151796	0	1			0		other	0
872	126	Response	3	4154626	2829	7
872	127	Nothing	101	4154668	0	0			0		false_alarm	212
872	127	Response	3	4161270	6602	9
872	128	Nothing	19	4189408	0	1			0		other	0
872	130	Nothing	52	4204934	0	1			0		other	0
872	130	Response	2	4207377	2443	6
872	131	Nothing	110	4207407	0	1			0		false_alarm	217
872	131	Response	2	4207850	442	5
872	131	Response	2	4208922	1515	6
872	132	Nothing	19	4242237	0	1			0		other	0
872	133	Nothing	52	4271751	0	1			0		other	0
872	133	Response	3	4277769	6018	5
872	134	Nothing	111	4277810	0	1			0		false_alarm	223
872	134	Response	3	4279601	1791	6
872	134	Response	3	4281855	4045	8
872	134	Response	3	4283132	5322	7
872	134	Response	3	4284495	6685	6
872	134	Response	3	4285937	8127	16
872	134	Response	3	4287325	9516	6
872	135	Nothing	19	4312470	0	1			0		other	0
872	136	Nothing	52	4323147	0	0			0		other	0
872	137	Nothing	77	4343159	0	1			0		other	0
872	138	Nothing	19	4377053	0	1			0		other	0
872	139	Nothing	51	4390226	0	1			0		other	0
872	139	Response	3	4394166	3941	8
872	140	Nothing	101	4394200	0	0			0		other	0
872	141	Nothing	19	4428976	0	1			0		other	0
872	142	Nothing	51	4442651	0	1			0		other	0
872	142	Response	3	4449477	6826	9
872	143	Nothing	101	4449508	0	1			0		other	0
872	144	Nothing	19	4484106	0	1			0		other	0
872	146	Nothing	51	4506060	0	1			0		other	0
872	146	Response	3	4513808	7748	6
872	147	Nothing	101	4513843	0	1			0		other	0
872	148	Nothing	19	4548125	0	1			0		other	0
872	149	Nothing	52	4558506	0	1			0		other	0
872	150	Nothing	77	4578514	0	1			0		other	0
872	151	Nothing	19	4612390	0	1			0		other	0
872	152	Nothing	51	4646211	0	1			0		other	0
872	152	Response	2	4648168	1957	9
872	153	Nothing	100	4648211	0	1			0		false_alarm	251
872	153	Response	2	4652597	4386	10
872	153	Response	2	4655695	7484	5
872	153	Response	2	4657134	8923	5
872	153	Response	2	4658634	10422	5
872	154	Nothing	19	4683059	0	1			0		other	0
872	155	Nothing	52	4699923	0	1			0		other	0
872	155	Response	2	4701718	1794	11
872	156	Nothing	110	4701766	0	1			0		other	0
872	157	Nothing	19	4736416	0	1			0		other	0
872	158	Nothing	52	4760949	0	1			0		other	0
872	158	Response	3	4771085	10135	6
872	159	Nothing	111	4771136	0	1			0		false_alarm	263
872	159	Response	3	4773668	2532	10
872	159	Response	3	4777669	6533	9
872	159	Response	3	4780470	9334	10
872	160	Nothing	19	4805567	0	1			0		other	0
872	162	Nothing	51	4835328	0	0			0		other	0
872	163	Nothing	77	4855339	0	1			0		other	0
872	164	Nothing	19	4889076	0	1			0		other	0
872	165	Nothing	51	4935915	0	1			0		other	0
872	165	Response	2	4938058	2142	6
872	166	Nothing	100	4938098	0	1			0		false_alarm	273
872	166	Response	2	4939737	1638	6
872	166	Response	2	4941102	3004	4
872	166	Response	2	4942597	4499	5
872	167	Nothing	19	4972619	0	1			0		other	0
872	168	Nothing	52	4985401	0	1			0		other	0
872	168	Response	2	4987688	2287	5
872	169	Nothing	110	4987716	0	0			0		other	0
872	170	Nothing	19	5022423	0	1			0		other	0
872	171	Nothing	52	5041679	0	1			0		other	0
872	172	Nothing	77	5061692	0	1			0		other	0
872	173	Nothing	19	5095250	0	1			0		other	0
872	174	Nothing	52	5106388	0	1			0		other	0
872	175	Nothing	77	5126406	0	1			0		other	0
872	176	Nothing	19	5160026	0	1			0		other	0
872	178	Nothing	52	5209109	0	1			0		other	0
872	178	Response	2	5211321	2212	7
872	179	Nothing	110	5211357	0	1			0		other	0
872	180	Nothing	19	5246098	0	1			0		other	0
872	181	Nothing	52	5280962	0	1			0		other	0
872	182	Nothing	77	5300972	0	1			0		other	0
872	183	Nothing	19	5334771	0	1			0		other	0
872	184	Nothing	52	5382027	0	1			0		other	0
872	184	Response	2	5384598	2571	6
872	185	Nothing	110	5384626	0	1			0		other	0
872	186	Nothing	19	5419285	0	1			0		other	0
872	187	Nothing	51	5465940	0	1			0		other	0
872	188	Nothing	77	5485952	0	1			0		other	0
872	189	Nothing	19	5519781	0	1			0		other	0
872	190	Nothing	52	5545386	0	1			0		other	0
872	191	Nothing	77	5565394	0	0			0		other	0
872	192	Nothing	19	5598883	0	1			0		other	0
872	194	Nothing	52	5614697	0	1			0		other	0
872	195	Nothing	77	5634709	0	0			0		other	0
872	196	Nothing	19	5668536	0	1			0		other	0
872	197	Nothing	52	5697973	0	1			0		other	0
872	198	Nothing	77	5717981	0	1			0		other	0
872	199	Nothing	19	5751922	0	1			0		other	0
872	200	Nothing	52	5776089	0	1			0		other	0
872	201	Nothing	77	5796102	0	1			0		other	0
872	202	Nothing	19	5829943	0	1			0		other	0
872	203	Nothing	52	5840505	0	1			0		other	0
872	204	Nothing	77	5860514	0	1			0		other	0
872	205	Nothing	19	5894419	0	1			0		other	0
872	206	Nothing	52	5935278	0	1			0		other	0
872	207	Nothing	77	5955287	0	1			0		other	0
872	208	Nothing	19	5989149	0	1			0		other	0
872	210	Nothing	52	6000094	0	1			0		other	0
872	210	Response	2	6003020	2926	6
872	211	Nothing	110	6003063	0	1			0		false_alarm	322
872	211	Response	2	6008300	5237	6
872	211	Response	2	6013669	10606	5
872	212	Nothing	19	6037882	0	1			0		other	0
872	213	Nothing	52	6054918	0	1			0		other	0
872	213	Response	2	6057383	2465	7
872	214	Nothing	110	6057417	0	1			0		false_alarm	328
872	214	Response	2	6058641	1224	5
872	214	Response	2	6062925	5508	8
872	215	Nothing	19	6092151	0	1			0		other	0
872	216	Nothing	52	6122054	0	1			0		other	0
872	217	Nothing	77	6142063	0	1			0		other	0
872	218	Nothing	19	6175835	0	1			0		other	0
872	219	Nothing	52	6219431	0	1			0		other	0
872	220	Nothing	77	6239444	0	1			0		other	0
872	221	Nothing	19	6273087	0	1			0		other	0
872	222	Nothing	52	6322389	0	1			0		other	0
872	223	Nothing	77	6342400	0	1			0		other	0
872	224	Nothing	19	6376425	0	1			0		other	0
872	226	Nothing	52	6387683	0	1			0		other	0
872	227	Nothing	77	6407696	0	1			0		other	0
872	228	Nothing	19	6441470	0	1			0		other	0
872	229	Nothing	52	6459860	0	1			0		other	0
872	230	Nothing	77	6479884	0	1			0		other	0
872	231	Nothing	19	6513720	0	1			0		other	0
872	232	Nothing	52	6561592	0	1			0		other	0
872	232	Response	2	6564934	3342	5
872	232	Response	2	6564939	3347	5
872	233	Nothing	110	6564974	0	1			0		other	0
872	234	Nothing	19	6599813	0	1			0		other	0
872	235	Nothing	52	6635813	0	1			0		other	0
872	236	Nothing	77	6655824	0	1			0		other	0
872	237	Nothing	19	6689674	0	1			0		other	0
872	238	Nothing	52	6710673	0	1			0		other	0
872	238	Response	2	6714806	4133	9
872	239	Nothing	110	6714851	0	1			0		other	0
872	240	Nothing	19	6749778	0	1			0		other	0
872	242	Nothing	52	6779815	0	0			0		other	0
872	242	Response	2	6782982	3167	5
872	243	Nothing	110	6783017	0	1			0		other	0
872	244	Nothing	19	6817742	0	1			0		other	0
872	245	Nothing	52	6863171	0	1			0		other	0
872	246	Nothing	77	6883184	0	1			0		other	0
872	247	Nothing	19	6917033	0	1			0		other	0
872	248	Nothing	52	6959544	0	1			0		other	0
872	248	Response	2	6962692	3148	6
872	249	Nothing	110	6962724	0	1			0		other	0
872	250	Nothing	19	6997544	0	1			0		other	0
872	251	Nothing	52	7043625	0	1			0		other	0
872	251	Response	2	7046397	2773	6
872	252	Nothing	110	7046432	0	1			0		other	0
872	253	Nothing	19	7081096	0	1			0		other	0
872	254	Nothing	52	7096096	0	1			0		other	0
872	254	Response	2	7098039	1942	7
872	255	Nothing	110	7098071	0	1			0		other	0
872	256	Nothing	19	7132283	0	1			0		other	0
872	258	Nothing	52	7153276	0	1			0		other	0
872	258	Response	2	7156243	2967	7
872	259	Nothing	110	7156275	0	1			0		other	0
872	260	Nothing	19	7190784	0	1			0		other	0
872	261	Nothing	52	7219238	0	1			0		other	0
872	261	Response	2	7221133	1895	5
872	262	Nothing	110	7221161	0	1			0		other	0
872	263	Nothing	19	7255863	0	1			0		other	0
872	264	Nothing	52	7280931	0	1			0		other	0
872	264	Response	2	7285925	4994	5
872	265	Nothing	110	7285962	0	1			0		other	0
872	266	Nothing	19	7320556	0	1			0		other	0
872	267	Nothing	52	7342139	0	1			0		other	0
872	267	Response	2	7345516	3377	7
872	268	Nothing	110	7345548	0	1			0		other	0
872	269	Nothing	19	7380125	0	1			0		other	0
872	270	Nothing	52	7392508	0	1			0		other	0
872	270	Response	2	7395494	2986	7
872	271	Nothing	110	7395535	0	1			0		other	0
872	272	Nothing	19	7430139	0	1			0		other	0
872	274	Nothing	51	7442211	0	1			0		other	0
872	274	Response	2	7445535	3324	9
872	275	Nothing	100	7445581	0	1			0		false_alarm	400
872	275	Response	2	7448648	3067	7
872	275	Response	2	7451747	6166	9
872	275	Response	2	7453172	7591	5
872	275	Response	2	7454712	9131	7
872	276	Nothing	19	7480288	0	1			0		other	0
872	277	Nothing	52	7529961	0	1			0		other	0
872	277	Response	3	7539783	9822	9
872	278	Nothing	111	7539840	0	1			0		false_alarm	408
872	278	Response	3	7541104	1264	19
872	278	Response	3	7543656	3816	5
872	278	Response	3	7544923	5084	7
872	278	Response	3	7546547	6707	6
872	278	Response	3	7547921	8081	5
872	278	Response	3	7549432	9592	8
872	279	Nothing	19	7574621	0	1			0		other	0
872	280	Nothing	52	7592914	0	1			0		other	0
872	280	Response	3	7595677	2763	7
872	281	Nothing	111	7595719	0	1			0		false_alarm	418
872	281	Response	3	7604634	8916	6
872	281	Response	3	7608868	13149	6
872	281	Response	3	7610180	14461	7
872	281	Response	3	7610187	14468	6
872	281	Response	3	7611635	15917	9
872	281	Response	3	7612952	17234	5
872	282	Nothing	19	7630236	0	1			0		other	0
872	283	Nothing	52	7655446	0	1			0		other	0
872	284	Nothing	77	7675456	0	1			0		other	0
872	285	Nothing	19	7709194	0	1			0		other	0
872	286	Nothing	52	7740577	0	1			0		other	0
872	286	Response	3	7752272	11694	8
872	287	Nothing	111	7752313	0	0			0		false_alarm	431
872	287	Response	3	7755042	2729	24
872	287	Response	3	7756423	4110	10
872	287	Response	3	7757738	5425	9
872	287	Response	3	7759178	6865	9
872	287	Response	3	7760592	8280	8
872	288	Nothing	19	7787211	0	1			0		other	0
872	290	Nothing	51	7827221	0	1			0		other	0
872	291	Nothing	77	7847230	0	1			0		other	0
872	292	Nothing	19	7880984	0	1			0		other	0
872	293	Nothing	52	7893366	0	1			0		other	0
872	294	Nothing	77	7913374	0	1			0		other	0
872	295	Nothing	19	7947118	0	1			0		other	0
872	296	Nothing	52	7959680	0	1			0		other	0
872	297	Nothing	77	7979689	0	1			0		other	0
872	298	Nothing	19	8013303	0	1			0		other	0
872	299	Nothing	52	8034691	0	1			0		other	0
872	300	Nothing	77	8054701	0	1			0		other	0
872	301	Nothing	19	8088347	0	1			0		other	0
872	302	Nothing	52	8103672	0	1			0		other	0
872	302	Response	2	8108651	4979	9
872	303	Nothing	110	8108694	0	1			0		other	0
872	304	Nothing	19	8143494	0	1			0		other	0
872	306	Nothing	52	8168538	0	1			0		other	0
872	307	Nothing	77	8188550	0	1			0		other	0
872	308	Nothing	19	8222458	0	1			0		other	0
872	309	Nothing	51	8267088	0	1			0		other	0
872	310	Nothing	77	8287097	0	1			0		other	0
872	311	Nothing	19	8320800	0	1			0		other	0
872	312	Nothing	51	8331261	0	1			0		other	0
872	312	Response	2	8333846	2586	10
872	313	Nothing	100	8333897	0	1			0		false_alarm	462
872	313	Response	2	8336288	2391	6
872	313	Response	2	8337860	3964	6
872	313	Response	2	8338951	5054	9
872	313	Response	2	8340334	6437	6
872	313	Response	2	8341773	7877	6
872	314	Nothing	19	8368984	0	1			0		other	0
872	315	Nothing	52	8399298	0	1			0		other	0
872	316	Nothing	77	8419307	0	1			0		other	0
872	317	Nothing	19	8453287	0	1			0		other	0
872	318	Nothing	52	8501327	0	1			0		other	0
872	318	Response	2	8503674	2347	5
872	319	Nothing	110	8503715	0	1			0		false_alarm	474
872	319	Response	2	8505127	1411	8
872	319	Response	2	8510444	6728	7
872	320	Nothing	19	8538682	0	1			0		other	0
872	322	Nothing	52	8555837	0	1			0		other	0
872	323	Nothing	77	8575847	0	1			0		other	0
872	324	Nothing	19	8609652	0	1			0		other	0
872	325	Nothing	51	8648098	0	1			0		other	0
872	326	Nothing	77	8668106	0	1			0		other	0
872	327	Nothing	19	8701887	0	1			0		other	0
872	328	Nothing	52	8726295	0	1			0		other	0
872	328	Response	2	8728730	2434	5
872	328	Response	2	8728734	2439	5
872	329	Nothing	110	8728761	0	1			0		other	0
872	330	Nothing	19	8763873	0	1			0		other	0
872	331	Nothing	52	8777237	0	1			0		other	0
872	331	Response	2	8779641	2404	6
872	332	Nothing	110	8779680	0	1			0		other	0
872	333	Nothing	19	8814243	0	1			0		other	0
872	334	Nothing	52	8841261	0	1			0		other	0
872	335	Nothing	77	8861270	0	1			0		other	0
872	336	Nothing	19	8895193	0	1			0		other	0
872	338	Nothing	52	8935731	0	1			0		other	0
872	339	Nothing	77	8955740	0	1			0		other	0
872	340	Nothing	19	8989567	0	1			0		other	0
872	341	Nothing	52	9020633	0	1			0		other	0
872	341	Response	2	9023333	2701	10
872	342	Nothing	110	9023388	0	1			0		false_alarm	501
872	342	Response	2	9024503	1115	6
872	343	Nothing	19	9058145	0	1			0		other	0
872	344	Nothing	52	9080572	0	1			0		other	0
872	344	Response	2	9083632	3060	6
872	345	Nothing	110	9083665	0	1			0		other	0
872	346	Nothing	19	9118600	0	1			0		other	0
872	347	Nothing	52	9151040	0	1			0		other	0
872	347	Response	2	9153966	2926	5
872	348	Nothing	110	9153995	0	1			0		other	0
872	349	Nothing	19	9188613	0	1			0		other	0
872	350	Nothing	52	9230780	0	1			0		other	0
872	351	Nothing	77	9250789	0	1			0		other	0
872	352	Nothing	19	9284767	0	1			0		other	0
872	354	Nothing	52	9303604	0	1			0		other	0
872	355	Nothing	77	9323616	0	1			0		other	0
872	356	Nothing	19	9357284	0	1			0		other	0
872	357	Nothing	52	9387069	0	1			0		other	0
872	357	Response	2	9389013	1945	5
872	358	Nothing	110	9389048	0	1			0		false_alarm	520
872	358	Response	2	9391026	1977	6
872	359	Nothing	19	9424032	0	1			0		other	0
872	360	Nothing	52	9454701	0	1			0		other	0
872	360	Response	2	9457798	3097	5
872	361	Nothing	110	9457831	0	1			0		other	0
872	362	Nothing	19	9492290	0	1			0		other	0
872	363	Nothing	52	9505613	0	1			0		other	0
872	363	Response	2	9508691	3078	6
872	364	Nothing	110	9508719	0	1			0		other	0
872	365	Nothing	19	9543181	0	1			0		other	0
872	366	Nothing	52	9563075	0	1			0		other	0
872	366	Response	2	9566407	3332	6
872	367	Nothing	110	9566444	0	1			0		other	0
872	368	Nothing	19	9601073	0	1			0		other	0
872	370	Nothing	52	9620476	0	1			0		other	0
872	370	Response	2	9622399	1923	6
872	371	Nothing	110	9622429	0	1			0		other	0
872	372	Nothing	19	9656959	0	1			0		other	0
872	373	Nothing	52	9688228	0	1			0		other	0
872	373	Response	2	9691056	2829	9
872	374	Nothing	110	9691089	0	1			0		other	0
872	375	Nothing	19	9725592	0	1			0		other	0
872	376	Nothing	52	9745156	0	1			0		other	0
872	376	Response	2	9748234	3078	8
872	377	Nothing	110	9748270	0	1			0		other	0
872	378	Nothing	19	9783108	0	1			0		other	0
872	379	Nothing	52	9801659	0	1			0		other	0
872	379	Response	2	9804112	2453	5
872	379	Response	2	9804117	2459	5
872	380	Nothing	110	9804141	0	1			0		other	0
872	381	Nothing	19	9838924	0	1			0		other	0
872	382	Nothing	52	9857127	0	1			0		other	0
872	382	Response	2	9859250	2122	17
872	382	Response	2	9859266	2139	8
872	383	Nothing	110	9859294	0	1			0		other	0
872	384	Nothing	19	9894046	0	1			0		other	0
872	386	Nothing	52	9912549	0	1			0		other	0
872	386	Response	2	9915325	2776	6
872	386	Response	2	9915331	2782	6
872	387	Nothing	110	9915357	0	1			0		false_alarm	560
872	387	Response	2	9917057	1700	7
872	388	Nothing	19	9950126	0	1			0		other	0
872	389	Nothing	52	9996857	0	1			0		other	0
872	389	Response	2	9999884	3027	7
872	390	Nothing	110	9999926	0	1			0		other	0
872	391	Nothing	19	10034765	0	1			0		other	0
872	392	Nothing	52	10070268	0	1			0		other	0
872	392	Response	2	10072777	2510	7
872	393	Nothing	110	10072809	0	1			0		other	0
872	394	Nothing	19	10107875	0	1			0		other	0
872	395	Nothing	52	10135129	0	1			0		other	0
872	396	Nothing	77	10155143	0	1			0		other	0
872	397	Nothing	19	10189174	0	1			0		other	0
872	398	Nothing	52	10206925	0	1			0		other	0
872	399	Nothing	77	10226935	0	1			0		other	0
872	400	Nothing	19	10260725	0	1			0		other	0
872	402	Nothing	52	10304002	0	1			0		other	0
872	403	Nothing	77	10324014	0	1			0		other	0
872	404	Nothing	19	10357774	0	1			0		other	0
872	405	Nothing	52	10369388	0	1			0		other	0
872	406	Nothing	77	10389398	0	1			0		other	0
872	407	Nothing	19	10423323	0	1			0		other	0
872	408	Nothing	52	10439653	0	1			0		other	0
872	408	Response	2	10442475	2822	19
872	409	Nothing	110	10442527	0	1			0		other	0
872	410	Nothing	19	10477458	0	1			0		other	0
872	411	Nothing	52	10490403	0	1			0		other	0
872	411	Response	2	10493306	2903	9
872	412	Nothing	110	10493338	0	1			0		other	0
872	413	Nothing	19	10528113	0	1			0		other	0
872	414	Nothing	51	10551792	0	1			0		other	0
872	415	Nothing	77	10571806	0	1			0		other	0
872	416	Nothing	19	10605581	0	1			0		other	0
872	418	Nothing	52	10637068	0	1			0		other	0
872	419	Nothing	77	10657077	0	1			0		other	0
872	420	Nothing	19	10690860	0	1			0		other	0
872	421	Nothing	52	10734265	0	1			0		other	0
872	421	Response	2	10737418	3153	8
872	422	Nothing	110	10737464	0	1			0		other	0
872	423	Nothing	19	10772568	0	0			0		other	0
872	424	Nothing	52	10801817	0	1			0		other	0
872	425	Nothing	77	10821828	0	1			0		other	0
872	426	Nothing	19	10855898	0	1			0		other	0
872	427	Nothing	52	10874151	0	1			0		other	0
872	428	Nothing	77	10894163	0	1			0		other	0
872	429	Nothing	19	10927762	0	1			0		other	0
872	430	Nothing	52	10938322	0	1			0		other	0
872	431	Nothing	77	10958358	0	1			0		other	0
872	432	Nothing	19	10992346	0	1			0		other	0
872	434	Nothing	52	11003217	0	1			0		other	0
872	435	Nothing	77	11023230	0	1			0		other	0
872	436	Nothing	19	11057025	0	1			0		other	0
872	437	Nothing	52	11086059	0	1			0		other	0
872	438	Nothing	77	11106082	0	1			0		other	0
872	439	Nothing	19	11139815	0	1			0		other	0
872	440	Nothing	52	11188291	0	0			0		other	0
872	441	Nothing	77	11208311	0	1			0		other	0
872	442	Nothing	19	11242028	0	1			0		other	0
872	443	Nothing	52	11259917	0	1			0		other	0
872	443	Response	2	11263659	3742	5
872	444	Nothing	110	11263698	0	1			0		other	0
872	445	Nothing	19	11298622	0	1			0		other	0
872	446	Nothing	52	11319971	0	0			0		other	0
872	446	Response	2	11323486	3515	7
872	447	Nothing	110	11323521	0	1			0		other	0
872	448	Nothing	19	11358256	0	1			0		other	0
872	450	Nothing	52	11379167	0	0			0		other	0
872	450	Response	2	11381433	2266	6
872	451	Nothing	110	11381466	0	1			0		other	0
872	452	Nothing	19	11416163	0	1			0		other	0
872	453	Nothing	52	11436157	0	1			0		other	0
872	453	Response	2	11438805	2648	6
872	454	Nothing	110	11438837	0	1			0		false_alarm	633
872	454	Response	2	11440060	1224	5
872	455	Nothing	19	11473528	0	1			0		other	0
872	456	Nothing	51	11510958	0	1			0		other	0
872	457	Nothing	77	11530981	0	1			0		other	0
872	458	Nothing	19	11565245	0	1			0		other	0
872	459	Nothing	52	11610711	0	1			0		other	0
872	460	Nothing	77	11630721	0	1			0		other	0
872	461	Nothing	19	11665358	0	1			0		other	0
872	462	Nothing	52	11684544	0	1			0		other	0
872	462	Response	2	11687739	3195	6
872	463	Nothing	110	11687770	0	1			0		other	0
872	464	Nothing	19	11723052	0	1			0		other	0
872	466	Nothing	52	11742906	0	1			0		other	0
872	466	Response	2	11745891	2985	8
872	467	Nothing	110	11745941	0	1			0		other	0
872	468	Nothing	19	11781266	0	1			0		other	0
872	469	Nothing	52	11823110	0	1			0		other	0
872	470	Nothing	77	11843152	0	1			0		other	0
872	471	Nothing	19	11879265	0	1			0		other	0
872	472	Nothing	52	11898430	0	1			0		other	0
872	473	Nothing	77	11918443	0	1			0		other	0
872	474	Nothing	19	11953067	0	1			0		other	0
872	475	Nothing	52	11984620	0	1			0		other	0
872	476	Nothing	77	12004629	0	1			0		other	0
872	476	Response	3	12004711	82	7
872	476	Response	3	12011118	6489	5
872	476	Response	3	12012350	7721	9
872	476	Response	3	12015902	11273	8
872	476	Response	3	12019559	14931	7
872	476	Response	3	12022396	17767	9
872	476	Response	3	12023751	19122	6
872	476	Response	3	12025149	20520	35
872	476	Response	3	12026682	22053	6
872	476	Response	3	12027978	23349	6
872	477	Nothing	19	12038642	0	1			0		other	0
872	478	Nothing	52	12079656	0	1			0		other	0
872	478	Response	2	12082281	2625	6
872	479	Nothing	110	12082314	0	1			0		other	0
872	480	Nothing	19	12117351	0	1			0		other	0
872	482	Nothing	52	12136944	0	1			0		other	0
872	482	Response	3	12147522	10579	5
872	483	Nothing	111	12147558	0	1			0		false_alarm	675
872	483	Response	3	12150382	2823	5
872	483	Response	3	12151931	4373	7
872	483	Response	3	12152977	5419	24
872	483	Response	3	12154371	6813	10
872	483	Response	3	12155987	8428	7
872	483	Response	3	12155994	8435	5
872	483	Response	3	12157392	9833	8
872	484	Nothing	19	12182975	0	1			0		other	0
872	485	Nothing	52	12197194	0	1			0		other	0
872	486	Nothing	77	12217205	0	1			0		other	0
872	487	Nothing	19	12251833	0	1			0		other	0
872	488	Nothing	52	12281048	0	1			0		other	0
872	488	Response	3	12288693	7645	5
872	489	Nothing	111	12288738	0	1			0		false_alarm	689
872	489	Response	3	12293130	4392	7
872	489	Response	3	12294425	5687	10
872	489	Response	3	12295987	7249	7
872	489	Response	3	12295994	7256	5
872	489	Response	3	12297461	8723	9
872	489	Response	3	12298983	10245	9
872	489	Response	3	12300328	11590	25
872	490	Nothing	19	12324095	0	1			0		other	0
872	491	Nothing	52	12334471	0	1			0		other	0
872	491	Response	3	12338831	4360	7
872	492	Nothing	111	12338878	0	1			0		false_alarm	700
872	492	Response	3	12341705	2827	20
872	492	Response	3	12344770	5892	5
872	492	Response	3	12346203	7325	5
872	492	Response	3	12347577	8699	8
872	492	Response	3	12349060	10182	19
872	492	Response	3	12350446	11568	8
872	492	Response	3	12351805	12927	5
872	492	Response	3	12351810	12932	5
872	492	Response	3	12356469	17591	6
872	493	Nothing	19	12374021	0	1			0		other	0
872	494	Nothing	51	12386679	0	1			0		other	0
872	494	Response	3	12390780	4101	5
872	495	Nothing	101	12390807	0	1			0		false_alarm	713
872	495	Response	3	12394994	4187	5
872	495	Response	3	12400512	9705	7
872	496	Nothing	19	12426019	0	1			0		other	0
872	498	Nothing	52	12442346	0	1			0		other	0
872	499	Nothing	77	12462368	0	1			0		other	0
872	500	Nothing	19	12496926	0	1			0		other	0
872	501	Nothing	51	12508921	0	1			0		other	0
872	502	Nothing	77	12528930	0	1			0		other	0
872	503	Nothing	19	12562974	0	1			0		other	0
872	504	Nothing	51	12579400	0	1			0		other	0
872	505	Nothing	77	12599409	0	1			0		other	0
872	506	Nothing	19	12633535	0	1			0		other	0
872	507	Nothing	52	12653806	0	1			0		other	0
872	508	Nothing	77	12673816	0	1			0		other	0
872	509	Nothing	19	12708086	0	1			0		other	0
872	510	Nothing	52	12747740	0	1			0		other	0
872	510	Response	3	12756312	8571	6
872	511	Nothing	111	12756351	0	1			0		false_alarm	731
872	511	Response	3	12760546	4194	7
872	511	Response	3	12761880	5529	10
872	511	Response	3	12763262	6910	7
872	511	Response	3	12764569	8218	6
872	511	Response	3	12766020	9669	10
872	511	Response	3	12767359	11008	7
872	512	Nothing	19	12792190	0	1			0		other	0
872	514	Nothing	52	12804367	0	1			0		other	0
872	514	Response	3	12808063	3696	6
872	514	Response	3	12808068	3701	5
872	515	Nothing	111	12808099	0	1			0		false_alarm	742
872	515	Response	3	12812861	4762	5
872	515	Response	3	12815965	7866	16
872	515	Response	3	12817345	9246	7
872	515	Response	3	12818642	10543	18
872	515	Response	3	12819974	11875	5
872	515	Response	3	12821453	13354	17
872	515	Response	3	12822758	14659	19
872	515	Response	3	12824045	15946	6
872	515	Response	3	12825312	17213	8
872	516	Nothing	19	12843151	0	1			0		other	0
872	517	Nothing	52	12853512	0	1			0		other	0
872	517	Response	3	12856578	3066	17
872	518	Nothing	111	12856626	0	1			0		false_alarm	755
872	518	Response	3	12860115	3489	8
872	518	Response	3	12863183	6557	16
872	518	Response	3	12864502	7876	7
872	518	Response	3	12865827	9200	7
872	518	Response	3	12867249	10622	5
872	518	Response	3	12868654	12028	24
872	518	Response	3	12870078	13451	5
872	518	Response	3	12871423	14797	9
872	519	Nothing	19	12891527	0	1			0		other	0
872	520	Nothing	52	12906921	0	1			0		other	0
872	521	Nothing	77	12926935	0	1			0		other	0
872	522	Nothing	19	12961639	0	1			0		other	0
872	523	Nothing	52	13003134	0	1			0		other	0
872	523	Response	3	13006138	3005	9
872	524	Nothing	111	13006188	0	0			0		false_alarm	770
872	524	Response	3	13008817	2629	7
872	524	Response	3	13010177	3989	18
872	524	Response	3	13011397	5209	5
872	524	Response	3	13012752	6564	6
872	524	Response	3	13014148	7960	8
872	524	Response	3	13015456	9268	18
872	524	Response	3	13016705	10517	8
872	525	Nothing	19	13041635	0	1			0		other	0
872	526	Nothing	52	13058465	0	1			0		other	0
872	527	Nothing	77	13078484	0	1			0		other	0
872	528	Nothing	19	13112985	0	1			0		other	0
872	530	Nothing	52	13140133	0	1			0		other	0
872	531	Nothing	77	13160145	0	1			0		other	0
872	532	Nothing	19	13194157	0	1			0		other	0
872	533	Nothing	52	13212817	0	1			0		other	0
872	533	Response	3	13216215	3398	6
872	534	Nothing	111	13216278	0	1			0		false_alarm	787
872	534	Response	3	13220468	4190	16
872	534	Response	3	13223018	6740	5
872	534	Response	3	13223023	6745	8
872	534	Response	3	13226023	9746	10
872	535	Nothing	19	13251306	0	1			0		other	0
872	536	Nothing	52	13265722	0	1			0		other	0
872	536	Response	3	13268280	2557	6
872	537	Nothing	111	13268322	0	1			0		false_alarm	795
872	537	Response	3	13269780	1458	19
872	537	Response	3	13271035	2713	5
872	537	Response	3	13272227	3905	7
872	537	Response	3	13273582	5261	18
872	537	Response	3	13274854	6533	10
872	538	Nothing	19	13303660	0	1			0		other	0
872	539	Nothing	51	13329701	0	1			0		other	0
872	539	Response	3	13331886	2185	8
872	540	Nothing	101	13331921	0	1			0		false_alarm	804
872	540	Response	3	13334453	2533	9
872	540	Response	3	13337431	5510	6
872	540	Response	3	13339568	7647	9
872	540	Response	3	13341810	9889	9
872	540	Response	3	13346048	14128	17
872	540	Response	3	13347873	15953	6
872	540	Response	3	13366486	34565	5
872	541	Nothing	19	13367043	0	1			0		other	0
872	542	Nothing	51	13387627	0	1			0		other	0
872	542	Response	3	13390414	2787	16
872	543	Nothing	101	13390465	0	1			0		false_alarm	815
872	543	Response	3	13394106	3642	14
872	544	Nothing	19	13425897	0	1			0		other	0
872	546	Nothing	52	13463531	0	1			0		other	0
872	546	Response	3	13467932	4401	24
872	547	Nothing	111	13468016	0	1			0		false_alarm	820
872	547	Response	3	13469523	1506	5
872	547	Response	3	13471950	3934	17
872	547	Response	3	13473281	5264	5
872	547	Response	3	13474642	6625	5
872	547	Response	3	13474647	6631	6
872	547	Response	3	13476016	8000	7
872	547	Response	3	13476023	8007	6
872	547	Response	3	13477381	9365	6
872	547	Response	3	13478802	10786	9
872	547	Response	3	13482390	14374	7
872	548	Nothing	19	13503327	0	1			0		other	0
872	549	Nothing	51	13538526	0	0			0		other	0
872	549	Response	3	13542776	4250	6
872	550	Nothing	101	13542825	0	1			0		false_alarm	834
872	550	Response	3	13544426	1601	10
872	550	Response	3	13548008	5183	5
872	551	Nothing	19	13577894	0	1			0		other	0
872	551	Response	3	13596329	18435	7
872	552	Nothing	19	13599018	0	1			0		other	0
872	553	Nothing	51	13626751	0	1			0		other	0
872	553	Response	3	13630829	4078	6
872	554	Nothing	101	13630881	0	1			0		other	0
872	555	Nothing	19	13666052	0	1			0		other	0
872	556	Nothing	52	13696779	0	1			0		other	0
872	556	Response	3	13699325	2546	9
872	557	Nothing	111	13699370	0	1			0		false_alarm	846
872	557	Response	3	13700925	1555	9
872	557	Response	3	13703245	3875	7
872	557	Response	3	13704574	5204	8
872	557	Response	3	13705868	6498	5
872	557	Response	3	13707194	7824	6
872	557	Response	3	13708451	9081	6
872	557	Response	3	13712937	13567	14
872	558	Nothing	19	13734485	0	1			0		other	0
872	559	Nothing	51	13746624	0	1			0		other	0
872	559	Response	3	13750497	3873	20
872	560	Nothing	101	13750544	0	1			0		false_alarm	857
872	560	Response	3	13753879	3335	9
872	560	Response	3	13757185	6641	10
872	561	Nothing	19	13786125	0	1			0		other	0
872	563	Nothing	51	13825542	0	1			0		other	0
872	563	Response	3	13830493	4951	7
872	564	Nothing	101	13830540	0	1			0		other	0
872	565	Nothing	19	13865460	0	1			0		other	0
872	566	Nothing	51	13906833	0	1			0		other	0
872	566	Response	3	13910593	3760	9
872	567	Nothing	101	13910627	0	1			0		other	0
872	568	Nothing	19	13945740	0	1			0		other	0
872	569	Nothing	51	13971370	0	1			0		other	0
872	569	Response	3	13976447	5077	7
872	570	Nothing	101	13976476	0	1			0		other	0
872	571	Nothing	19	14011823	0	1			0		other	0
872	572	Nothing	51	14054909	0	1			0		other	0
872	572	Response	3	14058133	3224	6
872	573	Nothing	101	14058166	0	1			0		other	0
872	574	Nothing	19	14093541	0	1			0		other	0
872	575	Nothing	51	14108918	0	1			0		other	0
872	575	Response	3	14113718	4800	7
872	576	Nothing	101	14113766	0	1			0		false_alarm	879
872	576	Response	3	14117389	3622	6
872	577	Nothing	19	14148640	0	1			0		other	0
872	579	Nothing	51	14168493	0	1			0		other	0
872	579	Response	3	14173645	5151	7
872	580	Nothing	101	14173675	0	1			0		other	0
872	581	Nothing	19	14208594	0	1			0		other	0
872	582	Nothing	52	14250883	0	1			0		other	0
872	582	Response	2	14266180	15297	7
872	583	Nothing	110	14266215	0	1			0		false_alarm	888
872	583	Response	2	14267284	1069	9
872	583	Response	2	14268520	2305	6
872	583	Response	2	14269666	3451	5
872	583	Response	2	14269671	3456	6
872	583	Response	2	14270882	4667	10
872	583	Response	2	14272040	5825	7
872	583	Response	2	14273254	7039	5
872	583	Response	2	14274632	8417	18
872	583	Response	2	14275825	9611	8
872	583	Response	2	14277079	10864	5
872	583	Response	2	14278438	12223	5
872	583	Response	2	14279713	13498	6
872	583	Response	2	14281106	14891	17
872	583	Response	2	14282459	16244	16
872	583	Response	2	14283888	17673	17
872	583	Response	2	14285048	18833	21
872	583	Response	2	14288057	21842	6
872	583	Response	2	14289347	23132	5
872	584	Nothing	19	14301467	0	1			0		other	0
872	585	Nothing	52	14344358	0	1			0		other	0
872	585	Response	3	14347045	2687	5
872	586	Nothing	111	14347105	0	1			0		false_alarm	910
872	586	Response	3	14348285	1180	5
872	586	Response	3	14350707	3603	5
872	586	Response	3	14351960	4855	17
872	586	Response	3	14353152	6047	10
872	586	Response	3	14354379	7274	6
872	586	Response	3	14355785	8681	5
872	586	Response	3	14357075	9970	9
872	586	Response	3	14360547	13442	7
872	586	Response	3	14361815	14710	7
872	586	Response	3	14366475	19370	10
872	586	Response	3	14368262	21157	17
872	586	Response	3	14372890	25785	7
872	587	Nothing	19	14382576	0	0			0		other	0
872	588	Nothing	51	14396048	0	1			0		other	0
872	588	Response	3	14398110	2062	18
872	589	Nothing	101	14398162	0	8			0		false_alarm	926
872	589	Response	3	14402293	4131	17
872	590	Nothing	19	14433546	0	1			0		other	0
872	591	Nothing	51	14451610	0	1			0		other	0
872	591	Response	3	14453565	1955	6
872	592	Nothing	101	14453597	0	1			0		false_alarm	931
872	592	Response	3	14457498	3901	6
872	593	Nothing	19	14488629	0	1			0		other	0
872	595	Nothing	51	14503498	0	1			0		other	0
872	595	Response	3	14509392	5895	9
872	596	Nothing	101	14509430	0	1			0		other	0
872	597	Nothing	19	14544524	0	1			0		other	0
872	598	Nothing	51	14578185	0	1			0		other	0
872	598	Response	3	14580462	2277	6
872	599	Nothing	101	14580493	0	1			0		other	0
872	600	Nothing	19	14615710	0	1			0		other	0
872	601	Nothing	51	14638118	0	1			0		other	0
872	601	Response	3	14640368	2250	7
872	602	Nothing	101	14640400	0	1			0		other	0
872	603	Nothing	19	14675716	0	1			0		other	0
872	604	Nothing	51	14702574	0	1			0		other	0
872	604	Response	3	14704587	2013	9
872	605	Nothing	101	14704647	0	1			0		other	0
872	606	Nothing	19	14740152	0	1			0		other	0
872	607	Nothing	51	14768674	0	1			0		other	0
872	607	Response	3	14770901	2227	11
872	608	Nothing	101	14770951	0	1			0		other	0
872	609	Nothing	19	14806318	0	1			0		other	0
872	611	Nothing	51	14836194	0	0			0		other	0
872	611	Response	3	14840411	4217	17
872	612	Nothing	101	14840492	0	1			0		other	0
872	613	Nothing	19	14875370	0	1			0		other	0
872	614	Nothing	51	14920043	0	1			0		other	0
872	614	Response	3	14922354	2310	16
872	615	Nothing	101	14922396	0	1			0		other	0
872	616	Nothing	19	14958083	0	1			0		other	0
872	617	Nothing	51	14995223	0	1			0		other	0
872	617	Response	3	14997709	2487	17
872	618	Nothing	101	14997768	0	1			0		other	0
872	619	Nothing	19	15032846	0	1			0		other	0
872	620	Nothing	51	15049532	0	1			0		other	0
872	620	Response	3	15053784	4253	17
872	621	Nothing	101	15053827	0	1			0		other	0
872	622	Nothing	19	15089270	0	1			0		other	0
872	623	Nothing	51	15121490	0	1			0		other	0
872	623	Response	3	15127014	5524	7
872	624	Nothing	101	15127044	0	1			0		other	0
872	625	Nothing	19	15162175	0	1			0		other	0
872	627	Nothing	52	15206276	0	1			0		other	0
872	628	Nothing	77	15226299	0	1			0		other	0
872	629	Nothing	19	15260731	0	1			0		other	0
872	630	Nothing	51	15277833	0	1			0		other	0
872	630	Response	3	15281438	3605	7
872	630	Response	3	15281445	3612	6
872	631	Nothing	101	15281472	0	1			0		other	0
872	632	Nothing	19	15316670	0	1			0		other	0
872	633	Nothing	51	15330513	0	1			0		other	0
872	633	Response	3	15337625	7111	9
872	634	Nothing	101	15337658	0	1			0		other	0
872	635	Nothing	19	15373084	0	1			0		other	0
872	636	Nothing	51	15399904	0	1			0		other	0
872	637	Nothing	77	15419914	0	1			0		other	0
872	638	Nothing	19	15454138	0	1			0		other	0
872	639	Nothing	51	15501990	0	1			0		other	0
872	639	Response	3	15506278	4288	7
872	640	Nothing	101	15506313	0	1			0		other	0
872	641	Nothing	19	15541434	0	1			0		other	0
872	643	Nothing	51	15585335	0	1			0		other	0
872	643	Response	3	15589405	4071	6
872	644	Nothing	101	15589439	0	1			0		other	0
872	645	Nothing	19	15624580	0	1			0		other	0
872	646	Nothing	51	15649491	0	1			0		other	0
872	646	Response	3	15658606	9116	5
872	647	Nothing	101	15658636	0	1			0		false_alarm	999
872	647	Response	3	15663936	5300	9
872	648	Nothing	19	15693804	0	1			0		other	0
872	649	Nothing	51	15731513	0	1			0		other	0
872	649	Response	3	15739328	7815	18
872	650	Nothing	101	15739377	0	1			0		other	0
872	651	Nothing	19	15774661	0	1			0		other	0
872	652	Nothing	51	15820169	0	1			0		other	0
872	652	Response	3	15829282	9113	9
872	653	Nothing	101	15829316	0	1			0		other	0
872	654	Nothing	19	15864348	0	1			0		other	0
872	655	Nothing	51	15908367	0	1			0		other	0
872	655	Response	3	15914514	6147	7
872	656	Nothing	101	15914548	0	1			0		other	0
872	657	Nothing	19	15949885	0	1			0		other	0
872	659	Nothing	51	15969792	0	1			0		other	0
872	659	Response	3	15980853	11061	9
872	660	Nothing	101	15980885	0	1			0		other	0
872	661	Nothing	19	16015997	0	1			0		other	0
872	662	Nothing	51	16047426	0	1			0		other	0
872	662	Response	3	16056285	8859	9
872	663	Nothing	101	16056328	0	1			0		false_alarm	1020
872	663	Response	3	16061074	4746	6
872	663	Response	3	16062924	6596	8
872	663	Response	3	16066406	10078	7
872	664	Nothing	19	16091267	0	1			0		other	0
872	665	Nothing	51	16124005	0	1			0		other	0
872	665	Response	3	16134096	10091	7
872	666	Nothing	101	16134129	0	1			0		false_alarm	1027
872	666	Response	3	16135530	1401	7
872	667	Nothing	19	16169448	0	1			0		other	0
872	668	Nothing	51	16192506	0	1			0		other	0
872	669	Nothing	77	16212537	0	1			0		other	0
872	670	Nothing	19	16246970	0	1			0		other	0
872	671	Nothing	51	16265289	0	1			0		other	0
872	671	Response	3	16272343	7054	9
872	672	Nothing	101	16272375	0	0			0		other	0
872	673	Nothing	19	16307572	0	1			0		other	0
872	675	Nothing	51	16353099	0	1			0		other	0
872	676	Nothing	77	16373109	0	1			0		other	0
872	677	Nothing	19	16407430	0	1			0		other	0
872	678	Nothing	51	16433377	0	1			0		other	0
872	678	Response	2	16442667	9289	5
872	679	Nothing	100	16442728	0	1			0		false_alarm	1042
872	679	Response	2	16444102	1374	6
872	679	Response	2	16445474	2746	8
872	679	Response	2	16446529	3801	6
872	679	Response	2	16447783	5055	5
872	679	Response	2	16449082	6354	5
872	679	Response	2	16450490	7762	19
872	679	Response	2	16451749	9021	9
872	679	Response	2	16453091	10363	9
872	679	Response	2	16454534	11806	6
872	679	Response	2	16455995	13267	8
872	679	Response	2	16457242	14514	25
872	679	Response	2	16458818	16090	5
872	679	Response	2	16460217	17489	5
872	679	Response	2	16461586	18858	7
872	679	Response	2	16462932	20204	5
872	679	Response	2	16465649	22921	5
872	679	Response	2	16467012	24284	6
872	679	Response	2	16468661	25933	6
872	679	Response	2	16470462	27734	6
872	679	Response	2	16470468	27740	5
872	680	Nothing	19	16478283	0	1			0		other	0
872	681	Nothing	52	16500132	0	1			0		other	0
872	681	Response	2	16502530	2398	8
872	682	Nothing	110	16502571	0	1			0		false_alarm	1066
872	682	Response	2	16503912	1341	6
872	683	Nothing	19	16538187	0	1			0		other	0
872	684	Nothing	52	16549035	0	1			0		other	0
872	684	Response	3	16551881	2846	6
872	685	Nothing	111	16551933	0	1			0		false_alarm	1071
872	685	Response	3	16555022	3089	17
872	685	Response	3	16559573	7640	5
872	685	Response	3	16560837	8904	9
872	685	Response	3	16562010	10077	6
872	685	Response	3	16563218	11285	9
872	685	Response	3	16564490	12557	17
872	685	Response	3	16565845	13912	10
872	686	Nothing	19	16587243	0	1			0		other	0
872	687	Nothing	51	16607959	0	1			0		other	0
872	688	Nothing	77	16627969	0	1			0		other	0
872	689	Nothing	19	16662175	0	1			0		other	0
872	691	Nothing	51	16684989	0	1			0		other	0
872	692	Nothing	77	16705002	0	1			0		other	0
872	693	Nothing	19	16739097	0	0			0		other	0
872	694	Nothing	51	16760206	0	1			0		other	0
872	695	Nothing	77	16780228	0	1			0		other	0
872	696	Nothing	19	16814370	0	1			0		other	0
872	697	Nothing	51	16858947	0	1			0		other	0
872	698	Nothing	77	16878957	0	1			0		other	0
872	699	Nothing	19	16913067	0	1			0		other	0
872	700	Nothing	51	16929258	0	1			0		other	0
872	701	Nothing	77	16949269	0	1			0		other	0
872	702	Nothing	19	16983439	0	1			0		other	0
872	703	Nothing	51	17000970	0	1			0		other	0
872	704	Nothing	77	17020986	0	1			0		other	0
872	705	Nothing	19	17055025	0	1			0		other	0
872	707	Nothing	51	17102766	0	1			0		other	0
872	708	Nothing	77	17122777	0	1			0		other	0
872	709	Nothing	19	17156924	0	1			0		other	0
872	710	Nothing	51	17178613	0	1			0		other	0
872	710	Response	2	17182839	4226	7
872	711	Nothing	100	17182882	0	1			0		false_alarm	1103
872	711	Response	2	17184082	1200	6
872	711	Response	2	17185311	2429	17
872	711	Response	2	17186646	3765	8
872	711	Response	2	17188218	5336	6
872	712	Nothing	19	17218001	0	1			0		other	0
872	713	Nothing	52	17232235	0	1			0		other	0
872	713	Response	2	17235165	2930	9
872	714	Nothing	110	17235203	0	1			0		other	0
872	715	Nothing	19	17270229	0	1			0		other	0
872	716	Nothing	52	17298856	0	1			0		other	0
872	717	Nothing	77	17318876	0	1			0		other	0
872	718	Nothing	19	17353585	0	1			0		other	0
872	719	Nothing	52	17398987	0	1			0		other	0
872	719	Response	2	17401212	2225	6
872	719	Response	2	17401218	2230	5
872	720	Nothing	110	17401241	0	1			0		false_alarm	1119
872	720	Response	2	17401775	534	16
872	721	Nothing	19	17436609	0	1			0		other	0
872	723	Nothing	52	17450509	0	1			0		other	0
872	723	Response	2	17453227	2717	5
872	724	Nothing	110	17453258	0	1			0		false_alarm	1124
872	724	Response	2	17454678	1419	5
872	724	Response	2	17454683	1424	5
872	724	Response	2	17459697	6439	9
872	725	Nothing	19	17488330	0	1			0		other	0
872	726	Nothing	52	17536575	0	1			0		other	0
872	727	Nothing	77	17556585	0	1			0		other	0
872	728	Nothing	19	17590999	0	1			0		other	0
872	729	Nothing	51	17602222	0	1			0		other	0
872	730	Nothing	77	17622230	0	1			0		other	0
872	731	Nothing	19	17656834	0	1			0		other	0
872	732	Nothing	52	17698383	0	1			0		other	0
872	733	Nothing	77	17718397	0	1			0		other	0
872	734	Nothing	19	17752843	0	1			0		other	0
872	735	Nothing	52	17764515	0	1			0		other	0
872	736	Nothing	77	17784524	0	1			0		other	0
872	737	Nothing	19	17818593	0	1			0		other	0
872	739	Nothing	52	17840485	0	1			0		other	0
872	739	Response	3	17847819	7334	14
872	740	Nothing	111	17847868	0	1			0		false_alarm	1143
872	740	Response	3	17851174	3306	6
872	740	Response	3	17853684	5816	9
872	740	Response	3	17855071	7203	6
872	740	Response	3	17855076	7208	5
872	740	Response	3	17856548	8681	6
872	740	Response	3	17856554	8687	6
872	740	Response	3	17857909	10041	7
872	740	Response	3	17859055	11187	6
872	740	Response	3	17860379	12511	7
872	740	Response	3	17861511	13643	35
872	740	Response	3	17869461	21593	8
872	740	Response	3	17870543	22676	6
872	740	Response	3	17871708	23840	17
872	740	Response	3	17873179	25312	7
872	740	Response	3	17874599	26731	5
872	740	Response	3	17874604	26737	6
872	740	Response	3	17876061	28194	7
872	740	Response	3	17877556	29688	5
872	740	Response	3	17880393	32526	5
872	740	Response	3	17881813	33945	17
872	741	Nothing	19	17883177	0	1			0		other	0
872	741	Response	3	17883197	20	7
872	741	Response	3	17884527	1350	9
872	741	Response	3	17885848	2671	9
872	741	Response	3	17889804	6627	7
872	741	Response	3	17891197	8020	7
872	742	Nothing	19	17896253	0	1			0		other	0
872	743	Nothing	51	17910421	0	1			0		other	0
872	743	Response	3	17913276	2855	9
872	744	Nothing	101	17913312	0	1			0		other	0
872	745	Nothing	19	17948497	0	1			0		other	0
872	746	Nothing	51	17966352	0	1			0		other	0
872	747	Nothing	77	17986366	0	1			0		other	0
872	748	Nothing	19	18020607	0	1			0		other	0
872	749	Nothing	51	18063054	0	1			0		other	0
872	749	Response	3	18065360	2305	24
872	750	Nothing	101	18065429	0	1			0		other	0
872	751	Nothing	19	18101336	0	1			0		other	0
872	752	Nothing	51	18139670	0	1			0		other	0
872	752	Response	3	18142374	2703	5
872	753	Nothing	101	18142405	0	1			0		other	0
872	754	Nothing	19	18177686	0	1			0		other	0
872	756	Nothing	51	18214269	0	1			0		other	0
872	757	Nothing	77	18234277	0	1			0		other	0
872	758	Nothing	19	18269041	0	1			0		other	0
872	759	Nothing	52	18281076	0	1			0		other	0
872	760	Nothing	77	18301087	0	1			0		other	0
872	761	Nothing	19	18335283	0	1			0		other	0
872	762	Nothing	51	18351982	0	1			0		other	0
872	763	Nothing	77	18371993	0	1			0		other	0
872	764	Nothing	19	18405959	0	1			0		other	0
872	765	Nothing	51	18422750	0	1			0		other	0
872	766	Nothing	77	18442761	0	0			0		other	0
872	767	Nothing	19	18477346	0	1			0		other	0
872	768	Nothing	52	18498864	0	1			0		other	0
872	768	Response	2	18502664	3801	7
872	769	Nothing	110	18502705	0	1			0		other	0
872	770	Nothing	19	18538010	0	1			0		other	0
872	772	Nothing	52	18561652	0	1			0		other	0
872	773	Nothing	77	18581662	0	1			0		other	0
872	774	Nothing	19	18615915	0	1			0		other	0
872	775	Nothing	52	18645448	0	1			0		other	0
872	775	Response	2	18648752	3304	6
872	776	Nothing	110	18648795	0	1			0		other	0
872	777	Nothing	19	18684143	0	1			0		other	0
872	778	Nothing	52	18710394	0	1			0		other	0
872	778	Response	3	18714092	3698	18
872	779	Nothing	111	18714162	0	1			0		false_alarm	1211
872	779	Response	3	18718089	3927	9
872	779	Response	3	18722405	8243	6
872	779	Response	3	18723722	9560	7
872	779	Response	3	18725130	10967	11
872	779	Response	3	18726451	12288	9
872	779	Response	3	18727750	13588	6
872	779	Response	3	18729153	14990	6
872	779	Response	3	18730520	16358	5
872	780	Nothing	19	18749442	0	1			0		other	0
872	781	Nothing	52	18798534	0	1			0		other	0
872	782	Nothing	77	18818542	0	1			0		other	0
872	783	Nothing	19	18853063	0	1			0		other	0
872	784	Nothing	51	18867133	0	1			0		other	0
872	785	Nothing	77	18887143	0	1			0		other	0
872	786	Nothing	19	18921488	0	1			0		other	0
872	788	Nothing	51	18952301	0	1			0		other	0
872	789	Nothing	77	18972309	0	0			0		other	0
872	790	Nothing	19	19006572	0	1			0		other	0
872	791	Nothing	51	19032976	0	1			0		other	0
872	791	Response	3	19038708	5732	5
872	792	Nothing	101	19038742	0	1			0		other	0
872	793	Nothing	19	19074035	0	1			0		other	0
872	794	Nothing	51	19098422	0	0			0		other	0
872	794	Response	3	19107827	9405	5
872	795	Nothing	101	19107874	0	1			0		false_alarm	1236
872	795	Response	3	19112320	4446	9
872	796	Nothing	19	19143008	0	1			0		other	0
872	797	Nothing	51	19165364	0	1			0		other	0
872	797	Response	3	19174280	8916	5
872	797	Response	3	19174285	8921	5
872	798	Nothing	101	19174311	0	1			0		false_alarm	1242
872	798	Response	3	19182820	8509	32
872	799	Nothing	19	19209322	0	1			0		other	0
872	800	Nothing	51	19241602	0	0			0		other	0
872	801	Nothing	77	19261613	0	1			0		other	0
872	802	Nothing	19	19296035	0	1			0		other	0
872	804	Nothing	51	19320535	0	1			0		other	0
872	805	Nothing	77	19340544	0	1			0		other	0
872	806	Nothing	19	19374741	0	1			0		other	0
872	807	Nothing	51	19422322	0	1			0		other	0
872	808	Nothing	77	19442334	0	1			0		other	0
872	809	Nothing	19	19476589	0	1			0		other	0
872	810	Nothing	51	19500780	0	1			0		other	0
872	811	Nothing	77	19520792	0	1			0		other	0
872	812	Nothing	19	19555230	0	1			0		other	0
872	813	Nothing	51	19598792	0	1			0		other	0
872	814	Nothing	77	19618802	0	1			0		other	0
872	815	Nothing	19	19652941	0	1			0		other	0
872	816	Nothing	51	19689922	0	1			0		other	0
872	817	Nothing	77	19709954	0	1			0		other	0
872	818	Nothing	19	19744275	0	1			0		other	0
872	820	Nothing	51	19776329	0	1			0		other	0
872	821	Nothing	77	19796337	0	1			0		other	0
872	822	Nothing	19	19830321	0	1			0		other	0
872	823	Nothing	51	19864651	0	1			0		other	0
872	824	Nothing	77	19884678	0	1			0		other	0
872	825	Nothing	19	19918802	0	1			0		other	0
872	826	Nothing	51	19942884	0	1			0		other	0
872	827	Nothing	77	19962896	0	1			0		other	0
872	828	Nothing	19	19997280	0	1			0		other	0
872	829	Nothing	51	20013101	0	1			0		other	0
872	830	Nothing	77	20033112	0	1			0		other	0
872	831	Nothing	19	20067479	0	1			0		other	0
