Scenario - phase2_matchingPennies_algorithm1
Logfile written - 11/30/2019 11:06:29

Subject	Trial	Event Type	Code	Time	TTime	Uncertainty	Duration	Uncertainty	ReqTime	ReqDur	Stim Type	Pair Index

872	0	Manual	11/30/2019 10:12:23	10106	10106	NA
872	0	Response	2	1207148	1207148	10
872	0	Response	2	1207527	1207527	8
872	0	Response	2	1209893	1209893	5
872	0	Response	2	1212636	1212636	8
872	0	Response	2	1215802	1215802	5
872	1	Nothing	52	1262314	0	1			0		other	0
872	1	Response	2	1267780	5466	7
872	2	Nothing	110	1267818	0	1			0		false_alarm	10
872	2	Response	2	1269462	1644	17
872	3	Nothing	19	1298264	0	1			0		other	0
872	4	Nothing	52	1309421	0	1			0		other	0
872	4	Response	2	1312446	3025	5
872	5	Nothing	110	1312478	0	1			0		other	0
872	6	Nothing	19	1342684	0	1			0		other	0
872	7	Nothing	51	1362967	0	1			0		other	0
872	8	Nothing	77	1382981	0	1			0		other	0
872	8	Response	2	1408302	25322	8
872	9	Nothing	19	1413240	0	1			0		other	0
872	10	Nothing	52	1447866	0	1			0		other	0
872	11	Nothing	77	1467876	0	1			0		other	0
872	12	Nothing	19	1498083	0	0			0		other	0
872	14	Nothing	51	1519609	0	1			0		other	0
872	15	Nothing	77	1539621	0	1			0		other	0
872	16	Nothing	19	1569969	0	1			0		other	0
872	17	Nothing	52	1602776	0	1			0		other	0
872	18	Nothing	77	1622792	0	0			0		other	0
872	19	Nothing	19	1653037	0	1			0		other	0
872	20	Nothing	52	1678454	0	1			0		other	0
872	20	Response	2	1682166	3711	6
872	21	Nothing	110	1682198	0	1			0		other	0
872	22	Nothing	19	1712562	0	1			0		other	0
872	23	Nothing	52	1740442	0	1			0		other	0
872	23	Response	3	1749391	8949	5
872	24	Nothing	111	1749437	0	1			0		false_alarm	36
872	24	Response	3	1753322	3885	7
872	24	Response	3	1757493	8057	5
872	24	Response	3	1759862	10425	17
872	24	Response	3	1763790	14353	5
872	24	Response	3	1766663	17226	5
872	24	Response	3	1767986	18549	5
872	24	Response	3	1769339	19902	5
872	24	Response	3	1770786	21349	6
872	24	Response	3	1771926	22489	6
872	24	Response	3	1773341	23904	5
872	24	Response	3	1774615	25178	5
872	24	Response	3	1776033	26596	19
872	24	Response	3	1777702	28265	5
872	25	Nothing	19	1779759	0	1			0		other	0
872	26	Nothing	52	1815211	0	1			0		other	0
872	26	Response	3	1819511	4301	10
872	27	Nothing	111	1819572	0	1			0		false_alarm	53
872	27	Response	3	1821079	1507	6
872	27	Response	3	1823744	4172	7
872	27	Response	3	1824865	5293	7
872	27	Response	3	1826478	6906	5
872	27	Response	3	1827860	8288	5
872	27	Response	3	1829227	9655	8
872	27	Response	3	1830575	11003	5
872	27	Response	3	1831790	12218	9
872	27	Response	3	1833096	13524	4
872	28	Nothing	19	1850653	0	1			0		other	0
872	30	Nothing	51	1887078	0	1			0		other	0
872	30	Response	3	1890775	3697	7
872	31	Nothing	101	1890814	0	1			0		other	0
872	32	Nothing	19	1924554	0	1			0		other	0
872	33	Nothing	52	1970370	0	1			0		other	0
872	33	Response	3	1974522	4151	5
872	34	Nothing	111	1974558	0	1			0		false_alarm	70
872	34	Response	3	1977442	2883	5
872	34	Response	3	1977447	2889	7
872	34	Response	3	1980197	5639	5
872	34	Response	3	1981551	6993	5
872	34	Response	3	1982955	8396	5
872	34	Response	3	1984398	9840	6
872	34	Response	3	1985816	11257	5
872	35	Nothing	19	2008381	0	1			0		other	0
872	36	Nothing	52	2028181	0	1			0		other	0
872	36	Response	3	2030601	2420	10
872	37	Nothing	111	2030638	0	0			0		false_alarm	81
872	37	Response	3	2034946	4308	7
872	37	Response	3	2039616	8978	7
872	37	Response	3	2040952	10313	5
872	37	Response	3	2042446	11808	9
872	37	Response	3	2043683	13045	8
872	37	Response	3	2044829	14190	5
872	37	Response	3	2046159	15520	6
872	38	Nothing	19	2065227	0	1			0		other	0
872	39	Nothing	52	2106539	0	1			0		other	0
872	39	Response	3	2112394	5855	11
872	40	Nothing	111	2112440	0	1			0		false_alarm	92
872	40	Response	3	2115016	2576	5
872	40	Response	3	2117909	5469	7
872	40	Response	3	2119018	6578	8
872	40	Response	3	2120553	8113	9
872	40	Response	3	2121913	9473	8
872	40	Response	3	2123226	10786	7
872	41	Nothing	19	2147090	0	1			0		other	0
872	42	Nothing	51	2182135	0	1			0		other	0
872	42	Response	3	2188248	6113	10
872	43	Nothing	101	2188292	0	1			0		false_alarm	102
872	43	Response	3	2191201	2910	6
872	44	Nothing	19	2222966	0	1			0		other	0
872	46	Nothing	51	2233622	0	1			0		other	0
872	46	Response	3	2242309	8687	7
872	47	Nothing	101	2242344	0	1			0		other	0
872	48	Nothing	19	2276960	0	1			0		other	0
872	49	Nothing	51	2297412	0	1			0		other	0
872	49	Response	3	2305246	7834	9
872	50	Nothing	101	2305280	0	1			0		other	0
872	51	Nothing	19	2339780	0	1			0		other	0
872	52	Nothing	51	2354538	0	1			0		other	0
872	52	Response	2	2357792	3255	6
872	53	Nothing	100	2357833	0	1			0		false_alarm	115
872	53	Response	2	2359404	1571	7
872	53	Response	2	2360873	3040	5
872	54	Nothing	19	2392809	0	1			0		other	0
872	55	Nothing	52	2438271	0	1			0		other	0
872	55	Response	3	2447544	9273	5
872	56	Nothing	111	2447601	0	1			0		other	0
872	57	Nothing	19	2482142	0	1			0		other	0
872	57	Response	3	2490688	8546	6
872	57	Response	3	2496366	14224	5
872	57	Response	3	2497660	15518	19
872	57	Response	3	2498881	16739	6
872	57	Response	3	2500227	18085	25
872	57	Response	3	2501684	19542	5
872	57	Response	3	2503007	20865	5
872	58	Nothing	19	2506251	0	1			0		other	0
872	59	Nothing	51	2536699	0	1			0		other	0
872	59	Response	3	2544879	8180	5
872	60	Nothing	101	2544912	0	1			0		other	0
872	61	Nothing	19	2579374	0	1			0		other	0
872	63	Nothing	51	2604262	0	1			0		other	0
872	63	Response	3	2611333	7071	7
872	64	Nothing	101	2611366	0	1			0		false_alarm	137
872	64	Response	3	2612562	1196	6
872	65	Nothing	19	2645880	0	1			0		other	0
872	66	Nothing	51	2682052	0	1			0		other	0
872	66	Response	2	2686963	4912	5
872	67	Nothing	100	2687018	0	1			0		false_alarm	142
872	67	Response	2	2688186	1168	10
872	67	Response	2	2692037	5019	6
872	67	Response	2	2693432	6415	7
872	67	Response	2	2694782	7765	5
872	67	Response	2	2696050	9032	5
872	68	Nothing	19	2721702	0	1			0		other	0
872	69	Nothing	52	2735090	0	1			0		other	0
872	69	Response	3	2741702	6612	8
872	70	Nothing	111	2741749	0	1			0		false_alarm	151
872	70	Response	3	2744478	2729	6
872	70	Response	3	2748391	6643	7
872	70	Response	3	2749762	8014	6
872	70	Response	3	2751069	9320	7
872	70	Response	3	2752331	10583	6
872	71	Nothing	19	2776289	0	1			0		other	0
872	72	Nothing	51	2790466	0	1			0		other	0
872	72	Response	3	2800479	10014	5
872	72	Response	3	2800498	10032	9
872	73	Nothing	101	2800530	0	1			0		other	0
872	74	Nothing	19	2835451	0	1			0		other	0
872	75	Nothing	51	2883698	0	1			0		other	0
872	75	Response	2	2886852	3154	9
872	76	Nothing	100	2886918	0	1			0		false_alarm	165
872	76	Response	2	2888230	1312	7
872	76	Response	2	2892359	5441	6
872	76	Response	2	2893757	6839	6
872	76	Response	2	2895087	8170	10
872	77	Nothing	19	2921816	0	1			0		other	0
872	79	Nothing	52	2942406	0	1			0		other	0
872	79	Response	3	2951430	9025	6
872	80	Nothing	111	2951468	0	1			0		false_alarm	173
872	80	Response	3	2952441	973	7
872	80	Response	3	2957622	6154	7
872	80	Response	3	2959174	7706	7
872	80	Response	3	2960463	8995	16
872	81	Nothing	19	2986100	0	1			0		other	0
872	82	Nothing	51	3002533	0	1			0		other	0
872	82	Response	2	3005663	3131	6
872	83	Nothing	100	3005705	0	1			0		false_alarm	181
872	83	Response	2	3006897	1192	7
872	83	Response	2	3008577	2872	6
872	83	Response	2	3011201	5496	7
872	84	Nothing	19	3040432	0	1			0		other	0
872	85	Nothing	52	3067591	0	1			0		other	0
872	85	Response	2	3070865	3274	6
872	86	Nothing	110	3070895	0	1			0		other	0
872	87	Nothing	19	3105488	0	1			0		other	0
872	88	Nothing	51	3148146	0	1			0		other	0
872	89	Nothing	77	3168155	0	1			0		other	0
872	90	Nothing	19	3201846	0	0			0		other	0
872	91	Nothing	52	3226274	0	1			0		other	0
872	91	Response	2	3228971	2698	7
872	92	Nothing	110	3229002	0	1			0		other	0
872	93	Nothing	19	3263818	0	1			0		other	0
872	95	Nothing	52	3277455	0	1			0		other	0
872	95	Response	2	3283784	6329	5
872	96	Nothing	110	3283815	0	1			0		other	0
872	97	Nothing	19	3318333	0	1			0		other	0
872	98	Nothing	51	3339246	0	1			0		other	0
872	98	Response	3	3347741	8496	6
872	99	Nothing	101	3347770	0	1			0		other	0
872	100	Nothing	19	3382322	0	1			0		other	0
872	101	Nothing	51	3430177	0	1			0		other	0
872	101	Response	3	3439639	9462	5
872	101	Response	3	3439644	9467	5
872	102	Nothing	101	3439676	0	1			0		other	0
872	103	Nothing	19	3474165	0	1			0		other	0
872	104	Nothing	52	3502336	0	1			0		other	0
872	105	Nothing	77	3522344	0	1			0		other	0
872	106	Nothing	19	3556146	0	1			0		other	0
872	107	Nothing	51	3583419	0	1			0		other	0
872	108	Nothing	77	3603429	0	1			0		other	0
872	109	Nothing	19	3637453	0	1			0		other	0
872	111	Nothing	51	3675905	0	1			0		other	0
872	111	Response	2	3680709	4804	9
872	112	Nothing	100	3680750	0	1			0		false_alarm	218
872	112	Response	3	3689941	9191	5
872	112	Response	2	3704019	23270	9
872	113	Nothing	19	3715852	0	1			0		other	0
872	114	Nothing	51	3746231	0	1			0		other	0
872	114	Response	2	3750080	3849	7
872	115	Nothing	100	3750129	0	1			0		false_alarm	224
872	115	Response	2	3751398	1269	7
872	115	Response	2	3753020	2891	7
872	115	Response	2	3754419	4290	7
872	115	Response	2	3755681	5552	7
872	115	Response	2	3757237	7108	5
872	115	Response	2	3758381	8251	7
872	116	Nothing	19	3784914	0	1			0		other	0
872	117	Nothing	51	3795730	0	1			0		other	0
872	118	Nothing	77	3815742	0	1			0		other	0
872	119	Nothing	19	3849653	0	1			0		other	0
872	120	Nothing	52	3864910	0	1			0		other	0
872	120	Response	3	3873829	8918	24
872	121	Nothing	111	3873909	0	1			0		false_alarm	237
872	121	Response	3	3876394	2485	9
872	121	Response	3	3880263	6354	5
872	121	Response	3	3881783	7874	8
872	121	Response	3	3883211	9302	6
872	121	Response	3	3884551	10642	6
872	122	Nothing	19	3908509	0	1			0		other	0
872	123	Nothing	52	3936528	0	1			0		other	0
872	124	Nothing	77	3956539	0	1			0		other	0
872	125	Nothing	19	3990482	0	1			0		other	0
872	127	Nothing	52	4025143	0	1			0		other	0
872	127	Response	3	4032285	7142	10
872	128	Nothing	111	4032334	0	1			0		false_alarm	249
872	128	Response	3	4034858	2524	9
872	128	Response	3	4038816	6482	11
872	128	Response	3	4040208	7874	5
872	128	Response	3	4041661	9327	18
872	128	Response	3	4043051	10717	9
872	128	Response	3	4044370	12036	8
872	129	Nothing	19	4067251	0	1			0		other	0
872	130	Nothing	51	4104894	0	1			0		other	0
872	130	Response	3	4111885	6991	9
872	131	Nothing	101	4111920	0	1			0		other	0
872	132	Nothing	19	4146541	0	1			0		other	0
872	133	Nothing	51	4166464	0	1			0		other	0
872	134	Nothing	77	4186475	0	1			0		other	0
872	135	Nothing	19	4220262	0	1			0		other	0
872	136	Nothing	52	4231582	0	1			0		other	0
872	136	Response	3	4243067	11485	7
872	137	Nothing	111	4243105	0	1			0		false_alarm	266
872	137	Response	3	4246417	3312	6
872	137	Response	3	4250196	7091	24
872	137	Response	3	4251642	8538	10
872	137	Response	3	4252967	9862	5
872	137	Response	3	4252972	9868	5
872	137	Response	3	4254380	11276	8
872	137	Response	3	4255737	12632	6
872	137	Response	3	4256853	13748	10
872	138	Nothing	19	4277815	0	1			0		other	0
872	139	Nothing	51	4301417	0	1			0		other	0
872	139	Response	3	4312375	10958	18
872	140	Nothing	101	4312428	0	0			0		other	0
872	141	Nothing	19	4347245	0	1			0		other	0
872	143	Nothing	51	4392541	0	1			0		other	0
872	143	Response	3	4401360	8819	7
872	144	Nothing	101	4401396	0	1			0		other	0
872	145	Nothing	19	4436255	0	1			0		other	0
872	146	Nothing	52	4459706	0	1			0		other	0
872	147	Nothing	77	4479716	0	1			0		other	0
872	148	Nothing	19	4513531	0	1			0		other	0
872	149	Nothing	51	4538580	0	1			0		other	0
872	149	Response	3	4549118	10538	5
872	149	Response	3	4549123	10543	7
872	150	Nothing	101	4549148	0	1			0		other	0
872	151	Nothing	19	4584162	0	1			0		other	0
872	152	Nothing	51	4595277	0	1			0		other	0
872	153	Nothing	77	4615286	0	1			0		other	0
872	154	Nothing	19	4649264	0	1			0		other	0
872	155	Nothing	51	4691824	0	1			0		other	0
872	156	Nothing	77	4711836	0	1			0		other	0
872	157	Nothing	19	4745544	0	1			0		other	0
872	159	Nothing	51	4775476	0	1			0		other	0
872	160	Nothing	77	4795488	0	1			0		other	0
872	161	Nothing	19	4829450	0	1			0		other	0
872	162	Nothing	52	4856294	0	1			0		other	0
872	162	Response	2	4871789	15495	6
872	163	Nothing	110	4871824	0	1			0		false_alarm	303
872	163	Response	2	4873495	1671	7
872	163	Response	2	4880285	8461	10
872	163	Response	2	4881709	9885	6
872	163	Response	2	4884471	12646	7
872	163	Response	2	4885725	13901	7
872	163	Response	2	4888312	16488	5
872	163	Response	2	4891216	19392	5
872	163	Response	2	4897012	25188	7
872	163	Response	2	4899522	27697	8
872	163	Response	2	4900803	28979	9
872	163	Response	2	4902222	30398	6
872	163	Response	2	4903726	31902	17
872	164	Nothing	19	4906659	0	1			0		other	0
872	165	Nothing	52	4931625	0	1			0		other	0
872	165	Response	2	4934727	3102	6
872	166	Nothing	110	4934771	0	1			0		other	0
872	167	Nothing	19	4969603	0	1			0		other	0
872	168	Nothing	51	4986429	0	1			0		other	0
872	168	Response	2	4987913	1483	19
872	169	Nothing	100	4987983	0	1			0		false_alarm	323
872	169	Response	2	4989699	1716	24
872	169	Response	2	4991091	3108	9
872	169	Response	2	4992175	4192	7
872	169	Response	2	4993614	5631	7
872	169	Response	2	4995083	7100	9
872	169	Response	2	4996425	8442	7
872	169	Response	2	4997980	9997	6
872	170	Nothing	19	5022668	0	1			0		other	0
872	171	Nothing	52	5049712	0	1			0		other	0
872	171	Response	3	5055631	5920	6
872	172	Nothing	111	5055669	0	1			0		false_alarm	334
872	172	Response	3	5058209	2540	26
872	172	Response	3	5062159	6490	9
872	172	Response	3	5063708	8039	7
872	172	Response	3	5065144	9475	5
872	172	Response	3	5066445	10776	5
872	172	Response	3	5067755	12086	6
872	173	Nothing	19	5090659	0	1			0		other	0
872	175	Nothing	51	5112478	0	1			0		other	0
872	175	Response	3	5119579	7101	5
872	176	Nothing	101	5119608	0	1			0		false_alarm	344
872	176	Response	3	5124742	5134	5
872	177	Nothing	19	5154229	0	1			0		other	0
872	178	Nothing	51	5176719	0	0			0		other	0
872	179	Nothing	77	5196742	0	1			0		other	0
872	180	Nothing	19	5230714	0	1			0		other	0
872	181	Nothing	52	5248250	0	1			0		other	0
872	181	Response	3	5255133	6883	9
872	182	Nothing	111	5255176	0	1			0		false_alarm	352
872	182	Response	3	5256597	1421	6
872	182	Response	3	5259299	4123	5
872	182	Response	3	5260595	5419	6
872	182	Response	3	5261896	6720	17
872	182	Response	3	5263304	8128	7
872	182	Response	3	5264692	9515	9
872	182	Response	3	5266048	10872	11
872	183	Nothing	19	5290285	0	1			0		other	0
872	184	Nothing	52	5304693	0	1			0		other	0
872	184	Response	3	5312079	7386	7
872	185	Nothing	111	5312120	0	1			0		false_alarm	363
872	185	Response	3	5314808	2688	18
872	185	Response	3	5316268	4148	5
872	185	Response	3	5316273	4153	6
872	185	Response	3	5317673	5553	7
872	185	Response	3	5319043	6923	6
872	185	Response	3	5320347	8228	6
872	185	Response	3	5321807	9687	17
872	185	Response	3	5323071	10951	6
872	186	Nothing	19	5346951	0	1			0		other	0
872	187	Nothing	51	5361483	0	1			0		other	0
872	187	Response	3	5368688	7205	9
872	188	Nothing	101	5368722	0	1			0		other	0
872	189	Nothing	19	5403390	0	1			0		other	0
872	191	Nothing	51	5414666	0	1			0		other	0
872	191	Response	3	5422233	7567	17
872	192	Nothing	101	5422275	0	1			0		other	0
872	193	Nothing	19	5457182	0	1			0		other	0
872	194	Nothing	51	5478720	0	1			0		other	0
872	195	Nothing	77	5498729	0	1			0		other	0
872	196	Nothing	19	5532532	0	1			0		other	0
872	197	Nothing	51	5581522	0	1			0		other	0
872	197	Response	2	5586814	5292	9
872	198	Nothing	100	5586863	0	1			0		false_alarm	386
872	198	Response	2	5591419	4557	6
872	198	Response	2	5594940	8077	6
872	198	Response	2	5596301	9438	7
872	199	Nothing	19	5621781	0	1			0		other	0
872	200	Nothing	51	5644938	0	1			0		other	0
872	200	Response	2	5648968	4029	5
872	201	Nothing	100	5649009	0	1			0		false_alarm	393
872	201	Response	2	5650312	1303	17
872	201	Response	2	5652156	3146	6
872	201	Response	2	5653593	4584	7
872	201	Response	2	5654954	5945	9
872	201	Response	2	5656235	7226	6
872	201	Response	2	5657655	8646	9
872	202	Nothing	19	5683545	0	1			0		other	0
872	203	Nothing	51	5706034	0	1			0		other	0
872	204	Nothing	77	5726045	0	1			0		other	0
872	205	Nothing	19	5759819	0	1			0		other	0
872	207	Nothing	51	5788296	0	1			0		other	0
872	207	Response	2	5792516	4220	6
872	208	Nothing	100	5792559	0	1			0		false_alarm	406
872	208	Response	2	5796387	3828	9
872	208	Response	2	5798365	5806	5
872	208	Response	2	5799702	7143	24
872	208	Response	2	5801048	8490	5
872	208	Response	2	5802429	9870	8
872	208	Response	2	5803591	11032	5
872	209	Nothing	19	5827462	0	1			0		other	0
872	210	Nothing	52	5861273	0	1			0		other	0
872	210	Response	3	5868931	7659	18
872	211	Nothing	111	5868991	0	1			0		false_alarm	416
872	211	Response	3	5871784	2793	5
872	211	Response	3	5875430	6439	7
872	211	Response	3	5876871	7880	9
872	211	Response	3	5878156	9166	9
872	211	Response	3	5879539	10548	24
872	211	Response	3	5880964	11973	6
872	212	Nothing	19	5903576	0	1			0		other	0
872	213	Nothing	51	5916319	0	1			0		other	0
872	213	Response	2	5919760	3441	9
872	214	Nothing	100	5919801	0	1			0		false_alarm	426
872	214	Response	2	5920863	1062	8
872	214	Response	2	5923751	3949	9
872	214	Response	2	5924851	5050	7
872	214	Response	2	5926525	6723	9
872	214	Response	2	5927943	8141	7
872	214	Response	2	5929478	9676	9
872	215	Nothing	19	5954567	0	1			0		other	0
872	216	Nothing	52	5969398	0	1			0		other	0
872	216	Response	3	5977915	8517	7
872	217	Nothing	111	5977953	0	1			0		false_alarm	436
872	217	Response	3	5979270	1317	5
872	217	Response	3	5979275	1322	5
872	217	Response	3	5981794	3841	10
872	217	Response	3	5983119	5166	7
872	217	Response	3	5984594	6641	10
872	217	Response	3	5985862	7910	6
872	217	Response	3	5987080	9128	9
872	218	Nothing	19	6012490	0	1			0		other	0
872	219	Nothing	51	6029393	0	1			0		other	0
872	219	Response	3	6040719	11326	7
872	220	Nothing	101	6040749	0	1			0		other	0
872	221	Nothing	19	6075366	0	1			0		other	0
872	223	Nothing	51	6097490	0	1			0		other	0
872	223	Response	2	6102310	4820	5
872	224	Nothing	100	6102347	0	1			0		false_alarm	451
872	224	Response	2	6105482	3135	6
872	224	Response	2	6107630	5283	15
872	224	Response	2	6109072	6725	6
872	224	Response	2	6110374	8027	8
872	225	Nothing	19	6137085	0	1			0		other	0
872	226	Nothing	51	6147555	0	1			0		other	0
872	226	Response	2	6150014	2459	17
872	227	Nothing	100	6150062	0	1			0		false_alarm	459
872	227	Response	2	6151024	962	7
872	227	Response	2	6153995	3933	6
872	227	Response	2	6155307	5245	6
872	227	Response	2	6156611	6549	5
872	228	Nothing	19	6184857	0	1			0		other	0
872	229	Nothing	52	6207049	0	1			0		other	0
872	230	Nothing	77	6227059	0	1			0		other	0
872	231	Nothing	19	6260822	0	1			0		other	0
872	232	Nothing	52	6271872	0	1			0		other	0
872	233	Nothing	77	6291882	0	1			0		other	0
872	234	Nothing	19	6325662	0	1			0		other	0
872	235	Nothing	52	6336592	0	1			0		other	0
872	236	Nothing	77	6356603	0	1			0		other	0
872	237	Nothing	19	6390344	0	1			0		other	0
872	239	Nothing	52	6430231	0	1			0		other	0
872	239	Response	3	6440974	10744	6
872	240	Nothing	111	6441012	0	1			0		false_alarm	476
872	240	Response	3	6443703	2691	7
872	240	Response	3	6447576	6564	6
872	240	Response	3	6449045	8033	5
872	240	Response	3	6450452	9441	9
872	240	Response	3	6451834	10822	17
872	240	Response	3	6453193	12181	6
872	241	Nothing	19	6476025	0	1			0		other	0
872	242	Nothing	51	6496763	0	1			0		other	0
872	243	Nothing	77	6516773	0	1			0		other	0
872	244	Nothing	19	6550676	0	1			0		other	0
872	245	Nothing	51	6577246	0	1			0		other	0
872	246	Nothing	77	6597259	0	1			0		other	0
872	247	Nothing	19	6630994	0	1			0		other	0
872	248	Nothing	51	6675643	0	1			0		other	0
872	249	Nothing	77	6695652	0	1			0		other	0
872	250	Nothing	19	6729358	0	1			0		other	0
872	251	Nothing	51	6758047	0	1			0		other	0
872	251	Response	2	6762442	4394	5
872	252	Nothing	100	6762478	0	1			0		false_alarm	495
872	252	Response	2	6774809	12331	10
872	252	Response	2	6779313	16835	9
872	252	Response	2	6780728	18250	17
872	253	Nothing	19	6797207	0	1			0		other	0
872	255	Nothing	51	6815016	0	1			0		other	0
872	255	Response	2	6818291	3275	6
872	256	Nothing	100	6818345	0	1			0		false_alarm	502
872	256	Response	2	6819446	1101	18
872	256	Response	2	6821060	2715	6
872	256	Response	2	6822388	4044	7
872	256	Response	2	6823892	5547	6
872	256	Response	2	6825353	7008	6
872	257	Nothing	19	6852893	0	1			0		other	0
872	258	Nothing	51	6874095	0	1			0		other	0
872	258	Response	2	6876943	2847	6
872	259	Nothing	100	6876983	0	1			0		false_alarm	511
872	259	Response	2	6878220	1237	7
872	259	Response	2	6881245	4261	6
872	259	Response	2	6882845	5862	7
872	259	Response	2	6884147	7163	7
872	260	Nothing	19	6911419	0	1			0		other	0
872	261	Nothing	51	6921743	0	1			0		other	0
872	261	Response	2	6924385	2642	8
872	262	Nothing	100	6924433	0	1			0		false_alarm	519
872	262	Response	2	6925653	1221	6
872	262	Response	2	6927318	2886	6
872	262	Response	2	6928720	4288	9
872	262	Response	2	6929977	5544	7
872	262	Response	2	6931314	6881	6
872	263	Nothing	19	6959124	0	1			0		other	0
872	264	Nothing	52	7003503	0	1			0		other	0
872	264	Response	3	7014644	11141	6
872	265	Nothing	111	7014683	0	1			0		false_alarm	528
872	265	Response	3	7017631	2948	6
872	265	Response	3	7020325	5642	6
872	265	Response	3	7021663	6980	5
872	265	Response	3	7023106	8423	6
872	265	Response	3	7024502	9819	9
872	265	Response	3	7025811	11128	7
872	265	Response	3	7027065	12382	5
872	266	Nothing	19	7049423	0	1			0		other	0
872	267	Nothing	52	7094681	0	1			0		other	0
872	267	Response	3	7102462	7781	6
872	268	Nothing	111	7102529	0	1			0		false_alarm	539
872	268	Response	3	7105173	2645	6
872	268	Response	3	7107872	5343	6
872	268	Response	3	7109377	6848	7
872	268	Response	3	7110776	8248	7
872	268	Response	3	7112323	9794	12
872	268	Response	3	7113735	11207	6
872	269	Nothing	19	7136982	0	1			0		other	0
872	271	Nothing	51	7150518	0	1			0		other	0
872	272	Nothing	77	7170532	0	1			0		other	0
872	273	Nothing	19	7204470	0	1			0		other	0
872	274	Nothing	51	7215751	0	1			0		other	0
872	274	Response	3	7224912	9161	9
872	275	Nothing	101	7224962	0	1			0		other	0
872	276	Nothing	19	7259960	0	1			0		other	0
872	277	Nothing	51	7279860	0	1			0		other	0
872	278	Nothing	77	7299870	0	1			0		other	0
872	279	Nothing	19	7333638	0	1			0		other	0
872	280	Nothing	51	7350003	0	1			0		other	0
872	281	Nothing	77	7370013	0	0			0		other	0
872	282	Nothing	19	7403466	0	1			0		other	0
872	283	Nothing	51	7415155	0	1			0		other	0
872	284	Nothing	77	7435166	0	1			0		other	0
872	285	Nothing	19	7468870	0	1			0		other	0
872	287	Nothing	51	7484535	0	1			0		other	0
872	287	Response	2	7489626	5091	5
872	288	Nothing	100	7489667	0	1			0		false_alarm	565
872	288	Response	2	7490800	1133	25
872	288	Response	2	7494049	4382	7
872	288	Response	2	7495434	5767	18
872	288	Response	2	7496774	7106	5
872	289	Nothing	19	7524546	0	1			0		other	0
872	290	Nothing	51	7535472	0	1			0		other	0
872	290	Response	2	7539274	3803	5
872	291	Nothing	100	7539311	0	1			0		false_alarm	573
872	291	Response	2	7541090	1780	5
872	291	Response	2	7543043	3732	6
872	291	Response	2	7544594	5284	7
872	291	Response	2	7546122	6812	5
872	291	Response	2	7547484	8173	7
872	292	Nothing	19	7574016	0	1			0		other	0
872	293	Nothing	52	7609240	0	1			0		other	0
872	293	Response	3	7617915	8676	17
872	294	Nothing	111	7617978	0	1			0		false_alarm	582
872	294	Response	3	7619406	1429	5
872	294	Response	3	7622089	4111	8
872	294	Response	3	7623426	5449	9
872	294	Response	3	7624770	6793	7
872	294	Response	3	7626134	8156	18
872	294	Response	3	7627582	9605	9
872	294	Response	3	7628933	10955	18
872	295	Nothing	19	7652733	0	1			0		other	0
872	296	Nothing	51	7664433	0	1			0		other	0
872	296	Response	2	7669612	5179	9
872	297	Nothing	100	7669671	0	1			0		false_alarm	593
872	297	Response	2	7670855	1184	18
872	297	Response	2	7672638	2967	5
872	297	Response	2	7673993	4322	5
872	297	Response	2	7675298	5627	5
872	297	Response	2	7677010	7339	8
872	297	Response	2	7678353	8682	6
872	298	Nothing	19	7704464	0	1			0		other	0
872	299	Nothing	52	7722539	0	1			0		other	0
872	299	Response	2	7728831	6291	5
872	300	Nothing	110	7728860	0	1			0		other	0
872	301	Nothing	19	7763717	0	1			0		other	0
872	303	Nothing	52	7792848	0	1			0		other	0
872	303	Response	3	7802504	9656	6
872	304	Nothing	111	7802542	0	1			0		false_alarm	607
872	304	Response	3	7805061	2519	6
872	304	Response	3	7807687	5146	6
872	304	Response	3	7809133	6592	16
872	304	Response	3	7810631	8089	8
872	304	Response	3	7811950	9409	8
872	304	Response	3	7813346	10804	8
872	305	Nothing	19	7837207	0	1			0		other	0
872	306	Nothing	51	7856185	0	1			0		other	0
872	306	Response	2	7860963	4779	6
872	307	Nothing	100	7861005	0	1			0		false_alarm	617
872	307	Response	2	7862203	1198	7
872	307	Response	2	7863912	2906	9
872	307	Response	2	7865164	4159	7
872	307	Response	2	7866541	5535	5
872	307	Response	2	7866546	5541	5
872	307	Response	2	7868012	7006	6
872	307	Response	2	7869261	8256	7
872	308	Nothing	19	7895656	0	1			0		other	0
872	309	Nothing	52	7914140	0	1			0		other	0
872	309	Response	3	7923664	9524	6
872	310	Nothing	111	7923727	0	1			0		false_alarm	628
872	310	Response	3	7926305	2578	7
872	310	Response	3	7929081	5354	5
872	310	Response	3	7930296	6568	15
872	310	Response	3	7931687	7960	6
872	310	Response	3	7933212	9484	5
872	310	Response	3	7934617	10889	5
872	311	Nothing	19	7958566	0	1			0		other	0
872	312	Nothing	52	7997385	0	1			0		other	0
872	312	Response	3	8003667	6283	6
872	312	Response	3	8003673	6288	7
872	313	Nothing	111	8003711	0	1			0		false_alarm	639
872	313	Response	3	8004865	1154	5
872	313	Response	3	8008931	5220	9
872	313	Response	3	8010202	6490	9
872	313	Response	3	8011545	7834	5
872	313	Response	3	8012955	9244	6
872	313	Response	3	8014440	10729	5
872	313	Response	3	8015808	12096	18
872	314	Nothing	19	8038579	0	1			0		other	0
872	315	Nothing	51	8068774	0	1			0		other	0
872	315	Response	3	8076373	7598	5
872	315	Response	3	8076378	7604	5
872	316	Nothing	101	8076404	0	1			0		other	0
872	317	Nothing	19	8111062	0	1			0		other	0
872	319	Nothing	51	8151328	0	1			0		other	0
872	319	Response	2	8155812	4484	6
872	320	Nothing	100	8155851	0	1			0		false_alarm	655
872	320	Response	2	8161541	5691	7
872	320	Response	2	8163665	7815	6
872	320	Response	2	8165137	9286	6
872	320	Response	2	8166618	10767	7
872	321	Nothing	19	8190781	0	1			0		other	0
872	322	Nothing	51	8226537	0	1			0		other	0
872	322	Response	3	8236505	9968	6
872	323	Nothing	101	8236533	0	1			0		other	0
872	324	Nothing	19	8271229	0	1			0		other	0
872	325	Nothing	51	8304196	0	1			0		other	0
872	326	Nothing	77	8324209	0	1			0		other	0
872	327	Nothing	19	8358213	0	1			0		other	0
872	328	Nothing	51	8373093	0	1			0		other	0
872	328	Response	2	8377379	4286	5
872	329	Nothing	100	8377418	0	1			0		false_alarm	670
872	329	Response	2	8382703	5285	10
872	329	Response	2	8385853	8434	8
872	329	Response	2	8387344	9926	9
872	329	Response	2	8388801	11383	8
872	330	Nothing	19	8412426	0	1			0		other	0
872	331	Nothing	51	8425564	0	1			0		other	0
872	331	Response	2	8428031	2468	19
872	332	Nothing	100	8428091	0	1			0		false_alarm	678
872	332	Response	2	8429404	1313	6
872	332	Response	2	8431032	2941	9
872	332	Response	2	8432440	4350	5
872	332	Response	2	8433909	5818	11
872	332	Response	2	8435337	7246	6
872	333	Nothing	19	8462691	0	1			0		other	0
872	335	Nothing	52	8496356	0	1			0		other	0
872	335	Response	3	8506437	10081	5
872	335	Response	3	8506442	10086	5
872	336	Nothing	111	8506475	0	1			0		false_alarm	688
872	336	Response	3	8506739	265	8
872	336	Response	3	8508752	2278	8
872	336	Response	3	8514466	7991	5
872	336	Response	3	8515863	9389	6
872	336	Response	3	8517115	10641	5
872	336	Response	3	8518461	11987	6
872	336	Response	3	8519833	13358	6
872	336	Response	3	8521352	14878	7
872	336	Response	3	8522717	16243	5
872	337	Nothing	19	8541278	0	1			0		other	0
872	338	Nothing	51	8559696	0	1			0		other	0
872	339	Nothing	77	8579709	0	1			0		other	0
872	340	Nothing	19	8613559	0	1			0		other	0
872	341	Nothing	52	8648763	0	1			0		other	0
872	341	Response	3	8655725	6962	26
872	342	Nothing	111	8655784	0	1			0		false_alarm	704
872	342	Response	3	8658280	2495	9
872	342	Response	3	8658289	2504	6
872	342	Response	3	8660964	5179	6
872	342	Response	3	8662225	6441	9
872	342	Response	3	8663570	7785	6
872	342	Response	3	8664995	9211	9
872	342	Response	3	8666292	10508	7
872	342	Response	3	8668723	12938	9
872	343	Nothing	19	8690898	0	1			0		other	0
872	344	Nothing	51	8735315	0	1			0		other	0
872	344	Response	3	8742220	6905	7
872	345	Nothing	101	8742254	0	1			0		other	0
872	346	Nothing	19	8776813	0	1			0		other	0
872	347	Nothing	51	8801280	0	1			0		other	0
872	347	Response	3	8810414	9133	9
872	348	Nothing	101	8810468	0	1			0		other	0
872	349	Nothing	19	8845423	0	1			0		other	0
872	351	Nothing	51	8887946	0	1			0		other	0
872	351	Response	3	8895412	7466	6
872	352	Nothing	101	8895447	0	1			0		other	0
872	353	Nothing	19	8929858	0	1			0		other	0
872	354	Nothing	51	8956254	0	1			0		other	0
872	354	Response	3	8963996	7741	5
872	355	Nothing	101	8964028	0	1			0		other	0
872	356	Nothing	19	8998959	0	1			0		other	0
872	357	Nothing	51	9010777	0	1			0		other	0
872	358	Nothing	77	9030787	0	1			0		other	0
872	359	Nothing	19	9064671	0	1			0		other	0
872	360	Nothing	51	9095449	0	1			0		other	0
872	360	Response	3	9103382	7932	9
872	361	Nothing	101	9103416	0	1			0		other	0
872	362	Nothing	19	9138413	0	1			0		other	0
872	363	Nothing	52	9160364	0	1			0		other	0
872	364	Nothing	77	9180373	0	1			0		other	0
872	365	Nothing	19	9214111	0	1			0		other	0
872	367	Nothing	51	9250495	0	1			0		other	0
872	368	Nothing	77	9270504	0	1			0		other	0
872	369	Nothing	19	9304179	0	1			0		other	0
872	370	Nothing	51	9322796	0	0			0		other	0
872	371	Nothing	77	9342811	0	1			0		other	0
872	372	Nothing	19	9376410	0	1			0		other	0
872	373	Nothing	51	9386616	0	1			0		other	0
872	373	Response	3	9394647	8031	5
872	374	Nothing	101	9394679	0	1			0		other	0
872	375	Nothing	19	9429819	0	1			0		other	0
872	376	Nothing	51	9449884	0	1			0		other	0
872	377	Nothing	77	9469893	0	1			0		other	0
872	378	Nothing	19	9503576	0	1			0		other	0
872	379	Nothing	51	9516951	0	1			0		other	0
872	380	Nothing	77	9536962	0	1			0		other	0
872	381	Nothing	19	9571001	0	1			0		other	0
872	383	Nothing	51	9619486	0	1			0		other	0
872	384	Nothing	77	9639496	0	1			0		other	0
872	385	Nothing	19	9673330	0	1			0		other	0
872	386	Nothing	51	9698077	0	1			0		other	0
872	386	Response	2	9702365	4288	6
872	387	Nothing	100	9702401	0	1			0		false_alarm	761
872	387	Response	2	9705154	2753	7
872	387	Response	2	9708229	5827	6
872	387	Response	2	9709622	7221	8
872	388	Nothing	19	9737566	0	1			0		other	0
872	389	Nothing	52	9771957	0	1			0		other	0
872	389	Response	2	9774468	2511	6
872	390	Nothing	110	9774502	0	1			0		false_alarm	768
872	390	Response	3	9780382	5880	7
872	391	Nothing	19	9809036	0	1			0		other	0
872	392	Nothing	51	9831141	0	1			0		other	0
872	393	Nothing	77	9851151	0	1			0		other	0
872	394	Nothing	19	9885108	0	1			0		other	0
872	395	Nothing	51	9895147	0	1			0		other	0
872	395	Response	3	9901630	6484	9
872	396	Nothing	101	9901670	0	1			0		other	0
872	397	Nothing	19	9936490	0	1			0		other	0
872	399	Nothing	51	9956555	0	1			0		other	0
872	399	Response	2	9959921	3365	7
872	400	Nothing	100	9959961	0	1			0		false_alarm	780
872	400	Response	2	9963125	3165	5
872	400	Response	2	9964683	4722	5
872	400	Response	2	9966186	6226	8
872	401	Nothing	19	9994677	0	1			0		other	0
872	402	Nothing	51	10017776	0	1			0		other	0
872	402	Response	3	10023525	5749	8
872	403	Nothing	101	10023555	0	1			0		other	0
872	404	Nothing	19	10058365	0	1			0		other	0
872	405	Nothing	51	10072651	0	1			0		other	0
872	405	Response	3	10076836	4186	5
872	406	Nothing	101	10076866	0	1			0		other	0
872	407	Nothing	19	10111502	0	1			0		other	0
872	408	Nothing	51	10131043	0	1			0		other	0
872	409	Nothing	77	10151051	0	1			0		other	0
872	410	Nothing	19	10184936	0	1			0		other	0
872	411	Nothing	52	10221436	0	1			0		other	0
872	411	Response	3	10227289	5852	7
872	412	Nothing	111	10227350	0	1			0		other	0
872	413	Nothing	19	10261974	0	1			0		other	0
872	415	Nothing	51	10283393	0	1			0		other	0
872	415	Response	3	10288986	5593	9
872	416	Nothing	101	10289017	0	1			0		false_alarm	802
872	416	Response	3	10292951	3934	7
872	416	Response	3	10294136	5119	6
872	416	Response	3	10295504	6487	9
872	416	Response	3	10296912	7895	6
872	416	Response	3	10298223	9206	6
872	416	Response	3	10299511	10494	7
872	417	Nothing	19	10323723	0	1			0		other	0
872	418	Nothing	52	10337357	0	1			0		other	0
872	419	Nothing	77	10357368	0	1			0		other	0
872	420	Nothing	19	10391191	0	1			0		other	0
872	421	Nothing	51	10417160	0	1			0		other	0
872	421	Response	3	10423776	6616	8
872	422	Nothing	101	10423811	0	1			0		false_alarm	815
872	422	Response	3	10423879	68	7
872	423	Nothing	19	10458814	0	1			0		other	0
872	424	Nothing	52	10490552	0	1			0		other	0
872	425	Nothing	77	10510562	0	1			0		other	0
872	425	Response	2	10535403	24840	5
872	425	Response	2	10537421	26859	5
872	426	Nothing	19	10544473	0	1			0		other	0
872	427	Nothing	51	10555533	0	1			0		other	0
872	427	Response	2	10558636	3103	5
872	428	Nothing	100	10558673	0	1			0		false_alarm	825
872	428	Response	2	10560601	1928	7
872	428	Response	2	10561712	3039	8
872	428	Response	2	10563195	4521	7
872	428	Response	2	10564811	6137	7
872	429	Nothing	19	10593661	0	1			0		other	0
872	431	Nothing	51	10606947	0	1			0		other	0
872	431	Response	2	10610634	3687	6
872	432	Nothing	100	10610674	0	1			0		false_alarm	833
872	432	Response	2	10610948	274	6
872	432	Response	2	10612011	1337	7
872	432	Response	2	10613667	2993	15
872	432	Response	2	10615071	4397	6
872	432	Response	2	10616431	5757	7
872	433	Nothing	19	10645404	0	0			0		other	0
872	434	Nothing	52	10669480	0	1			0		other	0
872	434	Response	2	10672002	2522	8
872	435	Nothing	110	10672033	0	1			0		other	0
872	436	Nothing	19	10706869	0	1			0		other	0
872	437	Nothing	51	10724245	0	1			0		other	0
872	437	Response	2	10727023	2778	7
872	438	Nothing	100	10727062	0	1			0		false_alarm	846
872	438	Response	2	10727413	351	6
872	438	Response	2	10728954	1892	6
872	438	Response	2	10730211	3148	16
872	438	Response	2	10731664	4601	24
872	438	Response	2	10733028	5965	6
872	439	Nothing	19	10761846	0	1			0		other	0
872	440	Nothing	52	10803199	0	1			0		other	0
872	440	Response	3	10811776	8577	6
872	441	Nothing	111	10811812	0	1			0		false_alarm	855
872	441	Response	3	10813193	1381	7
872	441	Response	3	10815954	4142	6
872	441	Response	3	10817077	5265	9
872	441	Response	3	10818555	6743	9
872	441	Response	3	10819959	8146	6
872	441	Response	3	10821306	9494	7
872	441	Response	3	10822621	10808	6
872	442	Nothing	19	10846686	0	1			0		other	0
872	443	Nothing	52	10877473	0	1			0		other	0
872	444	Nothing	77	10897482	0	1			0		other	0
872	445	Nothing	19	10931598	0	1			0		other	0
872	447	Nothing	52	10945577	0	1			0		other	0
872	447	Response	3	10951929	6352	7
872	448	Nothing	111	10951968	0	1			0		false_alarm	869
872	448	Response	3	10953379	1410	9
872	448	Response	3	10956057	4088	9
872	448	Response	3	10957335	5367	18
872	448	Response	3	10958753	6784	6
872	448	Response	3	10960155	8186	24
872	448	Response	3	10961390	9421	10
872	449	Nothing	19	10987032	0	1			0		other	0
872	450	Nothing	51	10998849	0	1			0		other	0
872	450	Response	2	11004523	5674	5
872	451	Nothing	100	11004559	0	1			0		false_alarm	879
872	451	Response	2	11008084	3525	9
872	451	Response	2	11010197	5638	5
872	451	Response	2	11011737	7178	6
872	451	Response	2	11013210	8651	9
872	451	Response	2	11014609	10051	9
872	451	Response	2	11016045	11486	5
872	452	Nothing	19	11039538	0	1			0		other	0
872	453	Nothing	52	11055794	0	1			0		other	0
872	453	Response	2	11058199	2405	5
872	454	Nothing	110	11058231	0	1			0		false_alarm	889
872	454	Response	2	11059598	1368	9
872	455	Nothing	19	11092686	0	1			0		other	0
872	456	Nothing	51	11114374	0	1			0		other	0
872	456	Response	2	11118581	4207	7
872	457	Nothing	100	11118622	0	0			0		false_alarm	894
872	457	Response	2	11119862	1239	6
872	457	Response	2	11121427	2805	7
872	457	Response	2	11122923	4300	6
872	457	Response	2	11124346	5724	8
872	457	Response	2	11125797	7174	6
872	458	Nothing	19	11153327	0	1			0		other	0
872	459	Nothing	52	11167355	0	1			0		other	0
872	459	Response	2	11170752	3397	5
872	459	Response	2	11170757	3402	5
872	460	Nothing	110	11170779	0	1			0		other	0
872	461	Nothing	19	11205270	0	1			0		other	0
872	463	Nothing	51	11219848	0	1			0		other	0
872	463	Response	2	11222157	2308	8
872	464	Nothing	100	11222205	0	1			0		false_alarm	908
872	464	Response	2	11223410	1205	6
872	464	Response	2	11226266	4061	5
872	464	Response	2	11227700	5495	7
872	464	Response	2	11229273	7068	6
872	465	Nothing	19	11256843	0	1			0		other	0
872	466	Nothing	52	11268136	0	1			0		other	0
872	466	Response	2	11270094	1958	16
872	467	Nothing	110	11270141	0	1			0		false_alarm	916
872	467	Response	2	11270300	159	5
872	467	Response	2	11270471	330	7
872	467	Response	2	11272147	2006	5
872	467	Response	2	11275410	5269	9
872	468	Nothing	19	11304988	0	1			0		other	0
872	469	Nothing	51	11330717	0	1			0		other	0
872	469	Response	2	11334597	3880	6
872	470	Nothing	100	11334648	0	1			0		false_alarm	924
872	470	Response	2	11337984	3336	7
872	470	Response	2	11339859	5211	16
872	470	Response	2	11341333	6685	6
872	470	Response	2	11342680	8032	7
872	470	Response	2	11344344	9696	6
872	470	Response	2	11344349	9701	7
872	471	Nothing	19	11369065	0	1			0		other	0
872	472	Nothing	52	11393658	0	1			0		other	0
872	473	Nothing	77	11413668	0	1			0		other	0
872	474	Nothing	19	11447823	0	1			0		other	0
872	475	Nothing	52	11493899	0	1			0		other	0
872	475	Response	3	11500343	6444	9
872	476	Nothing	111	11500389	0	1			0		false_alarm	937
872	476	Response	3	11501943	1554	9
872	476	Response	3	11505738	5349	6
872	476	Response	3	11507056	6667	9
872	476	Response	3	11508469	8080	5
872	476	Response	3	11509860	9471	9
872	476	Response	3	11511216	10827	6
872	476	Response	3	11512414	12025	5
872	477	Nothing	19	11535620	0	1			0		other	0
872	479	Nothing	51	11547541	0	1			0		other	0
872	479	Response	2	11550329	2788	6
872	480	Nothing	100	11550368	0	1			0		false_alarm	948
872	480	Response	2	11551466	1098	5
872	480	Response	2	11554219	3850	18
872	480	Response	2	11555715	5346	6
872	480	Response	2	11557053	6684	6
872	480	Response	2	11558424	8055	6
872	481	Nothing	19	11585275	0	1			0		other	0
872	482	Nothing	51	11627955	0	1			0		other	0
872	482	Response	3	11632934	4979	7
872	483	Nothing	101	11632963	0	1			0		false_alarm	957
872	483	Response	3	11634178	1215	5
872	484	Nothing	19	11667786	0	1			0		other	0
872	485	Nothing	52	11679508	0	1			0		other	0
872	485	Response	2	11684221	4713	7
872	486	Nothing	110	11684252	0	1			0		other	0
872	487	Nothing	19	11719049	0	0			0		other	0
872	488	Nothing	52	11742432	0	1			0		other	0
872	488	Response	3	11749642	7210	6
872	489	Nothing	111	11749681	0	1			0		false_alarm	966
872	489	Response	3	11753515	3834	14
872	489	Response	3	11754859	5178	8
872	489	Response	3	11756129	6447	6
872	489	Response	3	11757501	7820	7
872	489	Response	3	11758983	9302	10
872	489	Response	3	11760209	10527	6
872	489	Response	3	11761348	11667	5
872	489	Response	3	11762551	12869	5
872	489	Response	3	11762556	12874	7
872	490	Nothing	19	11784197	0	1			0		other	0
872	491	Nothing	51	11800492	0	1			0		other	0
872	492	Nothing	77	11820500	0	1			0		other	0
872	493	Nothing	19	11854423	0	1			0		other	0
872	495	Nothing	51	11885839	0	1			0		other	0
872	495	Response	3	11890682	4843	5
872	496	Nothing	101	11890717	0	1			0		false_alarm	982
872	496	Response	3	11892372	1655	8
872	497	Nothing	19	11925504	0	1			0		other	0
872	498	Nothing	51	11938784	0	1			0		other	0
872	498	Response	2	11943606	4822	7
872	499	Nothing	100	11943651	0	1			0		false_alarm	987
872	499	Response	2	11947233	3582	6
872	499	Response	2	11949211	5559	7
872	499	Response	2	11950474	6823	5
872	499	Response	2	11951990	8338	6
872	499	Response	2	11951995	8344	5
872	499	Response	2	11953391	9740	7
872	499	Response	2	11954696	11045	5
872	500	Nothing	19	11978686	0	1			0		other	0
872	501	Nothing	52	12021536	0	1			0		other	0
872	502	Nothing	77	12041548	0	1			0		other	0
872	503	Nothing	19	12075256	0	1			0		other	0
872	504	Nothing	51	12091485	0	1			0		other	0
872	504	Response	3	12098125	6639	5
872	505	Nothing	101	12098153	0	1			0		other	0
872	506	Nothing	19	12132881	0	1			0		other	0
872	507	Nothing	51	12162244	0	1			0		other	0
872	508	Nothing	77	12182262	0	1			0		other	0
872	509	Nothing	19	12216118	0	1			0		other	0
872	511	Nothing	52	12239988	0	1			0		other	0
872	511	Response	3	12247648	7660	8
872	512	Nothing	111	12247702	0	1			0		false_alarm	1008
872	512	Response	3	12250124	2422	17
872	512	Response	3	12252713	5011	7
872	512	Response	3	12254240	6538	6
872	512	Response	3	12255626	7924	5
872	512	Response	3	12257047	9345	5
872	512	Response	3	12258478	10776	8
872	513	Nothing	19	12282552	0	1			0		other	0
872	514	Nothing	51	12293241	0	1			0		other	0
872	514	Response	3	12303443	10202	7
872	515	Nothing	101	12303487	0	1			0		other	0
872	516	Nothing	19	12338230	0	1			0		other	0
872	517	Nothing	52	12353901	0	1			0		other	0
872	518	Nothing	77	12373915	0	1			0		other	0
872	519	Nothing	19	12407924	0	1			0		other	0
872	520	Nothing	52	12424834	0	1			0		other	0
872	521	Nothing	77	12444843	0	1			0		other	0
872	522	Nothing	19	12478583	0	1			0		other	0
872	523	Nothing	51	12528684	0	1			0		other	0
872	523	Response	3	12535879	7195	7
872	524	Nothing	101	12535912	0	1			0		other	0
872	525	Nothing	19	12570983	0	1			0		other	0
872	527	Nothing	52	12593803	0	1			0		other	0
872	528	Nothing	77	12613826	0	1			0		other	0
872	529	Nothing	19	12647745	0	1			0		other	0
872	530	Nothing	51	12666488	0	1			0		other	0
872	530	Response	3	12673617	7129	9
872	531	Nothing	101	12673669	0	1			0		other	0
872	532	Nothing	19	12708507	0	1			0		other	0
872	533	Nothing	52	12740830	0	1			0		other	0
872	534	Nothing	77	12760850	0	1			0		other	0
872	535	Nothing	19	12794939	0	1			0		other	0
872	536	Nothing	51	12806502	0	1			0		other	0
872	536	Response	2	12811278	4776	7
872	537	Nothing	100	12811320	0	1			0		false_alarm	1042
872	537	Response	2	12812645	1325	9
872	537	Response	2	12814224	2904	7
872	537	Response	2	12815390	4070	6
872	537	Response	2	12817291	5970	9
872	538	Nothing	19	12845942	0	1			0		other	0
872	539	Nothing	51	12858899	0	1			0		other	0
872	539	Response	2	12861427	2528	6
872	539	Response	2	12861435	2536	10
872	540	Nothing	100	12861470	0	1			0		false_alarm	1051
872	540	Response	2	12862662	1192	6
872	540	Response	2	12864442	2972	6
872	540	Response	2	12865696	4226	9
872	540	Response	2	12867082	5612	7
872	540	Response	2	12868620	7150	9
872	541	Nothing	19	12896341	0	1			0		other	0
872	543	Nothing	52	12923148	0	1			0		other	0
872	543	Response	3	12931799	8651	7
872	544	Nothing	111	12931863	0	1			0		false_alarm	1060
872	544	Response	3	12933306	1443	8
872	544	Response	3	12936938	5075	5
872	544	Response	3	12938330	6467	5
872	544	Response	3	12939665	7801	7
872	544	Response	3	12941131	9268	5
872	544	Response	3	12942465	10601	6
872	545	Nothing	19	12966690	0	1			0		other	0
872	546	Nothing	51	12996690	0	1			0		other	0
872	546	Response	3	13004911	8221	5
872	547	Nothing	101	13004942	0	1			0		other	0
872	548	Nothing	19	13039759	0	1			0		other	0
872	549	Nothing	51	13064378	0	1			0		other	0
872	549	Response	3	13072596	8218	5
872	550	Nothing	101	13072625	0	1			0		other	0
872	551	Nothing	19	13107221	0	1			0		other	0
872	552	Nothing	51	13149960	0	1			0		other	0
872	552	Response	3	13159128	9167	19
872	553	Nothing	101	13159193	0	1			0		other	0
872	554	Nothing	19	13193863	0	1			0		other	0
872	555	Nothing	52	13207675	0	1			0		other	0
872	555	Response	2	13212488	4813	5
872	555	Response	2	13212494	4818	5
872	556	Nothing	110	13212522	0	1			0		other	0
872	557	Nothing	19	13247210	0	1			0		other	0
872	559	Nothing	51	13270135	0	1			0		other	0
872	559	Response	3	13275332	5197	5
872	560	Nothing	101	13275369	0	1			0		other	0
872	561	Nothing	19	13310042	0	1			0		other	0
872	562	Nothing	52	13334974	0	1			0		other	0
872	562	Response	3	13342259	7286	9
872	563	Nothing	111	13342304	0	1			0		false_alarm	1091
872	563	Response	3	13346190	3886	7
872	563	Response	3	13348693	6389	10
872	563	Response	3	13350017	7713	16
872	563	Response	3	13351431	9127	8
872	563	Response	3	13352857	10552	8
872	563	Response	3	13354191	11886	18
872	563	Response	3	13355681	13376	8
872	564	Nothing	19	13377163	0	1			0		other	0
872	565	Nothing	52	13426575	0	1			0		other	0
872	565	Response	3	13433857	7281	5
872	566	Nothing	111	13433897	0	1			0		false_alarm	1102
872	566	Response	3	13436212	2315	7
872	566	Response	3	13438595	4699	7
872	566	Response	3	13439864	5968	16
872	566	Response	3	13441281	7384	5
872	566	Response	3	13442488	8592	9
872	566	Response	3	13443751	9855	6
872	566	Response	3	13445120	11223	9
872	566	Response	3	13446420	12523	6
872	567	Nothing	19	13468658	0	1			0		other	0
872	568	Nothing	51	13486074	0	1			0		other	0
872	568	Response	3	13493351	7277	9
872	569	Nothing	101	13493388	0	1			0		other	0
872	570	Nothing	19	13528119	0	1			0		other	0
872	571	Nothing	51	13552343	0	1			0		other	0
872	572	Nothing	77	13572352	0	1			0		other	0
872	573	Nothing	19	13606253	0	1			0		other	0
872	575	Nothing	51	13619186	0	1			0		other	0
872	575	Response	3	13626290	7105	7
872	576	Nothing	101	13626327	0	1			0		other	0
872	577	Nothing	19	13661041	0	1			0		other	0
872	578	Nothing	51	13702159	0	1			0		other	0
872	578	Response	3	13709872	7713	5
872	579	Nothing	101	13709906	0	1			0		other	0
872	580	Nothing	19	13744621	0	1			0		other	0
872	581	Nothing	52	13758568	0	1			0		other	0
872	581	Response	3	13769286	10718	6
872	582	Nothing	111	13769321	0	1			0		false_alarm	1129
872	582	Response	3	13770817	1497	6
872	582	Response	3	13773159	3839	6
872	582	Response	3	13774467	5146	6
872	582	Response	3	13775840	6519	5
872	582	Response	3	13777221	7901	10
872	582	Response	3	13778636	9315	10
872	582	Response	3	13779859	10539	6
872	583	Nothing	19	13803883	0	1			0		other	0
872	584	Nothing	51	13830135	0	1			0		other	0
872	584	Response	3	13838303	8168	7
872	585	Nothing	101	13838334	0	1			0		other	0
872	586	Nothing	19	13872811	0	1			0		other	0
872	587	Nothing	52	13896868	0	1			0		other	0
872	587	Response	3	13904471	7604	7
872	588	Nothing	111	13904518	0	1			0		false_alarm	1144
872	588	Response	3	13905536	1019	5
872	588	Response	3	13909282	4765	5
872	588	Response	3	13910607	6090	5
872	588	Response	3	13912042	7524	6
872	588	Response	3	13913375	8858	9
872	588	Response	3	13914809	10291	6
872	588	Response	3	13916107	11590	7
872	589	Nothing	19	13939527	0	1			0		other	0
872	591	Nothing	51	13955364	0	1			0		other	0
872	591	Response	3	13964922	9558	5
872	592	Nothing	101	13964952	0	1			0		other	0
872	593	Nothing	19	13999474	0	1			0		other	0
872	594	Nothing	51	14016948	0	1			0		other	0
872	594	Response	2	14023665	6717	6
872	595	Nothing	100	14023700	0	1			0		false_alarm	1159
872	595	Response	2	14023995	295	5
872	595	Response	2	14024904	1203	9
872	595	Response	2	14026291	2590	17
872	595	Response	2	14027351	3651	9
872	595	Response	2	14028959	5259	7
872	595	Response	2	14030482	6782	17
872	596	Nothing	19	14058506	0	1			0		other	0
872	597	Nothing	52	14092526	0	1			0		other	0
872	597	Response	3	14099391	6865	9
872	598	Nothing	111	14099432	0	1			0		false_alarm	1169
872	598	Response	3	14100820	1389	5
872	598	Response	3	14103412	3981	6
872	598	Response	3	14104610	5178	8
872	598	Response	3	14105908	6477	10
872	598	Response	3	14107219	7788	7
872	598	Response	3	14108615	9183	15
872	598	Response	3	14109963	10532	16
872	599	Nothing	19	14134091	0	1			0		other	0
872	600	Nothing	51	14147301	0	1			0		other	0
872	600	Response	3	14156340	9039	5
872	601	Nothing	101	14156382	0	1			0		other	0
872	602	Nothing	19	14190896	0	1			0		other	0
872	603	Nothing	52	14213010	0	1			0		other	0
872	603	Response	3	14220387	7377	7
872	604	Nothing	111	14220433	0	1			0		false_alarm	1184
872	604	Response	3	14221870	1437	9
872	604	Response	3	14224372	3939	5
872	604	Response	3	14225704	5271	9
872	604	Response	3	14227115	6682	10
872	604	Response	3	14228479	8046	6
872	604	Response	3	14229670	9237	6
872	605	Nothing	19	14255244	0	1			0		other	0
872	607	Nothing	51	14277676	0	1			0		other	0
872	607	Response	3	14286131	8456	6
872	608	Nothing	101	14286159	0	1			0		false_alarm	1194
872	608	Response	3	14287677	1518	8
872	609	Nothing	19	14320753	0	1			0		other	0
872	610	Nothing	51	14331758	0	1			0		other	0
872	610	Response	3	14349248	17490	5
872	611	Nothing	101	14349276	0	1			0		other	0
872	612	Nothing	19	14383944	0	1			0		other	0
872	613	Nothing	51	14410445	0	1			0		other	0
872	613	Response	3	14417535	7090	6
872	613	Response	3	14417541	7096	5
872	614	Nothing	101	14417571	0	1			0		other	0
872	615	Nothing	19	14452585	0	1			0		other	0
872	616	Nothing	52	14488383	0	1			0		other	0
872	616	Response	3	14494541	6159	5
872	617	Nothing	111	14494582	0	1			0		false_alarm	1208
872	617	Response	3	14497196	2614	7
872	617	Response	3	14499697	5115	6
872	617	Response	3	14501043	6462	6
872	617	Response	3	14502423	7841	6
872	617	Response	3	14503799	9217	7
872	617	Response	3	14505128	10547	5
872	618	Nothing	19	14529630	0	1			0		other	0
872	619	Nothing	51	14546558	0	1			0		other	0
872	620	Nothing	77	14566572	0	1			0		other	0
872	621	Nothing	19	14600352	0	1			0		other	0
872	623	Nothing	51	14612770	0	1			0		other	0
872	623	Response	3	14619137	6367	5
872	624	Nothing	101	14619167	0	1			0		other	0
872	625	Nothing	19	14653866	0	1			0		other	0
872	626	Nothing	51	14687100	0	1			0		other	0
872	627	Nothing	77	14707114	0	1			0		other	0
872	628	Nothing	19	14740961	0	1			0		other	0
872	629	Nothing	51	14755220	0	1			0		other	0
872	629	Response	2	14759831	4611	7
872	629	Response	2	14759838	4617	5
872	630	Nothing	100	14759870	0	1			0		false_alarm	1229
872	630	Response	2	14759994	124	6
872	630	Response	2	14761111	1241	7
872	630	Response	2	14762640	2770	6
872	630	Response	2	14763935	4065	7
872	630	Response	2	14765368	5498	6
872	631	Nothing	19	14794729	0	1			0		other	0
872	632	Nothing	51	14805919	0	1			0		other	0
872	633	Nothing	77	14825927	0	1			0		other	0
872	634	Nothing	19	14859838	0	1			0		other	0
872	635	Nothing	51	14905307	0	1			0		other	0
872	635	Response	3	14910098	4791	6
872	636	Nothing	101	14910127	0	1			0		other	0
872	637	Nothing	19	14944851	0	1			0		other	0
872	639	Nothing	51	14975443	0	1			0		other	0
872	639	Response	3	14982180	6737	9
872	640	Nothing	101	14982238	0	1			0		other	0
872	641	Nothing	19	15016811	0	1			0		other	0
872	642	Nothing	52	15048549	0	1			0		other	0
872	642	Response	3	15057430	8881	6
872	643	Nothing	111	15057467	0	1			0		false_alarm	1249
872	643	Response	3	15059979	2512	7
872	643	Response	3	15062525	5059	7
872	643	Response	3	15063921	6454	6
872	643	Response	3	15065290	7824	5
872	643	Response	3	15066614	9147	18
872	643	Response	3	15067970	10504	6
872	644	Nothing	19	15092432	0	1			0		other	0
872	645	Nothing	51	15122458	0	1			0		other	0
872	645	Response	3	15128580	6121	6
872	646	Nothing	101	15128618	0	0			0		other	0
872	647	Nothing	19	15163399	0	1			0		other	0
872	648	Nothing	51	15178872	0	1			0		other	0
872	648	Response	3	15188725	9854	7
872	649	Nothing	101	15188766	0	1			0		other	0
872	650	Nothing	19	15223261	0	1			0		other	0
872	651	Nothing	51	15257490	0	0			0		other	0
872	651	Response	3	15265459	7970	6
872	652	Nothing	101	15265493	0	1			0		other	0
872	653	Nothing	19	15300270	0	1			0		other	0
872	655	Nothing	52	15315666	0	1			0		other	0
872	656	Nothing	77	15335677	0	1			0		other	0
872	657	Nothing	19	15369737	0	1			0		other	0
872	658	Nothing	51	15388546	0	1			0		other	0
872	659	Nothing	77	15408553	0	1			0		other	0
872	660	Nothing	19	15442435	0	1			0		other	0
872	661	Nothing	51	15464995	0	1			0		other	0
872	661	Response	3	15472069	7074	8
872	662	Nothing	101	15472113	0	1			0		other	0
872	663	Nothing	19	15507103	0	1			0		other	0
872	664	Nothing	51	15521037	0	1			0		other	0
872	664	Response	2	15527686	6649	8
872	665	Nothing	100	15527759	0	1			0		false_alarm	1281
872	665	Response	2	15530902	3143	8
872	665	Response	2	15533980	6222	5
872	665	Response	2	15535374	7615	5
872	666	Nothing	19	15562637	0	1			0		other	0
872	667	Nothing	52	15578384	0	1			0		other	0
872	667	Response	2	15580866	2483	5
872	668	Nothing	110	15580897	0	1			0		other	0
872	669	Nothing	19	15615748	0	1			0		other	0
872	671	Nothing	52	15637403	0	0			0		other	0
872	671	Response	3	15646897	9494	6
872	672	Nothing	111	15646933	0	1			0		false_alarm	1292
872	672	Response	3	15649488	2555	5
872	672	Response	3	15653385	6452	9
872	672	Response	3	15654678	7745	5
872	672	Response	3	15656025	9093	9
872	672	Response	3	15657386	10453	9
872	672	Response	3	15658803	11870	8
872	672	Response	3	15660099	13166	8
872	673	Nothing	19	15681764	0	1			0		other	0
872	674	Nothing	52	15708047	0	1			0		other	0
872	674	Response	3	15715345	7298	8
872	675	Nothing	111	15715397	0	1			0		false_alarm	1303
872	675	Response	3	15716685	1288	5
872	675	Response	3	15720501	5104	24
872	675	Response	3	15721873	6476	7
872	675	Response	3	15723244	7847	5
872	675	Response	3	15724514	9117	8
872	675	Response	3	15725935	10538	18
872	675	Response	3	15727325	11928	8
872	675	Response	3	15728730	13333	6
872	675	Response	3	15730078	14681	5
872	676	Nothing	19	15750348	0	1			0		other	0
872	677	Nothing	51	15764297	0	1			0		other	0
872	677	Response	3	15770976	6679	6
872	678	Nothing	101	15771004	0	1			0		other	0
872	679	Nothing	19	15805952	0	1			0		other	0
872	680	Nothing	51	15827454	0	1			0		other	0
872	680	Response	3	15834600	7147	9
872	681	Nothing	101	15834646	0	1			0		other	0
872	682	Nothing	19	15869355	0	1			0		other	0
872	683	Nothing	51	15904613	0	1			0		other	0
872	683	Response	3	15910048	5435	5
872	684	Nothing	101	15910079	0	1			0		other	0
872	685	Nothing	19	15945163	0	1			0		other	0
872	687	Nothing	51	15958681	0	1			0		other	0
872	687	Response	2	15963967	5286	5
872	688	Nothing	100	15964008	0	1			0		false_alarm	1328
872	688	Response	2	15967604	3596	5
872	688	Response	2	15969463	5455	10
872	688	Response	2	15970735	6727	6
872	688	Response	2	15972280	8271	6
872	688	Response	2	15973641	9633	5
872	689	Nothing	19	15998631	0	1			0		other	0
872	690	Nothing	51	16029312	0	1			0		other	0
872	690	Response	3	16036688	7376	6
872	691	Nothing	101	16036725	0	1			0		other	0
872	692	Nothing	19	16071464	0	1			0		other	0
872	693	Nothing	51	16095569	0	1			0		other	0
872	693	Response	3	16102322	6753	7
872	694	Nothing	101	16102361	0	1			0		other	0
872	695	Nothing	19	16137055	0	1			0		other	0
872	696	Nothing	51	16157107	0	1			0		other	0
872	697	Nothing	77	16177117	0	1			0		other	0
872	698	Nothing	19	16211017	0	1			0		other	0
872	699	Nothing	52	16252667	0	1			0		other	0
872	699	Response	3	16259632	6965	9
872	700	Nothing	111	16259676	0	1			0		false_alarm	1348
872	700	Response	3	16261116	1440	6
872	700	Response	3	16263516	3840	25
872	700	Response	3	16264882	5206	9
872	700	Response	3	16266211	6535	8
872	700	Response	3	16267746	8070	5
872	700	Response	3	16269085	9408	7
872	700	Response	3	16269091	9415	6
872	700	Response	3	16271736	12060	6
872	701	Nothing	19	16294513	0	0			0		other	0
872	703	Nothing	51	16307592	0	1			0		other	0
872	703	Response	2	16310190	2598	7
872	704	Nothing	100	16310232	0	1			0		false_alarm	1360
872	704	Response	2	16311659	1426	17
872	704	Response	2	16313257	3024	16
872	704	Response	2	16314653	4421	7
872	704	Response	2	16316195	5963	6
872	704	Response	2	16317647	7415	5
872	704	Response	2	16319107	8875	7
872	705	Nothing	19	16344916	0	1			0		other	0
872	706	Nothing	52	16383740	0	1			0		other	0
872	706	Response	3	16391202	7463	5
872	707	Nothing	111	16391239	0	1			0		false_alarm	1370
872	707	Response	3	16392697	1458	7
872	707	Response	3	16394914	3676	5
872	707	Response	3	16396212	4974	9
872	707	Response	3	16397559	6320	8
872	707	Response	3	16398938	7700	6
872	707	Response	3	16400293	9054	9
872	707	Response	3	16401539	10300	5
872	708	Nothing	19	16426179	0	1			0		other	0
872	709	Nothing	51	16465077	0	1			0		other	0
872	709	Response	3	16470389	5313	9
872	710	Nothing	101	16470461	0	1			0		other	0
872	711	Nothing	19	16505571	0	1			0		other	0
872	712	Nothing	51	16517020	0	1			0		other	0
872	712	Response	3	16523481	6461	6
872	713	Nothing	101	16523511	0	1			0		other	0
872	714	Nothing	19	16558408	0	1			0		other	0
872	715	Nothing	51	16571670	0	1			0		other	0
872	715	Response	3	16578088	6418	7
872	716	Nothing	101	16578130	0	1			0		other	0
872	717	Nothing	19	16612827	0	1			0		other	0
872	719	Nothing	51	16638853	0	0			0		other	0
872	720	Nothing	77	16658884	0	1			0		other	0
872	721	Nothing	19	16692630	0	1			0		other	0
872	722	Nothing	52	16712244	0	1			0		other	0
872	722	Response	3	16719041	6798	6
872	723	Nothing	111	16719105	0	1			0		false_alarm	1396
872	723	Response	3	16720509	1404	8
872	723	Response	3	16722888	3783	8
872	723	Response	3	16724188	5083	6
872	723	Response	3	16725575	6470	10
872	723	Response	3	16726875	7770	9
872	723	Response	3	16728321	9216	10
872	723	Response	3	16729529	10424	10
872	724	Nothing	19	16754055	0	1			0		other	0
872	725	Nothing	51	16765305	0	1			0		other	0
872	725	Response	2	16771934	6630	6
872	726	Nothing	100	16771973	0	1			0		false_alarm	1407
872	726	Response	2	16778268	6295	6
872	726	Response	2	16781457	9484	6
872	726	Response	2	16782970	10997	5
872	726	Response	2	16784258	12285	5
872	726	Response	2	16785951	13978	9
872	727	Nothing	19	16806740	0	1			0		other	0
872	728	Nothing	52	16826654	0	1			0		other	0
872	729	Nothing	77	16846664	0	1			0		other	0
872	730	Nothing	19	16880406	0	1			0		other	0
872	731	Nothing	52	16901311	0	1			0		other	0
872	731	Response	2	16905682	4371	5
872	732	Nothing	110	16905713	0	1			0		false_alarm	1419
872	732	Response	2	16906161	448	5
872	733	Nothing	19	16940659	0	1			0		other	0
872	735	Nothing	51	16960340	0	1			0		other	0
872	735	Response	3	16967440	7100	5
872	736	Nothing	101	16967468	0	1			0		other	0
872	737	Nothing	19	17002077	0	1			0		other	0
872	738	Nothing	51	17015926	0	1			0		other	0
872	739	Nothing	77	17035957	0	1			0		other	0
872	740	Nothing	19	17070175	0	1			0		other	0
872	741	Nothing	51	17083664	0	1			0		other	0
872	741	Response	3	17093135	9471	6
872	742	Nothing	101	17093167	0	1			0		other	0
872	743	Nothing	19	17128153	0	1			0		other	0
872	744	Nothing	51	17176082	0	1			0		other	0
872	744	Response	3	17184590	8508	7
872	745	Nothing	101	17184623	0	1			0		other	0
872	746	Nothing	19	17219130	0	1			0		other	0
872	747	Nothing	52	17244003	0	1			0		other	0
872	747	Response	3	17251095	7093	8
872	748	Nothing	111	17251132	0	1			0		false_alarm	1439
872	748	Response	3	17254100	2968	5
872	748	Response	3	17254105	2973	5
872	748	Response	3	17255652	4520	6
872	748	Response	3	17256939	5807	6
872	748	Response	3	17258295	7163	10
872	748	Response	3	17259589	8456	8
872	748	Response	3	17261027	9894	5
872	748	Response	3	17262373	11240	8
872	748	Response	3	17263646	12514	5
872	748	Response	3	17264950	13817	5
872	749	Nothing	19	17285847	0	1			0		other	0
872	751	Nothing	51	17300958	0	1			0		other	0
872	751	Response	3	17308128	7170	9
872	752	Nothing	101	17308160	0	1			0		other	0
872	753	Nothing	19	17342873	0	1			0		other	0
872	754	Nothing	52	17382806	0	1			0		other	0
872	754	Response	3	17390659	7853	8
872	755	Nothing	111	17390706	0	1			0		false_alarm	1457
872	755	Response	3	17392174	1469	6
872	755	Response	3	17394731	4026	8
872	755	Response	3	17396044	5338	5
872	755	Response	3	17397342	6637	6
872	755	Response	3	17398735	8029	6
872	755	Response	3	17400083	9377	8
872	755	Response	3	17401396	10690	9
872	756	Nothing	19	17425415	0	1			0		other	0
872	757	Nothing	52	17453485	0	1			0		other	0
872	757	Response	3	17462119	8633	6
872	757	Response	3	17462124	8638	6
872	758	Nothing	111	17462162	0	1			0		false_alarm	1469
872	758	Response	3	17463678	1516	5
872	758	Response	3	17463683	1521	5
872	758	Response	3	17465971	3808	6
872	758	Response	3	17467243	5081	14
872	758	Response	3	17468624	6462	8
872	758	Response	3	17469886	7724	6
872	758	Response	3	17471291	9129	6
872	758	Response	3	17472735	10572	6
872	758	Response	3	17474113	11950	8
872	759	Nothing	19	17496726	0	1			0		other	0
872	760	Nothing	51	17511690	0	1			0		other	0
872	761	Nothing	77	17531711	0	1			0		other	0
872	762	Nothing	19	17565526	0	1			0		other	0
872	763	Nothing	51	17590277	0	1			0		other	0
872	764	Nothing	77	17610286	0	1			0		other	0
872	765	Nothing	19	17644338	0	1			0		other	0
872	767	Nothing	51	17677825	0	1			0		other	0
872	767	Response	3	17684903	7078	5
872	768	Nothing	101	17684935	0	1			0		other	0
872	769	Nothing	19	17719778	0	1			0		other	0
872	770	Nothing	51	17769577	0	1			0		other	0
872	770	Response	3	17776502	6925	9
872	771	Nothing	101	17776563	0	1			0		false_alarm	1492
872	771	Response	3	17777902	1339	9
872	772	Nothing	19	17811235	0	1			0		other	0
872	773	Nothing	51	17840663	0	1			0		other	0
872	773	Response	3	17850391	9727	7
872	774	Nothing	101	17850424	0	1			0		other	0
872	775	Nothing	19	17884930	0	1			0		other	0
872	776	Nothing	52	17934117	0	1			0		other	0
872	776	Response	3	17941672	7555	5
872	777	Nothing	111	17941716	0	1			0		false_alarm	1501
872	777	Response	3	17944175	2459	8
872	777	Response	3	17946684	4968	6
872	777	Response	3	17947933	6217	5
872	777	Response	3	17949287	7571	9
872	777	Response	3	17950587	8871	7
872	777	Response	3	17952059	10343	5
872	777	Response	3	17953564	11848	6
872	778	Nothing	19	17976318	0	1			0		other	0
872	779	Nothing	51	17991399	0	1			0		other	0
872	779	Response	3	18001666	10267	24
872	780	Nothing	101	18001716	0	1			0		other	0
872	781	Nothing	19	18036425	0	1			0		other	0
872	783	Nothing	51	18050478	0	1			0		other	0
872	784	Nothing	77	18070489	0	1			0		other	0
872	785	Nothing	19	18104399	0	0			0		other	0
872	786	Nothing	51	18131134	0	1			0		other	0
872	786	Response	3	18138045	6911	5
872	787	Nothing	101	18138076	0	1			0		other	0
872	788	Nothing	19	18173149	0	1			0		other	0
872	789	Nothing	51	18190249	0	1			0		other	0
872	789	Response	2	18193156	2907	5
872	790	Nothing	100	18193192	0	1			0		false_alarm	1523
872	790	Response	2	18197677	4484	9
872	790	Response	2	18201089	7897	9
872	790	Response	2	18202617	9424	7
872	791	Nothing	19	18228154	0	1			0		other	0
872	792	Nothing	51	18253584	0	1			0		other	0
872	793	Nothing	77	18273598	0	1			0		other	0
872	794	Nothing	19	18307487	0	1			0		other	0
872	795	Nothing	52	18327746	0	1			0		other	0
872	795	Response	3	18333307	5562	8
872	796	Nothing	111	18333345	0	1			0		false_alarm	1533
872	796	Response	3	18335898	2554	7
872	796	Response	3	18338692	5348	7
872	796	Response	3	18339948	6603	5
872	796	Response	3	18341258	7913	5
872	796	Response	3	18342549	9204	6
872	796	Response	3	18342554	9209	7
872	796	Response	3	18343907	10562	11
872	797	Nothing	19	18368304	0	1			0		other	0
872	799	Nothing	51	18392614	0	1			0		other	0
872	799	Response	3	18399285	6671	17
872	800	Nothing	101	18399349	0	1			0		other	0
872	801	Nothing	19	18433907	0	1			0		other	0
872	802	Nothing	51	18454988	0	1			0		other	0
872	802	Response	3	18461104	6116	5
872	803	Nothing	101	18461136	0	1			0		other	0
872	804	Nothing	19	18495935	0	1			0		other	0
872	805	Nothing	51	18539021	0	1			0		other	0
872	805	Response	3	18545328	6307	5
872	806	Nothing	101	18545356	0	1			0		other	0
872	807	Nothing	19	18580301	0	1			0		other	0
872	808	Nothing	52	18629158	0	1			0		other	0
872	809	Nothing	77	18649168	0	1			0		other	0
872	810	Nothing	19	18682883	0	1			0		other	0
872	811	Nothing	52	18707036	0	1			0		other	0
872	811	Response	3	18713681	6644	5
872	812	Nothing	111	18713721	0	1			0		false_alarm	1559
872	812	Response	3	18717071	3351	5
872	812	Response	3	18721360	7639	5
872	812	Response	3	18722751	9031	9
872	812	Response	3	18724103	10382	7
872	812	Response	3	18725582	11862	9
872	812	Response	3	18726960	13239	7
872	812	Response	3	18728333	14612	9
872	812	Response	3	18729739	16019	6
872	812	Response	3	18731193	17473	5
872	812	Response	3	18732472	18751	5
872	813	Nothing	19	18748757	0	1			0		other	0
872	815	Nothing	51	18779831	0	1			0		other	0
872	816	Nothing	77	18799858	0	1			0		other	0
872	817	Nothing	19	18833753	0	1			0		other	0
872	818	Nothing	51	18882935	0	1			0		other	0
872	819	Nothing	77	18902945	0	1			0		other	0
872	820	Nothing	19	18936928	0	1			0		other	0
872	821	Nothing	51	18966471	0	1			0		other	0
872	821	Response	3	18974842	8371	5
872	822	Nothing	101	18974869	0	1			0		other	0
872	823	Nothing	19	19009742	0	1			0		other	0
872	824	Nothing	51	19021824	0	1			0		other	0
872	825	Nothing	77	19041837	0	1			0		other	0
872	826	Nothing	19	19075867	0	1			0		other	0
872	827	Nothing	51	19089815	0	1			0		other	0
872	828	Nothing	77	19109824	0	1			0		other	0
872	829	Nothing	19	19143577	0	1			0		other	0
872	831	Nothing	52	19159923	0	1			0		other	0
872	831	Response	2	19166275	6352	9
872	832	Nothing	110	19166330	0	1			0		other	0
872	833	Nothing	19	19201249	0	1			0		other	0
872	834	Nothing	51	19220027	0	1			0		other	0
872	835	Nothing	77	19240040	0	1			0		other	0
872	836	Nothing	19	19273910	0	1			0		other	0
872	837	Nothing	51	19285288	0	1			0		other	0
872	837	Response	3	19293094	7806	6
872	838	Nothing	101	19293126	0	1			0		other	0
872	839	Nothing	19	19327739	0	1			0		other	0
872	840	Nothing	51	19362332	0	1			0		other	0
872	840	Response	2	19365685	3353	15
872	841	Nothing	100	19365732	0	1			0		false_alarm	1600
872	841	Response	2	19367135	1403	7
872	841	Response	2	19368684	2951	7
872	841	Response	2	19369977	4245	6
872	841	Response	2	19371439	5707	5
872	841	Response	2	19372846	7114	6
872	841	Response	2	19374408	8676	9
872	842	Nothing	19	19400850	0	1			0		other	0
872	843	Nothing	51	19425182	0	1			0		other	0
872	844	Nothing	77	19445204	0	1			0		other	0
872	845	Nothing	19	19479351	0	1			0		other	0
872	847	Nothing	51	19508734	0	0			0		other	0
872	847	Response	3	19516097	7363	7
872	848	Nothing	101	19516135	0	1			0		other	0
872	849	Nothing	19	19551013	0	1			0		other	0
872	850	Nothing	52	19565445	0	1			0		other	0
872	851	Nothing	77	19585456	0	1			0		other	0
872	852	Nothing	19	19619357	0	1			0		other	0
872	853	Nothing	52	19638376	0	1			0		other	0
872	853	Response	3	19646666	8290	7
872	854	Nothing	111	19646707	0	1			0		false_alarm	1620
872	854	Response	3	19650971	4263	10
872	854	Response	3	19655455	8748	9
872	854	Response	3	19656708	10001	8
872	854	Response	3	19658190	11483	8
872	854	Response	3	19659561	12853	16
872	854	Response	3	19660931	14223	7
872	854	Response	3	19662329	15621	15
872	855	Nothing	19	19681587	0	1			0		other	0
872	856	Nothing	51	19731399	0	1			0		other	0
872	857	Nothing	77	19751421	0	1			0		other	0
872	858	Nothing	19	19785287	0	1			0		other	0
872	859	Nothing	51	19803314	0	1			0		other	0
872	860	Nothing	77	19823324	0	1			0		other	0
872	861	Nothing	19	19857482	0	1			0		other	0
872	863	Nothing	51	19870247	0	1			0		other	0
872	864	Nothing	77	19890258	0	1			0		other	0
872	865	Nothing	19	19924128	0	1			0		other	0
872	866	Nothing	51	19948147	0	1			0		other	0
872	866	Response	3	19953760	5613	17
872	867	Nothing	101	19953825	0	1			0		other	0
872	868	Nothing	19	19988947	0	1			0		other	0
872	869	Nothing	51	20005554	0	1			0		other	0
872	870	Nothing	77	20025562	0	1			0		other	0
872	871	Nothing	19	20059283	0	1			0		other	0
872	872	Nothing	51	20078934	0	1			0		other	0
872	872	Response	3	20085579	6646	5
872	873	Nothing	101	20085608	0	1			0		other	0
872	874	Nothing	19	20120377	0	1			0		other	0
872	875	Nothing	51	20162860	0	1			0		other	0
872	875	Response	3	20169734	6874	6
872	876	Nothing	101	20169768	0	1			0		other	0
872	877	Nothing	19	20204444	0	1			0		other	0
872	879	Nothing	51	20251672	0	1			0		other	0
872	880	Nothing	77	20271682	0	1			0		other	0
872	881	Nothing	19	20305670	0	1			0		other	0
872	882	Nothing	51	20330996	0	1			0		other	0
872	883	Nothing	77	20351009	0	1			0		other	0
872	884	Nothing	19	20384721	0	1			0		other	0
872	885	Nothing	51	20428313	0	1			0		other	0
872	886	Nothing	77	20448322	0	1			0		other	0
872	887	Nothing	19	20482140	0	1			0		other	0
872	888	Nothing	51	20495777	0	1			0		other	0
872	888	Response	3	20501459	5682	17
872	889	Nothing	101	20501512	0	1			0		other	0
872	890	Nothing	19	20536352	0	1			0		other	0
872	891	Nothing	51	20570628	0	0			0		other	0
872	892	Nothing	77	20590642	0	1			0		other	0
872	893	Nothing	19	20624754	0	1			0		other	0
872	895	Nothing	52	20635615	0	1			0		other	0
872	896	Nothing	77	20655624	0	1			0		other	0
872	897	Nothing	19	20689511	0	1			0		other	0
872	898	Nothing	51	20707119	0	1			0		other	0
872	899	Nothing	77	20727127	0	1			0		other	0
872	900	Nothing	19	20760978	0	1			0		other	0
872	901	Nothing	51	20808593	0	1			0		other	0
872	901	Response	3	20812653	4060	5
872	902	Nothing	101	20812695	0	1			0		other	0
872	903	Nothing	19	20847480	0	1			0		other	0
872	904	Nothing	51	20873204	0	1			0		other	0
872	905	Nothing	77	20893214	0	1			0		other	0
872	906	Nothing	19	20927036	0	1			0		other	0
872	907	Nothing	51	20971364	0	1			0		other	0
872	908	Nothing	77	20991372	0	1			0		other	0
872	909	Nothing	19	21025453	0	1			0		other	0
872	911	Nothing	51	21064607	0	1			0		other	0
872	911	Response	2	21066723	2115	9
872	912	Nothing	100	21066771	0	1			0		false_alarm	1687
872	912	Response	2	21068103	1332	6
872	912	Response	2	21069671	2900	10
872	912	Response	2	21071169	4398	5
872	912	Response	2	21072340	5569	6
872	913	Nothing	19	21101699	0	1			0		other	0
872	914	Nothing	51	21117042	0	1			0		other	0
872	915	Nothing	77	21137060	0	1			0		other	0
872	916	Nothing	19	21170957	0	1			0		other	0
872	917	Nothing	51	21184187	0	1			0		other	0
872	918	Nothing	77	21204208	0	1			0		other	0
872	919	Nothing	19	21237867	0	1			0		other	0
872	920	Nothing	52	21286059	0	1			0		other	0
872	921	Nothing	77	21306070	0	1			0		other	0
872	922	Nothing	19	21339978	0	1			0		other	0
872	923	Nothing	51	21364199	0	1			0		other	0
872	923	Response	2	21366075	1876	9
872	924	Nothing	100	21366135	0	1			0		false_alarm	1704
872	924	Response	2	21367726	1591	7
872	924	Response	2	21369318	3183	6
872	924	Response	2	21370765	4631	6
872	924	Response	2	21372197	6062	8
872	925	Nothing	19	21400953	0	1			0		other	0
872	927	Nothing	51	21425871	0	1			0		other	0
872	928	Nothing	77	21445892	0	1			0		other	0
872	929	Nothing	19	21479586	0	1			0		other	0
872	930	Nothing	51	21490894	0	1			0		other	0
872	931	Nothing	77	21510906	0	1			0		other	0
872	932	Nothing	19	21544741	0	1			0		other	0
872	933	Nothing	51	21568474	0	1			0		other	0
872	934	Nothing	77	21588507	0	1			0		other	0
872	935	Nothing	19	21622236	0	0			0		other	0
872	936	Nothing	52	21669591	0	1			0		other	0
872	936	Response	2	21672623	3032	9
872	937	Nothing	110	21672656	0	1			0		other	0
872	938	Nothing	19	21707441	0	1			0		other	0
872	939	Nothing	52	21740029	0	1			0		other	0
872	940	Nothing	77	21760039	0	1			0		other	0
872	941	Nothing	19	21793794	0	1			0		other	0
872	943	Nothing	51	21810365	0	1			0		other	0
872	944	Nothing	77	21830387	0	1			0		other	0
872	945	Nothing	19	21864101	0	1			0		other	0
872	946	Nothing	52	21883063	0	1			0		other	0
872	947	Nothing	77	21903071	0	1			0		other	0
872	948	Nothing	19	21936854	0	1			0		other	0
872	949	Nothing	51	21982211	0	1			0		other	0
872	950	Nothing	77	22002224	0	1			0		other	0
872	951	Nothing	19	22036232	0	1			0		other	0
872	952	Nothing	51	22064090	0	0			0		other	0
872	952	Response	2	22066584	2493	5
872	953	Nothing	100	22066621	0	1			0		false_alarm	1737
872	953	Response	2	22067835	1214	6
872	953	Response	2	22070830	4209	9
872	953	Response	2	22072266	5644	6
872	953	Response	2	22073535	6913	7
872	953	Response	2	22074828	8206	5
872	953	Response	2	22076159	9537	7
872	954	Nothing	19	22101602	0	1			0		other	0
872	955	Nothing	51	22112647	0	1			0		other	0
872	955	Response	2	22115714	3068	6
872	956	Nothing	100	22115755	0	1			0		false_alarm	1747
872	956	Response	2	22118742	2987	5
872	956	Response	2	22120864	5108	6
872	956	Response	2	22122367	6612	24
872	956	Response	2	22123814	8058	6
872	956	Response	2	22125128	9372	18
872	957	Nothing	19	22150381	0	1			0		other	0
872	959	Nothing	51	22188525	0	1			0		other	0
872	960	Nothing	77	22208537	0	1			0		other	0
872	961	Nothing	19	22242293	0	1			0		other	0
872	962	Nothing	51	22261411	0	1			0		other	0
872	963	Nothing	77	22281420	0	1			0		other	0
872	964	Nothing	19	22315161	0	1			0		other	0
872	965	Nothing	52	22345046	0	1			0		other	0
872	966	Nothing	77	22365055	0	1			0		other	0
872	967	Nothing	19	22398693	0	1			0		other	0
872	968	Nothing	52	22432875	0	1			0		other	0
872	969	Nothing	77	22452889	0	1			0		other	0
872	970	Nothing	19	22486762	0	1			0		other	0
872	971	Nothing	51	22508351	0	1			0		other	0
872	972	Nothing	77	22528365	0	1			0		other	0
872	972	Response	2	22529368	1004	6
872	972	Response	2	22531516	3151	10
872	973	Nothing	19	22562062	0	1			0		other	0
872	975	Nothing	51	22573085	0	1			0		other	0
872	975	Response	2	22574964	1879	6
872	976	Nothing	100	22575006	0	1			0		false_alarm	1773
872	976	Response	2	22575298	292	7
872	976	Response	2	22576310	1304	5
872	976	Response	2	22577798	2792	8
872	976	Response	2	22579136	4129	6
872	976	Response	2	22580475	5469	7
872	976	Response	2	22581865	6859	5
872	977	Nothing	19	22609847	0	1			0		other	0
872	978	Nothing	52	22658655	0	1			0		other	0
872	979	Nothing	77	22678676	0	1			0		other	0
872	980	Nothing	19	22712743	0	1			0		other	0
872	981	Nothing	51	22762320	0	1			0		other	0
872	981	Response	2	22765095	2775	7
872	982	Nothing	100	22765141	0	1			0		false_alarm	1786
872	982	Response	2	22768250	3109	5
872	982	Response	2	22770025	4884	8
872	982	Response	2	22771461	6320	6
872	982	Response	2	22772815	7675	9
872	982	Response	2	22774420	9279	7
872	983	Nothing	19	22800055	0	1			0		other	0
872	984	Nothing	51	22836781	0	1			0		other	0
872	985	Nothing	77	22856795	0	1			0		other	0
872	986	Nothing	19	22890585	0	1			0		other	0
872	987	Nothing	52	22901694	0	1			0		other	0
872	988	Nothing	77	22921704	0	1			0		other	0
872	989	Nothing	19	22955436	0	1			0		other	0
872	991	Nothing	51	22992460	0	1			0		other	0
872	992	Nothing	77	23012468	0	1			0		other	0
872	993	Nothing	19	23046307	0	1			0		other	0
872	994	Nothing	52	23094162	0	1			0		other	0
872	995	Nothing	77	23114179	0	1			0		other	0
872	996	Nothing	19	23147845	0	1			0		other	0
872	997	Nothing	51	23175270	0	1			0		other	0
872	997	Response	2	23178376	3106	5
872	998	Nothing	100	23178416	0	1			0		false_alarm	1807
872	998	Response	2	23181384	2968	5
872	998	Response	2	23184794	6379	7
872	998	Response	2	23186351	7935	5
872	998	Response	2	23187718	9303	7
872	998	Response	2	23189106	10690	9
872	999	Nothing	19	23213544	0	1			0		other	0
872	1000	Nothing	51	23235687	0	1			0		other	0
872	1000	Response	2	23237693	2006	7
872	1001	Nothing	100	23237740	0	1			0		false_alarm	1816
872	1001	Response	2	23241477	3737	5
872	1001	Response	2	23243473	5733	5
872	1001	Response	2	23244964	7224	16
872	1001	Response	2	23246376	8636	8
872	1001	Response	2	23247693	9952	9
872	1002	Nothing	19	23272598	0	1			0		other	0
872	1003	Nothing	51	23296861	0	1			0		other	0
872	1003	Response	2	23300927	4066	11
872	1004	Nothing	100	23300993	0	1			0		false_alarm	1825
872	1004	Response	2	23303098	2105	5
872	1004	Response	2	23305189	4196	6
872	1004	Response	2	23306480	5487	10
872	1004	Response	2	23307921	6928	7
872	1004	Response	2	23309363	8370	7
872	1004	Response	2	23311009	10016	17
872	1004	Response	2	23312085	11092	10
872	1005	Nothing	19	23335730	0	1			0		other	0
872	1007	Nothing	52	23362398	0	1			0		other	0
872	1007	Response	2	23365843	3446	5
872	1007	Response	2	23365849	3451	6
872	1008	Nothing	110	23365873	0	1			0		other	0
872	1009	Nothing	19	23400370	0	1			0		other	0
872	1010	Nothing	52	23437123	0	1			0		other	0
872	1010	Response	2	23439417	2295	7
872	1011	Nothing	110	23439460	0	1			0		other	0
872	1012	Nothing	19	23474192	0	1			0		other	0
872	1013	Nothing	51	23518220	0	1			0		other	0
872	1014	Nothing	77	23538250	0	1			0		other	0
872	1015	Nothing	19	23572065	0	1			0		other	0
872	1016	Nothing	52	23592130	0	1			0		other	0
872	1016	Response	2	23594688	2558	6
872	1017	Nothing	110	23594723	0	1			0		other	0
872	1018	Nothing	19	23629587	0	1			0		other	0
872	1019	Nothing	52	23653672	0	1			0		other	0
872	1020	Nothing	77	23673684	0	1			0		other	0
872	1021	Nothing	19	23707455	0	1			0		other	0
872	1023	Nothing	52	23728807	0	1			0		other	0
872	1024	Nothing	77	23748816	0	1			0		other	0
872	1025	Nothing	19	23782634	0	1			0		other	0
872	1026	Nothing	52	23800746	0	1			0		other	0
872	1027	Nothing	77	23820755	0	1			0		other	0
872	1028	Nothing	19	23854492	0	1			0		other	0
872	1029	Nothing	52	23872351	0	1			0		other	0
872	1030	Nothing	77	23892359	0	1			0		other	0
872	1031	Nothing	19	23925950	0	1			0		other	0
872	1032	Nothing	52	23960202	0	1			0		other	0
872	1033	Nothing	77	23980210	0	1			0		other	0
872	1034	Nothing	19	24013984	0	1			0		other	0
872	1035	Nothing	52	24024433	0	1			0		other	0
872	1036	Nothing	77	24044444	0	1			0		other	0
872	1037	Nothing	19	24078267	0	1			0		other	0
872	1039	Nothing	52	24118714	0	1			0		other	0
872	1040	Nothing	77	24138723	0	1			0		other	0
872	1041	Nothing	19	24172608	0	1			0		other	0
872	1042	Nothing	52	24196876	0	1			0		other	0
872	1043	Nothing	77	24216887	0	1			0		other	0
872	1044	Nothing	19	24250779	0	1			0		other	0
872	1045	Nothing	52	24262048	0	1			0		other	0
872	1045	Response	2	24265820	3772	7
872	1046	Nothing	110	24265851	0	1			0		other	0
872	1047	Nothing	19	24300675	0	1			0		other	0
872	1048	Nothing	52	24330121	0	1			0		other	0
872	1049	Nothing	77	24350129	0	1			0		other	0
872	1050	Nothing	19	24383814	0	1			0		other	0
872	1051	Nothing	52	24403693	0	1			0		other	0
872	1052	Nothing	77	24423703	0	1			0		other	0
872	1053	Nothing	19	24457580	0	1			0		other	0
872	1055	Nothing	51	24468601	0	1			0		other	0
872	1055	Response	2	24471215	2613	5
872	1056	Nothing	100	24471250	0	1			0		false_alarm	1886
872	1056	Response	2	24472517	1267	7
872	1056	Response	2	24474107	2857	6
872	1056	Response	2	24475429	4180	5
872	1056	Response	2	24476633	5384	7
872	1056	Response	2	24477945	6695	6
872	1057	Nothing	19	24505955	0	1			0		other	0
872	1058	Nothing	52	24516373	0	1			0		other	0
872	1058	Response	2	24518101	1728	9
872	1059	Nothing	110	24518137	0	1			0		other	0
872	1060	Nothing	19	24553028	0	1			0		other	0
872	1061	Nothing	51	24575406	0	1			0		other	0
872	1062	Nothing	77	24595426	0	1			0		other	0
872	1063	Nothing	19	24629374	0	1			0		other	0
872	1064	Nothing	52	24653599	0	1			0		other	0
872	1065	Nothing	77	24673608	0	1			0		other	0
872	1066	Nothing	19	24707334	0	1			0		other	0
872	1067	Nothing	52	24733303	0	1			0		other	0
872	1068	Nothing	77	24753333	0	1			0		other	0
872	1069	Nothing	19	24787155	0	1			0		other	0
872	1071	Nothing	51	24800651	0	1			0		other	0
872	1072	Nothing	77	24820661	0	1			0		other	0
872	1073	Nothing	19	24854269	0	1			0		other	0
872	1074	Nothing	52	24894310	0	1			0		other	0
872	1075	Nothing	77	24914321	0	1			0		other	0
872	1076	Nothing	19	24948093	0	1			0		other	0
872	1077	Nothing	52	24976235	0	1			0		other	0
872	1078	Nothing	77	24996245	0	1			0		other	0
872	1079	Nothing	19	25030248	0	1			0		other	0
872	1080	Nothing	51	25073426	0	1			0		other	0
872	1081	Nothing	77	25093437	0	1			0		other	0
872	1082	Nothing	19	25127421	0	1			0		other	0
872	1083	Nothing	52	25159843	0	1			0		other	0
872	1084	Nothing	77	25179853	0	1			0		other	0
872	1085	Nothing	19	25213565	0	1			0		other	0
872	1087	Nothing	51	25254695	0	1			0		other	0
872	1088	Nothing	77	25274719	0	1			0		other	0
872	1089	Nothing	19	25308610	0	1			0		other	0
872	1090	Nothing	51	25321861	0	1			0		other	0
872	1090	Response	2	25325349	3487	5
872	1091	Nothing	100	25325386	0	1			0		false_alarm	1926
872	1091	Response	2	25328947	3561	5
872	1091	Response	2	25332160	6774	5
872	1091	Response	2	25333701	8315	9
872	1091	Response	2	25335030	9644	11
872	1092	Nothing	19	25360306	0	1			0		other	0
872	1093	Nothing	52	25371484	0	1			0		other	0
872	1093	Response	2	25373615	2132	9
872	1094	Nothing	110	25373657	0	1			0		other	0
872	1095	Nothing	19	25408205	0	1			0		other	0
872	1096	Nothing	52	25441943	0	1			0		other	0
872	1096	Response	2	25445176	3233	6
872	1096	Response	2	25445182	3239	5
872	1097	Nothing	110	25445216	0	1			0		other	0
872	1098	Nothing	19	25479857	0	1			0		other	0
872	1099	Nothing	52	25497212	0	1			0		other	0
872	1099	Response	2	25500623	3411	7
872	1100	Nothing	110	25500655	0	1			0		other	0
872	1101	Nothing	19	25535378	0	1			0		other	0
872	1103	Nothing	52	25557584	0	1			0		other	0
872	1104	Nothing	77	25577594	0	1			0		other	0
872	1105	Nothing	19	25611342	0	1			0		other	0
872	1106	Nothing	52	25638863	0	1			0		other	0
872	1106	Response	2	25641911	3048	6
872	1106	Response	2	25641917	3054	5
872	1107	Nothing	110	25641939	0	1			0		false_alarm	1951
872	1107	Response	2	25651251	9313	8
872	1108	Nothing	19	25676895	0	1			0		other	0
872	1109	Nothing	52	25710047	0	1			0		other	0
872	1109	Response	2	25713362	3315	5
872	1110	Nothing	110	25713391	0	1			0		false_alarm	1956
872	1110	Response	2	25713654	263	7
872	1110	Response	2	25713661	270	5
872	1111	Nothing	19	25748106	0	0			0		other	0
872	1112	Nothing	52	25780296	0	1			0		other	0
872	1112	Response	2	25783650	3354	5
872	1113	Nothing	110	25783679	0	1			0		other	0
872	1114	Nothing	19	25818482	0	1			0		other	0
872	1115	Nothing	52	25866703	0	1			0		other	0
872	1115	Response	2	25869261	2558	6
872	1116	Nothing	110	25869290	0	1			0		other	0
872	1117	Nothing	19	25903869	0	1			0		other	0
872	1119	Nothing	52	25929758	0	1			0		other	0
872	1119	Response	2	25933303	3545	9
872	1120	Nothing	110	25933339	0	1			0		other	0
872	1121	Nothing	19	25968130	0	1			0		other	0
872	1122	Nothing	52	25980449	0	1			0		other	0
872	1122	Response	2	25982495	2046	9
872	1123	Nothing	110	25982530	0	1			0		other	0
872	1124	Nothing	19	26017206	0	1			0		other	0
872	1125	Nothing	52	26031248	0	1			0		other	0
872	1125	Response	3	26038628	7381	7
872	1126	Nothing	111	26038666	0	1			0		false_alarm	1978
872	1126	Response	3	26040936	2270	16
872	1126	Response	3	26044671	6005	6
872	1126	Response	3	26046031	7365	5
872	1126	Response	3	26049752	11086	7
872	1126	Response	3	26053385	14719	7
872	1126	Response	3	26054589	15923	7
872	1126	Response	3	26055846	17180	11
872	1126	Response	3	26057041	18375	9
872	1126	Response	3	26058411	19745	7
872	1126	Response	3	26059706	21040	8
872	1126	Response	3	26061071	22405	7
872	1127	Nothing	19	26073608	0	1			0		other	0
872	1128	Nothing	51	26088054	0	1			0		other	0
872	1128	Response	3	26092099	4045	7
872	1129	Nothing	101	26092131	0	1			0		other	0
872	1130	Nothing	19	26127290	0	1			0		other	0
872	1131	Nothing	52	26162766	0	1			0		other	0
872	1131	Response	3	26167692	4926	8
872	1132	Nothing	111	26167743	0	1			0		false_alarm	1997
872	1132	Response	3	26171812	4070	6
872	1132	Response	3	26175878	8135	5
872	1132	Response	3	26179876	12133	6
872	1132	Response	3	26181249	13507	5
872	1132	Response	3	26182522	14779	7
872	1132	Response	3	26183880	16138	7
872	1132	Response	3	26185080	17338	9
872	1132	Response	3	26186322	18580	7
872	1133	Nothing	19	26202230	0	1			0		other	0
872	1135	Nothing	51	26252640	0	1			0		other	0
872	1135	Response	3	26257299	4659	6
872	1136	Nothing	101	26257329	0	1			0		other	0
872	1137	Nothing	19	26292087	0	1			0		other	0
872	1138	Nothing	52	26331410	0	1			0		other	0
872	1139	Nothing	77	26351421	0	1			0		other	0
872	1140	Nothing	19	26385448	0	1			0		other	0
872	1141	Nothing	51	26416717	0	1			0		other	0
872	1142	Nothing	77	26436725	0	1			0		other	0
872	1143	Nothing	19	26470580	0	1			0		other	0
872	1144	Nothing	52	26508046	0	1			0		other	0
872	1144	Response	2	26517916	9870	5
872	1145	Nothing	110	26517949	0	1			0		false_alarm	2019
872	1145	Response	2	26520630	2681	5
872	1145	Response	2	26522045	4096	5
872	1145	Response	2	26523374	5425	6
872	1145	Response	2	26524836	6887	6
872	1145	Response	2	26526432	8483	6
872	1145	Response	2	26526437	8488	7
872	1145	Response	2	26527793	9844	5
872	1145	Response	2	26529256	11307	8
872	1145	Response	2	26530335	12386	5
872	1145	Response	2	26531910	13961	6
872	1145	Response	2	26533313	15364	9
872	1145	Response	2	26534414	16465	7
872	1145	Response	2	26537124	19175	5
872	1145	Response	2	26540812	22863	6
872	1145	Response	2	26544817	26868	9
872	1145	Response	2	26546338	28389	7
872	1145	Response	2	26547681	29732	6
872	1145	Response	2	26547686	29737	7
872	1145	Response	2	26550631	32682	18
872	1145	Response	2	26552207	34258	7
872	1146	Nothing	19	26552786	0	1			0		other	0
872	1147	Nothing	52	26593974	0	1			0		other	0
872	1148	Nothing	77	26613984	0	1			0		other	0
872	1149	Nothing	19	26647752	0	1			0		other	0
872	1151	Nothing	52	26687660	0	1			0		other	0
872	1152	Nothing	77	26707671	0	1			0		other	0
872	1153	Nothing	19	26741341	0	1			0		other	0
872	1154	Nothing	52	26760303	0	1			0		other	0
872	1155	Nothing	77	26780313	0	1			0		other	0
872	1156	Nothing	19	26814119	0	1			0		other	0
872	1157	Nothing	52	26827498	0	1			0		other	0
872	1158	Nothing	77	26847509	0	1			0		other	0
872	1159	Nothing	19	26881357	0	1			0		other	0
872	1160	Nothing	52	26891581	0	1			0		other	0
872	1160	Response	2	26893701	2120	5
872	1161	Nothing	110	26893730	0	1			0		other	0
872	1162	Nothing	19	26928547	0	1			0		other	0
872	1163	Nothing	52	26943183	0	1			0		other	0
872	1163	Response	2	26945524	2342	9
872	1163	Response	2	26945533	2350	5
872	1164	Nothing	110	26945555	0	1			0		other	0
872	1165	Nothing	19	26980472	0	1			0		other	0
872	1167	Nothing	52	27003949	0	1			0		other	0
872	1168	Nothing	77	27023983	0	1			0		other	0
872	1169	Nothing	19	27057698	0	1			0		other	0
872	1170	Nothing	52	27069857	0	1			0		other	0
872	1171	Nothing	77	27089870	0	1			0		other	0
872	1172	Nothing	19	27123780	0	1			0		other	0
872	1173	Nothing	52	27162296	0	1			0		other	0
872	1174	Nothing	77	27182308	0	1			0		other	0
872	1175	Nothing	19	27216092	0	1			0		other	0
872	1176	Nothing	51	27233012	0	1			0		other	0
872	1176	Response	2	27236484	3472	9
872	1177	Nothing	100	27236535	0	1			0		false_alarm	2073
872	1177	Response	2	27239779	3243	5
872	1177	Response	2	27242657	6122	5
872	1177	Response	2	27244173	7638	6
872	1177	Response	2	27245523	8988	5
872	1178	Nothing	19	27271321	0	1			0		other	0
872	1179	Nothing	52	27285123	0	1			0		other	0
872	1179	Response	2	27287372	2249	6
872	1180	Nothing	110	27287400	0	1			0		other	0
872	1181	Nothing	19	27321859	0	1			0		other	0
872	1183	Nothing	52	27351356	0	1			0		other	0
872	1183	Response	2	27354136	2780	16
872	1184	Nothing	110	27354176	0	1			0		other	0
872	1185	Nothing	19	27388826	0	1			0		other	0
872	1186	Nothing	52	27407691	0	1			0		other	0
872	1187	Nothing	77	27427702	0	1			0		other	0
872	1188	Nothing	19	27461559	0	1			0		other	0
872	1189	Nothing	52	27472447	0	1			0		other	0
872	1190	Nothing	77	27492456	0	1			0		other	0
872	1191	Nothing	19	27526189	0	1			0		other	0
872	1192	Nothing	52	27537006	0	1			0		other	0
872	1193	Nothing	77	27557017	0	1			0		other	0
872	1194	Nothing	19	27590804	0	1			0		other	0
872	1195	Nothing	52	27609542	0	1			0		other	0
872	1196	Nothing	77	27629551	0	1			0		other	0
872	1197	Nothing	19	27663223	0	1			0		other	0
872	1199	Nothing	52	27676363	0	1			0		other	0
872	1200	Nothing	77	27696373	0	1			0		other	0
872	1201	Nothing	19	27730323	0	1			0		other	0
872	1202	Nothing	52	27778719	0	1			0		other	0
872	1203	Nothing	77	27798727	0	1			0		other	0
872	1204	Nothing	19	27832521	0	1			0		other	0
872	1205	Nothing	51	27857105	0	1			0		other	0
872	1206	Nothing	77	27877116	0	1			0		other	0
872	1207	Nothing	19	27910978	0	1			0		other	0
872	1208	Nothing	52	27933215	0	1			0		other	0
872	1209	Nothing	77	27953225	0	1			0		other	0
872	1210	Nothing	19	27986914	0	1			0		other	0
872	1211	Nothing	52	28031069	0	1			0		other	0
872	1212	Nothing	77	28051080	0	1			0		other	0
872	1213	Nothing	19	28085081	0	1			0		other	0
872	1215	Nothing	52	28120826	0	1			0		other	0
872	1215	Response	2	28124282	3456	9
872	1216	Nothing	110	28124318	0	1			0		false_alarm	2116
872	1216	Response	2	28125948	1630	6
872	1217	Nothing	19	28159135	0	1			0		other	0
872	1218	Nothing	52	28182522	0	1			0		other	0
872	1218	Response	2	28185364	2842	5
872	1219	Nothing	110	28185396	0	1			0		other	0
872	1220	Nothing	19	28220358	0	1			0		other	0
872	1221	Nothing	52	28251170	0	1			0		other	0
872	1222	Nothing	77	28271179	0	1			0		other	0
872	1223	Nothing	19	28304957	0	1			0		other	0
872	1224	Nothing	51	28326491	0	1			0		other	0
872	1224	Response	2	28329568	3077	5
872	1225	Nothing	100	28329611	0	1			0		false_alarm	2128
872	1225	Response	2	28330924	1314	6
872	1225	Response	2	28333932	4321	7
872	1225	Response	2	28335312	5701	8
872	1225	Response	2	28336610	7000	8
872	1225	Response	2	28338172	8561	6
872	1225	Response	2	28339488	9877	5
872	1226	Nothing	19	28364297	0	1			0		other	0
872	1227	Nothing	52	28406853	0	1			0		other	0
872	1227	Response	3	28414530	7677	9
872	1228	Nothing	111	28414573	0	1			0		false_alarm	2138
872	1228	Response	3	28418328	3754	9
872	1228	Response	3	28421038	6465	6
872	1228	Response	3	28422378	7805	5
872	1228	Response	3	28423926	9353	7
872	1228	Response	3	28425479	10905	6
872	1228	Response	3	28426986	12413	7
872	1228	Response	3	28428416	13843	5
872	1229	Nothing	19	28449227	0	1			0		other	0
872	1231	Nothing	51	28467506	0	1			0		other	0
872	1232	Nothing	77	28487519	0	1			0		other	0
872	1233	Nothing	19	28521275	0	1			0		other	0
872	1234	Nothing	51	28549883	0	1			0		other	0
872	1235	Nothing	77	28569896	0	1			0		other	0
872	1236	Nothing	19	28603765	0	1			0		other	0
872	1237	Nothing	51	28624774	0	1			0		other	0
872	1238	Nothing	77	28644789	0	1			0		other	0
872	1239	Nothing	19	28678504	0	1			0		other	0
872	1240	Nothing	52	28704637	0	1			0		other	0
872	1241	Nothing	77	28724646	0	1			0		other	0
872	1242	Nothing	19	28758507	0	1			0		other	0
872	1243	Nothing	52	28774945	0	1			0		other	0
872	1244	Nothing	77	28794955	0	1			0		other	0
872	1245	Nothing	19	28828772	0	1			0		other	0
872	1247	Nothing	51	28844620	0	1			0		other	0
872	1248	Nothing	77	28864631	0	1			0		other	0
872	1249	Nothing	19	28898469	0	1			0		other	0
872	1250	Nothing	51	28938548	0	1			0		other	0
872	1251	Nothing	77	28958558	0	1			0		other	0
872	1252	Nothing	19	28992284	0	1			0		other	0
872	1253	Nothing	51	29015621	0	1			0		other	0
872	1254	Nothing	77	29035635	0	1			0		other	0
872	1255	Nothing	19	29069333	0	1			0		other	0
872	1256	Nothing	51	29097671	0	1			0		other	0
872	1257	Nothing	77	29117688	0	1			0		other	0
872	1258	Nothing	19	29151600	0	1			0		other	0
872	1259	Nothing	51	29172442	0	1			0		other	0
872	1259	Response	2	29175751	3308	5
872	1260	Nothing	100	29175787	0	1			0		false_alarm	2176
872	1260	Response	2	29177078	1291	6
872	1260	Response	2	29178517	2731	25
872	1260	Response	2	29179804	4017	6
872	1260	Response	2	29181087	5300	5
872	1260	Response	2	29182461	6674	7
872	1261	Nothing	19	29210612	0	1			0		other	0
872	1263	Nothing	52	29232488	0	1			0		other	0
872	1263	Response	3	29241139	8651	5
872	1264	Nothing	111	29241177	0	1			0		false_alarm	2185
872	1264	Response	3	29245507	4330	6
872	1264	Response	3	29251044	9867	6
872	1264	Response	3	29252294	11117	6
872	1264	Response	3	29253678	12501	6
872	1264	Response	3	29255113	13936	5
872	1264	Response	3	29256409	15233	15
872	1264	Response	3	29257772	16595	7
872	1264	Response	3	29259029	17853	7
872	1265	Nothing	19	29276014	0	1			0		other	0
872	1266	Nothing	51	29294075	0	1			0		other	0
872	1266	Response	2	29297023	2948	9
872	1267	Nothing	100	29297094	0	1			0		false_alarm	2197
872	1267	Response	2	29300523	3429	16
872	1267	Response	2	29303425	6331	9
872	1267	Response	2	29305006	7911	8
872	1267	Response	2	29305013	7919	6
872	1267	Response	2	29306280	9186	6
872	1267	Response	2	29306286	9191	8
872	1267	Response	2	29307837	10742	6
872	1267	Response	2	29309331	12237	6
872	1268	Nothing	19	29331868	0	1			0		other	0
872	1269	Nothing	52	29365487	0	1			0		other	0
872	1270	Nothing	77	29385496	0	1			0		other	0
872	1271	Nothing	19	29419452	0	1			0		other	0
872	1272	Nothing	51	29456197	0	1			0		other	0
872	1273	Nothing	77	29476207	0	1			0		other	0
872	1274	Nothing	19	29509884	0	1			0		other	0
872	1275	Nothing	52	29521890	0	1			0		other	0
872	1276	Nothing	77	29541898	0	1			0		other	0
872	1277	Nothing	19	29575631	0	1			0		other	0
872	1279	Nothing	52	29596346	0	1			0		other	0
872	1280	Nothing	77	29616354	0	1			0		other	0
872	1281	Nothing	19	29650101	0	1			0		other	0
872	1282	Nothing	52	29681020	0	1			0		other	0
872	1283	Nothing	77	29701028	0	1			0		other	0
872	1284	Nothing	19	29735060	0	1			0		other	0
872	1285	Nothing	51	29754075	0	1			0		other	0
872	1285	Response	2	29756735	2660	17
872	1286	Nothing	100	29756788	0	1			0		false_alarm	2224
872	1286	Response	2	29758330	1542	6
872	1286	Response	2	29759581	2793	7
872	1286	Response	2	29761101	4313	5
872	1286	Response	2	29762417	5629	5
872	1286	Response	2	29763666	6878	7
872	1287	Nothing	19	29791607	0	1			0		other	0
872	1288	Nothing	52	29822064	0	1			0		other	0
872	1289	Nothing	77	29842079	0	1			0		other	0
872	1290	Nothing	19	29875998	0	1			0		other	0
872	1291	Nothing	52	29896317	0	1			0		other	0
872	1292	Nothing	77	29916337	0	1			0		other	0
872	1293	Nothing	19	29950070	0	1			0		other	0
872	1295	Nothing	52	29966763	0	1			0		other	0
872	1295	Response	2	29968686	1923	8
872	1296	Nothing	110	29968716	0	1			0		other	0
872	1297	Nothing	19	30003456	0	1			0		other	0
872	1298	Nothing	52	30015614	0	1			0		other	0
872	1298	Response	2	30018519	2905	9
872	1299	Nothing	110	30018551	0	1			0		other	0
872	1300	Nothing	19	30053071	0	1			0		other	0
872	1301	Nothing	52	30096363	0	1			0		other	0
872	1302	Nothing	77	30116373	0	1			0		other	0
872	1303	Nothing	19	30150306	0	1			0		other	0
872	1304	Nothing	52	30196348	0	1			0		other	0
872	1304	Response	2	30198479	2130	9
872	1305	Nothing	110	30198527	0	1			0		other	0
872	1306	Nothing	19	30233430	0	1			0		other	0
872	1307	Nothing	52	30273508	0	1			0		other	0
872	1307	Response	2	30276746	3238	6
872	1308	Nothing	110	30276778	0	1			0		other	0
872	1309	Nothing	19	30311544	0	1			0		other	0
872	1311	Nothing	52	30323118	0	1			0		other	0
872	1311	Response	2	30326459	3341	9
872	1312	Nothing	110	30326506	0	1			0		other	0
872	1313	Nothing	19	30361262	0	1			0		other	0
872	1314	Nothing	52	30390219	0	1			0		other	0
872	1315	Nothing	77	30410231	0	1			0		other	0
872	1316	Nothing	19	30444242	0	1			0		other	0
872	1317	Nothing	52	30455677	0	1			0		other	0
872	1317	Response	2	30458668	2991	5
872	1318	Nothing	110	30458700	0	1			0		other	0
872	1319	Nothing	19	30493704	0	1			0		other	0
872	1320	Nothing	52	30519938	0	1			0		other	0
872	1321	Nothing	77	30539946	0	1			0		other	0
872	1322	Nothing	19	30573831	0	1			0		other	0
872	1323	Nothing	52	30597995	0	1			0		other	0
872	1324	Nothing	77	30618006	0	1			0		other	0
872	1325	Nothing	19	30651653	0	1			0		other	0
872	1327	Nothing	52	30670156	0	1			0		other	0
872	1327	Response	2	30672677	2521	6
872	1328	Nothing	110	30672706	0	0			0		other	0
872	1329	Nothing	19	30707458	0	1			0		other	0
872	1330	Nothing	52	30731005	0	1			0		other	0
872	1330	Response	2	30733995	2990	10
872	1331	Nothing	110	30734042	0	1			0		other	0
872	1332	Nothing	19	30768946	0	1			0		other	0
872	1333	Nothing	52	30811146	0	1			0		other	0
872	1334	Nothing	77	30831155	0	1			0		other	0
872	1335	Nothing	19	30864869	0	1			0		other	0
872	1336	Nothing	52	30884574	0	1			0		other	0
872	1337	Nothing	77	30904583	0	1			0		other	0
872	1338	Nothing	19	30938586	0	1			0		other	0
872	1339	Nothing	52	30980156	0	1			0		other	0
872	1340	Nothing	77	31000166	0	1			0		other	0
872	1341	Nothing	19	31033906	0	1			0		other	0
872	1343	Nothing	52	31054673	0	1			0		other	0
872	1344	Nothing	77	31074681	0	1			0		other	0
872	1345	Nothing	19	31108317	0	1			0		other	0
872	1346	Nothing	52	31126943	0	1			0		other	0
872	1347	Nothing	77	31146953	0	1			0		other	0
872	1348	Nothing	19	31180742	0	1			0		other	0
872	1349	Nothing	52	31194333	0	1			0		other	0
872	1350	Nothing	77	31214344	0	1			0		other	0
872	1351	Nothing	19	31248092	0	1			0		other	0
872	1352	Nothing	52	31270821	0	1			0		other	0
872	1353	Nothing	77	31290832	0	1			0		other	0
872	1354	Nothing	19	31324693	0	1			0		other	0
872	1355	Nothing	52	31373245	0	1			0		other	0
872	1356	Nothing	77	31393254	0	1			0		other	0
872	1357	Nothing	19	31427136	0	1			0		other	0
872	1359	Nothing	52	31448688	0	1			0		other	0
872	1360	Nothing	77	31468697	0	1			0		other	0
872	1361	Nothing	19	31502488	0	1			0		other	0
872	1362	Nothing	52	31519802	0	1			0		other	0
872	1362	Response	3	31523207	3405	6
872	1362	Response	3	31523213	3411	5
872	1363	Nothing	111	31523246	0	1			0		other	0
872	1364	Nothing	19	31557993	0	1			0		other	0
872	1364	Response	3	31559445	1453	6
872	1364	Response	3	31565783	7790	6
872	1365	Nothing	19	31579661	0	1			0		other	0
872	1366	Nothing	52	31608032	0	1			0		other	0
872	1366	Response	3	31614394	6362	5
872	1367	Nothing	111	31614429	0	1			0		false_alarm	2318
872	1367	Response	3	31618904	4475	18
872	1367	Response	3	31624534	10105	9
872	1367	Response	3	31625995	11565	8
872	1367	Response	3	31627526	13096	9
872	1367	Response	3	31629012	14583	5
872	1367	Response	3	31630790	16361	8
872	1367	Response	3	31632191	17761	6
872	1368	Nothing	19	31649349	0	1			0		other	0
872	1369	Nothing	51	31664134	0	1			0		other	0
872	1370	Nothing	77	31684144	0	1			0		other	0
872	1371	Nothing	19	31718229	0	1			0		other	0
872	1372	Nothing	51	31766330	0	1			0		other	0
872	1373	Nothing	77	31786340	0	1			0		other	0
872	1374	Nothing	19	31820096	0	1			0		other	0
872	1376	Nothing	51	31831232	0	1			0		other	0
872	1377	Nothing	77	31851254	0	1			0		other	0
872	1378	Nothing	19	31885016	0	1			0		other	0
872	1379	Nothing	51	31906788	0	1			0		other	0
872	1380	Nothing	77	31926820	0	1			0		other	0
872	1381	Nothing	19	31960523	0	1			0		other	0
872	1382	Nothing	51	31981742	0	1			0		other	0
872	1383	Nothing	77	32001750	0	1			0		other	0
872	1384	Nothing	19	32035572	0	1			0		other	0
872	1385	Nothing	51	32046478	0	1			0		other	0
872	1386	Nothing	77	32066502	0	1			0		other	0
872	1387	Nothing	19	32100385	0	1			0		other	0
872	1388	Nothing	51	32142447	0	1			0		other	0
872	1389	Nothing	77	32162478	0	1			0		other	0
872	1390	Nothing	19	32196088	0	1			0		other	0
872	1392	Nothing	51	32236334	0	1			0		other	0
872	1393	Nothing	77	32256343	0	1			0		other	0
872	1394	Nothing	19	32290093	0	1			0		other	0
872	1395	Nothing	51	32300469	0	1			0		other	0
872	1396	Nothing	77	32320479	0	1			0		other	0
872	1397	Nothing	19	32354242	0	1			0		other	0
872	1398	Nothing	51	32392255	0	1			0		other	0
872	1399	Nothing	77	32412264	0	1			0		other	0
872	1400	Nothing	19	32445976	0	1			0		other	0
