Scenario - phase2_matchingPennies_algorithm1
Logfile written - 10/04/2019 14:04:49

Subject	Trial	Event Type	Code	Time	TTime	Uncertainty	Duration	Uncertainty	ReqTime	ReqDur	Stim Type	Pair Index

874	0	Manual	10/04/2019 13:50:12	-9964	-9964
874	0	Response	2	5186	5186	6
874	0	Port Input	1	5186	5186	6
874	0	Response	2	259118	259118	6
874	0	Port Input	1	259118	259118	6
874	0	Response	2	274827	274827	6
874	0	Port Input	1	274827	274827	6
874	0	Response	2	498878	498878	6
874	0	Port Input	1	498878	498878	6
874	0	Response	2	500263	500263	6
874	0	Port Input	1	500263	500263	6
874	0	Response	3	503559	503559	6
874	0	Port Input	4	503559	503559	6
874	0	Response	3	683395	683395	6
874	0	Port Input	4	683395	683395	6
874	0	Response	2	715543	715543	5
874	0	Port Input	1	715543	715543	5
874	0	Response	2	719626	719626	6
874	0	Port Input	1	719626	719626	6
874	0	Response	3	726278	726278	6
874	0	Port Input	4	726278	726278	6
874	0	Response	2	762811	762811	6
874	0	Port Input	1	762811	762811	6
874	0	Response	2	876720	876720	6
874	0	Port Input	1	876720	876720	6
874	1	Nothing	99	903042	0	1			0		other	0
874	2	Nothing	52	903207	0	1			0		other	0
874	2	Response	2	906114	2907	5
874	2	Port Input	1	906114	2907	5
874	3	Nothing	110	906148	0	1			0		false_alarm	31
874	3	Response	2	907330	1182	5
874	3	Port Input	1	907330	1182	5
874	3	Response	3	909125	2977	6
874	3	Port Input	4	909125	2977	6
874	3	Response	2	911714	5566	6
874	3	Port Input	1	911714	5566	6
874	3	Response	3	920095	13947	6
874	3	Port Input	4	920095	13947	6
874	4	Nothing	19	936392	0	1			0		other	0
874	5	Nothing	99	958105	0	1			0		other	0
874	6	Nothing	52	958228	0	1			0		other	0
874	6	Response	2	959782	1554	6
874	6	Port Input	1	959782	1554	6
874	7	Nothing	110	959816	0	1			0		false_alarm	45
874	7	Response	3	964003	4187	6
874	7	Port Input	4	964003	4187	6
874	8	Nothing	19	989952	0	1			0		other	0
874	9	Nothing	99	1018509	0	1			0		other	0
874	10	Nothing	52	1018630	0	1			0		other	0
874	10	Response	2	1020070	1440	6
874	10	Port Input	1	1020070	1440	6
874	11	Nothing	110	1020105	0	1			0		false_alarm	53
874	11	Response	2	1021450	1345	6
874	11	Port Input	1	1021450	1345	6
874	11	Response	2	1023570	3465	6
874	11	Port Input	1	1023570	3465	6
874	11	Response	3	1027680	7575	5
874	11	Port Input	4	1027680	7575	5
874	12	Nothing	19	1050244	0	1			0		other	0
874	13	Nothing	99	1060849	0	1			0		other	0
874	14	Nothing	51	1061016	0	1			0		other	0
874	14	Response	2	1062509	1493	6
874	14	Port Input	1	1062509	1493	6
874	15	Nothing	100	1062549	0	1			0		false_alarm	65
874	15	Response	2	1063868	1319	6
874	15	Port Input	1	1063868	1319	6
874	15	Response	2	1065088	2539	5
874	15	Port Input	1	1065088	2539	5
874	15	Response	2	1066189	3640	6
874	15	Port Input	1	1066189	3640	6
874	15	Response	2	1067483	4934	6
874	15	Port Input	1	1067483	4934	6
874	15	Response	2	1070250	7701	6
874	15	Port Input	1	1070250	7701	6
874	15	Response	3	1073214	10665	6
874	15	Port Input	4	1073214	10665	6
874	16	Nothing	19	1092693	0	1			0		other	0
874	16	Response	3	1093182	489	6
874	16	Port Input	4	1093182	489	6
874	17	Nothing	19	1108475	0	1			0		other	0
874	19	Nothing	99	1135733	0	1			0		other	0
874	20	Nothing	51	1135858	0	1			0		other	0
874	20	Response	2	1137713	1855	6
874	20	Port Input	1	1137713	1855	6
874	21	Nothing	100	1137756	0	1			0		false_alarm	86
874	21	Response	2	1140177	2421	6
874	21	Port Input	1	1140177	2421	6
874	21	Response	2	1142808	5052	6
874	21	Port Input	1	1142808	5052	6
874	21	Response	2	1144158	6402	6
874	21	Port Input	1	1144158	6402	6
874	21	Response	3	1147100	9344	6
874	21	Port Input	4	1147100	9344	6
874	21	Response	3	1148473	10717	6
874	21	Port Input	4	1148473	10717	6
874	22	Nothing	19	1168526	0	1			0		other	0
874	23	Nothing	99	1200621	0	1			0		other	0
874	24	Nothing	52	1200785	0	1			0		other	0
874	24	Response	3	1203968	3183	6
874	24	Port Input	4	1203968	3183	6
874	25	Nothing	111	1204008	0	1			0		false_alarm	102
874	25	Response	3	1204557	549	6
874	25	Port Input	4	1204557	549	6
874	25	Response	3	1206637	2629	6
874	25	Port Input	4	1206637	2629	6
874	25	Response	3	1209537	5529	6
874	25	Port Input	4	1209537	5529	6
874	25	Response	3	1211029	7021	7
874	25	Port Input	4	1211029	7021	7
874	25	Response	3	1212548	8540	6
874	25	Port Input	4	1212548	8540	6
874	25	Response	3	1214052	10044	6
874	25	Port Input	4	1214052	10044	6
874	25	Response	3	1216727	12719	6
874	25	Port Input	4	1216727	12719	6
874	25	Response	3	1218146	14138	6
874	25	Port Input	4	1218146	14138	6
874	25	Response	3	1222944	18936	6
874	25	Port Input	4	1222944	18936	6
874	26	Nothing	19	1237409	0	1			0		other	0
874	27	Nothing	99	1268369	0	1			0		other	0
874	28	Nothing	51	1268531	0	1			0		other	0
874	28	Response	3	1271731	3200	6
874	28	Port Input	4	1271731	3200	6
874	29	Nothing	101	1271762	0	1			0		false_alarm	126
874	29	Response	3	1273437	1675	6
874	29	Port Input	4	1273437	1675	6
874	29	Response	3	1275348	3586	5
874	29	Port Input	4	1275348	3586	5
874	29	Response	3	1277641	5879	6
874	29	Port Input	4	1277641	5879	6
874	29	Response	3	1280898	9136	6
874	29	Port Input	4	1280898	9136	6
874	30	Nothing	19	1305141	0	1			0		other	0
874	31	Nothing	99	1342206	0	1			0		other	0
874	32	Nothing	51	1342330	0	1			0		other	0
874	32	Response	2	1345402	3072	5
874	32	Port Input	1	1345402	3072	5
874	33	Nothing	100	1345442	0	1			0		false_alarm	140
874	33	Response	2	1346921	1479	5
874	33	Port Input	1	1346921	1479	5
874	33	Response	2	1348426	2984	6
874	33	Port Input	1	1348426	2984	6
874	33	Response	2	1349652	4210	6
874	33	Port Input	1	1349652	4210	6
874	33	Response	2	1352560	7118	4
874	33	Port Input	1	1352560	7118	4
874	33	Response	3	1355512	10070	5
874	33	Port Input	4	1355512	10070	5
874	33	Response	3	1357027	11585	6
874	33	Port Input	4	1357027	11585	6
874	34	Nothing	19	1378882	0	1			0		other	0
874	35	Nothing	99	1424693	0	1			0		other	0
874	36	Nothing	51	1424815	0	1			0		other	0
874	36	Response	3	1426847	2032	5
874	36	Port Input	4	1426847	2032	5
874	37	Nothing	101	1426881	0	1			0		false_alarm	158
874	37	Response	3	1428212	1331	6
874	37	Port Input	4	1428212	1331	6
874	37	Response	3	1429893	3012	6
874	37	Port Input	4	1429893	3012	6
874	37	Response	3	1431641	4760	6
874	37	Port Input	4	1431641	4760	6
874	38	Nothing	19	1460340	0	1			0		other	0
874	40	Nothing	99	1495167	0	1			0		other	0
874	41	Nothing	52	1495330	0	1			0		other	0
874	41	Response	3	1496987	1657	6
874	41	Port Input	4	1496987	1657	6
874	42	Nothing	111	1497030	0	1			0		false_alarm	170
874	42	Response	3	1497320	290	6
874	42	Port Input	4	1497320	290	6
874	42	Response	3	1499552	2522	6
874	42	Port Input	4	1499552	2522	6
874	42	Response	3	1501217	4187	5
874	42	Port Input	4	1501217	4187	5
874	42	Response	3	1502712	5682	6
874	42	Port Input	4	1502712	5682	6
874	42	Response	3	1504312	7282	6
874	42	Port Input	4	1504312	7282	6
874	42	Response	3	1505766	8736	6
874	42	Port Input	4	1505766	8736	6
874	42	Response	3	1507167	10137	6
874	42	Port Input	4	1507167	10137	6
874	42	Response	3	1515907	18877	6
874	42	Port Input	4	1515907	18877	6
874	42	Response	3	1515912	18882	6
874	42	Port Input	4	1515912	18882	6
874	43	Nothing	19	1530400	0	1			0		other	0
874	43	Response	3	1552739	22339	6
874	43	Port Input	4	1552739	22339	6
874	43	Response	3	1556326	25926	5
874	43	Port Input	4	1556326	25926	5
874	44	Nothing	19	1563710	0	1			0		other	0
874	45	Nothing	99	1584851	0	1			0		other	0
874	46	Nothing	52	1584972	0	1			0		other	0
874	46	Response	2	1586375	1403	5
874	46	Port Input	1	1586375	1403	5
874	47	Nothing	110	1586406	0	1			0		false_alarm	199
874	47	Response	2	1586744	338	5
874	47	Port Input	1	1586744	338	5
874	47	Response	2	1588043	1637	6
874	47	Port Input	1	1588043	1637	6
874	47	Response	2	1590458	4052	6
874	47	Port Input	1	1590458	4052	6
874	47	Response	2	1592646	6240	5
874	47	Port Input	1	1592646	6240	5
874	47	Response	2	1594910	8504	6
874	47	Port Input	1	1594910	8504	6
874	48	Nothing	19	1619830	0	1			0		other	0
874	49	Nothing	99	1667622	0	1			0		other	0
874	50	Nothing	52	1667746	0	1			0		other	0
874	50	Response	2	1669281	1535	6
874	50	Port Input	1	1669281	1535	6
874	51	Nothing	110	1669313	0	1			0		false_alarm	215
874	51	Response	2	1673962	4649	6
874	51	Port Input	1	1673962	4649	6
874	51	Response	2	1676047	6734	6
874	51	Port Input	1	1676047	6734	6
874	52	Nothing	19	1702711	0	1			0		other	0
874	53	Nothing	99	1717416	0	1			0		other	0
874	54	Nothing	51	1717579	0	1			0		other	0
874	54	Response	2	1719244	1665	6
874	54	Port Input	1	1719244	1665	6
874	55	Nothing	100	1719287	0	1			0		false_alarm	225
874	55	Response	2	1720573	1286	4
874	55	Port Input	1	1720573	1286	4
874	55	Response	2	1723581	4294	6
874	55	Port Input	1	1723581	4294	6
874	55	Response	2	1724921	5634	6
874	55	Port Input	1	1724921	5634	6
874	55	Response	2	1730194	10907	6
874	55	Port Input	1	1730194	10907	6
874	55	Response	3	1733155	13868	6
874	55	Port Input	4	1733155	13868	6
874	56	Nothing	19	1752619	0	1			0		other	0
874	57	Nothing	99	1773846	0	1			0		other	0
874	58	Nothing	52	1774008	0	1			0		other	0
874	58	Response	3	1776296	2288	6
874	58	Port Input	4	1776296	2288	6
874	59	Nothing	111	1776336	0	1			0		false_alarm	241
874	59	Response	3	1777463	1127	6
874	59	Port Input	4	1777463	1127	6
874	59	Response	3	1780323	3987	6
874	59	Port Input	4	1780323	3987	6
874	59	Response	3	1781818	5482	6
874	59	Port Input	4	1781818	5482	6
874	59	Response	3	1783293	6957	6
874	59	Port Input	4	1783293	6957	6
874	59	Response	3	1784715	8379	5
874	59	Port Input	4	1784715	8379	5
874	59	Response	3	1786135	9799	6
874	59	Port Input	4	1786135	9799	6
874	59	Response	3	1787388	11052	6
874	59	Port Input	4	1787388	11052	6
874	59	Response	3	1788810	12474	6
874	59	Port Input	4	1788810	12474	6
874	59	Response	3	1790508	14172	6
874	59	Port Input	4	1790508	14172	6
874	59	Response	3	1796194	19858	6
874	59	Port Input	4	1796194	19858	6
874	60	Nothing	19	1809968	0	1			0		other	0
874	62	Nothing	99	1830305	0	1			0		other	0
874	63	Nothing	52	1830429	0	1			0		other	0
874	63	Response	2	1833545	3116	6
874	63	Port Input	1	1833545	3116	6
874	64	Nothing	110	1833578	0	1			0		false_alarm	267
874	64	Response	3	1835532	1954	6
874	64	Port Input	4	1835532	1954	6
874	64	Response	2	1839050	5472	6
874	64	Port Input	1	1839050	5472	6
874	64	Response	3	1840867	7289	6
874	64	Port Input	4	1840867	7289	6
874	64	Response	3	1844347	10769	6
874	64	Port Input	4	1844347	10769	6
874	64	Response	3	1845837	12259	6
874	64	Port Input	4	1845837	12259	6
874	64	Response	3	1847547	13969	6
874	64	Port Input	4	1847547	13969	6
874	65	Nothing	19	1867044	0	1			0		other	0
874	66	Nothing	99	1878557	0	1			0		other	0
874	67	Nothing	52	1878679	0	1			0		other	0
874	67	Response	2	1880702	2023	6
874	67	Port Input	1	1880702	2023	6
874	68	Nothing	110	1880737	0	1			0		false_alarm	285
874	68	Response	2	1885134	4397	6
874	68	Port Input	1	1885134	4397	6
874	68	Response	3	1889003	8266	6
874	68	Port Input	4	1889003	8266	6
874	68	Response	3	1891211	10474	6
874	68	Port Input	4	1891211	10474	6
874	68	Response	2	1893421	12684	6
874	68	Port Input	1	1893421	12684	6
874	69	Nothing	19	1914101	0	1			0		other	0
874	70	Nothing	99	1944833	0	1			0		other	0
874	71	Nothing	51	1944995	0	1			0		other	0
874	71	Response	3	1948363	3368	5
874	71	Port Input	4	1948363	3368	5
874	72	Nothing	101	1948393	0	1			0		false_alarm	299
874	72	Response	3	1950422	2029	6
874	72	Port Input	4	1950422	2029	6
874	72	Response	2	1952663	4270	5
874	72	Port Input	1	1952663	4270	5
874	72	Response	3	1954490	6097	6
874	72	Port Input	4	1954490	6097	6
874	73	Nothing	19	1981794	0	1			0		other	0
874	74	Nothing	99	2007667	0	1			0		other	0
874	75	Nothing	52	2007834	0	1			0		other	0
874	75	Response	2	2009969	2135	6
874	75	Port Input	1	2009969	2135	6
874	76	Nothing	110	2010003	0	1			0		false_alarm	311
874	76	Response	3	2011891	1888	6
874	76	Port Input	4	2011891	1888	6
874	76	Response	3	2013747	3744	6
874	76	Port Input	4	2013747	3744	6
874	77	Nothing	19	2043452	0	1			0		other	0
874	78	Nothing	99	2081905	0	1			0		other	0
874	79	Nothing	51	2082069	0	1			0		other	0
874	79	Response	2	2083781	1712	6
874	79	Port Input	1	2083781	1712	6
874	80	Nothing	100	2083819	0	2			0		false_alarm	321
874	80	Response	2	2089469	5650	6
874	80	Port Input	1	2089469	5650	6
874	80	Response	2	2092142	8323	6
874	80	Port Input	1	2092142	8323	6
874	80	Response	2	2093573	9754	6
874	80	Port Input	1	2093573	9754	6
874	80	Response	2	2095051	11232	6
874	80	Port Input	1	2095051	11232	6
874	80	Response	2	2096641	12822	6
874	80	Port Input	1	2096641	12822	6
874	80	Response	2	2098547	14728	6
874	80	Port Input	1	2098547	14728	6
874	80	Response	2	2100579	16760	6
874	80	Port Input	1	2100579	16760	6
874	81	Nothing	19	2117198	0	1			0		other	0
874	83	Nothing	99	2153729	0	1			0		other	0
874	84	Nothing	52	2153871	0	1			0		other	0
874	84	Response	2	2155520	1649	6
874	84	Port Input	1	2155520	1649	6
874	85	Nothing	110	2155555	0	1			0		false_alarm	341
874	85	Response	2	2158910	3355	6
874	85	Port Input	1	2158910	3355	6
874	85	Response	3	2160612	5057	6
874	85	Port Input	4	2160612	5057	6
874	85	Response	2	2162458	6903	6
874	85	Port Input	1	2162458	6903	6
874	85	Response	2	2164548	8993	6
874	85	Port Input	1	2164548	8993	6
874	86	Nothing	19	2188924	0	1			0		other	0
874	87	Nothing	99	2214157	0	1			0		other	0
874	88	Nothing	51	2214323	0	1			0		other	0
874	88	Response	2	2216700	2377	6
874	88	Port Input	1	2216700	2377	6
874	89	Nothing	100	2216740	0	1			0		false_alarm	355
874	89	Response	2	2217899	1159	4
874	89	Port Input	1	2217899	1159	4
874	89	Response	2	2220519	3779	6
874	89	Port Input	1	2220519	3779	6
874	89	Response	2	2221905	5165	6
874	89	Port Input	1	2221905	5165	6
874	90	Nothing	19	2250074	0	1			0		other	0
874	91	Nothing	99	2286327	0	1			0		other	0
874	92	Nothing	51	2286449	0	1			0		other	0
874	92	Response	3	2288196	1747	6
874	92	Port Input	4	2288196	1747	6
874	93	Nothing	101	2288229	0	1			0		false_alarm	367
874	93	Response	3	2289931	1702	6
874	93	Port Input	4	2289931	1702	6
874	93	Response	3	2291575	3346	6
874	93	Port Input	4	2291575	3346	6
874	93	Response	3	2294267	6038	6
874	93	Port Input	4	2294267	6038	6
874	93	Response	3	2296146	7917	6
874	93	Port Input	4	2296146	7917	6
874	94	Nothing	19	2321595	0	1			0		other	0
874	95	Nothing	99	2350080	0	1			0		other	0
874	96	Nothing	51	2350202	0	1			0		other	0
874	96	Response	2	2352883	2681	6
874	96	Port Input	1	2352883	2681	6
874	97	Nothing	100	2352924	0	1			0		false_alarm	381
874	97	Response	2	2353813	889	6
874	97	Port Input	1	2353813	889	6
874	97	Response	2	2355303	2379	6
874	97	Port Input	1	2355303	2379	6
874	97	Response	2	2356299	3375	5
874	97	Port Input	1	2356299	3375	5
874	97	Response	2	2357628	4704	6
874	97	Port Input	1	2357628	4704	6
874	97	Response	2	2364833	11909	6
874	97	Port Input	1	2364833	11909	6
874	97	Response	2	2369505	16581	6
874	97	Port Input	1	2369505	16581	6
874	97	Response	3	2371114	18190	6
874	97	Port Input	4	2371114	18190	6
874	98	Nothing	19	2386349	0	1			0		other	0
874	99	Nothing	99	2396664	0	1			0		other	0
874	100	Nothing	51	2396787	0	1			0		other	0
874	100	Response	2	2398481	1694	6
874	100	Port Input	1	2398481	1694	6
874	101	Nothing	100	2398521	0	1			0		false_alarm	401
874	101	Response	3	2401420	2899	5
874	101	Port Input	4	2401420	2899	5
874	101	Response	2	2403302	4781	6
874	101	Port Input	1	2403302	4781	6
874	101	Response	2	2405232	6711	5
874	101	Port Input	1	2405232	6711	5
874	101	Response	2	2406376	7855	6
874	101	Port Input	1	2406376	7855	6
874	101	Response	2	2407798	9277	6
874	101	Port Input	1	2407798	9277	6
874	102	Nothing	19	2431911	0	1			0		other	0
874	104	Nothing	99	2473223	0	1			0		other	0
874	105	Nothing	52	2473373	0	1			0		other	0
874	105	Response	3	2476033	2660	6
874	105	Port Input	4	2476033	2660	6
874	106	Nothing	111	2476072	0	1			0		false_alarm	417
874	106	Response	3	2477440	1368	6
874	106	Port Input	4	2477440	1368	6
874	106	Response	3	2478906	2834	6
874	106	Port Input	4	2478906	2834	6
874	106	Response	3	2480288	4216	6
874	106	Port Input	4	2480288	4216	6
874	106	Response	3	2481800	5728	5
874	106	Port Input	4	2481800	5728	5
874	106	Response	3	2483317	7245	6
874	106	Port Input	4	2483317	7245	6
874	106	Response	3	2484933	8861	6
874	106	Port Input	4	2484933	8861	6
874	106	Response	3	2486367	10295	6
874	106	Port Input	4	2486367	10295	6
874	106	Response	3	2489364	13292	6
874	106	Port Input	4	2489364	13292	6
874	106	Response	3	2490924	14852	6
874	106	Port Input	4	2490924	14852	6
874	106	Response	3	2492716	16644	6
874	106	Port Input	4	2492716	16644	6
874	107	Nothing	19	2509538	0	1			0		other	0
874	108	Nothing	99	2538810	0	1			0		other	0
874	109	Nothing	51	2538972	0	1			0		other	0
874	109	Response	2	2540371	1399	5
874	109	Port Input	1	2540371	1399	5
874	110	Nothing	100	2540410	0	1			0		false_alarm	443
874	110	Response	2	2540649	239	6
874	110	Port Input	1	2540649	239	6
874	110	Response	2	2543925	3515	6
874	110	Port Input	1	2543925	3515	6
874	110	Response	2	2545560	5150	6
874	110	Port Input	1	2545560	5150	6
874	110	Response	2	2546828	6418	6
874	110	Port Input	1	2546828	6418	6
874	110	Response	3	2549581	9171	6
874	110	Port Input	4	2549581	9171	6
874	110	Response	3	2550740	10330	6
874	110	Port Input	4	2550740	10330	6
874	110	Response	3	2552381	11971	5
874	110	Port Input	4	2552381	11971	5
874	111	Nothing	19	2573871	0	1			0		other	0
874	112	Nothing	99	2589493	0	1			0		other	0
874	113	Nothing	52	2589661	0	1			0		other	0
874	113	Response	2	2591597	1936	6
874	113	Port Input	1	2591597	1936	6
874	114	Nothing	110	2591630	0	1			0		false_alarm	463
874	114	Response	3	2596315	4685	6
874	114	Port Input	4	2596315	4685	6
874	114	Response	3	2597985	6355	6
874	114	Port Input	4	2597985	6355	6
874	114	Response	3	2599645	8015	6
874	114	Port Input	4	2599645	8015	6
874	115	Nothing	19	2625093	0	1			0		other	0
874	116	Nothing	99	2641518	0	1			0		other	0
874	117	Nothing	52	2641642	0	1			0		other	0
874	117	Response	3	2644985	3343	5
874	117	Port Input	4	2644985	3343	5
874	118	Nothing	111	2645026	0	1			0		false_alarm	475
874	118	Response	3	2646453	1427	6
874	118	Port Input	4	2646453	1427	6
874	118	Response	3	2649139	4113	6
874	118	Port Input	4	2649139	4113	6
874	118	Response	3	2650703	5677	6
874	118	Port Input	4	2650703	5677	6
874	118	Response	3	2652391	7365	4
874	118	Port Input	4	2652391	7365	4
874	118	Response	3	2653842	8816	6
874	118	Port Input	4	2653842	8816	6
874	118	Response	3	2655237	10211	6
874	118	Port Input	4	2655237	10211	6
874	118	Response	3	2656889	11863	5
874	118	Port Input	4	2656889	11863	5
874	118	Response	3	2658133	13107	6
874	118	Port Input	4	2658133	13107	6
874	118	Response	3	2659705	14679	5
874	118	Port Input	4	2659705	14679	5
874	118	Response	3	2661537	16511	4
874	118	Port Input	4	2661537	16511	4
874	118	Response	3	2662673	17647	6
874	118	Port Input	4	2662673	17647	6
874	119	Nothing	19	2678436	0	1			0		other	0
874	120	Nothing	99	2719215	0	1			0		other	0
874	121	Nothing	52	2719335	0	1			0		other	0
874	121	Response	2	2721243	1908	6
874	121	Port Input	1	2721243	1908	6
874	122	Nothing	110	2721278	0	1			0		false_alarm	503
874	122	Response	2	2724204	2926	6
874	122	Port Input	1	2724204	2926	6
874	122	Response	2	2731607	10329	6
874	122	Port Input	1	2731607	10329	6
874	122	Response	3	2734553	13275	5
874	122	Port Input	4	2734553	13275	5
874	123	Nothing	19	2754670	0	1			0		other	0
874	125	Nothing	99	2770553	0	1			0		other	0
874	126	Nothing	52	2770667	0	1			0		other	0
874	126	Response	2	2772652	1985	6
874	126	Port Input	1	2772652	1985	6
874	127	Nothing	110	2772687	0	1			0		false_alarm	515
874	127	Response	3	2774295	1608	6
874	127	Port Input	4	2774295	1608	6
874	127	Response	3	2775604	2917	6
874	127	Port Input	4	2775604	2917	6
874	128	Nothing	19	2806182	0	1			0		other	0
874	129	Nothing	99	2853779	0	1			0		other	0
874	130	Nothing	52	2853902	0	1			0		other	0
874	130	Response	2	2857630	3728	6
874	130	Port Input	1	2857630	3728	6
874	131	Nothing	110	2857662	0	1			0		false_alarm	525
874	131	Response	2	2859380	1718	6
874	131	Port Input	1	2859380	1718	6
874	131	Response	2	2861401	3739	6
874	131	Port Input	1	2861401	3739	6
874	132	Nothing	19	2891068	0	1			0		other	0
874	133	Nothing	99	2935671	0	1			0		other	0
874	134	Nothing	52	2935794	0	1			0		other	0
874	134	Response	3	2939190	3396	6
874	134	Port Input	4	2939190	3396	6
874	135	Nothing	111	2939229	0	1			0		false_alarm	535
874	135	Response	3	2940471	1242	5
874	135	Port Input	4	2940471	1242	5
874	135	Response	3	2943305	4076	5
874	135	Port Input	4	2943305	4076	5
874	135	Response	3	2944726	5497	6
874	135	Port Input	4	2944726	5497	6
874	135	Response	3	2946416	7187	6
874	135	Port Input	4	2946416	7187	6
874	135	Response	3	2951115	11886	5
874	135	Port Input	4	2951115	11886	5
874	135	Response	3	2952533	13304	6
874	135	Port Input	4	2952533	13304	6
874	135	Response	3	2954020	14791	6
874	135	Port Input	4	2954020	14791	6
874	135	Response	3	2955745	16516	6
874	135	Port Input	4	2955745	16516	6
874	135	Response	3	2957007	17778	9
874	135	Port Input	4	2957007	17778	9
874	136	Nothing	19	2972655	0	1			0		other	0
874	137	Nothing	99	3006966	0	1			0		other	0
874	138	Nothing	51	3007127	0	1			0		other	0
874	138	Response	2	3010364	3237	6
874	138	Port Input	1	3010364	3237	6
874	139	Nothing	100	3010406	0	1			0		false_alarm	559
874	139	Response	2	3011600	1194	5
874	139	Port Input	1	3011600	1194	5
874	139	Response	2	3012995	2589	6
874	139	Port Input	1	3012995	2589	6
874	139	Response	2	3014450	4044	6
874	139	Port Input	1	3014450	4044	6
874	139	Response	3	3022267	11861	6
874	139	Port Input	4	3022267	11861	6
874	140	Nothing	19	3043901	0	1			0		other	0
874	141	Nothing	99	3057016	0	1			0		other	0
874	142	Nothing	52	3057186	0	1			0		other	0
874	142	Response	2	3058843	1657	6
874	142	Port Input	1	3058843	1657	6
874	143	Nothing	110	3058875	0	1			0		false_alarm	573
874	143	Response	2	3059262	387	4
874	143	Port Input	1	3059262	387	4
874	143	Response	2	3062378	3503	6
874	143	Port Input	1	3062378	3503	6
874	143	Response	2	3065558	6683	6
874	143	Port Input	1	3065558	6683	6
874	143	Response	3	3067735	8860	5
874	143	Port Input	4	3067735	8860	5
874	144	Nothing	19	3092318	0	1			0		other	0
874	146	Nothing	99	3117179	0	1			0		other	0
874	147	Nothing	52	3117303	0	1			0		other	0
874	147	Response	2	3119350	2047	5
874	147	Port Input	1	3119350	2047	5
874	148	Nothing	110	3119383	0	1			0		false_alarm	587
874	148	Response	3	3123779	4396	6
874	148	Port Input	4	3123779	4396	6
874	148	Response	3	3127874	8491	6
874	148	Port Input	4	3127874	8491	6
874	149	Nothing	19	3152814	0	1			0		other	0
874	150	Nothing	99	3166608	0	1			0		other	0
874	151	Nothing	51	3166777	0	1			0		other	0
874	151	Response	2	3170132	3355	7
874	151	Port Input	1	3170132	3355	7
874	152	Nothing	100	3170177	0	1			0		false_alarm	597
874	152	Response	2	3171502	1325	6
874	152	Port Input	1	3171502	1325	6
874	152	Response	2	3172932	2755	6
874	152	Port Input	1	3172932	2755	6
874	152	Response	2	3174052	3875	6
874	152	Port Input	1	3174052	3875	6
874	153	Nothing	19	3203646	0	1			0		other	0
874	154	Nothing	99	3227080	0	2			0		other	0
874	155	Nothing	52	3227251	0	1			0		other	0
874	155	Response	2	3228900	1649	6
874	155	Port Input	1	3228900	1649	6
874	156	Nothing	110	3228934	0	1			0		false_alarm	609
874	156	Response	2	3233946	5012	6
874	156	Port Input	1	3233946	5012	6
874	156	Response	2	3236674	7740	5
874	156	Port Input	1	3236674	7740	5
874	157	Nothing	19	3262311	0	1			0		other	0
874	158	Nothing	99	3304497	0	1			0		other	0
874	159	Nothing	51	3304662	0	1			0		other	0
874	159	Response	2	3307568	2906	6
874	159	Port Input	1	3307568	2906	6
874	160	Nothing	100	3307609	0	1			0		false_alarm	619
874	160	Response	2	3308898	1289	6
874	160	Port Input	1	3308898	1289	6
874	160	Response	2	3310264	2655	5
874	160	Port Input	1	3310264	2655	5
874	160	Response	3	3314274	6665	6
874	160	Port Input	4	3314274	6665	6
874	161	Nothing	19	3341006	0	1			0		other	0
874	162	Nothing	99	3353191	0	1			0		other	0
874	163	Nothing	51	3353314	0	1			0		other	0
874	163	Response	2	3355305	1991	4
874	163	Port Input	1	3355305	1991	4
874	164	Nothing	100	3355338	0	1			0		false_alarm	631
874	164	Response	2	3356500	1162	4
874	164	Port Input	1	3356500	1162	4
874	164	Response	2	3357999	2661	4
874	164	Port Input	1	3357999	2661	4
874	164	Response	2	3359148	3810	5
874	164	Port Input	1	3359148	3810	5
874	164	Response	2	3360468	5130	6
874	164	Port Input	1	3360468	5130	6
874	165	Nothing	19	3388818	0	1			0		other	0
874	167	Nothing	99	3409004	0	1			0		other	0
874	168	Nothing	52	3409151	0	2			0		other	0
874	168	Response	3	3410373	1222	5
874	168	Port Input	4	3410373	1222	5
874	169	Nothing	111	3410410	0	1			0		false_alarm	645
874	169	Response	3	3410781	371	6
874	169	Port Input	4	3410781	371	6
874	169	Response	3	3412149	1739	6
874	169	Port Input	4	3412149	1739	6
874	169	Response	3	3413400	2990	5
874	169	Port Input	4	3413400	2990	5
874	169	Response	3	3414689	4279	4
874	169	Port Input	4	3414689	4279	4
874	169	Response	3	3416079	5669	3
874	169	Port Input	4	3416079	5669	3
874	169	Response	3	3416081	5671	6
874	169	Port Input	4	3416081	5671	6
874	169	Response	3	3417406	6996	6
874	169	Port Input	4	3417406	6996	6
874	169	Response	3	3418839	8429	4
874	169	Port Input	4	3418839	8429	4
874	169	Response	3	3420200	9790	6
874	169	Port Input	4	3420200	9790	6
874	169	Response	3	3425792	15382	6
874	169	Port Input	4	3425792	15382	6
874	170	Nothing	19	3443890	0	1			0		other	0
874	171	Nothing	99	3455052	0	1			0		other	0
874	172	Nothing	52	3455178	0	1			0		other	0
874	172	Response	3	3456718	1540	6
874	172	Port Input	4	3456718	1540	6
874	173	Nothing	111	3456759	0	1			0		false_alarm	671
874	173	Response	3	3457085	326	6
874	173	Port Input	4	3457085	326	6
874	173	Response	3	3459199	2440	6
874	173	Port Input	4	3459199	2440	6
874	173	Response	3	3460828	4069	5
874	173	Port Input	4	3460828	4069	5
874	173	Response	3	3462337	5578	6
874	173	Port Input	4	3462337	5578	6
874	173	Response	3	3463762	7003	6
874	173	Port Input	4	3463762	7003	6
874	173	Response	3	3465358	8599	5
874	173	Port Input	4	3465358	8599	5
874	173	Response	3	3466910	10151	6
874	173	Port Input	4	3466910	10151	6
874	173	Response	3	3468165	11406	6
874	173	Port Input	4	3468165	11406	6
874	173	Response	3	3469440	12681	6
874	173	Port Input	4	3469440	12681	6
874	173	Response	3	3471047	14288	6
874	173	Port Input	4	3471047	14288	6
874	173	Response	3	3473870	17111	5
874	173	Port Input	4	3473870	17111	5
874	173	Response	3	3475129	18370	6
874	173	Port Input	4	3475129	18370	6
874	174	Nothing	19	3490376	0	1			0		other	0
874	175	Nothing	99	3518613	0	1			0		other	0
874	176	Nothing	52	3518736	0	1			0		other	0
874	176	Response	3	3520295	1559	6
874	176	Port Input	4	3520295	1559	6
874	177	Nothing	111	3520336	0	1			0		false_alarm	701
874	177	Response	3	3521624	1288	5
874	177	Port Input	4	3521624	1288	5
874	177	Response	3	3524312	3976	6
874	177	Port Input	4	3524312	3976	6
874	177	Response	3	3525926	5590	6
874	177	Port Input	4	3525926	5590	6
874	177	Response	3	3527442	7106	5
874	177	Port Input	4	3527442	7106	5
874	177	Response	3	3529151	8815	6
874	177	Port Input	4	3529151	8815	6
874	177	Response	3	3530692	10356	5
874	177	Port Input	4	3530692	10356	5
874	177	Response	3	3532132	11796	6
874	177	Port Input	4	3532132	11796	6
874	177	Response	3	3533291	12955	6
874	177	Port Input	4	3533291	12955	6
874	177	Response	3	3534814	14478	6
874	177	Port Input	4	3534814	14478	6
874	177	Response	3	3536363	16027	6
874	177	Port Input	4	3536363	16027	6
874	177	Response	3	3537722	17386	6
874	177	Port Input	4	3537722	17386	6
874	178	Nothing	19	3553905	0	1			0		other	0
874	179	Nothing	99	3573503	0	1			0		other	0
874	180	Nothing	51	3573678	0	1			0		other	0
874	180	Response	3	3577120	3442	6
874	180	Port Input	4	3577120	3442	6
874	181	Nothing	101	3577155	0	1			0		false_alarm	729
874	181	Response	3	3578751	1596	6
874	181	Port Input	4	3578751	1596	6
874	181	Response	3	3580319	3164	6
874	181	Port Input	4	3580319	3164	6
874	182	Nothing	19	3610704	0	1			0		other	0
874	183	Nothing	99	3632904	0	2			0		other	0
874	184	Nothing	51	3633027	0	1			0		other	0
874	184	Response	2	3637870	4843	6
874	184	Port Input	1	3637870	4843	6
874	185	Nothing	100	3637911	0	1			0		false_alarm	739
874	185	Response	2	3639183	1272	4
874	185	Port Input	1	3639183	1272	4
874	185	Response	2	3640954	3043	6
874	185	Port Input	1	3640954	3043	6
874	185	Response	2	3642124	4213	5
874	185	Port Input	1	3642124	4213	5
874	185	Response	3	3644668	6757	6
874	185	Port Input	4	3644668	6757	6
874	185	Response	3	3646159	8248	5
874	185	Port Input	4	3646159	8248	5
874	185	Response	3	3647383	9472	4
874	185	Port Input	4	3647383	9472	4
874	185	Response	3	3649229	11318	6
874	185	Port Input	4	3649229	11318	6
874	186	Nothing	19	3671579	0	1			0		other	0
874	188	Nothing	99	3682063	0	1			0		other	0
874	189	Nothing	51	3682187	0	1			0		other	0
874	189	Response	3	3685284	3097	6
874	189	Port Input	4	3685284	3097	6
874	190	Nothing	101	3685318	0	1			0		false_alarm	759
874	190	Response	3	3686836	1518	6
874	190	Port Input	4	3686836	1518	6
874	190	Response	3	3688455	3137	4
874	190	Port Input	4	3688455	3137	4
874	191	Nothing	19	3718778	0	1			0		other	0
874	192	Nothing	99	3742834	0	1			0		other	0
874	193	Nothing	52	3742998	0	1			0		other	0
874	193	Response	2	3746315	3317	5
874	193	Port Input	1	3746315	3317	5
874	194	Nothing	110	3746347	0	1			0		false_alarm	769
874	194	Response	2	3747697	1350	5
874	194	Port Input	1	3747697	1350	5
874	194	Response	3	3749361	3014	6
874	194	Port Input	4	3749361	3014	6
874	194	Response	3	3751211	4864	6
874	194	Port Input	4	3751211	4864	6
874	194	Response	2	3756465	10118	6
874	194	Port Input	1	3756465	10118	6
874	195	Nothing	19	3779815	0	1			0		other	0
874	196	Nothing	99	3816187	0	1			0		other	0
874	197	Nothing	52	3816309	0	1			0		other	0
874	197	Response	2	3818136	1827	6
874	197	Port Input	1	3818136	1827	6
874	198	Nothing	110	3818170	0	1			0		false_alarm	783
874	198	Response	3	3821401	3231	6
874	198	Port Input	4	3821401	3231	6
874	198	Response	2	3823642	5472	6
874	198	Port Input	1	3823642	5472	6
874	199	Nothing	19	3851609	0	1			0		other	0
874	200	Nothing	99	3882873	0	1			0		other	0
874	201	Nothing	51	3883041	0	1			0		other	0
874	201	Response	2	3884830	1789	6
874	201	Port Input	1	3884830	1789	6
874	202	Nothing	100	3884873	0	1			0		false_alarm	793
874	202	Response	2	3885944	1071	4
874	202	Port Input	1	3885944	1071	4
874	202	Response	2	3887363	2490	4
874	202	Port Input	1	3887363	2490	4
874	202	Response	2	3888432	3559	6
874	202	Port Input	1	3888432	3559	6
874	202	Response	2	3889670	4797	6
874	202	Port Input	1	3889670	4797	6
874	202	Response	2	3891135	6262	6
874	202	Port Input	1	3891135	6262	6
874	202	Response	2	3892325	7452	6
874	202	Port Input	1	3892325	7452	6
874	203	Nothing	19	3918267	0	1			0		other	0
874	204	Nothing	99	3933902	0	1			0		other	0
874	205	Nothing	52	3934066	0	1			0		other	0
874	205	Response	2	3935586	1520	5
874	205	Port Input	1	3935586	1520	5
874	206	Nothing	110	3935617	0	1			0		false_alarm	811
874	206	Response	3	3939214	3597	6
874	206	Port Input	4	3939214	3597	6
874	206	Response	2	3944179	8562	4
874	206	Port Input	1	3944179	8562	4
874	206	Response	2	3964154	28537	6
874	206	Port Input	1	3964154	28537	6
874	207	Nothing	19	3969077	0	1			0		other	0
874	209	Nothing	99	4004908	0	1			0		other	0
874	210	Nothing	52	4005028	0	1			0		other	0
874	210	Response	3	4006543	1515	6
874	210	Port Input	4	4006543	1515	6
874	211	Nothing	111	4006584	0	1			0		false_alarm	823
874	211	Response	3	4008051	1467	6
874	211	Port Input	4	4008051	1467	6
874	211	Response	3	4009431	2847	6
874	211	Port Input	4	4009431	2847	6
874	211	Response	3	4010743	4159	6
874	211	Port Input	4	4010743	4159	6
874	211	Response	3	4012073	5489	5
874	211	Port Input	4	4012073	5489	5
874	211	Response	3	4013589	7005	6
874	211	Port Input	4	4013589	7005	6
874	211	Response	3	4015145	8561	6
874	211	Port Input	4	4015145	8561	6
874	211	Response	3	4016635	10051	6
874	211	Port Input	4	4016635	10051	6
874	211	Response	3	4018104	11520	6
874	211	Port Input	4	4018104	11520	6
874	211	Response	3	4019883	13299	6
874	211	Port Input	4	4019883	13299	6
874	212	Nothing	19	4040013	0	1			0		other	0
874	213	Nothing	99	4053064	0	1			0		other	0
874	214	Nothing	52	4053188	0	1			0		other	0
874	214	Response	3	4056212	3024	6
874	214	Port Input	4	4056212	3024	6
874	215	Nothing	111	4056251	0	1			0		false_alarm	847
874	215	Response	3	4057624	1373	6
874	215	Port Input	4	4057624	1373	6
874	215	Response	3	4060460	4209	6
874	215	Port Input	4	4060460	4209	6
874	215	Response	3	4062083	5832	6
874	215	Port Input	4	4062083	5832	6
874	215	Response	3	4063524	7273	5
874	215	Port Input	4	4063524	7273	5
874	215	Response	3	4065041	8790	6
874	215	Port Input	4	4065041	8790	6
874	215	Response	3	4066445	10194	6
874	215	Port Input	4	4066445	10194	6
874	215	Response	3	4067941	11690	6
874	215	Port Input	4	4067941	11690	6
874	215	Response	3	4069144	12893	5
874	215	Port Input	4	4069144	12893	5
874	215	Response	3	4070700	14449	5
874	215	Port Input	4	4070700	14449	5
874	215	Response	3	4072310	16059	6
874	215	Port Input	4	4072310	16059	6
874	216	Nothing	19	4089674	0	1			0		other	0
874	217	Nothing	99	4110381	0	1			0		other	0
874	218	Nothing	52	4110503	0	1			0		other	0
874	218	Response	3	4113733	3230	6
874	218	Port Input	4	4113733	3230	6
874	219	Nothing	111	4113773	0	1			0		false_alarm	873
874	219	Response	3	4115023	1250	6
874	219	Port Input	4	4115023	1250	6
874	219	Response	3	4116638	2865	6
874	219	Port Input	4	4116638	2865	6
874	219	Response	3	4118089	4316	6
874	219	Port Input	4	4118089	4316	6
874	219	Response	3	4119504	5731	6
874	219	Port Input	4	4119504	5731	6
874	219	Response	3	4121130	7357	6
874	219	Port Input	4	4121130	7357	6
874	219	Response	3	4122573	8800	6
874	219	Port Input	4	4122573	8800	6
874	219	Response	3	4124134	10361	6
874	219	Port Input	4	4124134	10361	6
874	219	Response	3	4125599	11826	6
874	219	Port Input	4	4125599	11826	6
874	219	Response	3	4127234	13461	6
874	219	Port Input	4	4127234	13461	6
874	219	Response	3	4128879	15106	6
874	219	Port Input	4	4128879	15106	6
874	219	Response	3	4130102	16329	6
874	219	Port Input	4	4130102	16329	6
874	219	Response	3	4131640	17867	5
874	219	Port Input	4	4131640	17867	5
874	219	Response	3	4133227	19454	5
874	219	Port Input	4	4133227	19454	5
874	220	Nothing	19	4147199	0	1			0		other	0
874	221	Nothing	99	4170366	0	1			0		other	0
874	222	Nothing	52	4170488	0	1			0		other	0
874	222	Response	3	4173591	3103	5
874	222	Port Input	4	4173591	3103	5
874	223	Nothing	111	4173631	0	1			0		false_alarm	905
874	223	Response	3	4175064	1433	5
874	223	Port Input	4	4175064	1433	5
874	223	Response	3	4176545	2914	5
874	223	Port Input	4	4176545	2914	5
874	223	Response	3	4177990	4359	6
874	223	Port Input	4	4177990	4359	6
874	223	Response	3	4179352	5721	6
874	223	Port Input	4	4179352	5721	6
874	223	Response	3	4180685	7054	6
874	223	Port Input	4	4180685	7054	6
874	223	Response	3	4182439	8808	5
874	223	Port Input	4	4182439	8808	5
874	223	Response	3	4183837	10206	6
874	223	Port Input	4	4183837	10206	6
874	223	Response	3	4183842	10211	6
874	223	Port Input	4	4183842	10211	6
874	223	Response	3	4185694	12063	6
874	223	Port Input	4	4185694	12063	6
874	223	Response	3	4187087	13456	6
874	223	Port Input	4	4187087	13456	6
874	223	Response	3	4188872	15241	5
874	223	Port Input	4	4188872	15241	5
874	223	Response	3	4190122	16491	4
874	223	Port Input	4	4190122	16491	4
874	223	Response	3	4193125	19494	6
874	223	Port Input	4	4193125	19494	6
874	223	Response	3	4194370	20739	6
874	223	Port Input	4	4194370	20739	6
874	224	Nothing	19	4207136	0	1			0		other	0
874	225	Nothing	99	4218500	0	1			0		other	0
874	226	Nothing	52	4218620	0	1			0		other	0
874	226	Response	3	4220407	1787	6
874	226	Port Input	4	4220407	1787	6
874	227	Nothing	111	4220447	0	1			0		false_alarm	939
874	227	Response	3	4221435	988	6
874	227	Port Input	4	4221435	988	6
874	227	Response	3	4224222	3775	6
874	227	Port Input	4	4224222	3775	6
874	227	Response	3	4225842	5395	6
874	227	Port Input	4	4225842	5395	6
874	227	Response	3	4227385	6938	4
874	227	Port Input	4	4227385	6938	4
874	227	Response	3	4228966	8519	6
874	227	Port Input	4	4228966	8519	6
874	227	Response	3	4231605	11158	6
874	227	Port Input	4	4231605	11158	6
874	227	Response	3	4233157	12710	6
874	227	Port Input	4	4233157	12710	6
874	227	Response	3	4234477	14030	5
874	227	Port Input	4	4234477	14030	5
874	228	Nothing	19	4253790	0	1			0		other	0
874	230	Nothing	99	4275124	0	1			0		other	0
874	231	Nothing	51	4275265	0	1			0		other	0
874	231	Response	2	4280339	5074	6
874	231	Port Input	1	4280339	5074	6
874	232	Nothing	100	4280379	0	1			0		false_alarm	961
874	232	Response	2	4281509	1130	6
874	232	Port Input	1	4281509	1130	6
874	232	Response	2	4283159	2780	6
874	232	Port Input	1	4283159	2780	6
874	232	Response	2	4284365	3986	6
874	232	Port Input	1	4284365	3986	6
874	233	Nothing	19	4313780	0	1			0		other	0
874	234	Nothing	99	4338754	0	1			0		other	0
874	235	Nothing	52	4338923	0	1			0		other	0
874	235	Response	3	4341987	3064	6
874	235	Port Input	4	4341987	3064	6
874	236	Nothing	111	4342025	0	1			0		false_alarm	973
874	236	Response	3	4343398	1373	5
874	236	Port Input	4	4343398	1373	5
874	236	Response	3	4344968	2943	6
874	236	Port Input	4	4344968	2943	6
874	236	Response	3	4346305	4280	6
874	236	Port Input	4	4346305	4280	6
874	236	Response	3	4347924	5899	6
874	236	Port Input	4	4347924	5899	6
874	236	Response	3	4349487	7462	5
874	236	Port Input	4	4349487	7462	5
874	236	Response	3	4350793	8768	4
874	236	Port Input	4	4350793	8768	4
874	236	Response	3	4352215	10190	6
874	236	Port Input	4	4352215	10190	6
874	236	Response	3	4353950	11925	6
874	236	Port Input	4	4353950	11925	6
874	237	Nothing	19	4375457	0	1			0		other	0
874	238	Nothing	99	4405691	0	1			0		other	0
874	239	Nothing	51	4405860	0	1			0		other	0
874	239	Response	3	4408924	3064	6
874	239	Port Input	4	4408924	3064	6
874	240	Nothing	101	4408957	0	1			0		false_alarm	995
874	240	Response	3	4410431	1474	6
874	240	Port Input	4	4410431	1474	6
874	240	Response	3	4412187	3230	6
874	240	Port Input	4	4412187	3230	6
874	240	Response	3	4413829	4872	6
874	240	Port Input	4	4413829	4872	6
874	240	Response	3	4415255	6298	7
874	240	Port Input	4	4415255	6298	7
874	241	Nothing	19	4442369	0	1			0		other	0
874	242	Nothing	99	4458102	0	1			0		other	0
874	243	Nothing	52	4458264	0	1			0		other	0
874	243	Response	2	4461668	3404	5
874	243	Port Input	1	4461668	3404	5
874	244	Nothing	110	4461698	0	2			0		false_alarm	1009
874	244	Response	2	4465113	3415	6
874	244	Port Input	1	4465113	3415	6
874	244	Response	2	4466877	5179	6
874	244	Port Input	1	4466877	5179	6
874	244	Response	2	4467089	5391	5
874	244	Port Input	1	4467089	5391	5
874	244	Response	2	4469308	7610	6
874	244	Port Input	1	4469308	7610	6
874	245	Nothing	19	4495103	0	1			0		other	0
874	246	Nothing	99	4537834	0	1			0		other	0
874	247	Nothing	52	4537960	0	1			0		other	0
874	247	Response	3	4540119	2159	4
874	247	Port Input	4	4540119	2159	4
874	248	Nothing	111	4540157	0	1			0		false_alarm	1023
874	248	Response	3	4541250	1093	6
874	248	Port Input	4	4541250	1093	6
874	248	Response	3	4544013	3856	6
874	248	Port Input	4	4544013	3856	6
874	248	Response	3	4545573	5416	5
874	248	Port Input	4	4545573	5416	5
874	248	Response	3	4547072	6915	4
874	248	Port Input	4	4547072	6915	4
874	248	Response	3	4548510	8353	6
874	248	Port Input	4	4548510	8353	6
874	248	Response	3	4550007	9850	5
874	248	Port Input	4	4550007	9850	5
874	248	Response	3	4551263	11106	6
874	248	Port Input	4	4551263	11106	6
874	248	Response	3	4552670	12513	4
874	248	Port Input	4	4552670	12513	4
874	249	Nothing	19	4573589	0	1			0		other	0
874	251	Nothing	99	4594064	0	1			0		other	0
874	252	Nothing	52	4594187	0	1			0		other	0
874	252	Response	3	4597610	3423	6
874	252	Port Input	4	4597610	3423	6
874	253	Nothing	111	4597648	0	1			0		false_alarm	1045
874	253	Response	3	4598939	1291	5
874	253	Port Input	4	4598939	1291	5
874	253	Response	3	4600468	2820	4
874	253	Port Input	4	4600468	2820	4
874	253	Response	3	4601794	4146	6
874	253	Port Input	4	4601794	4146	6
874	253	Response	3	4603224	5576	6
874	253	Port Input	4	4603224	5576	6
874	253	Response	3	4604641	6993	5
874	253	Port Input	4	4604641	6993	5
874	253	Response	3	4610447	12799	5
874	253	Port Input	4	4610447	12799	5
874	253	Response	3	4611992	14344	6
874	253	Port Input	4	4611992	14344	6
874	253	Response	3	4623188	25540	6
874	253	Port Input	4	4623188	25540	6
874	254	Nothing	19	4631059	0	1			0		other	0
874	255	Nothing	99	4653823	0	1			0		other	0
874	256	Nothing	51	4653985	0	1			0		other	0
874	256	Response	2	4657344	3359	6
874	256	Port Input	1	4657344	3359	6
874	257	Nothing	100	4657385	0	1			0		false_alarm	1067
874	257	Response	2	4658522	1137	6
874	257	Port Input	1	4658522	1137	6
874	257	Response	2	4659877	2492	6
874	257	Port Input	1	4659877	2492	6
874	257	Response	2	4661273	3888	6
874	257	Port Input	1	4661273	3888	6
874	258	Nothing	19	4690806	0	1			0		other	0
874	259	Nothing	99	4705462	0	1			0		other	0
874	260	Nothing	52	4705631	0	1			0		other	0
874	260	Response	3	4707093	1462	6
874	260	Port Input	4	4707093	1462	6
874	261	Nothing	111	4707132	0	1			0		false_alarm	1079
874	261	Response	3	4707481	349	6
874	261	Port Input	4	4707481	349	6
874	261	Response	3	4708628	1496	6
874	261	Port Input	4	4708628	1496	6
874	261	Response	3	4711052	3920	6
874	261	Port Input	4	4711052	3920	6
874	261	Response	3	4712543	5411	6
874	261	Port Input	4	4712543	5411	6
874	261	Response	3	4714043	6911	6
874	261	Port Input	4	4714043	6911	6
874	261	Response	3	4720933	13801	5
874	261	Port Input	4	4720933	13801	5
874	261	Response	3	4722385	15253	6
874	261	Port Input	4	4722385	15253	6
874	262	Nothing	19	4740505	0	1			0		other	0
874	263	Nothing	99	4762137	0	1			0		other	0
874	264	Nothing	51	4762299	0	1			0		other	0
874	264	Response	3	4765723	3424	7
874	264	Port Input	4	4765723	3424	7
874	265	Nothing	101	4765758	0	1			0		false_alarm	1099
874	265	Response	3	4767456	1698	6
874	265	Port Input	4	4767456	1698	6
874	265	Response	3	4770899	5141	6
874	265	Port Input	4	4770899	5141	6
874	265	Response	3	4772667	6909	6
874	265	Port Input	4	4772667	6909	6
874	266	Nothing	19	4799136	0	1			0		other	0
874	267	Nothing	99	4840061	0	1			0		other	0
874	268	Nothing	52	4840231	0	1			0		other	0
874	268	Response	3	4843530	3299	6
874	268	Port Input	4	4843530	3299	6
874	269	Nothing	111	4843570	0	1			0		false_alarm	1111
874	269	Response	3	4844905	1335	5
874	269	Port Input	4	4844905	1335	5
874	269	Response	3	4847965	4395	6
874	269	Port Input	4	4847965	4395	6
874	269	Response	3	4849480	5910	6
874	269	Port Input	4	4849480	5910	6
874	269	Response	3	4850887	7317	6
874	269	Port Input	4	4850887	7317	6
874	269	Response	3	4852241	8671	5
874	269	Port Input	4	4852241	8671	5
874	269	Response	3	4856680	13110	6
874	269	Port Input	4	4856680	13110	6
874	270	Nothing	19	4876938	0	1			0		other	0
874	272	Nothing	99	4901694	0	1			0		other	0
874	273	Nothing	51	4901845	0	1			0		other	0
874	273	Response	3	4903399	1554	6
874	273	Port Input	4	4903399	1554	6
874	274	Nothing	101	4903434	0	1			0		false_alarm	1129
874	274	Response	3	4905099	1665	6
874	274	Port Input	4	4905099	1665	6
874	274	Response	3	4906767	3333	4
874	274	Port Input	4	4906767	3333	4
874	275	Nothing	19	4936759	0	1			0		other	0
874	276	Nothing	99	4958584	0	1			0		other	0
874	277	Nothing	52	4958747	0	1			0		other	0
874	277	Response	2	4961922	3175	6
874	277	Port Input	1	4961922	3175	6
874	278	Nothing	110	4961956	0	1			0		false_alarm	1139
874	278	Response	2	4963489	1533	6
874	278	Port Input	1	4963489	1533	6
874	278	Response	2	4965161	3205	6
874	278	Port Input	1	4965161	3205	6
874	279	Nothing	19	4995377	0	1			0		other	0
874	280	Nothing	99	5014663	0	1			0		other	0
874	281	Nothing	51	5014832	0	1			0		other	0
874	281	Response	2	5018015	3183	6
874	281	Port Input	1	5018015	3183	6
874	282	Nothing	100	5018054	0	1			0		false_alarm	1149
874	282	Response	2	5019207	1153	6
874	282	Port Input	1	5019207	1153	6
874	282	Response	2	5020763	2709	6
874	282	Port Input	1	5020763	2709	6
874	282	Response	2	5021822	3768	6
874	282	Port Input	1	5021822	3768	6
874	282	Response	2	5023320	5266	6
874	282	Port Input	1	5023320	5266	6
874	283	Nothing	19	5051387	0	1			0		other	0
874	284	Nothing	99	5064791	0	1			0		other	0
874	285	Nothing	51	5064913	0	1			0		other	0
874	285	Response	2	5068399	3486	6
874	285	Port Input	1	5068399	3486	6
874	286	Nothing	100	5068440	0	1			0		false_alarm	1163
874	286	Response	2	5069648	1208	4
874	286	Port Input	1	5069648	1208	4
874	286	Response	2	5071234	2794	5
874	286	Port Input	1	5071234	2794	5
874	286	Response	2	5072277	3837	6
874	286	Port Input	1	5072277	3837	6
874	286	Response	2	5073654	5214	6
874	286	Port Input	1	5073654	5214	6
874	287	Nothing	19	5101860	0	1			0		other	0
874	288	Nothing	99	5114363	0	1			0		other	0
874	289	Nothing	52	5114534	0	1			0		other	0
874	289	Response	3	5118087	3553	5
874	289	Port Input	4	5118087	3553	5
874	290	Nothing	111	5118127	0	1			0		false_alarm	1177
874	290	Response	3	5119429	1302	6
874	290	Port Input	4	5119429	1302	6
874	290	Response	3	5122253	4126	6
874	290	Port Input	4	5122253	4126	6
874	290	Response	3	5123693	5566	5
874	290	Port Input	4	5123693	5566	5
874	290	Response	3	5125138	7011	5
874	290	Port Input	4	5125138	7011	5
874	290	Response	3	5126421	8294	6
874	290	Port Input	4	5126421	8294	6
874	290	Response	3	5130489	12362	5
874	290	Port Input	4	5130489	12362	5
874	291	Nothing	19	5151549	0	1			0		other	0
874	293	Nothing	99	5186786	0	1			0		other	0
874	294	Nothing	52	5186910	0	1			0		other	0
874	294	Response	3	5190386	3476	6
874	294	Port Input	4	5190386	3476	6
874	295	Nothing	111	5190425	0	1			0		false_alarm	1195
874	295	Response	3	5191590	1165	6
874	295	Port Input	4	5191590	1165	6
874	295	Response	3	5194305	3880	6
874	295	Port Input	4	5194305	3880	6
874	295	Response	3	5196083	5658	6
874	295	Port Input	4	5196083	5658	6
874	295	Response	3	5197576	7151	6
874	295	Port Input	4	5197576	7151	6
874	295	Response	3	5199013	8588	6
874	295	Port Input	4	5199013	8588	6
874	295	Response	3	5204024	13599	6
874	295	Port Input	4	5204024	13599	6
874	295	Response	3	5205472	15047	6
874	295	Port Input	4	5205472	15047	6
874	295	Response	3	5206956	16531	6
874	295	Port Input	4	5206956	16531	6
874	296	Nothing	19	5223808	0	1			0		other	0
874	297	Nothing	99	5265107	0	1			0		other	0
874	298	Nothing	52	5265235	0	1			0		other	0
874	298	Response	3	5269950	4715	6
874	298	Port Input	4	5269950	4715	6
874	299	Nothing	111	5269991	0	1			0		false_alarm	1217
874	299	Response	3	5271297	1306	6
874	299	Port Input	4	5271297	1306	6
874	299	Response	3	5273012	3021	6
874	299	Port Input	4	5273012	3021	6
874	299	Response	3	5274235	4244	4
874	299	Port Input	4	5274235	4244	4
874	299	Response	3	5275920	5929	5
874	299	Port Input	4	5275920	5929	5
874	299	Response	3	5277547	7556	6
874	299	Port Input	4	5277547	7556	6
874	299	Response	3	5281783	11792	4
874	299	Port Input	4	5281783	11792	4
874	299	Response	3	5283234	13243	5
874	299	Port Input	4	5283234	13243	5
874	299	Response	3	5284761	14770	6
874	299	Port Input	4	5284761	14770	6
874	299	Response	3	5291168	21177	5
874	299	Port Input	4	5291168	21177	5
874	300	Nothing	19	5303368	0	1			0		other	0
874	301	Nothing	99	5323330	0	1			0		other	0
874	302	Nothing	51	5323492	0	1			0		other	0
874	302	Response	3	5327372	3880	6
874	302	Port Input	4	5327372	3880	6
874	303	Nothing	101	5327407	0	1			0		false_alarm	1241
874	303	Response	3	5329229	1822	4
874	303	Port Input	4	5329229	1822	4
874	303	Response	3	5330830	3423	6
874	303	Port Input	4	5330830	3423	6
874	303	Response	3	5332711	5304	6
874	303	Port Input	4	5332711	5304	6
874	303	Response	3	5334161	6754	5
874	303	Port Input	4	5334161	6754	5
874	304	Nothing	19	5360785	0	1			0		other	0
874	305	Nothing	99	5401528	0	1			0		other	0
874	306	Nothing	51	5401651	0	1			0		other	0
874	307	Nothing	77	5421666	0	1			0		other	0
874	308	Nothing	19	5454492	0	1			0		other	0
874	309	Nothing	99	5489695	0	1			0		other	0
874	310	Nothing	51	5489816	0	1			0		other	0
874	310	Response	2	5492051	2235	6
874	310	Port Input	1	5492051	2235	6
874	311	Nothing	100	5492090	0	1			0		false_alarm	1259
874	311	Response	2	5493046	956	5
874	311	Port Input	1	5493046	956	5
874	311	Response	2	5494372	2282	5
874	311	Port Input	1	5494372	2282	5
874	311	Response	2	5495560	3470	6
874	311	Port Input	1	5495560	3470	6
874	311	Response	2	5496947	4857	6
874	311	Port Input	1	5496947	4857	6
874	312	Nothing	19	5525609	0	1			0		other	0
874	314	Nothing	99	5544509	0	1			0		other	0
874	315	Nothing	52	5544673	0	1			0		other	0
874	315	Response	3	5547720	3047	6
874	315	Port Input	4	5547720	3047	6
874	316	Nothing	111	5547760	0	1			0		false_alarm	1273
874	316	Response	3	5549055	1295	6
874	316	Port Input	4	5549055	1295	6
874	316	Response	3	5551985	4225	6
874	316	Port Input	4	5551985	4225	6
874	316	Response	3	5553536	5776	6
874	316	Port Input	4	5553536	5776	6
874	316	Response	3	5558108	10348	6
874	316	Port Input	4	5558108	10348	6
874	316	Response	3	5563009	15249	4
874	316	Port Input	4	5563009	15249	4
874	317	Nothing	19	5581221	0	1			0		other	0
874	318	Nothing	99	5631186	0	1			0		other	0
874	319	Nothing	52	5631310	0	1			0		other	0
874	319	Response	3	5636253	4943	6
874	319	Port Input	4	5636253	4943	6
874	320	Nothing	111	5636291	0	1			0		false_alarm	1289
874	320	Response	3	5637769	1478	6
874	320	Port Input	4	5637769	1478	6
874	320	Response	3	5640648	4357	4
874	320	Port Input	4	5640648	4357	4
874	320	Response	3	5646395	10104	6
874	320	Port Input	4	5646395	10104	6
874	321	Nothing	19	5669695	0	1			0		other	0
874	322	Nothing	99	5706348	0	1			0		other	0
874	323	Nothing	51	5706511	0	1			0		other	0
874	323	Response	2	5708983	2472	6
874	323	Port Input	1	5708983	2472	6
874	324	Nothing	100	5709020	0	1			0		false_alarm	1301
874	324	Response	2	5710175	1155	6
874	324	Port Input	1	5710175	1155	6
874	324	Response	2	5712513	3493	3
874	324	Port Input	1	5712513	3493	3
874	324	Response	2	5713999	4979	6
874	324	Port Input	1	5713999	4979	6
874	325	Nothing	19	5742466	0	1			0		other	0
874	326	Nothing	99	5783571	0	1			0		other	0
874	327	Nothing	52	5783741	0	1			0		other	0
874	327	Response	3	5785642	1901	6
874	327	Port Input	4	5785642	1901	6
874	328	Nothing	111	5785683	0	1			0		false_alarm	1313
874	328	Response	3	5786874	1191	5
874	328	Port Input	4	5786874	1191	5
874	328	Response	3	5789646	3963	5
874	328	Port Input	4	5789646	3963	5
874	328	Response	3	5791346	5663	5
874	328	Port Input	4	5791346	5663	5
874	328	Response	3	5792675	6992	6
874	328	Port Input	4	5792675	6992	6
874	328	Response	3	5794364	8681	6
874	328	Port Input	4	5794364	8681	6
874	329	Nothing	19	5819108	0	1			0		other	0
874	330	Nothing	99	5855942	0	1			0		other	0
874	331	Nothing	52	5856066	0	1			0		other	0
874	331	Response	3	5859504	3438	5
874	331	Port Input	4	5859504	3438	5
874	332	Nothing	111	5859543	0	1			0		false_alarm	1329
874	332	Response	3	5860827	1284	6
874	332	Port Input	4	5860827	1284	6
874	332	Response	3	5863662	4119	6
874	332	Port Input	4	5863662	4119	6
874	332	Response	3	5865388	5845	6
874	332	Port Input	4	5865388	5845	6
874	332	Response	3	5866755	7212	6
874	332	Port Input	4	5866755	7212	6
874	332	Response	3	5868375	8832	5
874	332	Port Input	4	5868375	8832	5
874	332	Response	3	5869742	10199	5
874	332	Port Input	4	5869742	10199	5
874	333	Nothing	19	5892942	0	1			0		other	0
874	333	Response	3	5933632	40690	6
874	333	Port Input	4	5933632	40690	6
874	333	Response	3	5933774	40832	6
874	333	Port Input	4	5933774	40832	6
874	333	Response	3	5933939	40997	6
874	333	Port Input	4	5933939	40997	6
874	334	Nothing	19	5934733	0	1			0		other	0
874	334	Response	2	5953796	19063	6
874	334	Port Input	1	5953796	19063	6
874	334	Response	2	5966940	32207	6
874	334	Port Input	1	5966940	32207	6
874	335	Nothing	19	5977204	0	1			0		other	0
874	337	Nothing	99	6022285	0	1			0		other	0
874	338	Nothing	52	6022399	0	1			0		other	0
874	338	Response	2	6027241	4842	6
874	338	Port Input	1	6027241	4842	6
874	339	Nothing	110	6027274	0	1			0		false_alarm	1359
874	339	Response	3	6028916	1642	6
874	339	Port Input	4	6028916	1642	6
874	339	Response	2	6031026	3752	6
874	339	Port Input	1	6031026	3752	6
874	339	Response	3	6032999	5725	6
874	339	Port Input	4	6032999	5725	6
874	339	Response	3	6034776	7502	6
874	339	Port Input	4	6034776	7502	6
874	340	Nothing	19	6060669	0	1			0		other	0
874	341	Nothing	99	6083221	0	1			0		other	0
874	342	Nothing	51	6083385	0	1			0		other	0
874	342	Response	2	6085071	1686	6
874	342	Port Input	1	6085071	1686	6
874	343	Nothing	100	6085111	0	1			0		false_alarm	1373
874	343	Response	2	6086513	1402	6
874	343	Port Input	1	6086513	1402	6
874	343	Response	2	6088169	3058	5
874	343	Port Input	1	6088169	3058	5
874	343	Response	2	6089274	4163	6
874	343	Port Input	1	6089274	4163	6
874	343	Response	2	6090654	5543	6
874	343	Port Input	1	6090654	5543	6
874	343	Response	2	6092220	7109	6
874	343	Port Input	1	6092220	7109	6
874	343	Response	2	6093749	8638	6
874	343	Port Input	1	6093749	8638	6
874	344	Nothing	19	6118495	0	1			0		other	0
874	345	Nothing	99	6135146	0	1			0		other	0
874	346	Nothing	51	6135267	0	1			0		other	0
874	346	Response	3	6138478	3211	6
874	346	Port Input	4	6138478	3211	6
874	347	Nothing	101	6138511	0	1			0		false_alarm	1391
874	347	Response	3	6140111	1600	6
874	347	Port Input	4	6140111	1600	6
874	347	Response	3	6141921	3410	6
874	347	Port Input	4	6141921	3410	6
874	347	Response	2	6144000	5489	6
874	347	Port Input	1	6144000	5489	6
874	347	Response	3	6145715	7204	4
874	347	Port Input	4	6145715	7204	4
874	347	Response	2	6148298	9787	6
874	347	Port Input	1	6148298	9787	6
874	348	Nothing	19	6171932	0	1			0		other	0
874	349	Nothing	99	6218065	0	1			0		other	0
874	350	Nothing	52	6218234	0	1			0		other	0
874	350	Response	3	6226531	8297	5
874	350	Port Input	4	6226531	8297	5
874	351	Nothing	111	6226570	0	1			0		false_alarm	1407
874	351	Response	3	6229137	2567	6
874	351	Port Input	4	6229137	2567	6
874	351	Response	3	6232175	5605	6
874	351	Port Input	4	6232175	5605	6
874	351	Response	3	6235114	8544	5
874	351	Port Input	4	6235114	8544	5
874	352	Nothing	19	6259933	0	1			0		other	0
874	353	Nothing	99	6283518	0	1			0		other	0
874	354	Nothing	51	6283680	0	1			0		other	0
874	354	Response	3	6287197	3517	6
874	354	Port Input	4	6287197	3517	6
874	355	Nothing	101	6287232	0	1			0		false_alarm	1419
874	355	Response	3	6288756	1524	6
874	355	Port Input	4	6288756	1524	6
874	355	Response	3	6290421	3189	6
874	355	Port Input	4	6290421	3189	6
874	355	Response	3	6291926	4694	6
874	355	Port Input	4	6291926	4694	6
874	355	Response	3	6295415	8183	6
874	355	Port Input	4	6295415	8183	6
874	355	Response	3	6296919	9687	4
874	355	Port Input	4	6296919	9687	4
874	355	Response	3	6296922	9690	6
874	355	Port Input	4	6296922	9690	6
874	356	Nothing	19	6320625	0	1			0		other	0
874	358	Nothing	99	6332209	0	1			0		other	0
874	359	Nothing	51	6332332	0	1			0		other	0
874	359	Response	2	6335827	3495	6
874	359	Port Input	1	6335827	3495	6
874	360	Nothing	100	6335867	0	1			0		false_alarm	1437
874	360	Response	2	6336100	233	5
874	360	Port Input	1	6336100	233	5
874	360	Response	2	6338259	2392	6
874	360	Port Input	1	6338259	2392	6
874	360	Response	2	6339953	4086	6
874	360	Port Input	1	6339953	4086	6
874	360	Response	2	6341209	5342	6
874	360	Port Input	1	6341209	5342	6
874	361	Nothing	19	6369252	0	1			0		other	0
874	362	Nothing	99	6385505	0	1			0		other	0
874	363	Nothing	51	6385629	0	1			0		other	0
874	363	Response	3	6388491	2862	6
874	363	Port Input	4	6388491	2862	6
874	364	Nothing	101	6388523	0	1			0		false_alarm	1451
874	364	Response	3	6390233	1710	6
874	364	Port Input	4	6390233	1710	6
874	364	Response	3	6391997	3474	6
874	364	Port Input	4	6391997	3474	6
874	364	Response	3	6396073	7550	6
874	364	Port Input	4	6396073	7550	6
874	365	Nothing	19	6421908	0	1			0		other	0
874	366	Nothing	99	6435073	0	1			0		other	0
874	367	Nothing	51	6435196	0	1			0		other	0
874	367	Response	3	6437030	1834	6
874	367	Port Input	4	6437030	1834	6
874	368	Nothing	101	6437064	0	1			0		false_alarm	1463
874	368	Response	3	6438944	1880	6
874	368	Port Input	4	6438944	1880	6
874	368	Response	3	6440551	3487	5
874	368	Port Input	4	6440551	3487	5
874	369	Nothing	19	6470473	0	1			0		other	0
874	370	Nothing	99	6492246	0	1			0		other	0
874	371	Nothing	51	6492368	0	1			0		other	0
874	371	Response	2	6495537	3169	4
874	371	Port Input	1	6495537	3169	4
874	372	Nothing	100	6495574	0	1			0		false_alarm	1473
874	372	Response	2	6496760	1186	6
874	372	Port Input	1	6496760	1186	6
874	372	Response	2	6499342	3768	6
874	372	Port Input	1	6499342	3768	6
874	372	Response	2	6500849	5275	6
874	372	Port Input	1	6500849	5275	6
874	373	Nothing	19	6529004	0	1			0		other	0
874	374	Nothing	99	6558627	0	1			0		other	0
874	375	Nothing	52	6558798	0	1			0		other	0
874	375	Response	3	6562066	3268	4
874	375	Port Input	4	6562066	3268	4
874	375	Response	3	6562070	3272	5
874	375	Port Input	4	6562070	3272	5
874	376	Nothing	111	6562103	0	1			0		false_alarm	1487
874	376	Response	3	6563342	1239	3
874	376	Port Input	4	6563342	1239	3
874	376	Response	3	6565863	3760	6
874	376	Port Input	4	6565863	3760	6
874	376	Response	3	6567717	5614	5
874	376	Port Input	4	6567717	5614	5
874	376	Response	3	6569142	7039	6
874	376	Port Input	4	6569142	7039	6
874	376	Response	3	6570685	8582	6
874	376	Port Input	4	6570685	8582	6
874	376	Response	3	6573832	11729	6
874	376	Port Input	4	6573832	11729	6
874	377	Nothing	19	6595528	0	1			0		other	0
874	379	Nothing	99	6611545	0	1			0		other	0
874	380	Nothing	52	6611667	0	1			0		other	0
874	380	Response	3	6618387	6720	5
874	380	Port Input	4	6618387	6720	5
874	381	Nothing	111	6618426	0	1			0		false_alarm	1505
874	381	Response	3	6619860	1434	6
874	381	Port Input	4	6619860	1434	6
874	381	Response	3	6622535	4109	6
874	381	Port Input	4	6622535	4109	6
874	381	Response	3	6625650	7224	6
874	381	Port Input	4	6625650	7224	6
874	381	Response	3	6628541	10115	5
874	381	Port Input	4	6628541	10115	5
874	381	Response	3	6631546	13120	5
874	381	Port Input	4	6631546	13120	5
874	382	Nothing	19	6651802	0	1			0		other	0
874	383	Nothing	99	6686524	0	1			0		other	0
874	384	Nothing	51	6686687	0	1			0		other	0
874	384	Response	3	6691679	4992	6
874	384	Port Input	4	6691679	4992	6
874	385	Nothing	101	6691712	0	1			0		false_alarm	1521
874	385	Response	3	6693217	1505	5
874	385	Port Input	4	6693217	1505	5
874	385	Response	3	6695001	3289	6
874	385	Port Input	4	6695001	3289	6
874	386	Nothing	19	6725092	0	1			0		other	0
874	387	Nothing	99	6739883	0	1			0		other	0
874	388	Nothing	51	6740006	0	1			0		other	0
874	388	Response	3	6743503	3497	4
874	388	Port Input	4	6743503	3497	4
874	389	Nothing	101	6743535	0	1			0		false_alarm	1531
874	389	Response	3	6745211	1676	6
874	389	Port Input	4	6745211	1676	6
874	389	Response	3	6749230	5695	6
874	389	Port Input	4	6749230	5695	6
874	390	Nothing	19	6776938	0	1			0		other	0
874	391	Nothing	99	6804412	0	1			0		other	0
874	392	Nothing	51	6804537	0	1			0		other	0
874	392	Response	3	6807577	3040	4
874	392	Port Input	4	6807577	3040	4
874	393	Nothing	101	6807608	0	1			0		false_alarm	1541
874	393	Response	3	6809415	1807	6
874	393	Port Input	4	6809415	1807	6
874	393	Response	3	6811097	3489	6
874	393	Port Input	4	6811097	3489	6
874	393	Response	3	6813409	5801	6
874	393	Port Input	4	6813409	5801	6
874	394	Nothing	19	6840964	0	1			0		other	0
874	395	Nothing	99	6855979	0	1			0		other	0
874	396	Nothing	52	6856141	0	1			0		other	0
874	396	Response	2	6857919	1778	5
874	396	Port Input	1	6857919	1778	5
874	397	Nothing	110	6857950	0	1			0		false_alarm	1553
874	397	Response	3	6859843	1893	6
874	397	Port Input	4	6859843	1893	6
874	398	Nothing	19	6891348	0	1			0		other	0
874	400	Nothing	99	6915815	0	1			0		other	0
874	401	Nothing	51	6915984	0	1			0		other	0
874	401	Response	2	6918980	2996	6
874	401	Port Input	1	6918980	2996	6
874	402	Nothing	100	6919018	0	1			0		false_alarm	1561
874	402	Response	2	6920361	1343	6
874	402	Port Input	1	6920361	1343	6
874	402	Response	2	6921757	2739	6
874	402	Port Input	1	6921757	2739	6
874	403	Nothing	19	6952388	0	1			0		other	0
874	404	Nothing	99	6995715	0	1			0		other	0
874	405	Nothing	52	6995879	0	1			0		other	0
874	405	Response	3	6999155	3276	6
874	405	Port Input	4	6999155	3276	6
874	406	Nothing	111	6999194	0	1			0		false_alarm	1571
874	406	Response	3	7000401	1207	6
874	406	Port Input	4	7000401	1207	6
874	406	Response	3	7003074	3880	6
874	406	Port Input	4	7003074	3880	6
874	406	Response	3	7004550	5356	6
874	406	Port Input	4	7004550	5356	6
874	406	Response	3	7007617	8423	5
874	406	Port Input	4	7007617	8423	5
874	406	Response	3	7010802	11608	6
874	406	Port Input	4	7010802	11608	6
874	407	Nothing	19	7032609	0	1			0		other	0
874	408	Nothing	99	7046124	0	1			0		other	0
874	409	Nothing	51	7046293	0	1			0		other	0
874	409	Response	3	7048468	2175	6
874	409	Port Input	4	7048468	2175	6
874	410	Nothing	101	7048503	0	1			0		false_alarm	1587
874	410	Response	3	7049645	1142	6
874	410	Port Input	4	7049645	1142	6
874	410	Response	3	7051169	2666	6
874	410	Port Input	4	7051169	2666	6
874	411	Nothing	19	7082038	0	1			0		other	0
874	412	Nothing	99	7094777	0	1			0		other	0
874	413	Nothing	51	7094900	0	1			0		other	0
874	413	Response	2	7096441	1541	6
874	413	Port Input	1	7096441	1541	6
874	414	Nothing	100	7096482	0	1			0		false_alarm	1597
874	414	Response	2	7099268	2786	5
874	414	Port Input	1	7099268	2786	5
874	414	Response	2	7100983	4501	6
874	414	Port Input	1	7100983	4501	6
874	414	Response	2	7102265	5783	6
874	414	Port Input	1	7102265	5783	6
874	414	Response	2	7103688	7206	6
874	414	Port Input	1	7103688	7206	6
874	415	Nothing	19	7130067	0	1			0		other	0
874	416	Nothing	99	7144202	0	1			0		other	0
874	417	Nothing	52	7144370	0	1			0		other	0
874	417	Response	2	7146283	1913	6
874	417	Port Input	1	7146283	1913	6
874	418	Nothing	110	7146318	0	1			0		false_alarm	1611
874	418	Response	2	7149484	3166	6
874	418	Port Input	1	7149484	3166	6
874	418	Response	2	7151354	5036	6
874	418	Port Input	1	7151354	5036	6
874	418	Response	3	7153095	6777	6
874	418	Port Input	4	7153095	6777	6
874	418	Response	2	7154989	8671	6
874	418	Port Input	1	7154989	8671	6
874	419	Nothing	19	7179906	0	1			0		other	0
874	421	Nothing	99	7191418	0	1			0		other	0
874	422	Nothing	51	7191566	0	1			0		other	0
874	422	Response	3	7194993	3427	6
874	422	Port Input	4	7194993	3427	6
874	423	Nothing	101	7195026	0	1			0		false_alarm	1625
874	423	Response	3	7196631	1605	6
874	423	Port Input	4	7196631	1605	6
874	423	Response	2	7201658	6632	5
874	423	Port Input	1	7201658	6632	5
874	423	Response	3	7203279	8253	6
874	423	Port Input	4	7203279	8253	6
874	423	Response	3	7207234	12208	5
874	423	Port Input	4	7207234	12208	5
874	423	Response	3	7212735	17709	6
874	423	Port Input	4	7212735	17709	6
874	424	Nothing	19	7228494	0	1			0		other	0
874	425	Nothing	99	7242393	0	1			0		other	0
874	426	Nothing	51	7242515	0	1			0		other	0
874	426	Response	3	7245294	2779	4
874	426	Port Input	4	7245294	2779	4
874	427	Nothing	101	7245327	0	1			0		false_alarm	1641
874	427	Response	3	7247172	1845	6
874	427	Port Input	4	7247172	1845	6
874	427	Response	3	7251281	5954	6
874	427	Port Input	4	7251281	5954	6
874	428	Nothing	19	7278736	0	1			0		other	0
874	429	Nothing	99	7299620	0	1			0		other	0
874	430	Nothing	52	7299782	0	1			0		other	0
874	430	Response	2	7302033	2251	6
874	430	Port Input	1	7302033	2251	6
874	431	Nothing	110	7302067	0	1			0		false_alarm	1651
874	431	Response	2	7303129	1062	5
874	431	Port Input	1	7303129	1062	5
874	431	Response	2	7304613	2546	4
874	431	Port Input	1	7304613	2546	4
874	432	Nothing	19	7335511	0	1			0		other	0
874	433	Nothing	99	7348284	0	1			0		other	0
874	434	Nothing	51	7348447	0	1			0		other	0
874	434	Response	2	7351091	2644	6
874	434	Port Input	1	7351091	2644	6
874	435	Nothing	100	7351128	0	1			0		false_alarm	1661
874	435	Response	2	7352532	1404	5
874	435	Port Input	1	7352532	1404	5
874	435	Response	2	7354023	2895	6
874	435	Port Input	1	7354023	2895	6
874	435	Response	2	7355284	4156	6
874	435	Port Input	1	7355284	4156	6
874	436	Nothing	19	7384734	0	1			0		other	0
874	437	Nothing	99	7398364	0	1			0		other	0
874	438	Nothing	52	7398546	0	1			0		other	0
874	438	Response	3	7401567	3021	6
874	438	Port Input	4	7401567	3021	6
874	439	Nothing	111	7401609	0	1			0		false_alarm	1673
874	439	Response	3	7402779	1170	6
874	439	Port Input	4	7402779	1170	6
874	439	Response	3	7405550	3941	6
874	439	Port Input	4	7405550	3941	6
874	439	Response	3	7408750	7141	6
874	439	Port Input	4	7408750	7141	6
874	439	Response	3	7411677	10068	6
874	439	Port Input	4	7411677	10068	6
874	439	Response	3	7414780	13171	6
874	439	Port Input	4	7414780	13171	6
874	440	Nothing	19	7435305	0	1			0		other	0
874	442	Nothing	99	7460230	0	1			0		other	0
874	443	Nothing	51	7460377	0	1			0		other	0
874	443	Response	3	7463136	2759	6
874	443	Port Input	4	7463136	2759	6
874	444	Nothing	101	7463170	0	1			0		false_alarm	1689
874	444	Response	3	7464771	1601	6
874	444	Port Input	4	7464771	1601	6
874	444	Response	3	7466848	3678	6
874	444	Port Input	4	7466848	3678	6
874	445	Nothing	19	7496610	0	1			0		other	0
874	446	Nothing	99	7519612	0	1			0		other	0
874	447	Nothing	52	7519780	0	1			0		other	0
874	447	Response	2	7522808	3028	6
874	447	Port Input	1	7522808	3028	6
874	448	Nothing	110	7522843	0	1			0		false_alarm	1699
874	448	Response	2	7524486	1643	6
874	448	Port Input	1	7524486	1643	6
874	448	Response	3	7526744	3901	6
874	448	Port Input	4	7526744	3901	6
874	449	Nothing	19	7556255	0	1			0		other	0
874	450	Nothing	99	7581229	0	1			0		other	0
874	451	Nothing	52	7581351	0	1			0		other	0
874	451	Response	3	7584866	3515	6
874	451	Port Input	4	7584866	3515	6
874	452	Nothing	111	7584903	0	1			0		false_alarm	1709
874	452	Response	3	7586178	1275	6
874	452	Port Input	4	7586178	1275	6
874	452	Response	3	7589022	4119	6
874	452	Port Input	4	7589022	4119	6
874	452	Response	3	7592202	7299	6
874	452	Port Input	4	7592202	7299	6
874	452	Response	3	7596886	11983	6
874	452	Port Input	4	7596886	11983	6
874	452	Response	3	7599917	15014	5
874	452	Port Input	4	7599917	15014	5
874	453	Nothing	19	7618357	0	1			0		other	0
874	453	Response	2	7618424	67	6
874	453	Port Input	1	7618424	67	6
874	453	Response	3	7620378	2021	6
874	453	Port Input	4	7620378	2021	6
874	453	Response	3	7625637	7280	5
874	453	Port Input	4	7625637	7280	5
874	454	Nothing	19	7631095	0	1			0		other	0
874	455	Nothing	99	7656621	0	1			0		other	0
874	456	Nothing	52	7656744	0	1			0		other	0
874	456	Response	3	7659656	2912	6
874	456	Port Input	4	7659656	2912	6
874	457	Nothing	111	7659696	0	1			0		false_alarm	1732
874	457	Response	3	7661033	1337	6
874	457	Port Input	4	7661033	1337	6
874	457	Response	3	7663731	4035	6
874	457	Port Input	4	7663731	4035	6
874	457	Response	3	7666776	7080	6
874	457	Port Input	4	7666776	7080	6
874	457	Response	3	7669998	10302	6
874	457	Port Input	4	7669998	10302	6
874	457	Response	3	7671508	11812	6
874	457	Port Input	4	7671508	11812	6
874	458	Nothing	19	7693148	0	1			0		other	0
874	459	Nothing	99	7707303	0	1			0		other	0
874	460	Nothing	51	7707467	0	1			0		other	0
874	460	Response	3	7709268	1801	6
874	460	Port Input	4	7709268	1801	6
874	461	Nothing	101	7709303	0	1			0		false_alarm	1748
874	461	Response	3	7711001	1698	6
874	461	Port Input	4	7711001	1698	6
874	461	Response	3	7712868	3565	6
874	461	Port Input	4	7712868	3565	6
874	462	Nothing	19	7742750	0	1			0		other	0
874	464	Nothing	99	7770276	0	1			0		other	0
874	465	Nothing	51	7770391	0	1			0		other	0
874	465	Response	3	7773980	3589	6
874	465	Port Input	4	7773980	3589	6
874	466	Nothing	101	7774013	0	1			0		false_alarm	1758
874	466	Response	3	7779987	5974	6
874	466	Port Input	4	7779987	5974	6
874	467	Nothing	19	7807384	0	1			0		other	0
874	468	Nothing	99	7827239	0	1			0		other	0
874	469	Nothing	51	7827361	0	1			0		other	0
874	469	Response	2	7830731	3370	6
874	469	Port Input	1	7830731	3370	6
874	470	Nothing	100	7830771	0	1			0		false_alarm	1766
874	470	Response	2	7831977	1206	6
874	470	Port Input	1	7831977	1206	6
874	470	Response	2	7833447	2676	5
874	470	Port Input	1	7833447	2676	5
874	470	Response	2	7834503	3732	6
874	470	Port Input	1	7834503	3732	6
874	471	Nothing	19	7864243	0	1			0		other	0
874	472	Nothing	99	7911324	0	1			0		other	0
874	473	Nothing	52	7911505	0	1			0		other	0
874	473	Response	3	7914847	3342	5
874	473	Port Input	4	7914847	3342	5
874	474	Nothing	111	7914886	0	1			0		false_alarm	1778
874	474	Response	3	7916199	1313	5
874	474	Port Input	4	7916199	1313	5
874	474	Response	3	7919192	4306	6
874	474	Port Input	4	7919192	4306	6
874	474	Response	3	7926548	11662	6
874	474	Port Input	4	7926548	11662	6
874	474	Response	3	7929583	14697	6
874	474	Port Input	4	7929583	14697	6
874	475	Nothing	19	7948607	0	1			0		other	0
874	476	Nothing	99	7990904	0	1			0		other	0
874	477	Nothing	52	7991026	0	1			0		other	0
874	477	Response	3	7993762	2736	6
874	477	Port Input	4	7993762	2736	6
874	478	Nothing	111	7993803	0	1			0		false_alarm	1792
874	478	Response	3	7994947	1144	6
874	478	Port Input	4	7994947	1144	6
874	478	Response	3	7997508	3705	6
874	478	Port Input	4	7997508	3705	6
874	478	Response	3	8009827	16024	6
874	478	Port Input	4	8009827	16024	6
874	478	Response	3	8012683	18880	6
874	478	Port Input	4	8012683	18880	6
874	479	Nothing	19	8027452	0	1			0		other	0
874	480	Nothing	99	8070042	0	1			0		other	0
874	481	Nothing	52	8070165	0	1			0		other	0
874	481	Response	3	8073223	3058	6
874	481	Port Input	4	8073223	3058	6
874	482	Nothing	111	8073264	0	1			0		false_alarm	1806
874	482	Response	3	8074666	1402	6
874	482	Port Input	4	8074666	1402	6
874	482	Response	3	8082191	8927	5
874	482	Port Input	4	8082191	8927	5
874	482	Response	3	8084940	11676	6
874	482	Port Input	4	8084940	11676	6
874	483	Nothing	19	8106894	0	1			0		other	0
874	485	Nothing	99	8126246	0	1			0		other	0
874	486	Nothing	51	8126395	0	1			0		other	0
874	486	Response	3	8128184	1789	6
874	486	Port Input	4	8128184	1789	6
874	487	Nothing	101	8128219	0	1			0		false_alarm	1818
874	487	Response	3	8131074	2855	6
874	487	Port Input	4	8131074	2855	6
874	487	Response	3	8132655	4436	6
874	487	Port Input	4	8132655	4436	6
874	487	Response	3	8134471	6252	5
874	487	Port Input	4	8134471	6252	5
874	488	Nothing	19	8161673	0	1			0		other	0
874	489	Nothing	99	8174814	0	1			0		other	0
874	490	Nothing	51	8174938	0	1			0		other	0
874	490	Response	3	8176370	1432	6
874	490	Port Input	4	8176370	1432	6
874	491	Nothing	101	8176405	0	1			0		false_alarm	1830
874	491	Response	3	8176573	168	6
874	491	Port Input	4	8176573	168	6
874	491	Response	3	8177952	1547	6
874	491	Port Input	4	8177952	1547	6
874	491	Response	3	8179683	3278	6
874	491	Port Input	4	8179683	3278	6
874	491	Response	3	8181704	5299	6
874	491	Port Input	4	8181704	5299	6
874	492	Nothing	19	8209888	0	1			0		other	0
874	493	Nothing	99	8224918	0	1			0		other	0
874	494	Nothing	52	8225091	0	1			0		other	0
874	494	Response	2	8227225	2134	6
874	494	Port Input	1	8227225	2134	6
874	495	Nothing	110	8227258	0	1			0		false_alarm	1844
874	495	Response	2	8233553	6295	6
874	495	Port Input	1	8233553	6295	6
874	496	Nothing	19	8260654	0	1			0		other	0
874	497	Nothing	99	8306614	0	1			0		other	0
874	498	Nothing	52	8306739	0	1			0		other	0
874	498	Response	2	8309877	3138	6
874	498	Port Input	1	8309877	3138	6
874	499	Nothing	110	8309911	0	1			0		false_alarm	1852
874	499	Response	2	8311503	1592	6
874	499	Port Input	1	8311503	1592	6
874	499	Response	2	8315171	5260	6
874	499	Port Input	1	8315171	5260	6
874	500	Nothing	19	8343498	0	1			0		other	0
874	501	Nothing	99	8358797	0	1			0		other	0
874	502	Nothing	52	8358919	0	1			0		other	0
874	502	Response	2	8362030	3111	6
874	502	Port Input	1	8362030	3111	6
874	503	Nothing	110	8362065	0	1			0		false_alarm	1862
874	503	Response	2	8363631	1566	6
874	503	Port Input	1	8363631	1566	6
874	504	Nothing	19	8395610	0	1			0		other	0
874	506	Nothing	99	8411889	0	1			0		other	0
874	507	Nothing	52	8412012	0	1			0		other	0
874	507	Response	2	8415024	3012	6
874	507	Port Input	1	8415024	3012	6
874	508	Nothing	110	8415057	0	1			0		false_alarm	1870
874	508	Response	2	8416582	1525	6
874	508	Port Input	1	8416582	1525	6
874	509	Nothing	19	8448484	0	1			0		other	0
874	510	Nothing	99	8488848	0	1			0		other	0
874	511	Nothing	52	8488973	0	1			0		other	0
874	511	Response	3	8490507	1534	6
874	511	Port Input	4	8490507	1534	6
874	512	Nothing	111	8490545	0	1			0		false_alarm	1878
874	512	Response	3	8491928	1383	6
874	512	Port Input	4	8491928	1383	6
874	512	Response	3	8494329	3784	6
874	512	Port Input	4	8494329	3784	6
874	512	Response	3	8498543	7998	6
874	512	Port Input	4	8498543	7998	6
874	512	Response	3	8501383	10838	4
874	512	Port Input	4	8501383	10838	4
874	513	Nothing	19	8524047	0	1			0		other	0
874	514	Nothing	99	8573478	0	1			0		other	0
874	515	Nothing	51	8573640	0	1			0		other	0
874	515	Response	3	8576778	3138	6
874	515	Port Input	4	8576778	3138	6
874	516	Nothing	101	8576810	0	1			0		false_alarm	1892
874	516	Response	3	8578327	1517	6
874	516	Port Input	4	8578327	1517	6
874	516	Response	3	8580057	3247	4
874	516	Port Input	4	8580057	3247	4
874	517	Nothing	19	8610249	0	1			0		other	0
874	518	Nothing	99	8637541	0	1			0		other	0
874	519	Nothing	52	8637704	0	1			0		other	0
874	519	Response	2	8640682	2978	6
874	519	Port Input	1	8640682	2978	6
874	520	Nothing	110	8640716	0	1			0		false_alarm	1902
874	520	Response	3	8642466	1750	6
874	520	Port Input	4	8642466	1750	6
874	520	Response	3	8644299	3583	6
874	520	Port Input	4	8644299	3583	6
874	521	Nothing	19	8674118	0	1			0		other	0
874	522	Nothing	99	8697531	0	1			0		other	0
874	523	Nothing	52	8697655	0	1			0		other	0
874	523	Response	2	8699750	2095	6
874	523	Port Input	1	8699750	2095	6
874	524	Nothing	110	8699783	0	1			0		false_alarm	1912
874	524	Response	2	8700947	1164	6
874	524	Port Input	1	8700947	1164	6
874	524	Response	2	8701141	1358	6
874	524	Port Input	1	8701141	1358	6
874	525	Nothing	19	8733247	0	1			0		other	0
874	527	Nothing	99	8749811	0	1			0		other	0
874	528	Nothing	52	8749926	0	1			0		other	0
874	528	Response	2	8753240	3314	6
874	528	Port Input	1	8753240	3314	6
874	529	Nothing	110	8753274	0	1			0		false_alarm	1922
874	529	Response	2	8754991	1717	6
874	529	Port Input	1	8754991	1717	6
874	529	Quit		8755368	2094
