Scenario - phase2_matchingPennies_algorithm1
Logfile written - 10/14/2019 13:48:21

Subject	Trial	Event Type	Code	Time	TTime	Uncertainty	Duration	Uncertainty	ReqTime	ReqDur	Stim Type	Pair Index

874	0	Manual	10/14/2019 13:07:18	10112	10112	NA
874	0	Response	3	538741	538741	8
874	1	Nothing	52	1290013	0	1			0		other	0
874	1	Response	3	1294646	4634	6
874	2	Nothing	111	1294695	0	1			0		false_alarm	6
874	2	Response	3	1295144	449	5
874	2	Response	3	1296442	1747	6
874	2	Response	3	1299577	4882	4
874	2	Response	3	1301083	6388	5
874	2	Response	3	1302567	7873	6
874	2	Response	3	1304140	9445	10
874	2	Response	3	1305720	11025	5
874	2	Response	3	1307403	12708	6
874	2	Response	3	1310558	15863	8
874	3	Nothing	19	1325068	0	1			0		other	0
874	4	Nothing	51	1361554	0	1			0		other	0
874	4	Response	3	1366789	5235	5
874	5	Nothing	101	1366833	0	1			0		false_alarm	19
874	5	Response	3	1372501	5668	6
874	5	Response	3	1372929	6097	6
874	5	Response	3	1376730	9898	8
874	6	Nothing	19	1397038	0	1			0		other	0
874	7	Nothing	51	1426373	0	0			0		other	0
874	7	Response	3	1432661	6288	7
874	8	Nothing	101	1432702	0	1			0		false_alarm	26
874	8	Response	3	1435881	3179	10
874	9	Nothing	19	1462944	0	1			0		other	0
874	10	Nothing	51	1502931	0	1			0		other	0
874	10	Response	3	1505676	2745	10
874	11	Nothing	101	1505723	0	1			0		false_alarm	31
874	11	Response	3	1507233	1510	8
874	11	Response	3	1507818	2095	5
874	12	Nothing	19	1535928	0	1			0		other	0
874	14	Nothing	51	1581042	0	1			0		other	0
874	14	Response	3	1587181	6139	10
874	15	Nothing	101	1587216	0	1			0		false_alarm	37
874	15	Response	3	1588666	1450	7
874	15	Response	3	1590870	3653	9
874	16	Nothing	19	1618171	0	1			0		other	0
874	17	Nothing	52	1637377	0	1			0		other	0
874	17	Response	3	1640736	3360	8
874	18	Nothing	111	1640777	0	1			0		false_alarm	43
874	18	Response	3	1641106	329	5
874	18	Response	3	1643456	2680	10
874	18	Response	3	1644914	4137	14
874	18	Response	3	1646257	5480	10
874	18	Response	3	1647764	6987	6
874	18	Response	3	1649056	8279	10
874	18	Response	3	1650561	9784	6
874	18	Response	3	1651963	11187	6
874	18	Response	3	1653592	12815	8
874	18	Response	3	1655121	14344	5
874	18	Response	3	1656688	15911	5
874	18	Response	3	1659646	18869	6
874	18	Response	3	1661348	20572	7
874	18	Response	3	1663171	22394	8
874	18	Response	3	1664529	23752	5
874	18	Response	3	1667750	26973	8
874	18	Response	3	1669786	29009	6
874	18	Response	3	1671226	30449	25
874	18	Response	3	1672879	32103	8
874	19	Nothing	19	1675400	0	0			0		other	0
874	20	Nothing	51	1720484	0	1			0		other	0
874	20	Response	3	1725391	4907	19
874	21	Nothing	101	1725437	0	0			0		false_alarm	66
874	21	Response	3	1727170	1733	6
874	21	Response	3	1728831	3394	5
874	22	Nothing	19	1760442	0	1			0		other	0
874	23	Nothing	51	1770804	0	1			0		other	0
874	23	Response	3	1773409	2605	5
874	24	Nothing	101	1773437	0	1			0		false_alarm	72
874	24	Response	3	1775823	2386	7
874	25	Nothing	19	1807642	0	1			0		other	0
874	26	Nothing	51	1823214	0	1			0		other	0
874	26	Response	3	1825613	2399	4
874	27	Nothing	101	1825644	0	1			0		false_alarm	77
874	27	Response	3	1829706	4062	6
874	27	Response	3	1838651	13007	6
874	28	Nothing	19	1859816	0	1			0		other	0
874	30	Nothing	51	1887402	0	1			0		other	0
874	30	Response	2	1888846	1444	9
874	31	Nothing	100	1888911	0	1			0		false_alarm	83
874	31	Response	2	1891799	2888	4
874	31	Response	2	1893535	4624	5
874	31	Response	2	1896926	8014	5
874	31	Response	2	1898341	9429	10
874	31	Response	2	1900710	11798	5
874	31	Response	2	1903017	14106	7
874	31	Response	2	1905425	16514	7
874	31	Response	2	1908047	19136	5
874	31	Response	2	1910625	21713	6
874	31	Response	2	1914664	25753	9
874	31	Response	2	1918544	29633	8
874	31	Response	2	1921126	32215	8
874	32	Nothing	19	1923321	0	0			0		other	0
874	32	Response	2	1925300	1979	10
874	32	Response	2	1929569	6248	6
874	33	Nothing	19	1941364	0	1			0		other	0
874	34	Nothing	51	1960445	0	0			0		other	0
874	34	Response	2	1966829	6384	5
874	35	Nothing	100	1966878	0	1			0		false_alarm	102
874	35	Response	2	1970575	3698	9
874	35	Response	2	1973258	6380	7
874	35	Response	2	1974613	7735	8
874	35	Response	2	1976120	9242	5
874	35	Response	2	1977769	10891	10
874	36	Nothing	19	2001194	0	1			0		other	0
874	37	Nothing	51	2018117	0	1			0		other	0
874	37	Response	2	2021485	3368	9
874	38	Nothing	100	2021527	0	0			0		false_alarm	111
874	38	Response	2	2023278	1751	5
874	38	Response	2	2025944	4417	5
874	38	Response	2	2027153	5627	5
874	38	Response	2	2028503	6976	5
874	38	Response	2	2030110	8584	4
874	39	Nothing	19	2055910	0	1			0		other	0
874	40	Nothing	52	2081100	0	1			0		other	0
874	40	Response	3	2083506	2405	5
874	41	Nothing	111	2083543	0	1			0		false_alarm	120
874	41	Response	3	2083722	179	7
874	41	Response	3	2085182	1639	7
874	41	Response	3	2086672	3128	7
874	41	Response	3	2087885	4341	16
874	41	Response	3	2089331	5788	5
874	41	Response	3	2090714	7170	8
874	41	Response	3	2092171	8628	4
874	41	Response	3	2094076	10532	9
874	41	Response	3	2095542	11998	6
874	42	Nothing	19	2117888	0	0			0		other	0
874	43	Nothing	51	2138278	0	1			0		other	0
874	43	Response	3	2141187	2909	10
874	44	Nothing	101	2141227	0	1			0		false_alarm	133
874	44	Response	3	2141324	97	7
874	44	Response	3	2141581	354	6
874	44	Response	3	2141884	657	6
874	44	Response	3	2143985	2758	7
874	45	Nothing	19	2175650	0	0			0		other	0
874	47	Nothing	51	2201160	0	1			0		other	0
874	47	Response	3	2204928	3768	8
874	48	Nothing	101	2204968	0	1			0		other	0
874	49	Nothing	19	2239306	0	1			0		other	0
874	50	Nothing	52	2276241	0	1			0		other	0
874	50	Response	3	2278629	2388	16
874	51	Nothing	111	2278690	0	1			0		false_alarm	145
874	51	Response	3	2281619	2928	6
874	51	Response	3	2282861	4170	5
874	51	Response	3	2284330	5640	6
874	51	Response	3	2285812	7122	18
874	51	Response	3	2287342	8652	6
874	51	Response	3	2288897	10206	8
874	51	Response	3	2290563	11873	5
874	52	Nothing	19	2313143	0	1			0		other	0
874	53	Nothing	51	2352848	0	1			0		other	0
874	53	Response	3	2357484	4637	7
874	54	Nothing	101	2357514	0	1			0		false_alarm	156
874	54	Response	3	2359502	1987	5
874	55	Nothing	19	2392254	0	0			0		other	0
874	56	Nothing	52	2403231	0	0			0		other	0
874	56	Response	3	2406369	3138	7
874	57	Nothing	111	2406412	0	1			0		false_alarm	161
874	57	Response	3	2406726	314	4
874	57	Response	3	2408240	1828	5
874	57	Response	3	2410640	4228	6
874	57	Response	3	2412071	5659	10
874	57	Response	3	2413508	7096	7
874	57	Response	3	2415010	8598	8
874	57	Response	3	2416411	9999	4
874	57	Response	3	2417902	11490	5
874	57	Response	3	2419592	13180	7
874	58	Nothing	19	2441061	0	1			0		other	0
874	58	Response	3	2468774	27713	5
874	59	Nothing	19	2475171	0	0			0		other	0
874	60	Nothing	51	2492944	0	1			0		other	0
874	60	Response	3	2495440	2496	6
874	61	Nothing	101	2495477	0	1			0		false_alarm	176
874	61	Response	3	2495804	327	5
874	61	Response	3	2497251	1774	5
874	62	Nothing	19	2530343	0	1			0		other	0
874	64	Nothing	51	2580176	0	1			0		other	0
874	64	Response	3	2583179	3003	6
874	65	Nothing	101	2583219	0	1			0		other	0
874	66	Nothing	19	2617651	0	0			0		other	0
874	67	Nothing	51	2641934	0	1			0		other	0
874	67	Response	3	2645870	3935	8
874	68	Nothing	101	2645924	0	1			0		false_alarm	186
874	68	Response	3	2646190	266	7
874	68	Response	3	2647528	1605	8
874	69	Nothing	19	2680219	0	1			0		other	0
874	70	Nothing	51	2710912	0	1			0		other	0
874	70	Response	3	2713500	2588	7
874	71	Nothing	101	2713534	0	1			0		false_alarm	192
874	71	Response	2	2716956	3421	9
874	71	Response	2	2719416	5882	14
874	71	Response	2	2720792	7258	7
874	71	Response	2	2721969	8435	8
874	71	Response	2	2723299	9765	7
874	71	Response	2	2724475	10940	8
874	71	Response	2	2725765	12231	5
874	71	Response	2	2728306	14772	7
874	71	Response	2	2729572	16037	10
874	71	Response	2	2732605	19071	7
874	71	Response	2	2734042	20507	6
874	72	Nothing	19	2747892	0	0			0		other	0
874	73	Nothing	51	2761279	0	1			0		other	0
874	73	Response	3	2765484	4204	8
874	74	Nothing	101	2765519	0	1			0		false_alarm	207
874	74	Response	3	2765888	370	10
874	74	Response	3	2769005	3486	5
874	74	Response	3	2772504	6985	10
874	75	Nothing	19	2799972	0	1			0		other	0
874	76	Nothing	51	2811795	0	1			0		other	0
874	76	Response	3	2819165	7370	4
874	77	Nothing	101	2819196	0	1			0		false_alarm	214
874	77	Response	3	2822697	3501	8
874	78	Nothing	19	2853665	0	1			0		other	0
874	80	Nothing	51	2864335	0	1			0		other	0
874	80	Response	2	2871527	7192	7
874	81	Nothing	100	2871577	0	1			0		false_alarm	219
874	81	Response	2	2873078	1501	5
874	81	Response	2	2875794	4217	5
874	81	Response	2	2878688	7112	7
874	82	Nothing	19	2905893	0	1			0		other	0
874	83	Nothing	51	2924314	0	1			0		other	0
874	84	Nothing	77	2944324	0	1			0		other	0
874	85	Nothing	19	2978140	0	0			0		other	0
874	86	Nothing	51	3013076	0	1			0		other	0
874	87	Nothing	77	3033087	0	1			0		other	0
874	88	Nothing	19	3066642	0	1			0		other	0
874	89	Nothing	51	3085453	0	1			0		other	0
874	90	Nothing	77	3105464	0	1			0		other	0
874	91	Nothing	19	3139226	0	1			0		other	0
874	92	Nothing	51	3187924	0	1			0		other	0
874	92	Response	3	3197480	9557	6
874	93	Nothing	101	3197538	0	1			0		other	0
874	94	Nothing	19	3232075	0	1			0		other	0
874	96	Nothing	52	3246717	0	1			0		other	0
874	96	Response	2	3256274	9557	7
874	97	Nothing	110	3256306	0	1			0		false_alarm	239
874	97	Response	2	3258752	2446	5
874	97	Response	2	3260153	3847	5
874	97	Response	2	3261412	5107	6
874	97	Response	2	3262564	6258	5
874	97	Response	2	3265018	8713	5
874	97	Response	2	3266497	10191	6
874	97	Response	2	3267572	11266	5
874	97	Response	2	3269029	12723	5
874	98	Nothing	19	3291169	0	1			0		other	0
874	99	Nothing	51	3311255	0	1			0		other	0
874	99	Response	3	3317393	6138	5
874	100	Nothing	101	3317421	0	1			0		false_alarm	251
874	100	Response	2	3319152	1732	5
874	100	Response	2	3321706	4285	5
874	100	Response	2	3322884	5464	6
874	100	Response	2	3324104	6684	5
874	100	Response	2	3325302	7881	5
874	100	Response	2	3326471	9051	6
874	100	Response	2	3327743	10322	5
874	100	Response	2	3328954	11533	5
874	100	Response	2	3331506	14085	5
874	100	Response	2	3333073	15652	6
874	100	Response	2	3334424	17003	6
874	100	Response	2	3335665	18245	7
874	100	Response	2	3337105	19684	5
874	101	Nothing	19	3351369	0	1			0		other	0
874	102	Nothing	52	3363556	0	1			0		other	0
874	102	Response	2	3370092	6535	6
874	103	Nothing	110	3370120	0	1			0		false_alarm	268
874	103	Response	2	3371932	1812	6
874	103	Response	2	3373480	3360	5
874	103	Response	2	3375442	5323	5
874	103	Response	2	3376612	6493	6
874	103	Response	2	3377884	7765	6
874	103	Response	2	3379000	8880	5
874	103	Response	2	3380264	10145	6
874	103	Response	2	3381569	11449	6
874	103	Response	2	3382949	12829	5
874	103	Response	2	3384296	14176	5
874	103	Response	2	3385953	15834	5
874	103	Response	2	3387472	17352	5
874	104	Nothing	19	3404134	0	1			0		other	0
874	104	Response	2	3432412	28278	6
874	105	Nothing	19	3434345	0	1			0		other	0
874	105	Response	2	3446424	12079	5
874	106	Nothing	19	3461516	0	1			0		other	0
874	106	Response	2	3472194	10679	5
874	106	Response	2	3478701	17185	5
874	107	Nothing	19	3479656	0	1			0		other	0
874	107	Response	2	3483483	3827	5
874	108	Nothing	19	3507351	0	1			0		other	0
874	108	Response	2	3520253	12902	5
874	108	Response	2	3523200	15849	5
874	108	Response	2	3533369	26018	6
874	108	Response	2	3538106	30755	5
874	109	Nothing	51	3550802	0	1			0		other	0
874	109	Response	2	3554007	3206	5
874	110	Nothing	100	3554044	0	1			0		false_alarm	297
874	110	Response	2	3555463	1420	5
874	110	Response	2	3556663	2620	5
874	110	Response	2	3557851	3807	5
874	110	Response	2	3560885	6842	6
874	110	Response	2	3562542	8499	5
874	110	Response	2	3564702	10659	5
874	110	Response	2	3566079	12036	7
874	110	Response	2	3567370	13327	5
874	110	Response	2	3569018	14974	5
874	110	Response	2	3570188	16144	6
874	110	Response	2	3571436	17393	5
874	110	Response	2	3572616	18572	6
874	110	Response	2	3573938	19895	6
874	110	Response	2	3575441	21397	5
874	110	Response	2	3576860	22817	5
874	111	Nothing	19	3587934	0	1			0		other	0
874	112	Nothing	51	3599569	0	1			0		other	0
874	112	Response	2	3603927	4358	6
874	113	Nothing	100	3603962	0	1			0		false_alarm	316
874	113	Response	2	3605228	1266	6
874	113	Response	2	3606704	2742	5
874	113	Response	2	3608051	4089	6
874	113	Response	2	3610636	6674	5
874	113	Response	2	3612007	8045	5
874	113	Response	2	3613477	9515	5
874	114	Nothing	19	3637815	0	1			0		other	0
874	116	Nothing	51	3687708	0	1			0		other	0
874	116	Response	2	3692071	4363	5
874	117	Nothing	100	3692108	0	1			0		false_alarm	326
874	117	Response	2	3693485	1377	6
874	117	Response	2	3695023	2916	5
874	117	Response	2	3696140	4032	5
874	118	Nothing	19	3726025	0	1			0		other	0
874	119	Nothing	52	3766130	0	1			0		other	0
874	119	Response	2	3774918	8788	5
874	120	Nothing	110	3774947	0	1			0		false_alarm	333
874	120	Response	2	3779552	4606	5
874	121	Nothing	19	3808832	0	1			0		other	0
874	122	Nothing	51	3836568	0	1			0		other	0
874	122	Response	2	3854553	17986	5
874	123	Nothing	100	3854590	0	1			0		false_alarm	338
874	123	Response	2	3856113	1522	7
874	123	Response	2	3858762	4172	10
874	123	Response	2	3859927	5337	9
874	123	Response	2	3861428	6838	5
874	123	Response	2	3864781	10191	6
874	123	Response	2	3870580	15990	5
874	124	Nothing	19	3889647	0	1			0		other	0
874	125	Nothing	52	3908486	0	0			0		other	0
874	125	Response	2	3910875	2389	9
874	126	Nothing	110	3910918	0	1			0		false_alarm	348
874	126	Response	2	3911258	340	6
874	126	Response	2	3912942	2024	5
874	126	Response	2	3914630	3712	8
874	127	Nothing	19	3945547	0	1			0		other	0
874	128	Nothing	51	3985112	0	1			0		other	0
874	128	Response	2	3993361	8249	5
874	129	Nothing	100	3993410	0	1			0		false_alarm	355
874	129	Response	2	3994691	1281	5
874	129	Response	2	3996239	2829	6
874	129	Response	2	3997569	4159	6
874	129	Response	2	3998937	5527	6
874	129	Response	2	4002168	8758	7
874	130	Nothing	19	4027753	0	1			0		other	0
874	132	Nothing	51	4048420	0	1			0		other	0
874	132	Response	2	4053079	4659	5
874	133	Nothing	100	4053123	0	0			0		false_alarm	364
874	133	Response	2	4054690	1567	6
874	133	Response	2	4055947	2824	4
874	133	Response	2	4057241	4118	5
874	134	Nothing	19	4088091	0	1			0		other	0
874	135	Nothing	52	4107360	0	1			0		other	0
874	135	Response	2	4113101	5740	8
874	136	Nothing	110	4113165	0	1			0		false_alarm	371
874	136	Response	2	4116871	3706	5
874	137	Nothing	19	4147703	0	1			0		other	0
874	138	Nothing	52	4187170	0	1			0		other	0
874	138	Response	2	4192148	4978	6
874	139	Nothing	110	4192183	0	1			0		other	0
874	140	Nothing	19	4226527	0	1			0		other	0
874	141	Nothing	52	4254226	0	1			0		other	0
874	141	Response	2	4257928	3702	5
874	142	Nothing	110	4257961	0	1			0		other	0
874	143	Nothing	19	4292471	0	1			0		other	0
874	144	Nothing	52	4321428	0	1			0		other	0
874	144	Response	2	4327590	6162	5
874	145	Nothing	110	4327630	0	1			0		other	0
874	146	Nothing	19	4361765	0	1			0		other	0
874	148	Nothing	52	4373620	0	1			0		other	0
874	148	Response	2	4381277	7657	4
874	149	Nothing	110	4381307	0	1			0		other	0
874	150	Nothing	19	4415677	0	1			0		other	0
874	151	Nothing	52	4441688	0	1			0		other	0
874	151	Response	2	4448505	6817	6
874	152	Nothing	110	4448541	0	0			0		other	0
874	153	Nothing	19	4482812	0	1			0		other	0
874	154	Nothing	52	4497114	0	1			0		other	0
874	154	Response	2	4503045	5931	6
874	155	Nothing	110	4503072	0	1			0		other	0
874	156	Nothing	19	4537410	0	1			0		other	0
874	157	Nothing	52	4577354	0	1			0		other	0
874	157	Response	3	4582223	4869	10
874	158	Nothing	111	4582272	0	1			0		false_alarm	400
874	158	Response	3	4582579	307	7
874	158	Response	3	4586568	4296	7
874	158	Response	3	4590901	8630	8
874	158	Response	3	4592261	9989	8
874	158	Response	3	4593708	11437	7
874	158	Response	3	4595351	13079	5
874	158	Response	3	4596532	14260	6
874	159	Nothing	19	4616497	0	1			0		other	0
874	159	Response	3	4629315	12818	8
874	159	Response	3	4629488	12991	18
874	160	Nothing	19	4629689	0	1			0		other	0
874	161	Nothing	51	4658059	0	0			0		other	0
874	161	Response	2	4662639	4581	5
874	162	Nothing	100	4662682	0	1			0		false_alarm	414
874	162	Response	2	4663967	1285	5
874	162	Response	2	4666594	3912	6
874	162	Response	2	4667804	5122	6
874	162	Response	2	4670231	7549	5
874	162	Response	2	4671516	8834	6
874	163	Nothing	19	4697272	0	1			0		other	0
874	165	Nothing	52	4742533	0	1			0		other	0
874	165	Response	3	4745008	2475	9
874	166	Nothing	111	4745045	0	1			0		false_alarm	423
874	166	Response	3	4746758	1713	7
874	166	Response	3	4749193	4148	5
874	166	Response	3	4750703	5658	10
874	166	Response	3	4752189	7143	8
874	166	Response	3	4753597	8552	7
874	166	Response	3	4755182	10137	5
874	166	Response	3	4756621	11575	5
874	166	Response	3	4758138	13093	7
874	166	Response	3	4768955	23910	7
874	166	Response	3	4770504	25458	7
874	167	Nothing	19	4780099	0	1			0		other	0
874	168	Nothing	51	4810354	0	1			0		other	0
874	168	Response	2	4817119	6765	5
874	169	Nothing	100	4817153	0	1			0		false_alarm	437
874	169	Response	2	4819210	2057	8
874	169	Response	2	4821023	3871	5
874	169	Response	2	4822115	4962	9
874	169	Response	2	4823432	6279	11
874	169	Response	3	4828511	11358	6
874	169	Response	3	4830109	12957	10
874	170	Nothing	19	4851440	0	0			0		other	0
874	171	Nothing	51	4880766	0	1			0		other	0
874	171	Response	3	4889209	8443	5
874	172	Nothing	101	4889245	0	0			0		false_alarm	447
874	172	Response	3	4893113	3868	6
874	173	Nothing	19	4923683	0	0			0		other	0
874	174	Nothing	51	4948785	0	0			0		other	0
874	174	Response	3	4952838	4053	5
874	175	Nothing	101	4952884	0	1			0		other	0
874	176	Nothing	19	4987426	0	1			0		other	0
874	177	Nothing	51	4998195	0	1			0		other	0
874	177	Response	3	5006943	8749	7
874	178	Nothing	101	5006978	0	1			0		false_alarm	456
874	178	Response	3	5008606	1627	10
874	179	Nothing	19	5041630	0	0			0		other	0
874	181	Nothing	51	5053862	0	1			0		other	0
874	181	Response	3	5060330	6468	6
874	182	Nothing	101	5060363	0	1			0		other	0
874	183	Nothing	19	5094807	0	0			0		other	0
874	184	Nothing	52	5124598	0	1			0		other	0
874	185	Nothing	77	5144609	0	1			0		other	0
874	186	Nothing	19	5178353	0	1			0		other	0
874	187	Nothing	51	5204452	0	1			0		other	0
874	187	Response	3	5210716	6264	6
874	188	Nothing	101	5210749	0	1			0		false_alarm	468
874	188	Response	3	5216913	6164	6
874	189	Nothing	19	5245188	0	1			0		other	0
874	190	Nothing	51	5273989	0	1			0		other	0
874	191	Nothing	77	5294002	0	1			0		other	0
874	192	Nothing	19	5327583	0	1			0		other	0
874	193	Nothing	51	5356419	0	1			0		other	0
874	193	Response	3	5361137	4719	8
874	194	Nothing	101	5361172	0	1			0		false_alarm	476
874	194	Response	2	5368463	7290	5
874	195	Nothing	19	5395889	0	1			0		other	0
874	197	Nothing	52	5409224	0	1			0		other	0
874	197	Response	2	5412505	3282	6
874	198	Nothing	110	5412543	0	1			0		false_alarm	481
874	198	Response	2	5414172	1629	15
874	199	Nothing	19	5447440	0	1			0		other	0
874	200	Nothing	52	5481100	0	1			0		other	0
874	201	Nothing	77	5501114	0	1			0		other	0
874	202	Nothing	19	5535369	0	1			0		other	0
874	203	Nothing	51	5565236	0	1			0		other	0
874	203	Response	3	5569831	4595	7
874	204	Nothing	101	5569868	0	1			0		other	0
874	205	Nothing	19	5604893	0	1			0		other	0
874	206	Nothing	51	5619190	0	1			0		other	0
874	206	Response	2	5624229	5039	7
874	207	Nothing	100	5624272	0	1			0		false_alarm	493
874	207	Response	2	5625862	1590	7
874	207	Response	2	5627607	3335	7
874	207	Response	2	5628655	4382	5
874	207	Response	2	5630049	5777	7
874	207	Response	2	5631421	7149	8
874	207	Response	2	5632848	8576	9
874	207	Response	2	5634205	9933	11
874	208	Nothing	19	5659333	0	1			0		other	0
874	209	Nothing	52	5684277	0	1			0		other	0
874	210	Nothing	77	5704289	0	1			0		other	0
874	211	Nothing	19	5738448	0	1			0		other	0
874	213	Nothing	51	5754754	0	0			0		other	0
874	213	Response	2	5761124	6370	8
874	214	Nothing	100	5761168	0	1			0		false_alarm	507
874	214	Response	2	5763199	2030	7
874	214	Response	2	5766144	4976	10
874	214	Response	2	5767420	6251	11
874	214	Response	2	5768749	7580	7
874	215	Nothing	19	5795942	0	1			0		other	0
874	216	Nothing	52	5845177	0	1			0		other	0
874	217	Nothing	77	5865195	0	1			0		other	0
874	218	Nothing	19	5899429	0	1			0		other	0
874	219	Nothing	52	5923107	0	1			0		other	0
874	219	Response	2	5934761	11653	10
874	220	Nothing	110	5934832	0	0			0		other	0
874	221	Nothing	19	5970586	0	1			0		other	0
874	222	Nothing	52	6008969	0	1			0		other	0
874	222	Response	2	6015711	6742	9
874	223	Nothing	110	6015742	0	1			0		false_alarm	522
874	223	Response	2	6015960	218	8
874	224	Nothing	19	6050285	0	1			0		other	0
874	225	Nothing	52	6069520	0	1			0		other	0
874	225	Response	2	6075672	6151	7
874	226	Nothing	110	6075701	0	1			0		false_alarm	527
874	226	Response	2	6077587	1887	9
874	226	Response	2	6079092	3391	8
874	226	Response	2	6080570	4869	5
874	227	Nothing	19	6110522	0	1			0		other	0
874	229	Nothing	52	6127776	0	1			0		other	0
874	229	Response	2	6130459	2683	10
874	230	Nothing	110	6130498	0	1			0		false_alarm	534
874	230	Response	2	6132406	1908	5
874	231	Nothing	19	6165286	0	1			0		other	0
874	232	Nothing	52	6195524	0	0			0		other	0
874	232	Response	2	6201100	5577	5
874	233	Nothing	110	6201133	0	1			0		false_alarm	539
874	233	Response	2	6205622	4489	6
874	234	Nothing	19	6235527	0	1			0		other	0
874	235	Nothing	52	6246584	0	1			0		other	0
874	235	Response	2	6251130	4546	5
874	236	Nothing	110	6251159	0	1			0		false_alarm	544
874	236	Response	2	6252772	1613	6
874	236	Response	2	6254964	3805	9
874	237	Nothing	19	6285695	0	1			0		other	0
874	238	Nothing	52	6296993	0	1			0		other	0
874	238	Response	2	6299702	2710	8
874	239	Nothing	110	6299740	0	1			0		other	0
874	240	Nothing	19	6334568	0	1			0		other	0
874	241	Nothing	52	6355114	0	1			0		other	0
874	242	Nothing	77	6375122	0	1			0		other	0
874	243	Nothing	19	6409046	0	0			0		other	0
874	245	Nothing	52	6453432	0	1			0		other	0
874	245	Response	2	6458819	5386	7
874	246	Nothing	110	6458855	0	1			0		false_alarm	557
874	246	Response	2	6463037	4181	5
874	247	Nothing	19	6493568	0	0			0		other	0
874	248	Nothing	52	6506891	0	1			0		other	0
874	248	Response	2	6519371	12480	9
874	249	Nothing	110	6519409	0	1			0		other	0
874	250	Nothing	19	6553822	0	1			0		other	0
874	251	Nothing	52	6602416	0	1			0		other	0
874	252	Nothing	77	6622425	0	1			0		other	0
874	253	Nothing	19	6656478	0	1			0		other	0
874	254	Nothing	52	6673349	0	1			0		other	0
874	254	Response	2	6682984	9634	18
874	255	Nothing	110	6683045	0	1			0		other	0
874	256	Nothing	19	6717673	0	1			0		other	0
874	257	Nothing	52	6735447	0	0			0		other	0
874	258	Nothing	77	6755458	0	1			0		other	0
874	259	Nothing	19	6789208	0	1			0		other	0
874	261	Nothing	52	6818421	0	1			0		other	0
874	261	Response	2	6824957	6537	6
874	262	Nothing	110	6824993	0	1			0		false_alarm	576
874	262	Response	2	6826806	1813	6
874	263	Nothing	19	6859946	0	0			0		other	0
874	264	Nothing	52	6887248	0	1			0		other	0
874	265	Nothing	77	6907256	0	1			0		other	0
874	266	Nothing	19	6941031	0	0			0		other	0
874	267	Nothing	51	6955677	0	1			0		other	0
874	268	Nothing	77	6975690	0	1			0		other	0
874	269	Nothing	19	7009391	0	1			0		other	0
874	270	Nothing	52	7030530	0	1			0		other	0
874	271	Nothing	77	7050541	0	0			0		other	0
874	271	Response	2	7068035	17494	24
874	272	Nothing	19	7084031	0	1			0		other	0
874	272	Response	2	7094025	9994	6
874	273	Nothing	19	7120779	0	1			0		other	0
874	274	Nothing	52	7144997	0	1			0		other	0
874	275	Nothing	77	7165011	0	1			0		other	0
874	275	Response	2	7165042	31	8
874	275	Response	2	7191352	26341	10
874	275	Response	2	7191562	26550	6
874	276	Nothing	19	7198908	0	1			0		other	0
874	276	Response	2	7199708	800	5
874	276	Response	2	7199873	965	8
874	276	Response	2	7210255	11346	5
874	276	Response	2	7213774	14866	5
874	276	Response	2	7213939	15031	5
874	276	Response	2	7218723	19815	5
874	277	Nothing	19	7224012	0	1			0		other	0
874	277	Response	2	7227446	3434	7
874	277	Response	2	7227554	3541	5
874	277	Response	2	7227895	3883	5
874	277	Response	2	7239339	15327	6
874	278	Nothing	19	7245449	0	1			0		other	0
874	280	Nothing	52	7269897	0	1			0		other	0
874	281	Nothing	77	7289907	0	0			0		other	0
874	281	Response	2	7300333	10426	5
874	281	Response	2	7300490	10583	6
874	281	Response	2	7300633	10726	5
874	282	Nothing	19	7323306	0	1			0		other	0
874	282	Response	2	7328856	5550	10
874	282	Response	2	7329956	6650	6
874	282	Response	2	7329961	6655	8
874	282	Response	2	7331171	7865	5
874	282	Response	2	7332673	9367	6
874	282	Response	2	7332678	9373	5
874	282	Response	2	7332716	9410	6
874	282	Response	2	7332834	9529	16
874	282	Response	2	7334114	10808	17
874	282	Response	2	7335283	11977	7
874	282	Response	2	7336703	13397	7
874	282	Response	2	7338094	14788	10
874	282	Response	2	7338171	14865	7
874	282	Response	2	7340135	16829	8
874	282	Response	2	7343282	19976	5
874	282	Response	2	7347513	24207	8
874	282	Response	2	7347624	24318	6
874	283	Nothing	19	7359183	0	1			0		other	0
874	284	Nothing	52	7377640	0	1			0		other	0
874	284	Response	2	7378986	1346	7
874	285	Nothing	110	7379026	0	1			0		false_alarm	635
874	285	Response	2	7379441	415	4
874	285	Response	2	7382372	3346	10
874	285	Response	2	7387815	8789	18
874	285	Response	3	7395139	16113	5
874	285	Response	2	7395515	16489	4
874	285	Response	2	7405886	26860	7
874	285	Response	2	7406330	27304	6
874	286	Nothing	19	7413747	0	0			0		other	0
874	287	Nothing	52	7453148	0	1			0		other	0
874	288	Nothing	77	7473160	0	1			0		other	0
874	289	Nothing	19	7507036	0	1			0		other	0
874	290	Nothing	52	7548245	0	1			0		other	0
874	290	Response	2	7555902	7658	10
874	291	Nothing	110	7555939	0	1			0		other	0
874	292	Nothing	19	7590559	0	0			0		other	0
874	293	Nothing	52	7636107	0	1			0		other	0
874	293	Response	2	7640188	4081	6
874	294	Nothing	110	7640226	0	1			0		false_alarm	653
874	294	Response	2	7646043	5817	5
874	295	Nothing	19	7674724	0	1			0		other	0
874	297	Nothing	51	7702928	0	1			0		other	0
874	297	Response	2	7706253	3325	9
874	298	Nothing	100	7706297	0	1			0		false_alarm	658
874	298	Response	2	7707921	1624	7
874	298	Response	2	7709137	2840	4
874	298	Response	2	7710390	4094	5
874	298	Response	2	7711689	5393	9
874	299	Nothing	19	7740961	0	1			0		other	0
874	300	Nothing	52	7756878	0	1			0		other	0
874	300	Response	2	7758510	1632	5
874	301	Nothing	110	7758540	0	1			0		false_alarm	666
874	301	Response	2	7760244	1704	7
874	301	Response	2	7762031	3491	6
874	301	Response	2	7763576	5036	5
874	301	Response	2	7765011	6471	6
874	301	Response	2	7766449	7909	5
874	302	Nothing	19	7793056	0	0			0		other	0
874	303	Nothing	52	7803380	0	1			0		other	0
874	303	Response	2	7808192	4812	10
874	304	Nothing	110	7808261	0	1			0		false_alarm	675
874	304	Response	2	7808387	127	5
874	305	Nothing	19	7842708	0	1			0		other	0
874	306	Nothing	52	7872302	0	1			0		other	0
874	306	Response	2	7874826	2523	10
874	307	Nothing	110	7874858	0	1			0		false_alarm	680
874	307	Response	2	7876799	1941	4
874	308	Nothing	19	7909485	0	0			0		other	0
874	309	Nothing	52	7922718	0	1			0		other	0
874	309	Response	2	7927755	5037	7
874	310	Nothing	110	7927792	0	1			0		false_alarm	685
874	310	Response	2	7930056	2264	10
874	311	Nothing	19	7962559	0	1			0		other	0
874	313	Nothing	52	8012866	0	1			0		other	0
874	313	Response	2	8018034	5168	5
874	314	Nothing	110	8018067	0	1			0		false_alarm	690
874	314	Response	2	8020433	2366	8
874	315	Nothing	19	8052626	0	1			0		other	0
874	316	Nothing	52	8074818	0	1			0		other	0
874	316	Response	2	8077239	2421	10
874	317	Nothing	110	8077274	0	0			0		false_alarm	695
874	317	Response	2	8079282	2007	8
874	317	Response	2	8082218	4944	6
874	318	Nothing	19	8111694	0	1			0		other	0
874	319	Nothing	52	8126924	0	1			0		other	0
874	319	Response	2	8130749	3826	10
874	320	Nothing	110	8130808	0	0			0		false_alarm	701
874	320	Response	2	8132468	1660	7
874	321	Nothing	19	8165243	0	1			0		other	0
874	322	Nothing	52	8178884	0	1			0		other	0
874	322	Response	2	8183194	4310	6
874	323	Nothing	110	8183226	0	1			0		false_alarm	706
874	323	Response	2	8185070	1844	9
874	324	Nothing	19	8217925	0	1			0		other	0
874	325	Nothing	52	8238924	0	1			0		other	0
874	325	Response	2	8241923	3000	8
874	326	Nothing	110	8241953	0	1			0		false_alarm	711
874	326	Response	2	8242217	264	6
874	326	Response	2	8244032	2079	24
874	326	Response	2	8246294	4341	10
874	327	Nothing	19	8276475	0	1			0		other	0
874	329	Nothing	52	8302624	0	1			0		other	0
874	329	Response	2	8305441	2817	6
874	330	Nothing	110	8305473	0	1			0		other	0
874	331	Nothing	19	8339895	0	1			0		other	0
874	332	Nothing	52	8353075	0	1			0		other	0
874	332	Response	2	8358616	5542	6
874	333	Nothing	110	8358650	0	1			0		false_alarm	722
874	333	Response	2	8360350	1700	6
874	333	Response	2	8361960	3309	10
874	334	Nothing	19	8392947	0	1			0		other	0
874	335	Nothing	52	8409905	0	1			0		other	0
874	335	Response	2	8412515	2610	6
874	336	Nothing	110	8412545	0	1			0		false_alarm	728
874	336	Response	2	8414276	1731	9
874	337	Nothing	19	8447208	0	1			0		other	0
874	338	Nothing	52	8464116	0	1			0		other	0
874	338	Response	2	8467099	2984	5
874	339	Nothing	110	8467134	0	1			0		false_alarm	733
874	339	Response	2	8468864	1730	10
874	340	Nothing	19	8501596	0	1			0		other	0
874	341	Nothing	52	8535593	0	1			0		other	0
874	341	Response	2	8538271	2678	7
874	342	Nothing	110	8538321	0	1			0		false_alarm	738
874	342	Response	2	8546266	7945	6
874	343	Nothing	19	8572719	0	0			0		other	0
874	345	Nothing	52	8605769	0	1			0		other	0
874	345	Response	2	8609164	3395	7
874	346	Nothing	110	8609201	0	1			0		false_alarm	743
874	346	Response	2	8610852	1651	6
874	346	Response	2	8612872	3671	5
874	347	Nothing	19	8643597	0	1			0		other	0
874	348	Nothing	52	8674796	0	1			0		other	0
874	348	Response	2	8677741	2946	5
874	349	Nothing	110	8677806	0	1			0		false_alarm	749
874	349	Response	2	8679495	1688	8
874	349	Response	2	8681969	4163	6
874	350	Nothing	19	8712416	0	1			0		other	0
874	351	Nothing	52	8724253	0	1			0		other	0
874	351	Response	2	8728894	4641	14
874	352	Nothing	110	8728936	0	1			0		other	0
874	353	Nothing	19	8763476	0	0			0		other	0
874	354	Nothing	52	8788943	0	1			0		other	0
874	354	Response	2	8791505	2562	8
874	355	Nothing	110	8791541	0	1			0		false_alarm	759
874	355	Response	2	8795516	3974	6
874	356	Nothing	19	8826090	0	1			0		other	0
874	357	Nothing	52	8837279	0	1			0		other	0
874	357	Response	2	8839659	2380	8
874	358	Nothing	110	8839690	0	1			0		false_alarm	764
874	358	Response	2	8841704	2014	7
874	359	Nothing	19	8874191	0	1			0		other	0
874	361	Nothing	52	8908363	0	1			0		other	0
874	361	Response	2	8910968	2605	9
874	362	Nothing	110	8911001	0	1			0		false_alarm	769
874	362	Response	2	8912686	1685	10
874	363	Nothing	19	8945438	0	1			0		other	0
874	364	Nothing	52	8992966	0	1			0		other	0
874	364	Response	2	8998312	5347	8
874	365	Nothing	110	8998350	0	1			0		false_alarm	774
874	365	Response	2	9000496	2146	5
874	366	Nothing	19	9032920	0	1			0		other	0
874	367	Nothing	52	9053401	0	1			0		other	0
874	367	Response	2	9055415	2013	17
874	368	Nothing	110	9055472	0	1			0		false_alarm	779
874	368	Response	2	9057404	1932	10
874	369	Nothing	19	9089890	0	0			0		other	0
874	369	Response	2	9104738	14848	8
874	370	Nothing	19	9117950	0	1			0		other	0
874	371	Nothing	52	9159753	0	1			0		other	0
874	371	Response	2	9162250	2497	10
874	372	Nothing	110	9162289	0	1			0		false_alarm	786
874	372	Response	2	9164243	1954	7
874	373	Nothing	19	9196895	0	1			0		other	0
874	374	Nothing	52	9220455	0	1			0		other	0
874	374	Response	2	9222248	1793	7
874	375	Nothing	110	9222279	0	1			0		false_alarm	791
874	375	Response	2	9223755	1476	6
874	376	Nothing	19	9256859	0	1			0		other	0
874	378	Nothing	52	9287579	0	1			0		other	0
874	378	Response	2	9289886	2308	6
874	379	Nothing	110	9289918	0	1			0		false_alarm	796
874	379	Response	2	9291818	1900	6
874	380	Nothing	19	9324397	0	1			0		other	0
874	381	Nothing	52	9372639	0	1			0		other	0
874	381	Response	2	9375663	3025	8
874	382	Nothing	110	9375693	0	1			0		false_alarm	801
874	382	Response	2	9379863	4170	8
874	382	Response	2	9381874	6181	5
874	383	Nothing	19	9410084	0	1			0		other	0
874	384	Nothing	52	9434045	0	1			0		other	0
874	385	Nothing	77	9454053	0	0			0		other	0
874	385	Response	2	9481816	27763	6
874	386	Nothing	19	9487936	0	1			0		other	0
874	387	Nothing	52	9519306	0	1			0		other	0
874	387	Response	2	9521107	1801	10
874	388	Nothing	110	9521152	0	0			0		false_alarm	811
874	388	Response	2	9522187	1034	6
874	388	Response	2	9525003	3851	10
874	389	Nothing	19	9555583	0	1			0		other	0
874	390	Nothing	52	9579897	0	0			0		other	0
874	390	Response	2	9583055	3158	6
874	391	Nothing	110	9583084	0	1			0		false_alarm	817
874	391	Response	2	9585953	2868	7
874	391	Response	2	9587940	4855	6
874	392	Nothing	19	9617493	0	1			0		other	0
874	394	Nothing	52	9643485	0	1			0		other	0
874	394	Response	2	9648510	5025	9
874	395	Nothing	110	9648545	0	1			0		false_alarm	823
874	395	Response	2	9650456	1911	6
874	395	Response	2	9651931	3386	5
874	395	Response	2	9654035	5490	6
874	396	Nothing	19	9683102	0	1			0		other	0
874	397	Nothing	52	9728062	0	1			0		other	0
874	397	Response	2	9729948	1886	5
874	398	Nothing	110	9729976	0	1			0		false_alarm	830
874	398	Response	2	9735011	5036	7
874	399	Nothing	19	9764711	0	1			0		other	0
874	400	Nothing	52	9796011	0	1			0		other	0
874	400	Response	2	9798877	2865	5
874	401	Nothing	110	9798940	0	1			0		false_alarm	835
874	401	Response	2	9800570	1629	11
874	402	Nothing	19	9833914	0	0			0		other	0
874	402	Response	2	9841880	7966	8
874	402	Response	2	9842365	8451	8
874	403	Nothing	19	9848341	0	1			0		other	0
874	403	Response	2	9849157	816	7
874	404	Nothing	19	9879447	0	1			0		other	0
874	405	Nothing	52	9895660	0	1			0		other	0
874	405	Response	2	9898778	3118	6
874	406	Nothing	110	9898820	0	1			0		false_alarm	845
874	406	Response	2	9908312	9492	8
874	406	Response	2	9910276	11457	8
874	407	Nothing	19	9933499	0	1			0		other	0
874	408	Nothing	52	9974201	0	1			0		other	0
874	408	Response	2	9976586	2385	9
874	409	Nothing	110	9976624	0	1			0		other	0
874	410	Nothing	19	10011027	0	1			0		other	0
874	412	Nothing	52	10033239	0	1			0		other	0
874	413	Nothing	77	10053248	0	1			0		other	0
874	414	Nothing	19	10087058	0	1			0		other	0
874	415	Nothing	52	10132723	0	1			0		other	0
874	416	Nothing	77	10152739	0	1			0		other	0
874	417	Nothing	19	10186412	0	1			0		other	0
874	418	Nothing	52	10210504	0	1			0		other	0
874	418	Response	2	10213700	3196	6
874	419	Nothing	110	10213735	0	1			0		other	0
874	420	Nothing	19	10248268	0	1			0		other	0
874	421	Nothing	52	10276800	0	1			0		other	0
874	421	Response	2	10278746	1946	10
874	422	Nothing	110	10278795	0	1			0		false_alarm	865
874	422	Response	2	10279263	468	10
874	422	Response	2	10280837	2043	6
874	423	Nothing	19	10313242	0	1			0		other	0
874	424	Nothing	52	10359276	0	1			0		other	0
874	424	Response	2	10363619	4343	5
874	425	Nothing	110	10363651	0	1			0		other	0
874	426	Nothing	19	10398221	0	1			0		other	0
874	428	Nothing	52	10411758	0	1			0		other	0
874	428	Response	2	10414697	2939	5
874	429	Nothing	110	10414723	0	1			0		false_alarm	875
874	429	Response	2	10416849	2125	9
874	429	Response	2	10419161	4438	7
874	430	Nothing	19	10448966	0	1			0		other	0
874	431	Nothing	52	10493252	0	1			0		other	0
874	431	Response	2	10495882	2630	6
874	432	Nothing	110	10495915	0	1			0		false_alarm	881
874	432	Response	2	10502255	6340	5
874	433	Nothing	19	10530296	0	1			0		other	0
874	434	Nothing	52	10543696	0	1			0		other	0
874	434	Response	2	10546465	2770	10
874	435	Nothing	110	10546510	0	1			0		other	0
874	436	Nothing	19	10580919	0	0			0		other	0
874	437	Nothing	52	10603469	0	1			0		other	0
874	437	Response	2	10606043	2574	4
874	438	Nothing	110	10606076	0	1			0		other	0
874	439	Nothing	19	10640672	0	1			0		other	0
874	440	Nothing	52	10662172	0	1			0		other	0
874	440	Response	2	10664665	2493	5
874	441	Nothing	110	10664709	0	1			0		other	0
874	442	Nothing	19	10699290	0	1			0		other	0
874	444	Nothing	52	10726981	0	1			0		other	0
874	444	Response	2	10730149	3169	6
874	445	Nothing	110	10730181	0	1			0		other	0
874	446	Nothing	19	10764672	0	1			0		other	0
874	447	Nothing	52	10812180	0	1			0		other	0
874	447	Response	2	10814504	2323	6
874	448	Nothing	110	10814539	0	1			0		other	0
874	449	Nothing	19	10848892	0	1			0		other	0
874	450	Nothing	52	10874279	0	1			0		other	0
874	450	Response	2	10876773	2494	5
874	451	Nothing	110	10876808	0	0			0		false_alarm	906
874	451	Response	2	10880677	3869	5
874	452	Nothing	19	10911231	0	1			0		other	0
874	453	Nothing	52	10946720	0	1			0		other	0
874	453	Response	2	10949068	2348	5
874	454	Nothing	110	10949107	0	1			0		other	0
874	455	Nothing	19	10983523	0	1			0		other	0
874	456	Nothing	52	10998623	0	1			0		other	0
874	456	Response	2	11002315	3692	17
874	457	Nothing	110	11002358	0	1			0		other	0
874	458	Nothing	19	11036976	0	1			0		other	0
874	458	Response	2	11065808	28832	10
874	458	Response	2	11067532	30556	6
874	458	Response	2	11078452	41476	7
874	459	Nothing	19	11081054	0	0			0		other	0
874	459	Response	3	11104320	23266	5
874	460	Nothing	19	11115189	0	1			0		other	0
874	460	Response	3	11119028	3839	5
874	460	Response	3	11120505	5316	6
874	460	Response	3	11121880	6691	6
874	460	Response	3	11123441	8253	5
874	460	Response	3	11124766	9577	5
874	460	Response	3	11126194	11006	8
874	461	Nothing	19	11149335	0	0			0		other	0
874	463	Nothing	52	11161068	0	1			0		other	0
874	463	Response	3	11166053	4986	5
874	464	Nothing	111	11166094	0	0			0		false_alarm	932
874	464	Response	3	11167264	1170	10
874	464	Response	3	11169766	3672	5
874	464	Response	3	11171269	5175	9
874	464	Response	3	11172509	6414	8
874	464	Response	3	11173710	7616	9
874	464	Response	3	11175173	9079	5
874	464	Response	3	11176467	10373	9
874	464	Response	3	11179331	13237	8
874	464	Response	3	11180847	14753	6
874	465	Nothing	19	11200489	0	1			0		other	0
874	466	Nothing	52	11241556	0	1			0		other	0
874	466	Response	2	11250686	9130	5
874	467	Nothing	110	11250718	0	1			0		false_alarm	945
874	467	Response	2	11252192	1473	5
874	468	Nothing	19	11285320	0	1			0		other	0
874	469	Nothing	52	11302061	0	1			0		other	0
874	469	Response	3	11308348	6287	5
874	470	Nothing	111	11308387	0	1			0		false_alarm	950
874	470	Response	3	11309603	1216	6
874	470	Response	3	11311040	2653	6
874	470	Response	3	11312155	3768	4
874	470	Response	3	11313483	5097	5
874	470	Response	3	11314745	6358	5
874	470	Response	3	11315977	7590	5
874	470	Response	3	11317592	9205	5
874	470	Response	3	11319156	10770	6
874	471	Nothing	19	11343076	0	1			0		other	0
874	472	Nothing	52	11373422	0	1			0		other	0
874	472	Response	2	11376414	2993	9
874	473	Nothing	110	11376453	0	1			0		false_alarm	962
874	473	Response	2	11378065	1612	8
874	474	Nothing	19	11410768	0	1			0		other	0
874	475	Nothing	52	11427654	0	1			0		other	0
874	475	Response	2	11430462	2808	6
874	476	Nothing	110	11430496	0	1			0		false_alarm	967
874	476	Response	2	11432364	1868	4
874	477	Nothing	19	11464893	0	1			0		other	0
874	479	Nothing	52	11486281	0	1			0		other	0
874	479	Response	2	11489771	3491	3
874	480	Nothing	110	11489801	0	1			0		false_alarm	972
874	480	Response	2	11491861	2060	10
874	480	Response	2	11495640	5839	6
874	481	Nothing	19	11524035	0	1			0		other	0
874	482	Nothing	52	11535648	0	1			0		other	0
874	482	Response	2	11540923	5275	5
874	483	Nothing	110	11540957	0	1			0		other	0
874	484	Nothing	19	11575260	0	1			0		other	0
874	485	Nothing	52	11612791	0	1			0		other	0
874	486	Nothing	77	11632801	0	1			0		other	0
874	487	Nothing	19	11666620	0	1			0		other	0
874	487	Response	3	11673185	6565	8
874	488	Nothing	19	11687055	0	1			0		other	0
874	489	Nothing	52	11702433	0	1			0		other	0
874	489	Response	2	11704550	2117	7
874	490	Nothing	110	11704589	0	1			0		false_alarm	987
874	490	Response	2	11706071	1482	10
874	491	Nothing	19	11739041	0	1			0		other	0
874	492	Nothing	52	11778535	0	1			0		other	0
874	492	Response	3	11781380	2845	7
874	493	Nothing	111	11781419	0	1			0		false_alarm	992
874	493	Response	3	11784046	2627	5
874	493	Response	3	11786744	5325	10
874	493	Response	3	11788391	6972	4
874	493	Response	3	11789730	8311	8
874	493	Response	3	11791130	9711	8
874	493	Response	3	11792705	11287	7
874	493	Response	3	11794065	12646	9
874	493	Response	3	11795685	14267	5
874	493	Response	3	11797144	15725	6
874	493	Response	3	11800212	18794	5
874	493	Response	3	11801700	20281	9
874	493	Response	3	11803328	21909	8
874	493	Response	3	11812825	31406	9
874	494	Nothing	19	11816015	0	1			0		other	0
874	496	Nothing	51	11829789	0	1			0		other	0
874	496	Response	2	11832358	2569	6
874	497	Nothing	100	11832402	0	1			0		false_alarm	1009
874	497	Response	2	11834078	1676	5
874	497	Response	2	11837112	4710	18
874	497	Response	2	11838343	5942	8
874	497	Response	2	11839701	7299	5
874	497	Response	2	11842568	10166	5
874	497	Response	3	11848350	15948	7
874	497	Response	3	11849853	17451	10
874	497	Response	3	11851236	18834	5
874	497	Response	3	11852984	20583	5
874	497	Response	3	11854724	22322	5
874	497	Response	3	11856147	23746	5
874	497	Response	3	11857650	25248	6
874	498	Nothing	19	11867068	0	1			0		other	0
874	499	Nothing	51	11916223	0	1			0		other	0
874	499	Response	3	11920855	4632	5
874	500	Nothing	101	11920887	0	1			0		false_alarm	1025
874	500	Response	3	11922871	1984	5
874	500	Response	3	11927868	6981	5
874	500	Response	3	11931601	10714	10
874	501	Nothing	19	11955546	0	1			0		other	0
874	502	Nothing	51	11972754	0	1			0		other	0
874	502	Response	2	11974480	1727	5
874	503	Nothing	100	11974519	0	1			0		false_alarm	1032
874	503	Response	2	11974624	105	6
874	503	Response	2	11975765	1246	8
874	503	Response	2	11977414	2894	6
874	503	Response	2	11978478	3959	5
874	503	Response	2	11979864	5345	7
874	504	Nothing	19	12009075	0	1			0		other	0
874	505	Nothing	52	12028314	0	1			0		other	0
874	505	Response	2	12043389	15074	5
874	506	Nothing	110	12043416	0	1			0		other	0
874	507	Nothing	19	12078019	0	1			0		other	0
874	508	Nothing	52	12119788	0	1			0		other	0
874	509	Nothing	77	12139798	0	1			0		other	0
874	510	Nothing	19	12173441	0	1			0		other	0
874	512	Nothing	52	12221130	0	1			0		other	0
874	513	Nothing	77	12241142	0	0			0		other	0
874	514	Nothing	19	12274807	0	1			0		other	0
874	515	Nothing	52	12297142	0	1			0		other	0
874	515	Response	2	12300933	3791	6
874	516	Nothing	110	12300965	0	1			0		false_alarm	1051
874	516	Response	2	12302653	1687	5
874	517	Nothing	19	12335694	0	0			0		other	0
874	518	Nothing	52	12356131	0	1			0		other	0
874	518	Response	3	12365006	8874	8
874	519	Nothing	111	12365049	0	1			0		false_alarm	1056
874	519	Response	3	12368657	3608	7
874	519	Response	3	12370467	5418	9
874	519	Response	3	12371486	6437	5
874	519	Response	3	12372978	7929	5
874	519	Response	3	12374444	9396	8
874	519	Response	3	12376043	10994	5
874	519	Response	3	12377541	12493	7
874	519	Response	3	12379189	14140	7
874	519	Response	3	12380537	15488	6
874	519	Response	3	12382261	17212	10
874	519	Response	3	12384021	18972	6
874	519	Response	3	12385414	20365	4
874	519	Response	3	12386811	21763	5
874	519	Response	3	12388360	23311	8
874	519	Response	3	12389847	24798	7
874	519	Response	3	12391581	26532	8
874	519	Response	3	12392869	27820	6
874	519	Response	3	12394404	29355	5
874	519	Response	3	12396295	31246	5
874	519	Response	3	12397569	32520	7
874	519	Response	3	12399241	34193	5
874	520	Nothing	19	12399604	0	1			0		other	0
874	520	Response	3	12401250	1646	5
874	520	Response	3	12402532	2928	4
874	520	Response	3	12404294	4690	3
874	520	Response	3	12405953	6349	6
874	520	Response	3	12407551	7948	5
874	520	Response	3	12409168	9565	6
874	520	Response	3	12410786	11182	8
874	521	Nothing	19	12427502	0	1			0		other	0
874	522	Nothing	52	12442511	0	1			0		other	0
874	522	Response	2	12445366	2855	5
874	523	Nothing	110	12445404	0	1			0		other	0
874	524	Nothing	19	12480100	0	1			0		other	0
874	525	Nothing	52	12529291	0	1			0		other	0
874	525	Response	3	12533558	4267	5
874	526	Nothing	111	12533592	0	1			0		false_alarm	1093
874	526	Response	3	12533664	72	5
874	526	Response	3	12535446	1854	6
874	526	Response	3	12538447	4855	9
874	526	Response	3	12539816	6224	6
874	526	Response	3	12541204	7612	10
874	526	Response	3	12542976	9384	5
874	526	Response	3	12544438	10846	7
874	526	Response	3	12546080	12488	10
874	526	Response	3	12547660	14068	4
874	526	Response	3	12549301	15709	19
874	526	Response	3	12550933	17341	6
874	526	Response	3	12552542	18950	6
874	526	Response	3	12554288	20696	24
874	526	Response	3	12555955	22363	5
874	526	Response	3	12557257	23666	5
874	526	Response	3	12558937	25345	8
874	526	Response	3	12561846	28254	8
874	526	Response	3	12563430	29838	6
874	526	Response	3	12565190	31598	5
874	527	Nothing	19	12568431	0	1			0		other	0
874	529	Nothing	52	12618676	0	1			0		other	0
874	529	Response	3	12622664	3988	6
874	530	Nothing	111	12622703	0	1			0		false_alarm	1116
874	530	Response	3	12622892	189	5
874	530	Response	3	12623007	304	6
874	530	Response	3	12624282	1579	5
874	530	Response	3	12625720	3016	5
874	530	Response	3	12627131	4428	6
874	530	Response	3	12628769	6066	4
874	530	Response	3	12630608	7904	8
874	530	Response	3	12632172	9469	6
874	530	Response	3	12633515	10812	6
874	530	Response	3	12635366	12663	4
874	530	Response	3	12637143	14440	6
874	530	Response	3	12638762	16058	5
874	530	Response	3	12640294	17591	7
874	530	Response	3	12641673	18970	19
874	530	Response	3	12643305	20602	7
874	530	Response	3	12644728	22025	24
874	530	Response	3	12655704	33001	10
874	531	Nothing	19	12657120	0	1			0		other	0
874	532	Nothing	51	12688191	0	1			0		other	0
874	532	Response	3	12694748	6557	5
874	533	Nothing	101	12694775	0	1			0		false_alarm	1137
874	533	Response	3	12696733	1957	5
874	533	Response	3	12698457	3682	7
874	534	Nothing	19	12729636	0	1			0		other	0
874	535	Nothing	51	12755917	0	1			0		other	0
874	535	Response	3	12767708	11791	5
874	536	Nothing	101	12767743	0	1			0		false_alarm	1143
874	536	Response	3	12769955	2212	5
874	536	Response	3	12771763	4020	7
874	537	Nothing	19	12802140	0	1			0		other	0
874	538	Nothing	52	12818765	0	1			0		other	0
874	538	Response	2	12823502	4737	7
874	539	Nothing	110	12823536	0	0			0		false_alarm	1149
874	539	Response	2	12824822	1285	8
874	539	Response	2	12826600	3064	7
874	540	Nothing	19	12857710	0	1			0		other	0
874	541	Nothing	51	12882191	0	0			0		other	0
874	541	Response	3	12890030	7839	18
874	542	Nothing	101	12890096	0	1			0		false_alarm	1155
874	542	Response	3	12890273	177	12
874	542	Response	3	12893786	3690	5
874	543	Nothing	19	12924498	0	1			0		other	0
874	545	Nothing	52	12970806	0	1			0		other	0
874	545	Response	3	12973645	2839	5
874	546	Nothing	111	12973684	0	0			0		false_alarm	1161
874	546	Response	3	12973938	253	10
874	546	Response	3	12975176	1491	5
874	546	Response	3	12977885	4201	4
874	546	Response	3	12979290	5605	5
874	546	Response	3	12980509	6825	9
874	546	Response	3	12981922	8238	4
874	546	Response	3	12983381	9696	9
874	546	Response	3	12984997	11312	9
874	546	Response	3	12986528	12843	7
874	546	Response	3	12988119	14435	5
874	546	Response	3	12989576	15892	3
874	546	Response	3	12991093	17409	6
874	546	Response	3	12992504	18819	8
874	546	Response	3	12994179	20495	10
874	546	Response	3	12995558	21873	5
874	546	Response	3	12997133	23448	5
874	546	Response	3	12998595	24910	7
874	546	Response	3	13000168	26484	8
874	547	Nothing	19	13007781	0	1			0		other	0
874	547	Response	3	13008415	634	6
874	547	Response	3	13010192	2412	5
874	547	Response	3	13011853	4072	6
874	547	Response	3	13013261	5480	10
874	547	Response	3	13014730	6950	6
874	547	Response	3	13016375	8594	7
874	547	Response	3	13018020	10239	8
874	547	Response	3	13019983	12203	8
874	547	Response	3	13021333	13553	6
874	547	Response	3	13022805	15025	8
874	547	Response	3	13024464	16683	10
874	547	Response	3	13025948	18167	5
874	548	Nothing	19	13029738	0	1			0		other	0
874	549	Nothing	51	13052240	0	1			0		other	0
874	549	Response	3	13060685	8445	6
874	550	Nothing	101	13060719	0	1			0		other	0
874	551	Nothing	19	13095143	0	0			0		other	0
874	552	Nothing	51	13106029	0	1			0		other	0
874	552	Response	3	13109148	3120	9
874	553	Nothing	101	13109204	0	1			0		other	0
874	554	Nothing	19	13143431	0	1			0		other	0
874	555	Nothing	51	13186909	0	1			0		other	0
874	555	Response	3	13190184	3276	6
874	556	Nothing	101	13190214	0	1			0		other	0
874	557	Nothing	19	13224794	0	1			0		other	0
874	558	Nothing	51	13242891	0	1			0		other	0
874	558	Response	2	13247640	4749	6
874	559	Nothing	100	13247695	0	1			0		false_alarm	1208
874	559	Response	2	13249087	1392	5
874	559	Response	2	13251714	4019	9
874	559	Response	2	13253114	5419	9
874	559	Response	2	13254571	6876	5
874	559	Response	3	13257318	9623	5
874	559	Response	3	13262426	14731	10
874	560	Nothing	19	13282375	0	0			0		other	0
874	562	Nothing	52	13310396	0	1			0		other	0
874	562	Response	3	13321574	11179	5
874	563	Nothing	111	13321627	0	1			0		false_alarm	1218
874	563	Response	3	13323180	1553	10
874	563	Response	3	13326183	4556	19
874	563	Response	3	13327506	5879	7
874	563	Response	3	13328719	7092	24
874	563	Response	3	13330234	8608	17
874	563	Response	3	13331688	10061	6
874	563	Response	3	13333200	11574	5
874	563	Response	3	13334684	13057	8
874	563	Response	3	13336198	14571	6
874	563	Response	3	13337778	16151	17
874	563	Response	3	13340899	19272	9
874	563	Response	3	13342486	20860	5
874	563	Response	3	13343863	22237	6
874	563	Response	3	13347015	25388	17
874	563	Response	3	13348639	27013	5
874	563	Response	3	13350015	28388	5
874	563	Response	3	13354452	32826	10
874	563	Response	3	13356060	34433	5
874	564	Nothing	19	13356480	0	1			0		other	0
874	564	Response	3	13357343	864	10
874	564	Response	3	13358988	2508	7
874	564	Response	3	13360532	4052	9
874	564	Response	3	13362228	5748	5
874	565	Nothing	19	13376726	0	1			0		other	0
874	566	Nothing	51	13390491	0	1			0		other	0
874	566	Response	2	13392889	2398	10
874	567	Nothing	100	13392939	0	1			0		false_alarm	1245
874	567	Response	2	13394393	1455	6
874	567	Response	2	13395904	2966	5
874	567	Response	2	13397124	4186	7
874	567	Response	2	13398543	5605	5
874	567	Response	2	13399947	7009	8
874	568	Nothing	19	13427548	0	1			0		other	0
874	569	Nothing	52	13454127	0	1			0		other	0
874	569	Response	3	13458734	4607	5
874	570	Nothing	111	13458778	0	1			0		false_alarm	1254
874	570	Response	3	13459106	328	5
874	570	Response	3	13460032	1254	6
874	570	Response	3	13461576	2798	6
874	570	Response	3	13462819	4041	5
874	570	Response	3	13464435	5657	5
874	570	Response	3	13465894	7116	7
874	570	Response	3	13467804	9026	18
874	570	Response	3	13469385	10606	5
874	570	Response	3	13470709	11931	6
874	570	Response	3	13472346	13568	5
874	570	Response	3	13474197	15418	7
874	570	Response	3	13475726	16948	155
874	570	Response	3	13477430	18652	5
874	570	Response	3	13479060	20281	5
874	570	Response	3	13480748	21970	18
874	570	Response	3	13482344	23566	8
874	570	Response	3	13485200	26422	8
874	570	Response	3	13486807	28029	6
874	570	Response	3	13488459	29681	6
874	571	Nothing	19	13493440	0	1			0		other	0
874	572	Nothing	52	13530305	0	1			0		other	0
874	572	Response	3	13535726	5421	5
874	573	Nothing	111	13535774	0	1			0		false_alarm	1277
874	573	Response	3	13537217	1443	5
874	573	Response	3	13538854	3080	8
874	573	Response	3	13540460	4686	6
874	573	Response	3	13541850	6076	8
874	573	Response	3	13543442	7668	6
874	573	Response	3	13545050	9277	10
874	573	Response	3	13546427	10653	17
874	573	Response	3	13547956	12182	26
874	573	Response	3	13549685	13911	18
874	573	Response	3	13551126	15352	5
874	573	Response	3	13552619	16845	9
874	573	Response	3	13554296	18522	6
874	573	Response	3	13557702	21928	7
874	573	Response	3	13559347	23573	9
874	573	Response	3	13562606	26832	5
874	574	Nothing	19	13570769	0	0			0		other	0
874	575	Nothing	51	13601523	0	1			0		other	0
874	575	Response	3	13606916	5393	6
874	576	Nothing	101	13606951	0	1			0		false_alarm	1296
874	576	Response	3	13608522	1572	5
874	576	Response	3	13610597	3646	9
874	576	Response	3	13612478	5527	5
874	576	Response	3	13612918	5967	5
874	577	Nothing	19	13641542	0	1			0		other	0
874	579	Nothing	51	13668554	0	1			0		other	0
874	579	Response	3	13672989	4434	8
874	580	Nothing	101	13673035	0	0			0		other	0
874	581	Nothing	19	13707550	0	0			0		other	0
874	582	Nothing	51	13724941	0	1			0		other	0
874	583	Nothing	77	13744966	0	1			0		other	0
874	584	Nothing	19	13778541	0	1			0		other	0
874	585	Nothing	51	13820611	0	1			0		other	0
874	585	Response	3	13823277	2666	9
874	586	Nothing	101	13823332	0	1			0		false_alarm	1311
874	586	Response	3	13825425	2093	5
874	586	Response	3	13828188	4856	10
874	587	Nothing	19	13858656	0	1			0		other	0
874	588	Nothing	51	13892156	0	1			0		other	0
874	588	Response	3	13902563	10407	6
874	589	Nothing	101	13902614	0	1			0		false_alarm	1317
874	589	Response	3	13905855	3241	5
874	590	Nothing	19	13937085	0	1			0		other	0
874	591	Nothing	51	13969970	0	1			0		other	0
874	591	Response	2	13976568	6598	10
874	592	Nothing	100	13976616	0	1			0		false_alarm	1322
874	592	Response	2	13977718	1101	6
874	592	Response	2	13979194	2578	6
874	592	Response	2	13980414	3797	8
874	593	Nothing	19	14011750	0	1			0		other	0
874	595	Nothing	52	14046292	0	1			0		other	0
874	595	Response	3	14050255	3963	7
874	596	Nothing	111	14050295	0	1			0		false_alarm	1329
874	596	Response	3	14050662	367	6
874	596	Response	2	14053180	2886	6
874	596	Response	2	14054526	4231	8
874	596	Response	3	14055813	5518	5
874	596	Response	3	14058512	8218	5
874	596	Response	3	14059800	9505	5
874	596	Response	3	14061128	10833	5
874	596	Response	3	14062480	12186	19
874	596	Response	3	14063943	13648	5
874	596	Response	3	14065455	15160	5
874	596	Response	3	14066880	16586	10
874	596	Response	3	14068630	18335	6
874	596	Response	3	14069857	19562	6
874	596	Response	3	14071565	21270	7
874	596	Response	3	14073033	22738	5
874	597	Nothing	19	14084875	0	1			0		other	0
874	598	Nothing	51	14095864	0	1			0		other	0
874	598	Response	3	14100006	4143	25
874	599	Nothing	101	14100057	0	1			0		false_alarm	1348
874	599	Response	3	14105474	5416	8
874	600	Nothing	19	14134500	0	1			0		other	0
874	601	Nothing	51	14150048	0	1			0		other	0
874	601	Response	2	14154958	4910	25
874	602	Nothing	100	14155024	0	1			0		false_alarm	1353
874	602	Response	2	14156300	1276	5
874	602	Response	2	14157839	2815	6
874	602	Response	2	14159051	4027	7
874	603	Nothing	19	14189751	0	1			0		other	0
874	604	Nothing	51	14210233	0	1			0		other	0
874	604	Response	3	14214898	4664	9
874	605	Nothing	101	14214930	0	0			0		false_alarm	1360
874	605	Response	3	14215064	134	8
874	605	Response	3	14216621	1691	10
874	606	Nothing	19	14249561	0	1			0		other	0
874	607	Nothing	52	14267113	0	1			0		other	0
874	607	Response	2	14275302	8188	6
874	608	Nothing	110	14275333	0	1			0		false_alarm	1366
874	608	Response	2	14277122	1789	5
874	609	Nothing	19	14310106	0	1			0		other	0
874	609	Response	3	14321167	11060	10
874	610	Nothing	19	14339114	0	1			0		other	0
874	612	Nothing	52	14370211	0	1			0		other	0
874	612	Response	3	14372400	2189	8
874	613	Nothing	111	14372439	0	0			0		false_alarm	1373
874	613	Response	3	14373820	1381	6
874	613	Response	3	14376689	4249	5
874	613	Response	3	14378215	5775	18
874	613	Response	3	14379799	7360	17
874	613	Response	3	14381348	8909	4
874	613	Response	3	14382848	10409	5
874	613	Response	3	14384401	11961	11
874	613	Response	3	14386115	13676	8
874	613	Response	3	14387719	15280	19
874	613	Response	3	14389410	16971	5
874	613	Response	3	14390952	18513	10
874	613	Response	3	14392541	20102	6
874	614	Nothing	19	14406945	0	0			0		other	0
874	615	Nothing	52	14426759	0	1			0		other	0
874	615	Response	3	14429356	2596	9
874	616	Nothing	111	14429406	0	1			0		false_alarm	1389
874	616	Response	3	14429603	197	6
874	616	Response	3	14431081	1674	6
874	616	Response	3	14435087	5681	8
874	616	Response	3	14436602	7195	6
874	616	Response	3	14437952	8546	9
874	616	Response	3	14439455	10048	6
874	616	Response	3	14440973	11566	5
874	616	Response	3	14442525	13118	5
874	616	Response	3	14445492	16086	4
874	616	Response	3	14447284	17878	5
874	616	Response	3	14448963	19556	7
874	616	Response	3	14450744	21337	9
874	617	Nothing	19	14464448	0	1			0		other	0
874	618	Nothing	51	14480624	0	1			0		other	0
874	618	Response	3	14490701	10077	10
874	619	Nothing	101	14490736	0	1			0		other	0
874	620	Nothing	19	14525767	0	1			0		other	0
874	621	Nothing	51	14542751	0	1			0		other	0
874	621	Response	3	14547882	5131	10
874	622	Nothing	101	14547921	0	0			0		false_alarm	1409
874	622	Response	3	14549642	1721	10
874	622	Response	3	14551489	3568	15
874	622	Response	3	14553582	5661	6
874	623	Nothing	19	14582995	0	0			0		other	0
874	624	Nothing	51	14608095	0	1			0		other	0
874	624	Response	3	14612792	4697	5
874	625	Nothing	101	14612835	0	1			0		false_alarm	1416
874	625	Response	3	14614378	1543	4
874	626	Nothing	19	14647480	0	1			0		other	0
874	628	Nothing	52	14680006	0	0			0		other	0
874	628	Response	2	14686957	6952	10
874	629	Nothing	110	14686991	0	1			0		false_alarm	1421
874	629	Response	3	14690257	3266	5
874	629	Response	3	14690464	3473	3
874	629	Response	3	14692343	5352	7
874	630	Nothing	19	14721896	0	1			0		other	0
874	631	Nothing	52	14765196	0	1			0		other	0
874	631	Response	3	14767908	2712	19
874	632	Nothing	111	14767960	0	1			0		false_alarm	1428
874	632	Response	3	14769459	1499	5
874	632	Response	3	14772512	4552	8
874	632	Response	3	14774036	6076	6
874	632	Response	3	14775512	7552	7
874	632	Response	3	14777348	9388	8
874	632	Response	3	14778631	10671	9
874	632	Response	3	14780333	12373	5
874	632	Response	3	14781889	13929	5
874	632	Response	3	14783441	15480	5
874	632	Response	3	14785280	17320	8
874	632	Response	3	14787108	19148	7
874	632	Response	3	14788667	20707	9
874	632	Response	3	14795833	27873	6
874	633	Nothing	19	14802659	0	1			0		other	0
874	634	Nothing	51	14823465	0	1			0		other	0
874	634	Response	3	14833992	10526	25
874	635	Nothing	101	14834044	0	1			0		false_alarm	1445
874	635	Response	3	14836164	2120	5
874	636	Nothing	19	14868636	0	1			0		other	0
874	637	Nothing	52	14904092	0	0			0		other	0
874	637	Response	3	14908563	4471	9
874	638	Nothing	111	14908630	0	1			0		false_alarm	1450
874	638	Response	3	14910315	1685	6
874	638	Response	3	14911803	3173	8
874	638	Response	3	14913095	4464	6
874	638	Response	3	14914655	6025	6
874	638	Response	3	14916087	7457	10
874	638	Response	3	14917572	8942	8
874	638	Response	3	14919132	10502	8
874	638	Response	3	14920881	12251	7
874	638	Response	3	14922437	13807	5
874	638	Response	3	14923992	15362	8
874	638	Response	3	14925768	17138	9
874	638	Response	3	14927289	18659	11
874	638	Response	3	14928754	20124	5
874	638	Response	3	14930248	21618	19
874	638	Response	3	14931881	23251	17
874	639	Nothing	19	14943188	0	1			0		other	0
874	640	Nothing	51	14953811	0	1			0		other	0
874	640	Response	3	14962563	8752	8
874	641	Nothing	101	14962601	0	1			0		false_alarm	1469
874	641	Response	3	14964161	1560	10
874	642	Nothing	19	14997409	0	1			0		other	0
874	644	Nothing	51	15007814	0	1			0		other	0
874	644	Response	3	15014631	6817	6
874	645	Nothing	101	15014663	0	1			0		false_alarm	1474
874	645	Response	3	15014777	114	7
874	646	Nothing	19	15049621	0	1			0		other	0
874	647	Nothing	51	15072204	0	1			0		other	0
874	647	Response	3	15077155	4951	5
874	648	Nothing	101	15077206	0	1			0		false_alarm	1479
874	648	Response	3	15081110	3904	9
874	649	Nothing	19	15112024	0	1			0		other	0
874	650	Nothing	51	15157727	0	0			0		other	0
874	650	Response	3	15160551	2824	5
874	651	Nothing	101	15160588	0	0			0		false_alarm	1484
874	651	Response	3	15162210	1622	7
874	651	Response	3	15165946	5358	6
874	651	Response	3	15167940	7352	6
874	652	Nothing	19	15195218	0	1			0		other	0
874	653	Nothing	51	15220734	0	1			0		other	0
874	653	Response	3	15223573	2839	6
874	654	Nothing	101	15223602	0	1			0		false_alarm	1491
874	654	Response	3	15227301	3700	6
874	655	Nothing	19	15258262	0	1			0		other	0
874	656	Nothing	51	15277532	0	1			0		other	0
874	656	Response	3	15281647	4116	5
874	657	Nothing	101	15281681	0	1			0		false_alarm	1496
874	657	Response	3	15283364	1683	15
874	658	Nothing	19	15316071	0	0			0		other	0
874	660	Nothing	52	15357348	0	1			0		other	0
874	660	Response	2	15366313	8966	5
874	661	Nothing	110	15366342	0	1			0		false_alarm	1501
874	661	Response	2	15368410	2068	7
874	662	Nothing	19	15400607	0	1			0		other	0
874	663	Nothing	52	15447915	0	1			0		other	0
874	663	Response	2	15459007	11092	5
874	664	Nothing	110	15459037	0	1			0		other	0
874	665	Nothing	19	15493748	0	1			0		other	0
874	666	Nothing	52	15542703	0	1			0		other	0
874	666	Response	2	15546369	3666	5
874	667	Nothing	110	15546403	0	1			0		false_alarm	1510
874	667	Response	2	15548139	1735	18
874	667	Response	2	15548295	1892	5
874	667	Response	2	15549630	3226	5
874	667	Response	2	15550954	4551	4
874	668	Nothing	19	15581176	0	1			0		other	0
874	669	Nothing	52	15617349	0	1			0		other	0
874	670	Nothing	77	15637374	0	1			0		other	0
874	671	Nothing	19	15671010	0	1			0		other	0
874	672	Nothing	52	15686811	0	1			0		other	0
874	672	Response	2	15692112	5301	6
874	673	Nothing	110	15692142	0	1			0		false_alarm	1521
874	673	Response	2	15693791	1649	8
874	673	Response	2	15695198	3056	5
874	674	Nothing	19	15726885	0	1			0		other	0
874	676	Nothing	52	15758998	0	1			0		other	0
874	676	Response	2	15764570	5572	7
874	677	Nothing	110	15764605	0	1			0		false_alarm	1527
874	677	Response	2	15766653	2049	10
874	678	Nothing	19	15799151	0	1			0		other	0
874	679	Nothing	52	15817358	0	1			0		other	0
874	679	Response	3	15823271	5913	5
874	680	Nothing	111	15823312	0	0			0		false_alarm	1532
874	680	Response	3	15824430	1119	5
874	680	Response	3	15825815	2503	5
874	680	Response	3	15829508	6197	7
874	680	Response	3	15830881	7569	18
874	680	Response	3	15832257	8945	5
874	680	Response	3	15833879	10567	7
874	680	Response	3	15836841	13529	8
874	681	Nothing	19	15858195	0	1			0		other	0
874	682	Nothing	51	15879263	0	1			0		other	0
874	682	Response	3	15892161	12898	8
874	683	Nothing	101	15892197	0	0			0		false_alarm	1543
874	683	Response	3	15893656	1459	5
874	683	Response	3	15895144	2947	5
874	684	Nothing	19	15926771	0	1			0		other	0
874	685	Nothing	51	15947698	0	1			0		other	0
874	685	Response	2	15956725	9028	5
874	686	Nothing	100	15956767	0	1			0		false_alarm	1549
874	686	Response	2	15958037	1270	8
874	686	Response	2	15959017	2251	5
874	686	Response	2	15960170	3403	5
874	686	Response	2	15961292	4526	5
874	686	Response	2	15962533	5767	8
874	686	Response	2	15963818	7051	6
874	686	Response	2	15965071	8304	9
874	686	Response	2	15966163	9396	7
874	686	Response	2	15967587	10820	8
874	686	Response	2	15968914	12148	18
874	686	Response	2	15973258	16491	5
874	687	Nothing	19	15991755	0	1			0		other	0
874	688	Nothing	52	16004584	0	1			0		other	0
874	688	Response	3	16007183	2599	8
874	689	Nothing	111	16007220	0	1			0		false_alarm	1564
874	689	Response	3	16008623	1403	8
874	689	Response	3	16011196	3976	5
874	689	Response	3	16012553	5333	5
874	689	Response	3	16014062	6842	9
874	689	Response	3	16015735	8515	6
874	689	Response	3	16018134	10914	14
874	689	Response	3	16019494	12275	7
874	689	Response	3	16020884	13665	5
874	689	Response	3	16022215	14995	10
874	689	Response	3	16023460	16240	26
874	689	Response	3	16024710	17490	14
874	689	Response	3	16026019	18799	7
874	689	Response	3	16028569	21349	4
874	689	Response	3	16029921	22701	5
874	689	Response	3	16031189	23969	5
874	689	Response	3	16032503	25283	5
874	689	Response	3	16033994	26774	7
874	689	Response	3	16035651	28431	7
874	689	Response	3	16038203	30984	8
874	689	Response	3	16039533	32313	6
874	689	Response	3	16041044	33824	5
874	690	Nothing	19	16041680	0	1			0		other	0
874	690	Response	3	16042423	742	8
874	690	Response	3	16043949	2268	5
874	690	Response	3	16045233	3553	6
874	691	Nothing	19	16067336	0	1			0		other	0
874	693	Nothing	52	16078471	0	1			0		other	0
874	693	Response	2	16080396	1925	5
874	694	Nothing	110	16080426	0	1			0		false_alarm	1593
874	694	Response	2	16082040	1614	7
874	694	Response	2	16086082	5655	6
874	694	Response	2	16087808	7381	11
874	694	Response	2	16089214	8788	6
874	694	Response	2	16090190	9764	5
874	694	Response	2	16091445	11019	7
874	694	Response	2	16092738	12311	5
874	694	Response	2	16094224	13798	5
874	694	Response	2	16095479	15053	5
874	694	Response	2	16096754	16328	5
874	694	Response	2	16098001	17575	4
874	694	Response	2	16099291	18864	9
874	694	Response	2	16100749	20322	5
874	694	Response	2	16101867	21441	5
874	694	Response	2	16103141	22715	5
874	694	Response	2	16104559	24132	5
874	694	Response	2	16105983	25557	5
874	694	Response	2	16107330	26903	8
874	695	Nothing	19	16115015	0	1			0		other	0
874	696	Nothing	52	16137745	0	1			0		other	0
874	696	Response	2	16140645	2901	18
874	697	Nothing	110	16140703	0	1			0		false_alarm	1615
874	697	Response	2	16142869	2167	8
874	697	Response	3	16146267	5565	5
874	697	Response	3	16147820	7117	6
874	697	Response	3	16151432	10729	5
874	697	Response	3	16153968	13266	5
874	697	Response	3	16155239	14536	7
874	697	Response	3	16156475	15772	7
874	697	Response	3	16157840	17137	7
874	697	Response	3	16160437	19734	5
874	697	Response	3	16169413	28711	6
874	697	Response	3	16170849	30147	5
874	697	Response	3	16172225	31523	18
874	697	Response	3	16173665	32963	8
874	697	Response	3	16175083	34380	9
874	698	Nothing	19	16175279	0	1			0		other	0
874	698	Response	3	16176563	1285	7
874	698	Response	3	16179156	3877	10
874	698	Response	3	16180712	5433	7
874	698	Response	3	16182208	6929	5
874	699	Nothing	19	16192261	0	0			0		other	0
874	700	Nothing	52	16229379	0	1			0		other	0
874	700	Response	2	16232189	2810	8
874	701	Nothing	110	16232232	0	1			0		false_alarm	1638
874	701	Response	3	16235381	3149	4
874	701	Response	3	16238761	6529	5
874	701	Response	3	16239946	7714	10
874	701	Response	3	16241406	9174	9
874	701	Response	3	16242655	10423	5
874	701	Response	3	16244011	11779	5
874	701	Response	3	16245307	13075	7
874	701	Response	3	16246478	14246	24
874	701	Response	3	16247805	15574	8
874	701	Response	3	16250574	18342	7
874	701	Response	3	16251989	19758	10
874	701	Response	3	16253090	20858	5
874	701	Response	3	16254435	22203	5
874	701	Response	3	16256069	23838	8
874	701	Response	3	16257403	25171	17
874	701	Response	3	16258818	26586	5
874	702	Nothing	19	16267250	0	1			0		other	0
874	703	Nothing	51	16284720	0	1			0		other	0
874	703	Response	3	16287721	3002	6
874	704	Nothing	101	16287750	0	1			0		false_alarm	1658
874	704	Response	3	16289440	1690	6
874	704	Response	3	16291286	3536	17
874	704	Response	3	16292977	5227	9
874	704	Response	3	16294803	7053	6
874	704	Response	3	16297220	9470	8
874	704	Response	3	16298638	10888	6
874	704	Response	3	16300121	12371	8
874	704	Response	3	16302775	15025	5
874	704	Response	3	16304195	16445	10
874	704	Response	3	16305572	17822	18
874	704	Response	3	16307016	19266	5
874	704	Response	3	16308401	20651	4
874	705	Nothing	19	16322801	0	1			0		other	0
874	706	Nothing	51	16355952	0	1			0		other	0
874	706	Response	2	16359360	3408	8
874	707	Nothing	100	16359412	0	1			0		false_alarm	1674
874	707	Response	2	16361095	1682	19
874	707	Response	2	16362524	3111	9
874	707	Response	2	16364862	5449	26
874	707	Response	2	16366268	6856	9
874	707	Response	2	16367563	8151	5
874	707	Response	2	16368755	9343	8
874	707	Response	3	16371496	12084	7
874	708	Nothing	19	16394644	0	1			0		other	0
874	710	Nothing	52	16406184	0	1			0		other	0
874	710	Response	2	16412750	6566	7
874	711	Nothing	110	16412785	0	1			0		false_alarm	1685
874	711	Response	2	16414194	1409	19
874	711	Response	3	16417768	4983	7
874	711	Response	3	16419566	6781	10
874	711	Response	3	16421322	8537	5
874	711	Response	3	16423159	10374	7
874	711	Response	3	16424474	11688	25
874	711	Response	3	16425767	12982	7
874	711	Response	3	16427276	14491	6
874	711	Response	3	16428627	15842	6
874	711	Response	3	16430087	17302	5
874	711	Response	3	16431325	18540	25
874	711	Response	3	16432685	19900	17
874	711	Response	3	16434118	21333	7
874	711	Response	3	16435728	22943	9
874	711	Response	3	16436954	24169	10
874	711	Response	3	16438656	25871	7
874	712	Nothing	19	16447630	0	1			0		other	0
874	713	Nothing	52	16483931	0	1			0		other	0
874	713	Response	2	16485526	1595	5
874	714	Nothing	110	16485563	0	1			0		false_alarm	1705
874	714	Response	3	16488880	3317	8
874	714	Response	3	16494635	9072	8
874	714	Response	3	16496068	10505	6
874	714	Response	3	16497304	11741	9
874	714	Response	3	16499902	14339	18
874	714	Response	3	16502445	16882	5
874	714	Response	3	16505073	19511	10
874	714	Response	3	16508578	23015	18
874	714	Response	3	16519249	33686	7
874	714	Response	3	16520365	34802	75
874	715	Nothing	19	16520459	0	1			0		other	0
874	715	Response	3	16521709	1250	8
874	715	Response	3	16523026	2567	6
874	715	Response	3	16524450	3991	5
874	715	Response	3	16525966	5507	7
874	715	Response	3	16527289	6830	5
874	715	Response	3	16528706	8248	7
874	715	Response	3	16530101	9642	7
874	715	Response	3	16531499	11040	6
874	715	Response	3	16533062	12603	10
874	715	Response	3	16534481	14022	5
874	715	Response	3	16535942	15483	6
874	715	Response	3	16539274	18816	17
874	716	Nothing	19	16543346	0	1			0		other	0
874	716	Response	3	16543857	511	7
874	716	Response	3	16545357	2012	7
874	716	Response	3	16546990	3644	10
874	716	Response	3	16548396	5051	5
874	717	Nothing	19	16565166	0	1			0		other	0
874	718	Nothing	52	16582809	0	1			0		other	0
874	718	Response	2	16586159	3350	7
874	719	Nothing	110	16586204	0	0			0		false_alarm	1737
874	719	Response	3	16588399	2195	17
874	719	Response	3	16594493	8289	5
874	719	Response	3	16598095	11891	5
874	719	Response	3	16605834	19630	7
874	719	Response	3	16607223	21019	18
874	719	Response	3	16608519	22315	8
874	719	Response	3	16609857	23653	10
874	719	Response	3	16611281	25077	7
874	720	Nothing	19	16621202	0	1			0		other	0
874	720	Response	3	16621214	12	6
874	720	Response	3	16622587	1384	5
874	720	Response	3	16624075	2873	8
874	720	Response	3	16625522	4320	8
874	721	Nothing	19	16667914	0	1			0		other	0
874	722	Nothing	52	16711612	0	1			0		other	0
874	722	Response	3	16716791	5180	5
874	723	Nothing	111	16716841	0	1			0		false_alarm	1754
874	723	Response	3	16718075	1235	5
874	723	Response	3	16719211	2371	5
874	723	Response	3	16720396	3555	6
874	723	Response	3	16721916	5075	6
874	723	Response	3	16723127	6287	9
874	723	Response	3	16724498	7657	4
874	723	Response	3	16725917	9076	17
874	723	Response	3	16727556	10715	5
874	723	Response	3	16729039	12198	7
874	723	Response	3	16730440	13599	5
874	723	Response	3	16732273	15432	4
874	724	Nothing	19	16751571	0	1			0		other	0
874	725	Nothing	52	16774731	0	1			0		other	0
874	725	Response	3	16784970	10238	5
874	726	Nothing	111	16785017	0	0			0		false_alarm	1769
874	726	Response	3	16786340	1322	5
874	726	Response	3	16787721	2703	7
874	726	Response	3	16789013	3996	10
874	726	Response	3	16790453	5435	8
874	726	Response	3	16791989	6972	7
874	726	Response	3	16793189	8171	6
874	726	Response	3	16794706	9689	5
874	726	Response	3	16796164	11147	5
874	726	Response	3	16797793	12776	10
874	726	Response	3	16799447	14429	5
874	727	Nothing	19	16819905	0	1			0		other	0
874	729	Nothing	51	16851099	0	1			0		other	0
874	729	Response	3	16855797	4699	6
874	730	Nothing	101	16855838	0	1			0		false_alarm	1783
874	730	Response	3	16877524	21686	8
874	731	Nothing	19	16891081	0	1			0		other	0
874	732	Nothing	51	16909720	0	1			0		other	0
874	732	Response	3	16918352	8632	4
874	733	Nothing	101	16918393	0	1			0		other	0
874	734	Nothing	19	16953743	0	1			0		other	0
874	735	Nothing	52	16990100	0	1			0		other	0
874	735	Response	2	16996538	6438	6
874	736	Nothing	110	16996592	0	1			0		other	0
874	737	Nothing	19	17031438	0	1			0		other	0
874	738	Nothing	52	17065874	0	1			0		other	0
874	739	Nothing	77	17085887	0	1			0		other	0
874	740	Nothing	19	17120368	0	1			0		other	0
874	741	Nothing	52	17162088	0	1			0		other	0
874	742	Nothing	77	17182099	0	1			0		other	0
874	743	Nothing	19	17215562	0	1			0		other	0
874	745	Nothing	52	17262233	0	1			0		other	0
874	745	Response	3	17270779	8546	5
874	746	Nothing	111	17270820	0	1			0		false_alarm	1802
874	746	Response	3	17271102	282	10
874	746	Response	3	17273405	2585	7
874	746	Response	3	17278844	8024	5
874	746	Response	3	17280199	9379	5
874	746	Response	3	17281477	10657	9
874	746	Response	3	17282752	11931	7
874	746	Response	3	17284084	13264	7
874	746	Response	3	17285462	14642	5
874	746	Response	3	17286827	16006	8
874	746	Response	3	17288156	17336	7
874	746	Response	3	17289604	18784	6
874	746	Response	3	17291088	20268	10
874	747	Nothing	19	17305465	0	1			0		other	0
874	748	Nothing	51	17338791	0	1			0		other	0
874	748	Response	2	17343269	4478	18
874	749	Nothing	100	17343341	0	0			0		false_alarm	1818
874	749	Response	2	17344595	1254	10
874	749	Response	2	17344838	1497	7
874	749	Response	2	17345950	2609	5
874	749	Response	2	17347114	3773	9
874	750	Nothing	19	17378313	0	1			0		other	0
874	751	Nothing	52	17395496	0	1			0		other	0
874	751	Response	2	17398944	3448	7
874	752	Nothing	110	17398980	0	1			0		false_alarm	1826
874	752	Response	2	17400295	1315	4
874	752	Response	2	17418041	19061	16
874	753	Nothing	19	17434004	0	0			0		other	0
874	754	Nothing	52	17454594	0	1			0		other	0
874	754	Response	3	17466838	12245	6
874	755	Nothing	111	17466884	0	1			0		false_alarm	1832
874	755	Response	3	17470087	3203	6
874	755	Response	3	17474145	7262	10
874	755	Response	3	17475640	8756	6
874	755	Response	3	17477085	10202	16
874	755	Response	3	17478524	11640	4
874	755	Response	3	17479989	13105	7
874	755	Response	3	17481384	14500	19
874	755	Response	3	17482682	15798	9
874	755	Response	3	17484587	17703	8
874	755	Response	3	17485979	19095	8
874	755	Response	3	17487582	20698	11
874	756	Nothing	19	17501625	0	1			0		other	0
874	756	Response	3	17531260	29635	7
874	757	Nothing	19	17534492	0	1			0		other	0
874	758	Nothing	52	17552802	0	1			0		other	0
874	758	Response	2	17557447	4644	5
874	759	Nothing	110	17557481	0	1			0		false_alarm	1849
874	759	Response	2	17561334	3853	7
874	760	Nothing	19	17592201	0	1			0		other	0
874	762	Nothing	52	17617139	0	1			0		other	0
874	763	Nothing	77	17637150	0	1			0		other	0
874	763	Response	3	17647600	10450	10
874	764	Nothing	19	17670841	0	1			0		other	0
874	765	Nothing	52	17684589	0	1			0		other	0
874	766	Nothing	77	17704601	0	1			0		other	0
874	767	Nothing	19	17738213	0	1			0		other	0
874	768	Nothing	52	17766551	0	1			0		other	0
874	768	Response	2	17775659	9108	7
874	769	Nothing	110	17775690	0	1			0		false_alarm	1861
874	769	Response	3	17785666	9976	10
874	770	Nothing	19	17810358	0	1			0		other	0
874	771	Nothing	52	17834471	0	1			0		other	0
874	771	Response	2	17839933	5462	7
874	772	Nothing	110	17839967	0	0			0		false_alarm	1866
874	772	Response	2	17841475	1508	15
874	772	Response	2	17843917	3950	5
874	772	Response	2	17845458	5492	8
874	773	Nothing	19	17874637	0	1			0		other	0
874	774	Nothing	52	17897879	0	0			0		other	0
874	775	Nothing	77	17917891	0	1			0		other	0
874	776	Nothing	19	17951649	0	0			0		other	0
874	778	Nothing	52	17965295	0	1			0		other	0
874	778	Response	3	17977946	12651	5
874	779	Nothing	111	17977984	0	1			0		false_alarm	1876
874	779	Response	3	17979174	1190	8
874	779	Response	3	17984657	6673	4
874	779	Response	3	17985948	7964	5
874	779	Response	3	17987303	9319	17
874	779	Response	3	17988557	10572	10
874	779	Response	3	17989953	11968	10
874	779	Response	3	17991094	13110	5
874	779	Response	3	17992622	14638	8
874	780	Nothing	19	18012407	0	1			0		other	0
874	781	Nothing	51	18023081	0	1			0		other	0
874	781	Response	3	18032962	9881	6
874	782	Nothing	101	18032990	0	1			0		false_alarm	1888
874	782	Response	3	18034311	1321	9
874	783	Nothing	19	18067213	0	1			0		other	0
874	784	Nothing	51	18086441	0	1			0		other	0
874	784	Response	2	18094250	7809	5
874	785	Nothing	100	18094290	0	0			0		false_alarm	1893
874	785	Response	2	18099312	5022	5
874	785	Response	2	18101578	7288	8
874	785	Response	2	18102945	8655	10
874	785	Response	2	18104015	9725	6
874	786	Nothing	19	18128867	0	1			0		other	0
874	787	Nothing	52	18145625	0	1			0		other	0
874	787	Response	3	18151436	5811	6
874	788	Nothing	111	18151473	0	1			0		false_alarm	1901
874	788	Response	3	18152692	1220	10
874	788	Response	3	18156299	4826	9
874	788	Response	3	18157923	6450	7
874	788	Response	3	18158968	7495	7
874	788	Response	3	18160566	9094	6
874	788	Response	3	18162007	10535	6
874	788	Response	3	18164690	13217	7
874	788	Response	3	18165976	14503	5
874	788	Response	3	18167303	15830	8
874	788	Response	3	18168434	16961	5
874	788	Response	3	18169818	18346	8
874	788	Response	3	18171236	19763	7
874	788	Response	3	18172955	21482	5
874	788	Response	3	18175498	24025	9
874	788	Response	3	18177125	25653	7
874	789	Nothing	19	18186027	0	1			0		other	0
874	790	Nothing	51	18206970	0	1			0		other	0
874	790	Response	2	18215255	8285	24
874	791	Nothing	100	18215323	0	1			0		false_alarm	1920
874	791	Response	2	18216674	1351	5
874	791	Response	2	18219128	3805	7
874	791	Response	2	18220458	5136	7
874	791	Response	2	18221782	6459	8
874	791	Response	2	18223260	7938	5
874	791	Response	2	18224633	9310	5
874	791	Response	2	18225821	10499	6
874	791	Response	2	18227106	11783	6
874	791	Response	2	18228642	13319	8
874	792	Nothing	19	18250189	0	1			0		other	0
874	794	Nothing	52	18266691	0	1			0		other	0
874	794	Response	3	18272566	5875	6
874	795	Nothing	111	18272600	0	0			0		false_alarm	1933
874	795	Response	3	18272909	309	5
874	795	Response	3	18274036	1436	8
874	795	Response	3	18277856	5256	6
874	795	Response	3	18278999	6399	10
874	795	Response	3	18280196	7596	11
874	795	Response	3	18281781	9181	7
874	795	Response	3	18283079	10479	8
874	795	Response	3	18284470	11870	5
874	795	Response	3	18288929	16329	6
874	795	Response	3	18293016	20416	4
874	795	Response	3	18297271	24670	5
874	795	Response	3	18301268	28667	5
874	795	Response	3	18306851	34250	7
874	796	Nothing	19	18307297	0	1			0		other	0
874	796	Response	3	18312304	5007	6
874	796	Response	3	18313747	6450	5
874	796	Response	3	18315137	7840	6
874	796	Response	3	18317842	10545	5
874	797	Nothing	19	18320904	0	1			0		other	0
874	798	Nothing	51	18336255	0	1			0		other	0
874	799	Nothing	77	18356270	0	1			0		other	0
874	800	Nothing	19	18390148	0	1			0		other	0
874	801	Nothing	51	18412536	0	1			0		other	0
874	801	Response	3	18419472	6936	5
874	802	Nothing	101	18419505	0	1			0		other	0
874	803	Nothing	19	18453995	0	1			0		other	0
874	804	Nothing	51	18480472	0	1			0		other	0
874	804	Response	2	18483257	2785	5
874	805	Nothing	100	18483297	0	1			0		false_alarm	1962
874	805	Response	2	18484464	1167	8
874	805	Response	2	18485880	2583	5
874	805	Response	2	18487102	3805	6
874	806	Nothing	19	18517956	0	1			0		other	0
874	807	Nothing	51	18531780	0	1			0		other	0
874	807	Response	2	18533594	1814	5
874	808	Nothing	100	18533634	0	1			0		false_alarm	1969
874	808	Response	2	18534807	1173	10
874	808	Response	2	18536224	2590	5
874	808	Response	2	18537156	3522	6
874	808	Response	3	18543663	10029	5
874	809	Nothing	19	18568106	0	1			0		other	0
874	811	Nothing	52	18580912	0	1			0		other	0
874	811	Response	2	18582506	1594	5
874	812	Nothing	110	18582539	0	1			0		false_alarm	1977
874	812	Response	2	18584524	1985	5
874	812	Response	2	18586079	3540	19
874	812	Response	2	18587303	4764	4
874	812	Response	2	18588712	6173	5
874	813	Nothing	19	18616852	0	1			0		other	0
874	814	Nothing	52	18648893	0	1			0		other	0
874	814	Response	2	18653892	4999	7
874	815	Nothing	110	18653929	0	1			0		false_alarm	1985
874	815	Response	2	18655853	1924	6
874	815	Response	2	18657477	3549	7
874	816	Nothing	19	18688482	0	1			0		other	0
874	817	Nothing	52	18713919	0	1			0		other	0
874	817	Response	2	18716473	2554	6
874	818	Nothing	110	18716501	0	1			0		false_alarm	1991
874	818	Response	2	18721458	4957	10
874	819	Nothing	19	18750684	0	0			0		other	0
874	820	Nothing	52	18762629	0	0			0		other	0
874	820	Response	2	18765574	2945	8
874	821	Nothing	110	18765629	0	1			0		other	0
874	822	Nothing	19	18800182	0	1			0		other	0
874	823	Nothing	52	18826429	0	1			0		other	0
874	823	Response	2	18829008	2579	17
874	824	Nothing	110	18829047	0	1			0		other	0
874	825	Nothing	19	18863263	0	1			0		other	0
874	827	Nothing	52	18901116	0	1			0		other	0
874	828	Nothing	77	18921124	0	0			0		other	0
874	829	Nothing	19	18954938	0	0			0		other	0
874	830	Nothing	52	18972742	0	1			0		other	0
874	830	Response	2	18977897	5155	9
874	831	Nothing	110	18977939	0	1			0		false_alarm	2007
874	831	Response	3	18983448	5509	16
874	831	Response	3	18986174	8236	6
874	831	Response	3	18988845	10906	5
874	831	Response	3	18989829	11890	9
874	831	Response	3	18992378	14439	7
874	831	Response	3	18996362	18424	5
874	831	Response	3	19003035	25097	6
874	831	Response	3	19004436	26498	5
874	832	Nothing	19	19012481	0	1			0		other	0
874	833	Nothing	52	19026240	0	1			0		other	0
874	833	Response	3	19039287	13048	6
874	834	Nothing	111	19039335	0	1			0		false_alarm	2019
874	834	Response	3	19041644	2309	7
874	834	Response	3	19045253	5918	10
874	834	Response	3	19049108	9773	5
874	834	Response	3	19053036	13701	5
874	834	Response	3	19059698	20363	9
874	834	Response	3	19065224	25890	5
874	834	Response	3	19066514	27179	6
874	834	Response	3	19067847	28512	5
874	834	Response	3	19069310	29975	5
874	835	Nothing	19	19073960	0	1			0		other	0
874	836	Nothing	52	19103451	0	1			0		other	0
874	836	Response	3	19110902	7451	5
874	837	Nothing	111	19110956	0	1			0		false_alarm	2032
874	837	Response	3	19112063	1107	7
874	837	Response	3	19114738	3782	5
874	837	Response	3	19116003	5047	8
874	837	Response	3	19117364	6408	10
874	837	Response	3	19118717	7762	5
874	837	Response	3	19120216	9261	5
874	837	Response	3	19121556	10600	6
874	837	Response	3	19123166	12210	9
874	837	Response	3	19124623	13667	5
874	838	Nothing	19	19145536	0	1			0		other	0
874	839	Nothing	51	19156197	0	1			0		other	0
874	839	Response	2	19165750	9554	6
874	840	Nothing	100	19165793	0	0			0		false_alarm	2045
874	840	Response	2	19169818	4025	5
874	840	Response	2	19172567	6774	6
874	840	Response	2	19176806	11013	26
874	840	Response	2	19179818	14024	5
874	841	Nothing	19	19200479	0	1			0		other	0
874	843	Nothing	52	19222231	0	1			0		other	0
874	843	Response	3	19234463	12232	5
874	844	Nothing	111	19234509	0	1			0		false_alarm	2053
874	844	Response	3	19237715	3206	6
874	844	Response	3	19240557	6049	5
874	844	Response	3	19241806	7297	5
874	844	Response	3	19242938	8429	5
874	844	Response	3	19244336	9827	5
874	844	Response	3	19245817	11308	4
874	844	Response	3	19247443	12934	6
874	845	Nothing	19	19269133	0	0			0		other	0
874	846	Nothing	52	19312208	0	1			0		other	0
874	846	Response	3	19320932	8724	5
874	847	Nothing	111	19320967	0	1			0		false_alarm	2064
874	847	Response	3	19322545	1579	7
874	847	Response	3	19323832	2866	6
874	847	Response	3	19325056	4089	10
874	847	Response	3	19326343	5376	6
874	847	Response	3	19327634	6668	8
874	847	Response	3	19329093	8126	7
874	847	Response	3	19330466	9500	26
874	847	Response	3	19332286	11320	5
874	847	Response	3	19333422	12456	8
874	847	Response	3	19335025	14058	5
874	847	Response	3	19336224	15258	8
874	847	Response	3	19337584	16617	6
874	847	Response	3	19339022	18056	9
874	848	Nothing	19	19355919	0	1			0		other	0
874	849	Nothing	51	19372459	0	1			0		other	0
874	849	Response	2	19375001	2542	5
874	850	Nothing	100	19375049	0	1			0		false_alarm	2081
874	850	Response	2	19376208	1159	10
874	850	Response	2	19377667	2618	8
874	850	Response	2	19378698	3649	7
874	850	Response	2	19380135	5086	18
874	851	Nothing	19	19409937	0	0			0		other	0
874	852	Nothing	51	19451499	0	1			0		other	0
874	852	Response	3	19464441	12942	16
874	853	Nothing	101	19464486	0	1			0		other	0
874	854	Nothing	19	19499595	0	1			0		other	0
874	855	Nothing	52	19515063	0	1			0		other	0
874	855	Response	3	19522595	7532	17
874	856	Nothing	111	19522648	0	1			0		false_alarm	2093
874	856	Response	3	19522936	288	8
874	856	Response	3	19524128	1480	8
874	856	Response	3	19525621	2973	6
874	856	Response	3	19526907	4259	8
874	856	Response	3	19528316	5669	24
874	856	Response	3	19529765	7117	6
874	856	Response	3	19531134	8486	5
874	856	Response	3	19532722	10074	5
874	856	Response	3	19534106	11458	4
874	856	Response	3	19535597	12949	14
874	856	Response	3	19537139	14491	5
874	856	Response	3	19538666	16018	10
874	856	Response	3	19540458	17811	6
874	857	Nothing	19	19557523	0	1			0		other	0
874	859	Nothing	51	19597103	0	0			0		other	0
874	859	Response	3	19603427	6324	10
874	860	Nothing	101	19603462	0	1			0		false_alarm	2110
874	860	Response	3	19606654	3191	7
874	860	Response	3	19606849	3387	6
874	861	Nothing	19	19638467	0	1			0		other	0
874	862	Nothing	51	19653653	0	1			0		other	0
874	863	Nothing	77	19673668	0	1			0		other	0
874	864	Nothing	19	19707789	0	1			0		other	0
874	865	Nothing	51	19725871	0	1			0		other	0
874	865	Response	2	19730392	4521	5
874	866	Nothing	100	19730461	0	0			0		false_alarm	2119
874	866	Response	2	19731686	1225	5
874	866	Response	2	19734261	3801	7
874	867	Nothing	19	19765650	0	1			0		other	0
874	868	Nothing	51	19792635	0	1			0		other	0
874	868	Response	2	19799766	7131	6
874	869	Nothing	100	19799819	0	1			0		false_alarm	2125
874	869	Response	2	19800956	1137	5
874	869	Response	2	19803582	3763	5
874	869	Response	2	19804835	5016	9
874	870	Nothing	19	19834478	0	1			0		other	0
874	871	Nothing	51	19849639	0	1			0		other	0
874	871	Response	2	19855870	6231	8
874	872	Nothing	100	19855918	0	1			0		false_alarm	2132
874	872	Response	2	19857236	1318	5
874	872	Response	2	19858633	2715	6
874	872	Response	2	19859910	3992	8
874	872	Response	2	19863988	8070	9
874	872	Response	2	19865223	9304	5
874	873	Nothing	19	19890579	0	1			0		other	0
874	875	Nothing	52	19917948	0	1			0		other	0
874	875	Response	2	19927234	9287	8
874	876	Nothing	110	19927273	0	1			0		other	0
874	877	Nothing	19	19962193	0	1			0		other	0
874	878	Nothing	51	19980250	0	1			0		other	0
874	879	Nothing	77	20000268	0	1			0		other	0
874	880	Nothing	19	20034068	0	1			0		other	0
874	881	Nothing	52	20074974	0	1			0		other	0
874	881	Response	2	20078246	3272	5
874	882	Nothing	110	20078276	0	0			0		false_alarm	2148
874	882	Response	2	20079809	1533	24
874	883	Nothing	19	20112780	0	1			0		other	0
874	884	Nothing	52	20126812	0	1			0		other	0
874	884	Response	2	20131742	4931	5
874	885	Nothing	110	20131774	0	1			0		other	0
874	886	Nothing	19	20166468	0	1			0		other	0
874	887	Nothing	52	20186134	0	1			0		other	0
874	888	Nothing	77	20206142	0	0			0		other	0
874	889	Nothing	19	20239926	0	1			0		other	0
874	891	Nothing	52	20250897	0	1			0		other	0
874	892	Nothing	77	20270908	0	0			0		other	0
874	893	Nothing	19	20304819	0	1			0		other	0
874	894	Nothing	52	20321556	0	1			0		other	0
874	894	Response	2	20324735	3179	4
874	895	Nothing	110	20324781	0	1			0		other	0
874	896	Nothing	19	20359431	0	1			0		other	0
874	897	Nothing	52	20374389	0	1			0		other	0
874	898	Nothing	77	20394403	0	1			0		other	0
874	899	Nothing	19	20428073	0	1			0		other	0
874	900	Nothing	52	20463801	0	1			0		other	0
874	900	Response	2	20470728	6927	6
874	901	Nothing	110	20470763	0	1			0		other	0
874	902	Nothing	19	20505715	0	1			0		other	0
874	903	Nothing	52	20537626	0	1			0		other	0
874	904	Nothing	77	20557637	0	1			0		other	0
874	905	Nothing	19	20591716	0	1			0		other	0
874	907	Nothing	52	20610105	0	0			0		other	0
874	908	Nothing	77	20630114	0	1			0		other	0
874	909	Nothing	19	20663667	0	1			0		other	0
874	910	Nothing	52	20694361	0	1			0		other	0
874	911	Nothing	77	20714371	0	0			0		other	0
874	912	Nothing	19	20748129	0	1			0		other	0
874	913	Nothing	52	20765768	0	1			0		other	0
874	914	Nothing	77	20785776	0	1			0		other	0
874	915	Nothing	19	20819428	0	1			0		other	0
874	916	Nothing	52	20840083	0	1			0		other	0
874	917	Nothing	77	20860095	0	1			0		other	0
874	918	Nothing	19	20893794	0	1			0		other	0
874	919	Nothing	52	20913597	0	1			0		other	0
874	920	Nothing	77	20933608	0	1			0		other	0
874	921	Nothing	19	20967212	0	0			0		other	0
874	923	Nothing	52	20990232	0	1			0		other	0
874	924	Nothing	77	21010244	0	1			0		other	0
874	925	Nothing	19	21043852	0	1			0		other	0
874	926	Nothing	52	21084473	0	1			0		other	0
874	927	Nothing	77	21104494	0	1			0		other	0
874	928	Nothing	19	21138223	0	1			0		other	0
874	929	Nothing	52	21178347	0	1			0		other	0
874	930	Nothing	77	21198360	0	1			0		other	0
874	931	Nothing	19	21232103	0	1			0		other	0
874	931	Response	3	21242918	10815	5
874	931	Response	3	21243080	10978	7
874	932	Nothing	19	21259780	0	1			0		other	0
874	932	Response	3	21267623	7843	7
874	932	Response	3	21275940	16159	6
874	932	Response	2	21278016	18235	6
874	932	Response	3	21282552	22772	5
874	932	Response	3	21282958	23177	18
874	932	Response	3	21284400	24619	7
874	932	Response	3	21284407	24627	4
874	932	Response	3	21284767	24987	5
874	932	Response	3	21285291	25510	8
874	933	Nothing	19	21293100	0	1			0		other	0
874	934	Nothing	52	21303266	0	1			0		other	0
874	934	Response	3	21317984	14718	5
874	934	Response	3	21318001	14736	5
874	934	Response	3	21318009	14743	7
874	935	Nothing	111	21318018	0	1			0		false_alarm	2216
874	935	Response	3	21318120	103	6
874	935	Response	2	21318413	395	6
874	935	Response	3	21321282	3264	6
874	935	Response	3	21348379	30361	6
874	935	Response	3	21350015	31997	18
874	935	Response	3	21351254	33237	8
874	935	Response	3	21352588	34570	5
874	936	Nothing	19	21352834	0	1			0		other	0
874	937	Nothing	51	21402267	0	1			0		other	0
874	937	Response	3	21408442	6175	6
874	938	Nothing	101	21408477	0	1			0		other	0
874	939	Nothing	19	21442874	0	0			0		other	0
874	941	Nothing	51	21459755	0	1			0		other	0
874	941	Response	2	21464335	4580	7
874	942	Nothing	100	21464379	0	1			0		false_alarm	2231
874	942	Response	2	21469165	4786	6
874	942	Response	2	21471697	7317	9
874	942	Response	2	21475926	11546	5
874	943	Nothing	19	21498710	0	1			0		other	0
874	944	Nothing	51	21514138	0	1			0		other	0
874	944	Response	2	21518990	4852	6
874	945	Nothing	100	21519037	0	1			0		false_alarm	2238
874	945	Response	2	21520487	1450	8
874	945	Response	2	21521964	2928	9
874	946	Nothing	19	21553343	0	1			0		other	0
874	947	Nothing	52	21563920	0	1			0		other	0
874	947	Response	2	21568181	4261	5
874	948	Nothing	110	21568215	0	1			0		false_alarm	2244
874	948	Response	2	21569697	1482	6
874	948	Response	2	21574421	6206	5
874	949	Nothing	19	21602385	0	1			0		other	0
874	950	Nothing	51	21627306	0	1			0		other	0
874	950	Response	2	21630164	2857	5
874	951	Nothing	100	21630210	0	1			0		false_alarm	2250
874	951	Response	2	21631651	1441	5
874	951	Response	3	21642090	11880	5
874	952	Nothing	19	21664404	0	1			0		other	0
874	953	Nothing	52	21689026	0	1			0		other	0
874	953	Response	2	21691543	2517	5
874	954	Nothing	110	21691571	0	1			0		false_alarm	2256
874	954	Response	2	21693090	1519	5
874	954	Response	2	21694316	2745	6
874	955	Nothing	19	21726397	0	1			0		other	0
874	957	Nothing	52	21737228	0	1			0		other	0
874	957	Response	2	21739901	2673	5
874	958	Nothing	110	21739934	0	1			0		false_alarm	2262
874	958	Response	2	21740063	129	6
874	958	Response	2	21741692	1758	8
874	959	Nothing	19	21773901	0	1			0		other	0
874	960	Nothing	52	21796940	0	1			0		other	0
874	960	Response	2	21799470	2530	6
874	961	Nothing	110	21799500	0	1			0		other	0
874	962	Nothing	19	21834132	0	1			0		other	0
874	963	Nothing	52	21882002	0	1			0		other	0
874	963	Response	2	21885230	3227	6
874	964	Nothing	110	21885257	0	1			0		other	0
874	965	Nothing	19	21919799	0	1			0		other	0
874	966	Nothing	52	21955517	0	1			0		other	0
874	966	Response	2	21958357	2840	6
874	967	Nothing	110	21958405	0	1			0		false_alarm	2276
874	967	Response	2	21960153	1748	7
874	968	Nothing	19	21993300	0	0			0		other	0
874	969	Nothing	52	22020134	0	0			0		other	0
874	970	Nothing	77	22040146	0	1			0		other	0
874	971	Nothing	19	22073997	0	1			0		other	0
874	973	Nothing	52	22103703	0	1			0		other	0
874	973	Response	2	22108204	4500	7
874	974	Nothing	110	22108236	0	1			0		other	0
874	975	Nothing	19	22143123	0	1			0		other	0
874	976	Nothing	52	22182458	0	0			0		other	0
874	976	Response	3	22187314	4856	17
874	977	Nothing	111	22187371	0	1			0		false_alarm	2288
874	977	Response	3	22189458	2087	4
874	977	Response	3	22193180	5809	7
874	977	Response	3	22195605	8234	5
874	977	Response	3	22200686	13316	5
874	977	Response	3	22208279	20909	9
874	978	Nothing	19	22221372	0	1			0		other	0
874	979	Nothing	51	22262554	0	1			0		other	0
874	979	Response	3	22265522	2968	8
874	980	Nothing	101	22265560	0	1			0		false_alarm	2297
874	980	Response	3	22268243	2683	6
874	980	Response	3	22269492	3932	7
874	980	Response	3	22270803	5243	6
874	980	Response	3	22273484	7924	5
874	981	Nothing	19	22299997	0	1			0		other	0
874	982	Nothing	51	22343095	0	1			0		other	0
874	983	Nothing	77	22363114	0	1			0		other	0
874	984	Nothing	19	22396929	0	1			0		other	0
874	985	Nothing	52	22436071	0	1			0		other	0
874	985	Response	2	22438572	2501	6
874	986	Nothing	110	22438601	0	1			0		false_alarm	2308
874	986	Response	2	22442095	3494	6
874	987	Nothing	19	22473467	0	1			0		other	0
874	989	Nothing	51	22485887	0	1			0		other	0
874	990	Nothing	77	22505898	0	1			0		other	0
874	991	Nothing	19	22539538	0	1			0		other	0
874	992	Nothing	52	22588431	0	1			0		other	0
874	992	Response	3	22595126	6695	7
874	993	Nothing	111	22595166	0	0			0		false_alarm	2316
874	993	Response	3	22596873	1707	6
874	993	Response	3	22600599	5433	5
874	993	Response	3	22601970	6804	4
874	993	Response	3	22603372	8206	5
874	993	Response	3	22604633	9467	6
874	994	Nothing	19	22629631	0	1			0		other	0
874	995	Nothing	52	22650717	0	1			0		other	0
874	995	Response	2	22654198	3481	18
874	996	Nothing	110	22654239	0	1			0		other	0
874	997	Nothing	19	22688893	0	1			0		other	0
874	997	Response	3	22732586	43693	6
874	998	Nothing	19	22736164	0	1			0		other	0
874	999	Nothing	52	22770099	0	1			0		other	0
874	999	Response	3	22776789	6690	5
874	1000	Nothing	111	22776831	0	1			0		false_alarm	2331
874	1000	Response	3	22778154	1324	18
874	1000	Response	3	22780724	3894	5
874	1000	Response	3	22782055	5224	5
874	1000	Response	3	22785043	8213	5
874	1000	Response	3	22786482	9651	5
874	1000	Response	3	22787882	11052	8
874	1001	Nothing	19	22811301	0	1			0		other	0
874	1002	Nothing	51	22852463	0	1			0		other	0
874	1002	Response	2	22857465	5002	10
874	1003	Nothing	100	22857536	0	1			0		false_alarm	2341
874	1003	Response	2	22859206	1670	5
874	1003	Response	2	22861809	4273	14
874	1004	Nothing	19	22892043	0	1			0		other	0
874	1006	Nothing	52	22918579	0	1			0		other	0
874	1006	Response	2	22922564	3984	6
874	1007	Nothing	110	22922594	0	1			0		false_alarm	2347
874	1007	Response	2	22924075	1481	6
874	1008	Nothing	19	22957070	0	1			0		other	0
874	1009	Nothing	52	22967591	0	1			0		other	0
874	1010	Nothing	77	22987600	0	1			0		other	0
874	1011	Nothing	19	23021542	0	1			0		other	0
874	1012	Nothing	52	23059244	0	1			0		other	0
874	1012	Response	2	23067728	8484	5
874	1013	Nothing	110	23067756	0	1			0		other	0
874	1014	Nothing	19	23102117	0	1			0		other	0
874	1015	Nothing	52	23137490	0	0			0		other	0
874	1016	Nothing	77	23157500	0	1			0		other	0
874	1017	Nothing	19	23191520	0	1			0		other	0
874	1018	Nothing	52	23203651	0	1			0		other	0
874	1019	Nothing	77	23223662	0	1			0		other	0
874	1020	Nothing	19	23257396	0	1			0		other	0
874	1022	Nothing	52	23292262	0	1			0		other	0
874	1022	Response	2	23296589	4327	8
874	1023	Nothing	110	23296623	0	1			0		other	0
874	1024	Nothing	19	23331179	0	1			0		other	0
874	1025	Nothing	52	23350395	0	1			0		other	0
874	1025	Response	2	23355475	5080	7
874	1026	Nothing	110	23355507	0	0			0		other	0
874	1027	Nothing	19	23390204	0	1			0		other	0
874	1028	Nothing	52	23405807	0	1			0		other	0
874	1029	Nothing	77	23425819	0	1			0		other	0
874	1030	Nothing	19	23459403	0	0			0		other	0
874	1031	Nothing	52	23477717	0	1			0		other	0
874	1032	Nothing	77	23497726	0	1			0		other	0
874	1033	Nothing	19	23531564	0	1			0		other	0
874	1034	Nothing	52	23578955	0	1			0		other	0
874	1034	Response	3	23594387	15432	6
874	1035	Nothing	111	23594425	0	1			0		false_alarm	2379
874	1035	Response	3	23595568	1142	9
874	1035	Response	3	23598013	3587	9
874	1035	Response	3	23599242	4817	7
874	1035	Response	3	23600504	6079	7
874	1035	Response	3	23602043	7618	6
874	1035	Response	3	23603435	9010	6
874	1035	Response	3	23604696	10271	6
874	1035	Response	3	23608725	14299	10
874	1035	Response	3	23610012	15587	7
874	1035	Response	3	23614234	19808	5
874	1035	Response	3	23615675	21249	6
874	1035	Response	3	23619498	25073	6
874	1035	Response	3	23622342	27916	5
874	1035	Response	3	23623966	29540	9
874	1036	Nothing	19	23628979	0	1			0		other	0
874	1038	Nothing	52	23675418	0	1			0		other	0
874	1038	Response	2	23680460	5042	5
874	1039	Nothing	110	23680495	0	1			0		false_alarm	2397
874	1039	Response	2	23681954	1459	9
874	1040	Nothing	19	23714991	0	1			0		other	0
874	1041	Nothing	52	23746984	0	1			0		other	0
874	1042	Nothing	77	23767007	0	1			0		other	0
874	1043	Nothing	19	23800719	0	1			0		other	0
874	1044	Nothing	52	23840439	0	1			0		other	0
874	1045	Nothing	77	23860449	0	1			0		other	0
874	1046	Nothing	19	23893953	0	1			0		other	0
874	1047	Nothing	52	23924104	0	0			0		other	0
874	1048	Nothing	77	23944118	0	1			0		other	0
874	1049	Nothing	19	23977535	0	1			0		other	0
874	1050	Nothing	52	23991725	0	1			0		other	0
874	1051	Nothing	77	24011733	0	0			0		other	0
874	1052	Nothing	19	24045493	0	1			0		other	0
874	1054	Nothing	52	24070003	0	1			0		other	0
874	1055	Nothing	77	24090015	0	1			0		other	0
874	1056	Nothing	19	24123685	0	1			0		other	0
874	1057	Nothing	52	24137534	0	1			0		other	0
874	1058	Nothing	77	24157544	0	1			0		other	0
874	1059	Nothing	19	24191164	0	1			0		other	0
874	1060	Nothing	52	24218762	0	1			0		other	0
874	1061	Nothing	77	24238779	0	1			0		other	0
874	1062	Nothing	19	24272421	0	1			0		other	0
874	1063	Nothing	52	24314995	0	0			0		other	0
874	1064	Nothing	77	24335028	0	1			0		other	0
874	1065	Nothing	19	24368947	0	1			0		other	0
874	1066	Nothing	52	24396490	0	1			0		other	0
874	1067	Nothing	77	24416502	0	1			0		other	0
874	1068	Nothing	19	24449832	0	1			0		other	0
874	1070	Nothing	51	24462749	0	0			0		other	0
874	1071	Nothing	77	24482762	0	1			0		other	0
874	1072	Nothing	19	24516546	0	0			0		other	0
874	1073	Nothing	51	24544919	0	1			0		other	0
874	1074	Nothing	77	24564930	0	1			0		other	0
874	1075	Nothing	19	24598810	0	1			0		other	0
874	1075	Quit		24632482	33672	NA
