Scenario - phase2_matchingPennies_algorithm1
Logfile written - 10/04/2019 14:31:07

Subject	Trial	Event Type	Code	Time	TTime	Uncertainty	Duration	Uncertainty	ReqTime	ReqDur	Stim Type	Pair Index

874	0	Manual	10/04/2019 14:05:16	-9976	-9976
874	0	Response	2	744798	744798	6
874	0	Port Input	1	744798	744798	6
874	1	Nothing	99	900553	0	1			0		other	0
874	2	Nothing	51	900715	0	1			0		other	0
874	2	Response	2	902840	2125	6
874	2	Port Input	1	902840	2125	6
874	3	Nothing	100	902878	0	1			0		false_alarm	9
874	3	Response	2	904135	1257	6
874	3	Port Input	1	904135	1257	6
874	3	Response	2	906939	4061	6
874	3	Port Input	1	906939	4061	6
874	4	Nothing	19	933092	0	1			0		other	0
874	5	Nothing	99	946418	0	1			0		other	0
874	6	Nothing	51	946540	0	1			0		other	0
874	6	Response	3	948277	1737	6
874	6	Port Input	4	948277	1737	6
874	7	Nothing	101	948311	0	1			0		false_alarm	19
874	7	Response	3	949887	1576	6
874	7	Port Input	4	949887	1576	6
874	7	Response	3	951490	3179	6
874	7	Port Input	4	951490	3179	6
874	7	Response	2	953917	5606	6
874	7	Port Input	1	953917	5606	6
874	8	Nothing	19	978481	0	1			0		other	0
874	9	Nothing	99	1019342	0	1			0		other	0
874	10	Nothing	51	1019465	0	1			0		other	0
874	10	Response	2	1021495	2030	4
874	10	Port Input	1	1021495	2030	4
874	11	Nothing	100	1021533	0	1			0		false_alarm	31
874	11	Response	2	1022415	882	6
874	11	Port Input	1	1022415	882	6
874	11	Response	2	1024987	3454	6
874	11	Port Input	1	1024987	3454	6
874	11	Response	2	1026356	4823	5
874	11	Port Input	1	1026356	4823	5
874	12	Nothing	19	1051708	0	1			0		other	0
874	13	Nothing	99	1087397	0	1			0		other	0
874	14	Nothing	52	1087560	0	2			0		other	0
874	14	Response	3	1090979	3419	6
874	14	Port Input	4	1090979	3419	6
874	15	Nothing	111	1091017	0	1			0		false_alarm	43
874	15	Response	3	1092239	1222	6
874	15	Port Input	4	1092239	1222	6
874	15	Response	3	1094956	3939	6
874	15	Port Input	4	1094956	3939	6
874	16	Nothing	19	1121192	0	1			0		other	0
874	18	Nothing	99	1148368	0	1			0		other	0
874	19	Nothing	52	1148486	0	1			0		other	0
874	19	Response	3	1150199	1713	5
874	19	Port Input	4	1150199	1713	5
874	20	Nothing	111	1150236	0	1			0		false_alarm	53
874	20	Response	3	1152689	2453	6
874	20	Port Input	4	1152689	2453	6
874	21	Nothing	19	1180970	0	1			0		other	0
874	22	Nothing	99	1216748	0	1			0		other	0
874	23	Nothing	52	1216869	0	1			0		other	0
874	23	Response	3	1220282	3413	6
874	23	Port Input	4	1220282	3413	6
874	24	Nothing	111	1220323	0	1			0		false_alarm	61
874	24	Response	3	1221613	1290	6
874	24	Port Input	4	1221613	1290	6
874	24	Response	3	1229104	8781	6
874	24	Port Input	4	1229104	8781	6
874	25	Nothing	19	1253698	0	1			0		other	0
874	26	Nothing	99	1266790	0	1			0		other	0
874	27	Nothing	51	1266952	0	1			0		other	0
874	27	Response	3	1268565	1613	6
874	27	Port Input	4	1268565	1613	6
874	28	Nothing	101	1268596	0	1			0		false_alarm	71
874	28	Response	3	1271392	2796	6
874	28	Port Input	4	1271392	2796	6
874	28	Response	3	1274522	5926	6
874	28	Port Input	4	1274522	5926	6
874	28	Response	3	1277561	8965	4
874	28	Port Input	4	1277561	8965	4
874	29	Nothing	19	1301972	0	1			0		other	0
874	30	Nothing	99	1312158	0	1			0		other	0
874	31	Nothing	52	1312322	0	1			0		other	0
874	31	Response	3	1315066	2744	6
874	31	Port Input	4	1315066	2744	6
874	32	Nothing	111	1315108	0	1			0		false_alarm	83
874	32	Response	3	1316555	1447	6
874	32	Port Input	4	1316555	1447	6
874	32	Response	3	1320761	5653	6
874	32	Port Input	4	1320761	5653	6
874	33	Nothing	19	1348484	0	1			0		other	0
874	34	Nothing	99	1381792	0	1			0		other	0
874	35	Nothing	51	1381953	0	1			0		other	0
874	35	Response	3	1384959	3006	6
874	35	Port Input	4	1384959	3006	6
874	36	Nothing	101	1384993	0	1			0		false_alarm	93
874	36	Response	3	1386631	1638	6
874	36	Port Input	4	1386631	1638	6
874	36	Response	3	1388169	3176	6
874	36	Port Input	4	1388169	3176	6
874	36	Response	3	1389784	4791	6
874	36	Port Input	4	1389784	4791	6
874	37	Nothing	19	1418427	0	1			0		other	0
874	39	Nothing	99	1447787	0	1			0		other	0
874	40	Nothing	52	1447949	0	1			0		other	0
874	40	Response	2	1452425	4476	5
874	40	Port Input	1	1452425	4476	5
874	41	Nothing	110	1452457	0	1			0		false_alarm	105
874	41	Response	2	1453804	1347	6
874	41	Port Input	1	1453804	1347	6
874	41	Response	2	1459098	6641	5
874	41	Port Input	1	1459098	6641	5
874	42	Nothing	19	1485883	0	1			0		other	0
874	43	Nothing	99	1504766	0	1			0		other	0
874	44	Nothing	52	1504891	0	1			0		other	0
874	44	Response	2	1507461	2570	5
874	44	Port Input	1	1507461	2570	5
874	45	Nothing	110	1507492	0	1			0		false_alarm	115
874	45	Response	3	1510762	3270	6
874	45	Port Input	4	1510762	3270	6
874	45	Response	3	1514604	7112	6
874	45	Port Input	4	1514604	7112	6
874	46	Nothing	19	1540839	0	2			0		other	0
874	47	Nothing	99	1565193	0	1			0		other	0
874	48	Nothing	52	1565314	0	1			0		other	0
874	48	Response	2	1568044	2730	6
874	48	Port Input	1	1568044	2730	6
874	49	Nothing	110	1568075	0	1			0		false_alarm	125
874	49	Response	3	1570147	2072	6
874	49	Port Input	4	1570147	2072	6
874	50	Nothing	19	1601476	0	1			0		other	0
874	51	Nothing	99	1620262	0	1			0		other	0
874	52	Nothing	52	1620386	0	1			0		other	0
874	52	Response	2	1622117	1731	6
874	52	Port Input	1	1622117	1731	6
874	53	Nothing	110	1622150	0	1			0		false_alarm	133
874	53	Response	2	1623699	1549	6
874	53	Port Input	1	1623699	1549	6
874	53	Response	2	1625338	3188	6
874	53	Port Input	1	1625338	3188	6
874	53	Response	2	1629004	6854	6
874	53	Port Input	1	1629004	6854	6
874	54	Nothing	19	1655564	0	1			0		other	0
874	55	Nothing	99	1701383	0	1			0		other	0
874	56	Nothing	52	1701506	0	1			0		other	0
874	56	Response	2	1707005	5499	6
874	56	Port Input	1	1707005	5499	6
874	57	Nothing	110	1707040	0	1			0		false_alarm	145
874	57	Response	3	1708790	1750	6
874	57	Port Input	4	1708790	1750	6
874	57	Response	3	1708973	1933	6
874	57	Port Input	4	1708973	1933	6
874	57	Response	2	1710655	3615	6
874	57	Port Input	1	1710655	3615	6
874	58	Nothing	19	1740455	0	1			0		other	0
874	60	Nothing	99	1769839	0	1			0		other	0
874	61	Nothing	52	1769963	0	1			0		other	0
874	61	Response	2	1771909	1946	6
874	61	Port Input	1	1771909	1946	6
874	62	Nothing	110	1771942	0	1			0		false_alarm	157
874	62	Response	2	1773507	1565	4
874	62	Port Input	1	1773507	1565	4
874	62	Response	2	1775565	3623	6
874	62	Port Input	1	1775565	3623	6
874	62	Response	2	1779402	7460	6
874	62	Port Input	1	1779402	7460	6
874	63	Nothing	19	1805391	0	1			0		other	0
874	64	Nothing	99	1825702	0	1			0		other	0
874	65	Nothing	51	1825867	0	1			0		other	0
874	65	Response	2	1828038	2171	6
874	65	Port Input	1	1828038	2171	6
874	66	Nothing	100	1828078	0	1			0		false_alarm	169
874	66	Response	2	1828970	892	6
874	66	Port Input	1	1828970	892	6
874	66	Response	2	1831418	3340	6
874	66	Port Input	1	1831418	3340	6
874	67	Nothing	19	1861622	0	1			0		other	0
874	68	Nothing	99	1875938	0	1			0		other	0
874	69	Nothing	52	1876103	0	1			0		other	0
874	69	Response	3	1879171	3068	6
874	69	Port Input	4	1879171	3068	6
874	70	Nothing	111	1879214	0	1			0		false_alarm	179
874	70	Response	3	1879283	69	5
874	70	Port Input	4	1879283	69	5
874	70	Response	3	1880513	1299	5
874	70	Port Input	4	1880513	1299	5
874	70	Response	3	1884745	5531	5
874	70	Port Input	4	1884745	5531	5
874	71	Nothing	19	1912852	0	1			0		other	0
874	72	Nothing	99	1925742	0	1			0		other	0
874	73	Nothing	52	1925866	0	1			0		other	0
874	73	Response	3	1927619	1753	6
874	73	Port Input	4	1927619	1753	6
874	74	Nothing	111	1927661	0	1			0		false_alarm	191
874	74	Response	3	1928960	1299	6
874	74	Port Input	4	1928960	1299	6
874	75	Nothing	19	1961068	0	1			0		other	0
874	76	Nothing	99	1971167	0	1			0		other	0
874	77	Nothing	51	1971337	0	1			0		other	0
874	77	Response	3	1976194	4857	5
874	77	Port Input	4	1976194	4857	5
874	78	Nothing	101	1976228	0	2			0		false_alarm	199
874	78	Response	3	1979125	2897	6
874	78	Port Input	4	1979125	2897	6
874	78	Response	3	1985233	9005	6
874	78	Port Input	4	1985233	9005	6
874	79	Nothing	19	2009651	0	1			0		other	0
874	81	Nothing	99	2035550	0	1			0		other	0
874	82	Nothing	51	2035671	0	1			0		other	0
874	82	Response	3	2038953	3282	6
874	82	Port Input	4	2038953	3282	6
874	83	Nothing	101	2038985	0	1			0		false_alarm	209
874	83	Response	3	2040576	1591	5
874	83	Port Input	4	2040576	1591	5
874	83	Response	3	2042146	3161	6
874	83	Port Input	4	2042146	3161	6
874	84	Nothing	19	2072541	0	1			0		other	0
874	85	Nothing	99	2117539	0	1			0		other	0
874	86	Nothing	51	2117660	0	1			0		other	0
874	86	Response	3	2120647	2987	6
874	86	Port Input	4	2120647	2987	6
874	87	Nothing	101	2120682	0	1			0		false_alarm	219
874	87	Response	3	2120871	189	5
874	87	Port Input	4	2120871	189	5
874	87	Response	3	2122266	1584	6
874	87	Port Input	4	2122266	1584	6
874	87	Response	3	2123926	3244	6
874	87	Port Input	4	2123926	3244	6
874	88	Nothing	19	2154196	0	1			0		other	0
874	89	Nothing	99	2171696	0	1			0		other	0
874	90	Nothing	51	2171818	0	1			0		other	0
874	90	Response	3	2175382	3564	4
874	90	Port Input	4	2175382	3564	4
874	91	Nothing	101	2175414	0	1			0		false_alarm	231
874	91	Response	3	2176893	1479	6
874	91	Port Input	4	2176893	1479	6
874	91	Response	3	2178775	3361	6
874	91	Port Input	4	2178775	3361	6
874	91	Response	3	2182168	6754	6
874	91	Port Input	4	2182168	6754	6
874	91	Response	3	2183705	8291	6
874	91	Port Input	4	2183705	8291	6
874	92	Nothing	19	2208891	0	1			0		other	0
874	93	Nothing	99	2227517	0	1			0		other	0
874	94	Nothing	51	2227642	0	1			0		other	0
874	94	Response	3	2229358	1716	6
874	94	Port Input	4	2229358	1716	6
874	95	Nothing	101	2229393	0	1			0		false_alarm	245
874	95	Response	3	2230916	1523	6
874	95	Port Input	4	2230916	1523	6
874	95	Response	3	2232782	3389	6
874	95	Port Input	4	2232782	3389	6
874	96	Nothing	19	2262982	0	1			0		other	0
874	97	Nothing	99	2301175	0	1			0		other	0
874	98	Nothing	51	2301299	0	1			0		other	0
874	98	Response	3	2304273	2974	6
874	98	Port Input	4	2304273	2974	6
874	99	Nothing	101	2304308	0	1			0		false_alarm	255
874	99	Response	3	2308248	3940	6
874	99	Port Input	4	2308248	3940	6
874	100	Nothing	19	2337873	0	1			0		other	0
874	102	Nothing	99	2358253	0	1			0		other	0
874	103	Nothing	51	2358376	0	1			0		other	0
874	103	Response	2	2361370	2994	6
874	103	Port Input	1	2361370	2994	6
874	104	Nothing	100	2361409	0	1			0		false_alarm	263
874	104	Response	2	2362901	1492	6
874	104	Port Input	1	2362901	1492	6
874	105	Nothing	19	2394851	0	1			0		other	0
874	106	Nothing	99	2443167	0	1			0		other	0
874	107	Nothing	52	2443330	0	1			0		other	0
874	107	Response	3	2445007	1677	6
874	107	Port Input	4	2445007	1677	6
874	108	Nothing	111	2445047	0	1			0		false_alarm	271
874	108	Response	3	2446386	1339	6
874	108	Port Input	4	2446386	1339	6
874	109	Nothing	19	2478549	0	1			0		other	0
874	110	Nothing	99	2493136	0	1			0		other	0
874	111	Nothing	51	2493298	0	1			0		other	0
874	111	Response	3	2496033	2735	6
874	111	Port Input	4	2496033	2735	6
874	112	Nothing	101	2496068	0	1			0		false_alarm	279
874	112	Response	3	2497688	1620	6
874	112	Port Input	4	2497688	1620	6
874	112	Response	3	2499145	3077	5
874	112	Port Input	4	2499145	3077	5
874	112	Response	3	2503654	7586	6
874	112	Port Input	4	2503654	7586	6
874	113	Nothing	19	2529495	0	1			0		other	0
874	114	Nothing	99	2566803	0	1			0		other	0
874	115	Nothing	51	2566927	0	1			0		other	0
874	115	Response	3	2569837	2910	6
874	115	Port Input	4	2569837	2910	6
874	116	Nothing	101	2569885	0	1			0		false_alarm	291
874	116	Response	3	2571499	1614	6
874	116	Port Input	4	2571499	1614	6
874	116	Response	3	2573067	3182	6
874	116	Port Input	4	2573067	3182	6
874	117	Nothing	19	2603546	0	1			0		other	0
874	118	Nothing	99	2636791	0	1			0		other	0
874	119	Nothing	51	2636914	0	1			0		other	0
874	119	Response	3	2639948	3034	6
874	119	Port Input	4	2639948	3034	6
874	120	Nothing	101	2639983	0	1			0		false_alarm	301
874	120	Response	3	2641516	1533	5
874	120	Port Input	4	2641516	1533	5
874	121	Nothing	19	2673619	0	1			0		other	0
874	123	Nothing	99	2683915	0	1			0		other	0
874	124	Nothing	51	2684040	0	1			0		other	0
874	124	Response	2	2688282	4242	6
874	124	Port Input	1	2688282	4242	6
874	125	Nothing	100	2688323	0	1			0		false_alarm	309
874	125	Response	2	2690736	2413	5
874	125	Port Input	1	2690736	2413	5
874	126	Nothing	19	2721815	0	1			0		other	0
874	127	Nothing	99	2742100	0	1			0		other	0
874	128	Nothing	52	2742269	0	1			0		other	0
874	128	Response	3	2747585	5316	6
874	128	Port Input	4	2747585	5316	6
874	129	Nothing	111	2747623	0	1			0		false_alarm	317
874	129	Response	3	2750279	2656	6
874	129	Port Input	4	2750279	2656	6
874	130	Nothing	19	2781057	0	1			0		other	0
874	131	Nothing	99	2793462	0	1			0		other	0
874	132	Nothing	51	2793626	0	1			0		other	0
874	132	Response	3	2795578	1952	6
874	132	Port Input	4	2795578	1952	6
874	133	Nothing	101	2795613	0	1			0		false_alarm	325
874	133	Response	3	2798088	2475	6
874	133	Port Input	4	2798088	2475	6
874	133	Response	3	2801251	5638	4
874	133	Port Input	4	2801251	5638	4
874	133	Response	3	2804297	8684	5
874	133	Port Input	4	2804297	8684	5
874	134	Nothing	19	2829071	0	1			0		other	0
874	135	Nothing	99	2851575	0	1			0		other	0
874	136	Nothing	51	2851701	0	1			0		other	0
874	136	Response	3	2855496	3795	6
874	136	Port Input	4	2855496	3795	6
874	137	Nothing	101	2855530	0	1			0		false_alarm	337
874	137	Response	3	2857248	1718	5
874	137	Port Input	4	2857248	1718	5
874	137	Response	3	2858718	3188	8
874	137	Port Input	4	2858718	3188	8
874	137	Response	3	2860582	5052	6
874	137	Port Input	4	2860582	5052	6
874	138	Nothing	19	2888942	0	1			0		other	0
874	139	Nothing	99	2920519	0	1			0		other	0
874	140	Nothing	51	2920642	0	1			0		other	0
874	140	Response	3	2922487	1845	5
874	140	Port Input	4	2922487	1845	5
874	141	Nothing	101	2922523	0	1			0		false_alarm	349
874	141	Response	3	2924306	1783	6
874	141	Port Input	4	2924306	1783	6
874	141	Response	3	2926162	3639	5
874	141	Port Input	4	2926162	3639	5
874	142	Nothing	19	2955956	0	1			0		other	0
874	144	Nothing	99	2997215	0	1			0		other	0
874	145	Nothing	51	2997338	0	1			0		other	0
874	145	Response	3	2998840	1502	6
874	145	Port Input	4	2998840	1502	6
874	146	Nothing	101	2998875	0	1			0		false_alarm	359
874	146	Response	3	3000247	1372	6
874	146	Port Input	4	3000247	1372	6
874	146	Response	3	3001832	2957	6
874	146	Port Input	4	3001832	2957	6
874	147	Nothing	19	3032352	0	1			0		other	0
874	148	Nothing	99	3042608	0	1			0		other	0
874	149	Nothing	52	3042772	0	1			0		other	0
874	149	Response	2	3044959	2187	6
874	149	Port Input	1	3044959	2187	6
874	150	Nothing	110	3044989	0	1			0		false_alarm	369
874	150	Response	2	3047359	2370	5
874	150	Port Input	1	3047359	2370	5
874	150	Response	2	3048958	3969	6
874	150	Port Input	1	3048958	3969	6
874	150	Response	2	3050290	5301	5
874	150	Port Input	1	3050290	5301	5
874	150	Response	2	3053756	8767	5
874	150	Port Input	1	3053756	8767	5
874	151	Nothing	19	3078464	0	1			0		other	0
874	152	Nothing	99	3096669	0	1			0		other	0
874	153	Nothing	52	3096791	0	1			0		other	0
874	153	Response	3	3098117	1326	5
874	153	Port Input	4	3098117	1326	5
874	154	Nothing	111	3098156	0	1			0		false_alarm	383
874	154	Response	3	3100723	2567	6
874	154	Port Input	4	3100723	2567	6
874	154	Response	3	3106556	8400	5
874	154	Port Input	4	3106556	8400	5
874	155	Nothing	19	3131671	0	1			0		other	0
874	156	Nothing	99	3143066	0	1			0		other	0
874	157	Nothing	51	3143228	0	1			0		other	0
874	157	Response	2	3146980	3752	6
874	157	Port Input	1	3146980	3752	6
874	158	Nothing	100	3147021	0	1			0		false_alarm	393
874	158	Response	2	3148165	1144	6
874	158	Port Input	1	3148165	1144	6
874	158	Response	2	3150717	3696	5
874	158	Port Input	1	3150717	3696	5
874	159	Nothing	19	3180529	0	1			0		other	0
874	160	Nothing	99	3206505	0	1			0		other	0
874	161	Nothing	51	3206628	0	1			0		other	0
874	161	Response	3	3209545	2917	6
874	161	Port Input	4	3209545	2917	6
874	162	Nothing	101	3209577	0	1			0		false_alarm	403
874	162	Response	3	3211139	1562	6
874	162	Port Input	4	3211139	1562	6
874	163	Nothing	19	3243069	0	1			0		other	0
874	165	Nothing	99	3270638	0	1			0		other	0
874	166	Nothing	51	3270761	0	1			0		other	0
874	166	Response	3	3272521	1760	6
874	166	Port Input	4	3272521	1760	6
874	167	Nothing	101	3272556	0	1			0		false_alarm	411
874	167	Response	3	3274116	1560	6
874	167	Port Input	4	3274116	1560	6
874	167	Response	3	3275624	3068	6
874	167	Port Input	4	3275624	3068	6
874	168	Nothing	19	3305971	0	1			0		other	0
874	169	Nothing	99	3326167	0	1			0		other	0
874	170	Nothing	51	3326292	0	1			0		other	0
874	170	Response	3	3329825	3533	6
874	170	Port Input	4	3329825	3533	6
874	171	Nothing	101	3329860	0	1			0		false_alarm	421
874	171	Response	3	3331535	1675	4
874	171	Port Input	4	3331535	1675	4
874	171	Response	3	3335247	5387	6
874	171	Port Input	4	3335247	5387	6
874	172	Nothing	19	3363270	0	1			0		other	0
874	173	Nothing	99	3392672	0	1			0		other	0
874	174	Nothing	51	3392794	0	1			0		other	0
874	174	Response	3	3394469	1675	6
874	174	Port Input	4	3394469	1675	6
874	175	Nothing	101	3394504	0	1			0		false_alarm	431
874	175	Response	3	3396060	1556	6
874	175	Port Input	4	3396060	1556	6
874	175	Response	3	3397970	3466	5
874	175	Port Input	4	3397970	3466	5
874	176	Nothing	19	3427972	0	1			0		other	0
874	177	Nothing	99	3448971	0	1			0		other	0
874	178	Nothing	51	3449093	0	1			0		other	0
874	178	Response	2	3450884	1791	6
874	178	Port Input	1	3450884	1791	6
874	179	Nothing	100	3450923	0	1			0		false_alarm	441
874	179	Response	2	3452024	1101	6
874	179	Port Input	1	3452024	1101	6
874	180	Nothing	19	3484463	0	1			0		other	0
874	181	Nothing	99	3519177	0	1			0		other	0
874	182	Nothing	51	3519303	0	1			0		other	0
874	182	Response	3	3520777	1474	6
874	182	Port Input	4	3520777	1474	6
874	183	Nothing	101	3520809	0	1			0		false_alarm	449
874	183	Response	3	3522329	1520	6
874	183	Port Input	4	3522329	1520	6
874	183	Response	3	3524022	3213	6
874	183	Port Input	4	3524022	3213	6
874	184	Nothing	19	3554347	0	1			0		other	0
874	186	Nothing	99	3569114	0	1			0		other	0
874	187	Nothing	51	3569236	0	2			0		other	0
874	187	Response	2	3572358	3122	6
874	187	Port Input	1	3572358	3122	6
874	188	Nothing	100	3572399	0	1			0		false_alarm	459
874	188	Response	2	3573496	1097	6
874	188	Port Input	1	3573496	1097	6
874	188	Response	2	3575922	3523	6
874	188	Port Input	1	3575922	3523	6
874	189	Nothing	19	3605962	0	1			0		other	0
874	190	Nothing	99	3647938	0	1			0		other	0
874	191	Nothing	51	3648060	0	1			0		other	0
874	191	Response	3	3650149	2089	6
874	191	Port Input	4	3650149	2089	6
874	192	Nothing	101	3650184	0	1			0		false_alarm	469
874	192	Response	3	3662337	12153	6
874	192	Port Input	4	3662337	12153	6
874	192	Response	3	3664150	13966	6
874	192	Port Input	4	3664150	13966	6
874	192	Response	3	3664858	14674	6
874	192	Port Input	4	3664858	14674	6
874	192	Response	3	3665137	14953	5
874	192	Port Input	4	3665137	14953	5
874	192	Response	3	3665141	14957	6
874	192	Port Input	4	3665141	14957	6
874	193	Nothing	19	3683766	0	1			0		other	0
874	193	Response	2	3691227	7461	6
874	193	Port Input	1	3691227	7461	6
874	193	Response	3	3696667	12901	6
874	193	Port Input	4	3696667	12901	6
874	194	Nothing	19	3711449	0	1			0		other	0
874	195	Nothing	99	3739924	0	1			0		other	0
874	196	Nothing	51	3740046	0	1			0		other	0
874	197	Nothing	77	3760062	0	1			0		other	0
874	197	Response	2	3779348	19286	6
874	197	Port Input	1	3779348	19286	6
874	198	Nothing	19	3792921	0	1			0		other	0
874	199	Nothing	99	3820025	0	1			0		other	0
874	200	Nothing	52	3820195	0	1			0		other	0
874	200	Response	2	3823405	3210	6
874	200	Port Input	1	3823405	3210	6
874	201	Nothing	110	3823438	0	1			0		false_alarm	496
874	201	Response	3	3827301	3863	6
874	201	Port Input	4	3827301	3863	6
874	202	Nothing	19	3856974	0	1			0		other	0
874	203	Nothing	99	3868092	0	1			0		other	0
874	204	Nothing	52	3868214	0	1			0		other	0
874	204	Response	2	3869784	1570	6
874	204	Port Input	1	3869784	1570	6
874	205	Nothing	110	3869815	0	1			0		false_alarm	504
874	205	Response	2	3871729	1914	6
874	205	Port Input	1	3871729	1914	6
874	206	Nothing	19	3903240	0	1			0		other	0
874	208	Nothing	99	3920552	0	1			0		other	0
874	209	Nothing	52	3920675	0	1			0		other	0
874	209	Response	3	3922488	1813	6
874	209	Port Input	4	3922488	1813	6
874	210	Nothing	111	3922527	0	1			0		false_alarm	512
874	210	Response	3	3923619	1092	6
874	210	Port Input	4	3923619	1092	6
874	211	Nothing	19	3956073	0	1			0		other	0
874	212	Nothing	99	4004606	0	1			0		other	0
874	213	Nothing	51	4004769	0	1			0		other	0
874	213	Response	3	4007888	3119	6
874	213	Port Input	4	4007888	3119	6
874	214	Nothing	101	4007922	0	1			0		false_alarm	520
874	214	Response	3	4010769	2847	5
874	214	Port Input	4	4010769	2847	5
874	214	Response	3	4015407	7485	6
874	214	Port Input	4	4015407	7485	6
874	215	Nothing	19	4041402	0	1			0		other	0
874	216	Nothing	99	4071285	0	1			0		other	0
874	217	Nothing	51	4071408	0	1			0		other	0
874	217	Response	3	4074598	3190	6
874	217	Port Input	4	4074598	3190	6
874	218	Nothing	101	4074632	0	1			0		false_alarm	530
874	218	Response	3	4076178	1546	5
874	218	Port Input	4	4076178	1546	5
874	218	Response	3	4077763	3131	6
874	218	Port Input	4	4077763	3131	6
874	219	Nothing	19	4108083	0	1			0		other	0
874	220	Nothing	99	4119164	0	1			0		other	0
874	221	Nothing	51	4119288	0	1			0		other	0
874	221	Response	3	4122340	3052	6
874	221	Port Input	4	4122340	3052	6
874	222	Nothing	101	4122375	0	1			0		false_alarm	540
874	222	Response	3	4123994	1619	4
874	222	Port Input	4	4123994	1619	4
874	222	Response	2	4147919	25544	6
874	222	Port Input	1	4147919	25544	6
874	222	Response	2	4149712	27337	6
874	222	Port Input	1	4149712	27337	6
874	222	Response	2	4149717	27342	6
874	222	Port Input	1	4149717	27342	6
874	223	Nothing	19	4155860	0	1			0		other	0
874	224	Nothing	99	4197927	0	1			0		other	0
874	225	Nothing	51	4198049	0	1			0		other	0
874	225	Response	3	4199985	1936	6
874	225	Port Input	4	4199985	1936	6
874	226	Nothing	101	4200019	0	1			0		false_alarm	554
874	226	Response	3	4201380	1361	6
874	226	Port Input	4	4201380	1361	6
874	226	Response	3	4202916	2897	6
874	226	Port Input	4	4202916	2897	6
874	227	Nothing	19	4233471	0	1			0		other	0
874	229	Nothing	99	4270023	0	1			0		other	0
874	230	Nothing	52	4270166	0	1			0		other	0
874	230	Response	3	4272155	1989	6
874	230	Port Input	4	4272155	1989	6
874	231	Nothing	111	4272198	0	1			0		false_alarm	564
874	231	Response	3	4273165	967	6
874	231	Port Input	4	4273165	967	6
874	232	Nothing	19	4305652	0	1			0		other	0
874	233	Nothing	99	4316475	0	1			0		other	0
874	234	Nothing	51	4316638	0	1			0		other	0
874	234	Response	3	4319352	2714	6
874	234	Port Input	4	4319352	2714	6
874	235	Nothing	101	4319386	0	1			0		false_alarm	572
874	235	Response	3	4320911	1525	6
874	235	Port Input	4	4320911	1525	6
874	235	Response	3	4323798	4412	6
874	235	Port Input	4	4323798	4412	6
874	236	Nothing	19	4352910	0	1			0		other	0
874	237	Nothing	99	4403006	0	1			0		other	0
874	238	Nothing	52	4403176	0	1			0		other	0
874	238	Response	2	4406399	3223	6
874	238	Port Input	1	4406399	3223	6
874	239	Nothing	110	4406433	0	1			0		false_alarm	582
874	239	Response	2	4408222	1789	6
874	239	Port Input	1	4408222	1789	6
874	239	Response	3	4414258	7825	6
874	239	Port Input	4	4414258	7825	6
874	240	Nothing	19	4439930	0	1			0		other	0
874	241	Nothing	99	4471530	0	1			0		other	0
874	242	Nothing	52	4471652	0	1			0		other	0
874	242	Response	2	4474809	3157	6
874	242	Port Input	1	4474809	3157	6
874	243	Nothing	110	4474843	0	1			0		false_alarm	592
874	243	Response	3	4478439	3596	6
874	243	Port Input	4	4478439	3596	6
874	244	Nothing	19	4508332	0	1			0		other	0
874	245	Nothing	99	4522749	0	1			0		other	0
874	246	Nothing	52	4522869	0	1			0		other	0
874	246	Response	2	4526275	3406	6
874	246	Port Input	1	4526275	3406	6
874	247	Nothing	110	4526306	0	1			0		false_alarm	600
874	247	Response	2	4529081	2775	6
874	247	Port Input	1	4529081	2775	6
874	248	Nothing	19	4559821	0	1			0		other	0
874	250	Nothing	99	4590125	0	1			0		other	0
874	251	Nothing	52	4590248	0	1			0		other	0
874	251	Response	2	4592021	1773	6
874	251	Port Input	1	4592021	1773	6
874	252	Nothing	110	4592055	0	1			0		other	0
874	253	Nothing	19	4625567	0	1			0		other	0
874	254	Nothing	99	4668675	0	1			0		other	0
874	255	Nothing	52	4668799	0	1			0		other	0
874	255	Response	2	4671763	2964	5
874	255	Port Input	1	4671763	2964	5
874	256	Nothing	110	4671795	0	1			0		false_alarm	614
874	256	Response	3	4675580	3785	6
874	256	Port Input	4	4675580	3785	6
874	257	Nothing	19	4705233	0	1			0		other	0
874	258	Nothing	99	4716155	0	1			0		other	0
874	259	Nothing	52	4716278	0	1			0		other	0
874	259	Response	2	4718506	2228	6
874	259	Port Input	1	4718506	2228	6
874	260	Nothing	110	4718539	0	1			0		false_alarm	622
874	260	Response	2	4719797	1258	6
874	260	Port Input	1	4719797	1258	6
874	260	Response	3	4723903	5364	6
874	260	Port Input	4	4723903	5364	6
874	261	Nothing	19	4751975	0	1			0		other	0
874	262	Nothing	99	4785730	0	1			0		other	0
874	263	Nothing	52	4785855	0	1			0		other	0
874	263	Response	2	4787773	1918	6
874	263	Port Input	1	4787773	1918	6
874	264	Nothing	110	4787806	0	1			0		false_alarm	632
874	264	Response	2	4789318	1512	6
874	264	Port Input	1	4789318	1512	6
874	265	Nothing	19	4821227	0	1			0		other	0
874	266	Nothing	99	4856470	0	1			0		other	0
874	267	Nothing	52	4856588	0	1			0		other	0
874	267	Response	2	4857965	1377	6
874	267	Port Input	1	4857965	1377	6
874	268	Nothing	110	4858000	0	1			0		false_alarm	640
874	268	Response	2	4858292	292	6
874	268	Port Input	1	4858292	292	6
874	268	Response	3	4863011	5011	6
874	268	Port Input	4	4863011	5011	6
874	269	Nothing	19	4891431	0	1			0		other	0
874	271	Nothing	99	4912021	0	1			0		other	0
874	272	Nothing	52	4912145	0	1			0		other	0
874	272	Response	2	4914817	2672	6
874	272	Port Input	1	4914817	2672	6
874	273	Nothing	110	4914852	0	1			0		false_alarm	650
874	273	Response	2	4916269	1417	6
874	273	Port Input	1	4916269	1417	6
874	274	Nothing	19	4948255	0	1			0		other	0
874	275	Nothing	99	4962867	0	1			0		other	0
874	276	Nothing	52	4962989	0	1			0		other	0
874	276	Response	2	4964933	1944	6
874	276	Port Input	1	4964933	1944	6
874	277	Nothing	110	4964964	0	1			0		false_alarm	658
874	277	Response	3	4968828	3864	6
874	277	Port Input	4	4968828	3864	6
874	278	Nothing	19	4998306	0	1			0		other	0
874	279	Nothing	99	5021299	0	1			0		other	0
874	280	Nothing	52	5021421	0	1			0		other	0
874	280	Response	2	5025337	3916	6
874	280	Port Input	1	5025337	3916	6
874	281	Nothing	110	5025372	0	1			0		other	0
874	282	Nothing	19	5058793	0	1			0		other	0
874	282	Response	2	5066424	7631	6
874	282	Port Input	1	5066424	7631	6
874	283	Nothing	19	5094936	0	1			0		other	0
874	284	Nothing	99	5118957	0	1			0		other	0
874	285	Nothing	52	5119086	0	1			0		other	0
874	285	Response	2	5120562	1476	6
874	285	Port Input	1	5120562	1476	6
874	286	Nothing	110	5120594	0	1			0		false_alarm	675
874	286	Response	3	5124305	3711	6
874	286	Port Input	4	5124305	3711	6
874	287	Nothing	19	5154069	0	1			0		other	0
874	288	Nothing	99	5175876	0	1			0		other	0
874	289	Nothing	52	5175999	0	1			0		other	0
874	289	Response	2	5179076	3077	6
874	289	Port Input	1	5179076	3077	6
874	290	Nothing	110	5179111	0	1			0		false_alarm	683
874	290	Response	2	5182631	3520	6
874	290	Port Input	1	5182631	3520	6
874	291	Nothing	19	5212596	0	1			0		other	0
874	293	Nothing	99	5223815	0	1			0		other	0
874	294	Nothing	52	5223938	0	1			0		other	0
874	295	Nothing	77	5243954	0	1			0		other	0
874	296	Nothing	19	5276813	0	1			0		other	0
874	297	Nothing	99	5305758	0	1			0		other	0
874	298	Nothing	52	5305880	0	1			0		other	0
874	298	Response	2	5308494	2614	5
874	298	Port Input	1	5308494	2614	5
874	299	Nothing	110	5308528	0	1			0		false_alarm	695
874	299	Response	3	5311959	3431	4
874	299	Port Input	4	5311959	3431	4
874	299	Response	3	5315792	7264	6
874	299	Port Input	4	5315792	7264	6
874	300	Nothing	19	5342025	0	1			0		other	0
874	301	Nothing	99	5381043	0	1			0		other	0
874	302	Nothing	52	5381168	0	1			0		other	0
874	302	Response	2	5383638	2470	4
874	302	Port Input	1	5383638	2470	4
874	303	Nothing	110	5383670	0	1			0		false_alarm	705
874	303	Response	3	5386731	3061	6
874	303	Port Input	4	5386731	3061	6
874	303	Response	3	5388425	4755	6
874	303	Port Input	4	5388425	4755	6
874	304	Nothing	19	5417100	0	1			0		other	0
874	305	Nothing	99	5456343	0	1			0		other	0
874	306	Nothing	52	5456469	0	1			0		other	0
874	306	Response	2	5459268	2799	6
874	306	Port Input	1	5459268	2799	6
874	307	Nothing	110	5459301	0	1			0		other	0
874	308	Nothing	19	5492691	0	1			0		other	0
874	309	Nothing	99	5507736	0	1			0		other	0
874	310	Nothing	52	5507857	0	1			0		other	0
874	311	Nothing	77	5527873	0	1			0		other	0
874	312	Nothing	19	5560760	0	1			0		other	0
874	314	Nothing	99	5580513	0	1			0		other	0
874	315	Nothing	52	5580636	0	1			0		other	0
874	315	Response	3	5586539	5903	6
874	315	Port Input	4	5586539	5903	6
874	316	Nothing	111	5586578	0	1			0		false_alarm	725
874	316	Response	3	5587854	1276	5
874	316	Port Input	4	5587854	1276	5
874	316	Response	3	5594271	7693	4
874	316	Port Input	4	5594271	7693	4
874	317	Nothing	19	5620082	0	1			0		other	0
874	318	Nothing	99	5633688	0	1			0		other	0
874	319	Nothing	51	5633850	0	1			0		other	0
874	319	Response	2	5635827	1977	6
874	319	Port Input	1	5635827	1977	6
874	320	Nothing	100	5635869	0	1			0		false_alarm	735
874	320	Response	2	5637966	2097	5
874	320	Port Input	1	5637966	2097	5
874	321	Nothing	19	5669388	0	1			0		other	0
874	322	Nothing	99	5686154	0	1			0		other	0
874	323	Nothing	51	5686277	0	1			0		other	0
874	323	Response	3	5687897	1620	6
874	323	Port Input	4	5687897	1620	6
874	324	Nothing	101	5687932	0	1			0		false_alarm	743
874	324	Response	3	5689399	1467	5
874	324	Port Input	4	5689399	1467	5
874	324	Response	3	5690709	2777	6
874	324	Port Input	4	5690709	2777	6
874	325	Nothing	19	5721400	0	1			0		other	0
874	326	Nothing	99	5757795	0	1			0		other	0
874	327	Nothing	52	5757958	0	1			0		other	0
874	327	Response	2	5760823	2865	6
874	327	Port Input	1	5760823	2865	6
874	328	Nothing	110	5760855	0	1			0		false_alarm	753
874	328	Response	2	5762285	1430	6
874	328	Port Input	1	5762285	1430	6
874	328	Response	2	5763565	2710	6
874	328	Port Input	1	5763565	2710	6
874	328	Response	3	5765388	4533	6
874	328	Port Input	4	5765388	4533	6
874	329	Nothing	19	5794302	0	1			0		other	0
874	330	Nothing	99	5809664	0	1			0		other	0
874	331	Nothing	52	5809788	0	1			0		other	0
874	331	Response	2	5811918	2130	5
874	331	Port Input	1	5811918	2130	5
874	332	Nothing	110	5811947	0	1			0		false_alarm	765
874	332	Response	2	5813678	1731	6
874	332	Port Input	1	5813678	1731	6
874	332	Response	2	5814262	2315	6
874	332	Port Input	1	5814262	2315	6
874	332	Response	2	5816923	4976	4
874	332	Port Input	1	5816923	4976	4
874	332	Response	2	5818413	6466	6
874	332	Port Input	1	5818413	6466	6
874	333	Nothing	19	5845436	0	1			0		other	0
874	335	Nothing	99	5873849	0	1			0		other	0
874	336	Nothing	52	5873962	0	1			0		other	0
874	336	Response	2	5875534	1572	4
874	336	Port Input	1	5875534	1572	4
874	337	Nothing	110	5875565	0	1			0		false_alarm	779
874	337	Response	2	5877032	1467	6
874	337	Port Input	1	5877032	1467	6
874	337	Response	3	5878681	3116	6
874	337	Port Input	4	5878681	3116	6
874	338	Nothing	19	5909070	0	1			0		other	0
874	338	Response	3	5926154	17084	6
874	338	Port Input	4	5926154	17084	6
874	339	Nothing	19	5946110	0	1			0		other	0
874	340	Nothing	99	5962085	0	1			0		other	0
874	341	Nothing	52	5962206	0	1			0		other	0
874	341	Response	3	5963837	1631	6
874	341	Port Input	4	5963837	1631	6
874	342	Nothing	111	5963877	0	1			0		false_alarm	792
874	342	Response	3	5965229	1352	6
874	342	Port Input	4	5965229	1352	6
874	343	Nothing	19	5997350	0	1			0		other	0
874	344	Nothing	99	6024998	0	1			0		other	0
874	345	Nothing	52	6025121	0	1			0		other	0
874	345	Response	3	6026465	1344	6
874	345	Port Input	4	6026465	1344	6
874	346	Nothing	111	6026506	0	1			0		false_alarm	800
874	346	Response	3	6028772	2266	7
874	346	Port Input	4	6028772	2266	7
874	347	Nothing	19	6059990	0	1			0		other	0
874	348	Nothing	99	6093843	0	1			0		other	0
874	349	Nothing	51	6094007	0	1			0		other	0
874	349	Response	3	6096815	2808	6
874	349	Port Input	4	6096815	2808	6
874	350	Nothing	101	6096850	0	1			0		false_alarm	808
874	350	Response	3	6099690	2840	6
874	350	Port Input	4	6099690	2840	6
874	350	Response	3	6102884	6034	6
874	350	Port Input	4	6102884	6034	6
874	351	Nothing	19	6130213	0	1			0		other	0
874	352	Nothing	99	6156704	0	1			0		other	0
874	353	Nothing	51	6156827	0	1			0		other	0
874	353	Response	3	6158503	1676	6
874	353	Port Input	4	6158503	1676	6
874	354	Nothing	101	6158538	0	1			0		false_alarm	818
874	354	Response	3	6159934	1396	6
874	354	Port Input	4	6159934	1396	6
874	354	Response	3	6161559	3021	6
874	354	Port Input	4	6161559	3021	6
874	354	Response	3	6168263	9725	6
874	354	Port Input	4	6168263	9725	6
874	355	Nothing	19	6191974	0	1			0		other	0
874	357	Nothing	99	6213770	0	1			0		other	0
874	358	Nothing	52	6213919	0	1			0		other	0
874	358	Response	2	6215647	1728	6
874	358	Port Input	1	6215647	1728	6
874	359	Nothing	110	6215681	0	1			0		false_alarm	830
874	359	Response	3	6219000	3319	6
874	359	Port Input	4	6219000	3319	6
874	359	Response	3	6220657	4976	5
874	359	Port Input	4	6220657	4976	5
874	360	Nothing	19	6249135	0	1			0		other	0
874	361	Nothing	99	6289960	0	1			0		other	0
874	362	Nothing	52	6290082	0	1			0		other	0
874	362	Response	2	6293196	3114	5
874	362	Port Input	1	6293196	3114	5
874	363	Nothing	110	6293228	0	1			0		other	0
874	364	Nothing	19	6326669	0	1			0		other	0
874	365	Nothing	99	6364374	0	1			0		other	0
874	366	Nothing	52	6364499	0	1			0		other	0
874	366	Response	2	6366124	1625	4
874	366	Port Input	1	6366124	1625	4
874	367	Nothing	110	6366155	0	1			0		false_alarm	846
874	367	Response	2	6366591	436	6
874	367	Port Input	1	6366591	436	6
874	367	Response	2	6367985	1830	6
874	367	Port Input	1	6367985	1830	6
874	368	Nothing	19	6399637	0	1			0		other	0
874	369	Nothing	99	6423920	0	1			0		other	0
874	370	Nothing	52	6424044	0	1			0		other	0
874	370	Response	2	6425946	1902	6
874	370	Port Input	1	6425946	1902	6
874	371	Nothing	110	6425981	0	1			0		false_alarm	856
874	371	Response	3	6429273	3292	6
874	371	Port Input	4	6429273	3292	6
874	371	Response	3	6431028	5047	5
874	371	Port Input	4	6431028	5047	5
874	372	Nothing	19	6459575	0	1			0		other	0
874	373	Nothing	99	6502023	0	1			0		other	0
874	374	Nothing	52	6502145	0	1			0		other	0
874	374	Response	2	6504085	1940	6
874	374	Port Input	1	6504085	1940	6
874	375	Nothing	110	6504120	0	1			0		false_alarm	866
874	375	Response	3	6507865	3745	6
874	375	Port Input	4	6507865	3745	6
874	376	Nothing	19	6537697	0	1			0		other	0
874	378	Nothing	99	6573534	0	1			0		other	0
874	379	Nothing	52	6573658	0	1			0		other	0
874	379	Response	2	6575809	2151	5
874	379	Port Input	1	6575809	2151	5
874	380	Nothing	110	6575836	0	1			0		false_alarm	874
874	380	Response	2	6576533	697	6
874	380	Port Input	1	6576533	697	6
874	381	Nothing	19	6609315	0	1			0		other	0
874	382	Nothing	99	6625070	0	1			0		other	0
874	383	Nothing	51	6625237	0	1			0		other	0
874	384	Nothing	77	6645250	0	2			0		other	0
874	385	Nothing	19	6678123	0	1			0		other	0
874	386	Nothing	99	6708608	0	1			0		other	0
874	387	Nothing	52	6708771	0	1			0		other	0
874	388	Nothing	77	6728785	0	1			0		other	0
874	389	Nothing	19	6761671	0	1			0		other	0
874	390	Nothing	99	6789042	0	1			0		other	0
874	391	Nothing	52	6789163	0	1			0		other	0
874	392	Nothing	77	6809178	0	1			0		other	0
874	393	Nothing	19	6842005	0	1			0		other	0
874	394	Nothing	99	6871069	0	1			0		other	0
874	395	Nothing	52	6871191	0	1			0		other	0
874	395	Response	3	6879188	7997	6
874	395	Port Input	4	6879188	7997	6
874	396	Nothing	111	6879228	0	1			0		false_alarm	894
874	396	Response	3	6880627	1399	6
874	396	Port Input	4	6880627	1399	6
874	396	Response	3	6882895	3667	5
874	396	Port Input	4	6882895	3667	5
874	397	Nothing	19	6912789	0	1			0		other	0
874	399	Nothing	99	6933821	0	1			0		other	0
874	400	Nothing	51	6933971	0	1			0		other	0
874	400	Response	2	6936795	2824	6
874	400	Port Input	1	6936795	2824	6
874	401	Nothing	100	6936835	0	1			0		false_alarm	904
874	401	Response	2	6938328	1493	6
874	401	Port Input	1	6938328	1493	6
874	401	Response	2	6940907	4072	6
874	401	Port Input	1	6940907	4072	6
874	402	Nothing	19	6970341	0	1			0		other	0
874	403	Nothing	99	7019714	0	1			0		other	0
874	404	Nothing	51	7019833	0	1			0		other	0
874	404	Response	3	7021286	1453	4
874	404	Port Input	4	7021286	1453	4
874	405	Nothing	101	7021317	0	1			0		false_alarm	914
874	405	Response	3	7022844	1527	6
874	405	Port Input	4	7022844	1527	6
874	405	Response	3	7024076	2759	6
874	405	Port Input	4	7024076	2759	6
874	405	Response	3	7025632	4315	5
874	405	Port Input	4	7025632	4315	5
874	406	Nothing	19	7054937	0	1			0		other	0
874	407	Nothing	99	7091051	0	1			0		other	0
874	408	Nothing	51	7091171	0	1			0		other	0
874	408	Response	3	7094090	2919	6
874	408	Port Input	4	7094090	2919	6
874	409	Nothing	101	7094123	0	1			0		false_alarm	926
874	409	Response	3	7095730	1607	6
874	409	Port Input	4	7095730	1607	6
874	410	Nothing	19	7127621	0	1			0		other	0
874	411	Nothing	99	7138533	0	1			0		other	0
874	412	Nothing	51	7138654	0	1			0		other	0
874	412	Response	3	7142724	4070	6
874	412	Port Input	4	7142724	4070	6
874	413	Nothing	101	7142758	0	1			0		false_alarm	934
874	413	Response	3	7144690	1932	6
874	413	Port Input	4	7144690	1932	6
874	414	Nothing	19	7176173	0	1			0		other	0
874	415	Nothing	99	7219463	0	1			0		other	0
874	416	Nothing	51	7219584	0	1			0		other	0
874	416	Response	2	7222923	3339	6
874	416	Port Input	1	7222923	3339	6
874	417	Nothing	100	7222963	0	1			0		false_alarm	942
874	417	Response	2	7224064	1101	6
874	417	Port Input	1	7224064	1101	6
874	417	Response	2	7226561	3598	5
874	417	Port Input	1	7226561	3598	5
874	418	Nothing	19	7256424	0	1			0		other	0
874	420	Nothing	99	7302480	0	1			0		other	0
874	421	Nothing	51	7302596	0	1			0		other	0
874	421	Response	2	7305478	2882	6
874	421	Port Input	1	7305478	2882	6
874	422	Nothing	100	7305519	0	1			0		false_alarm	952
874	422	Response	2	7307781	2262	5
874	422	Port Input	1	7307781	2262	5
874	423	Nothing	19	7338890	0	1			0		other	0
874	424	Nothing	99	7367186	0	1			0		other	0
874	425	Nothing	51	7367313	0	1			0		other	0
874	425	Response	3	7372088	4775	6
874	425	Port Input	4	7372088	4775	6
874	426	Nothing	101	7372120	0	1			0		false_alarm	960
874	426	Response	3	7373734	1614	6
874	426	Port Input	4	7373734	1614	6
874	427	Nothing	19	7405551	0	1			0		other	0
874	428	Nothing	99	7442540	0	1			0		other	0
874	429	Nothing	51	7442662	0	1			0		other	0
874	429	Response	2	7444572	1910	6
874	429	Port Input	1	7444572	1910	6
874	430	Nothing	100	7444613	0	1			0		false_alarm	968
874	430	Response	2	7446912	2299	6
874	430	Port Input	1	7446912	2299	6
874	430	Response	2	7449665	5052	6
874	430	Port Input	1	7449665	5052	6
874	431	Nothing	19	7478075	0	1			0		other	0
874	432	Nothing	99	7503144	0	1			0		other	0
874	433	Nothing	51	7503268	0	1			0		other	0
874	433	Response	3	7504779	1511	6
874	433	Port Input	4	7504779	1511	6
874	434	Nothing	101	7504812	0	1			0		false_alarm	978
874	434	Response	3	7506312	1500	6
874	434	Port Input	4	7506312	1500	6
874	435	Nothing	19	7538297	0	1			0		other	0
874	436	Nothing	99	7572293	0	1			0		other	0
874	437	Nothing	52	7572459	0	1			0		other	0
874	437	Response	2	7574712	2253	5
874	437	Port Input	1	7574712	2253	5
874	438	Nothing	110	7574742	0	1			0		false_alarm	986
874	438	Response	2	7576181	1439	6
874	438	Port Input	1	7576181	1439	6
874	438	Response	2	7577573	2831	6
874	438	Port Input	1	7577573	2831	6
874	439	Nothing	19	7608183	0	1			0		other	0
874	441	Nothing	99	7634629	0	1			0		other	0
874	442	Nothing	52	7634743	0	1			0		other	0
874	442	Response	2	7636292	1549	6
874	442	Port Input	1	7636292	1549	6
874	443	Nothing	110	7636325	0	1			0		false_alarm	996
874	443	Response	2	7636699	374	6
874	443	Port Input	1	7636699	374	6
874	443	Response	2	7637515	1190	6
874	443	Port Input	1	7637515	1190	6
874	443	Response	3	7639009	2684	6
874	443	Port Input	4	7639009	2684	6
874	444	Nothing	19	7669790	0	1			0		other	0
874	445	Nothing	99	7683184	0	1			0		other	0
874	446	Nothing	52	7683303	0	1			0		other	0
874	446	Response	2	7686109	2806	6
874	446	Port Input	1	7686109	2806	6
874	447	Nothing	110	7686139	0	1			0		false_alarm	1008
874	447	Response	3	7688238	2099	4
874	447	Port Input	4	7688238	2099	4
874	447	Response	3	7690187	4048	4
874	447	Port Input	4	7690187	4048	4
874	448	Nothing	19	7719558	0	1			0		other	0
874	449	Nothing	99	7754340	0	1			0		other	0
874	450	Nothing	52	7754461	0	1			0		other	0
874	450	Response	3	7759524	5063	6
874	450	Port Input	4	7759524	5063	6
874	451	Nothing	111	7759563	0	1			0		false_alarm	1018
874	451	Response	3	7760942	1379	4
874	451	Port Input	4	7760942	1379	4
874	452	Nothing	19	7793042	0	1			0		other	0
874	453	Nothing	99	7806344	0	1			0		other	0
874	454	Nothing	51	7806513	0	1			0		other	0
874	454	Response	2	7807898	1385	6
874	454	Port Input	1	7807898	1385	6
874	455	Nothing	100	7807938	0	1			0		false_alarm	1026
874	455	Response	2	7810332	2394	5
874	455	Port Input	1	7810332	2394	5
874	456	Nothing	19	7841379	0	1			0		other	0
874	457	Nothing	99	7863582	0	1			0		other	0
874	458	Nothing	51	7863705	0	1			0		other	0
874	458	Response	3	7869059	5354	4
874	458	Port Input	4	7869059	5354	4
874	459	Nothing	101	7869091	0	1			0		false_alarm	1034
874	459	Response	3	7871946	2855	6
874	459	Port Input	4	7871946	2855	6
874	459	Response	3	7876220	7129	6
874	459	Port Input	4	7876220	7129	6
874	459	Response	3	7880962	11871	6
874	459	Port Input	4	7880962	11871	6
874	460	Nothing	19	7902591	0	1			0		other	0
874	462	Nothing	99	7916033	0	1			0		other	0
874	463	Nothing	51	7916153	0	1			0		other	0
874	463	Response	2	7918367	2214	6
874	463	Port Input	1	7918367	2214	6
874	464	Nothing	100	7918405	0	1			0		false_alarm	1046
874	464	Response	2	7919519	1114	6
874	464	Port Input	1	7919519	1114	6
874	465	Nothing	19	7951859	0	1			0		other	0
874	466	Nothing	99	7998117	0	1			0		other	0
874	467	Nothing	51	7998245	0	1			0		other	0
874	467	Response	3	8001487	3242	6
874	467	Port Input	4	8001487	3242	6
874	468	Nothing	101	8001522	0	1			0		false_alarm	1054
874	468	Response	3	8003164	1642	6
874	468	Port Input	4	8003164	1642	6
874	468	Response	3	8008879	7357	6
874	468	Port Input	4	8008879	7357	6
874	469	Nothing	19	8034983	0	1			0		other	0
874	470	Nothing	99	8057801	0	1			0		other	0
874	471	Nothing	51	8057925	0	1			0		other	0
874	471	Response	2	8060961	3036	6
874	471	Port Input	1	8060961	3036	6
874	472	Nothing	100	8060999	0	1			0		false_alarm	1064
874	472	Response	2	8062364	1365	6
874	472	Port Input	1	8062364	1365	6
874	473	Nothing	19	8094493	0	1			0		other	0
874	474	Nothing	99	8127190	0	1			0		other	0
874	475	Nothing	51	8127312	0	1			0		other	0
874	475	Response	2	8130901	3589	6
874	475	Port Input	1	8130901	3589	6
874	476	Nothing	100	8130938	0	1			0		false_alarm	1072
874	476	Response	2	8132150	1212	6
874	476	Port Input	1	8132150	1212	6
874	476	Response	3	8139329	8391	6
874	476	Port Input	4	8139329	8391	6
874	477	Nothing	19	8164381	0	1			0		other	0
874	478	Nothing	99	8176698	0	1			0		other	0
874	479	Nothing	51	8176821	0	1			0		other	0
874	479	Response	3	8178433	1612	6
874	479	Port Input	4	8178433	1612	6
874	480	Nothing	101	8178471	0	1			0		false_alarm	1082
874	480	Response	3	8179863	1392	3
874	480	Port Input	4	8179863	1392	3
874	481	Nothing	19	8211895	0	1			0		other	0
874	483	Nothing	99	8256495	0	1			0		other	0
874	484	Nothing	52	8256643	0	1			0		other	0
874	484	Response	3	8258068	1425	6
874	484	Port Input	4	8258068	1425	6
874	485	Nothing	111	8258106	0	1			0		false_alarm	1090
874	485	Response	3	8260494	2388	6
874	485	Port Input	4	8260494	2388	6
874	486	Nothing	19	8291568	0	1			0		other	0
874	487	Nothing	99	8313312	0	1			0		other	0
874	488	Nothing	51	8313478	0	1			0		other	0
874	488	Response	2	8316767	3289	6
874	488	Port Input	1	8316767	3289	6
874	489	Nothing	100	8316807	0	1			0		false_alarm	1098
874	489	Response	2	8318292	1485	4
874	489	Port Input	1	8318292	1485	4
874	490	Nothing	19	8350261	0	1			0		other	0
874	491	Nothing	99	8363789	0	1			0		other	0
874	492	Nothing	51	8363911	0	1			0		other	0
874	492	Response	3	8365320	1409	6
874	492	Port Input	4	8365320	1409	6
874	493	Nothing	101	8365352	0	1			0		false_alarm	1106
874	493	Response	3	8367722	2370	5
874	493	Port Input	4	8367722	2370	5
874	493	Response	3	8370717	5365	6
874	493	Port Input	4	8370717	5365	6
874	494	Nothing	19	8398868	0	1			0		other	0
874	495	Nothing	99	8409101	0	1			0		other	0
874	496	Nothing	52	8409263	0	1			0		other	0
874	496	Response	2	8411994	2731	6
874	496	Port Input	1	8411994	2731	6
874	497	Nothing	110	8412027	0	1			0		false_alarm	1116
874	497	Response	2	8413460	1433	5
874	497	Port Input	1	8413460	1433	5
874	497	Response	2	8414721	2694	6
874	497	Port Input	1	8414721	2694	6
874	498	Nothing	19	8445492	0	1			0		other	0
874	499	Nothing	99	8485346	0	1			0		other	0
874	500	Nothing	52	8485470	0	1			0		other	0
874	500	Response	2	8487437	1967	4
874	500	Port Input	1	8487437	1967	4
874	501	Nothing	110	8487469	0	1			0		false_alarm	1126
874	501	Response	2	8488894	1425	5
874	501	Port Input	1	8488894	1425	5
874	501	Response	3	8490536	3067	6
874	501	Port Input	4	8490536	3067	6
874	502	Nothing	19	8520902	0	1			0		other	0
874	504	Nothing	99	8560622	0	1			0		other	0
874	505	Nothing	52	8560735	0	1			0		other	0
874	505	Response	3	8563753	3018	6
874	505	Port Input	4	8563753	3018	6
874	506	Nothing	111	8563793	0	1			0		false_alarm	1136
874	506	Response	3	8566502	2709	6
874	506	Port Input	4	8566502	2709	6
874	507	Nothing	19	8597254	0	1			0		other	0
874	508	Nothing	99	8620950	0	1			0		other	0
874	509	Nothing	52	8621072	0	1			0		other	0
874	509	Response	3	8623919	2847	6
874	509	Port Input	4	8623919	2847	6
874	510	Nothing	111	8623954	0	1			0		false_alarm	1144
874	510	Response	3	8625376	1422	6
874	510	Port Input	4	8625376	1422	6
874	511	Nothing	19	8657358	0	1			0		other	0
874	512	Nothing	99	8674405	0	1			0		other	0
874	513	Nothing	51	8674575	0	1			0		other	0
874	513	Response	3	8677489	2914	6
874	513	Port Input	4	8677489	2914	6
874	514	Nothing	101	8677521	0	1			0		false_alarm	1152
874	514	Response	3	8679206	1685	6
874	514	Port Input	4	8679206	1685	6
874	514	Response	3	8682201	4680	6
874	514	Port Input	4	8682201	4680	6
874	515	Nothing	19	8710944	0	1			0		other	0
874	516	Nothing	99	8733881	0	1			0		other	0
874	517	Nothing	51	8734008	0	1			0		other	0
874	517	Response	2	8737100	3092	6
874	517	Port Input	1	8737100	3092	6
874	518	Nothing	100	8737140	0	1			0		false_alarm	1162
874	518	Response	2	8738430	1290	6
874	518	Port Input	1	8738430	1290	6
874	518	Response	2	8740048	2908	6
874	518	Port Input	1	8740048	2908	6
874	518	Response	2	8741270	4130	6
874	518	Port Input	1	8741270	4130	6
874	519	Nothing	19	8770599	0	1			0		other	0
874	520	Nothing	99	8790561	0	1			0		other	0
874	521	Nothing	51	8790685	0	1			0		other	0
874	521	Response	3	8792402	1717	6
874	521	Port Input	4	8792402	1717	6
874	522	Nothing	101	8792437	0	1			0		false_alarm	1174
874	522	Response	3	8794085	1648	6
874	522	Port Input	4	8794085	1648	6
874	522	Response	3	8795679	3242	6
874	522	Port Input	4	8795679	3242	6
874	523	Nothing	19	8825935	0	1			0		other	0
874	525	Nothing	99	8858776	0	1			0		other	0
874	526	Nothing	52	8858924	0	1			0		other	0
874	526	Response	3	8860677	1753	6
874	526	Port Input	4	8860677	1753	6
874	527	Nothing	111	8860717	0	1			0		false_alarm	1184
874	527	Response	3	8861718	1001	6
874	527	Port Input	4	8861718	1001	6
874	528	Nothing	19	8894128	0	1			0		other	0
874	529	Nothing	99	8904926	0	1			0		other	0
874	530	Nothing	51	8905087	0	1			0		other	0
874	530	Response	3	8907785	2698	6
874	530	Port Input	4	8907785	2698	6
874	531	Nothing	101	8907817	0	1			0		false_alarm	1192
874	531	Response	3	8909452	1635	5
874	531	Port Input	4	8909452	1635	5
874	531	Response	3	8909456	1639	6
874	531	Port Input	4	8909456	1639	6
874	531	Response	3	8912731	4914	6
874	531	Port Input	4	8912731	4914	6
874	532	Nothing	19	8941327	0	1			0		other	0
874	533	Nothing	99	8985382	0	1			0		other	0
874	534	Nothing	51	8985504	0	1			0		other	0
874	534	Response	3	8988325	2821	6
874	534	Port Input	4	8988325	2821	6
874	535	Nothing	101	8988359	0	1			0		false_alarm	1204
874	535	Response	3	8989886	1527	6
874	535	Port Input	4	8989886	1527	6
874	536	Nothing	19	9021796	0	1			0		other	0
874	537	Nothing	99	9032463	0	1			0		other	0
874	538	Nothing	51	9032587	0	1			0		other	0
874	538	Response	2	9034614	2027	6
874	538	Port Input	1	9034614	2027	6
874	539	Nothing	100	9034652	0	1			0		false_alarm	1212
874	539	Response	2	9035557	905	6
874	539	Port Input	1	9035557	905	6
874	539	Response	2	9037729	3077	6
874	539	Port Input	1	9037729	3077	6
874	540	Nothing	19	9068105	0	1			0		other	0
874	541	Nothing	99	9083463	0	1			0		other	0
874	542	Nothing	51	9083586	0	1			0		other	0
874	542	Response	3	9085113	1527	6
874	542	Port Input	4	9085113	1527	6
874	543	Nothing	101	9085146	0	1			0		false_alarm	1222
874	543	Response	3	9086641	1495	6
874	543	Port Input	4	9086641	1495	6
874	544	Nothing	19	9118617	0	1			0		other	0
874	546	Nothing	99	9152414	0	1			0		other	0
874	547	Nothing	52	9152577	0	1			0		other	0
874	547	Response	2	9155499	2922	4
874	547	Port Input	1	9155499	2922	4
874	548	Nothing	110	9155529	0	1			0		false_alarm	1230
874	548	Response	2	9157465	1936	5
874	548	Port Input	1	9157465	1936	5
874	549	Nothing	19	9188983	0	1			0		other	0
874	550	Nothing	99	9223618	0	1			0		other	0
874	551	Nothing	52	9223742	0	1			0		other	0
874	551	Response	2	9225816	2074	6
874	551	Port Input	1	9225816	2074	6
874	552	Nothing	110	9225851	0	1			0		false_alarm	1238
874	552	Response	2	9227022	1171	6
874	552	Port Input	1	9227022	1171	6
874	552	Response	3	9230542	4691	6
874	552	Port Input	4	9230542	4691	6
874	553	Nothing	19	9259288	0	1			0		other	0
874	554	Nothing	99	9301139	0	1			0		other	0
874	555	Nothing	51	9301306	0	1			0		other	0
874	555	Response	2	9303104	1798	6
874	555	Port Input	1	9303104	1798	6
874	556	Nothing	100	9303144	0	1			0		false_alarm	1248
874	556	Response	2	9304141	997	6
874	556	Port Input	1	9304141	997	6
874	556	Response	2	9306842	3698	6
874	556	Port Input	1	9306842	3698	6
874	556	Response	2	9308322	5178	6
874	556	Port Input	1	9308322	5178	6
874	557	Nothing	19	9336620	0	1			0		other	0
874	558	Nothing	99	9367496	0	1			0		other	0
874	559	Nothing	51	9367626	0	1			0		other	0
874	559	Response	2	9370761	3135	6
874	559	Port Input	1	9370761	3135	6
874	560	Nothing	100	9370800	0	1			0		false_alarm	1260
874	560	Response	2	9371843	1043	6
874	560	Port Input	1	9371843	1043	6
874	560	Response	2	9374329	3529	6
874	560	Port Input	1	9374329	3529	6
874	561	Nothing	19	9404250	0	1			0		other	0
874	562	Nothing	99	9420523	0	1			0		other	0
874	563	Nothing	52	9420687	0	1			0		other	0
874	563	Response	3	9423666	2979	6
874	563	Port Input	4	9423666	2979	6
874	564	Nothing	111	9423704	0	1			0		false_alarm	1270
874	564	Response	3	9425186	1482	6
874	564	Port Input	4	9425186	1482	6
874	565	Nothing	19	9457319	0	1			0		other	0
874	567	Nothing	99	9489463	0	1			0		other	0
874	568	Nothing	52	9489583	0	1			0		other	0
874	568	Response	3	9492251	2668	6
874	568	Port Input	4	9492251	2668	6
874	569	Nothing	111	9492291	0	1			0		false_alarm	1278
874	569	Response	3	9494892	2601	6
874	569	Port Input	4	9494892	2601	6
874	570	Nothing	19	9525703	0	1			0		other	0
874	571	Nothing	99	9548930	0	1			0		other	0
874	572	Nothing	51	9549098	0	1			0		other	0
874	572	Response	2	9550857	1759	6
874	572	Port Input	1	9550857	1759	6
874	573	Nothing	100	9550894	0	1			0		false_alarm	1286
874	573	Response	2	9554001	3107	6
874	573	Port Input	1	9554001	3107	6
874	573	Response	2	9556902	6008	6
874	573	Port Input	1	9556902	6008	6
874	574	Nothing	19	9584344	0	1			0		other	0
874	575	Nothing	99	9608117	0	1			0		other	0
874	576	Nothing	52	9608281	0	1			0		other	0
874	576	Response	3	9612894	4613	6
874	576	Port Input	4	9612894	4613	6
874	577	Nothing	111	9612931	0	1			0		false_alarm	1296
874	577	Response	3	9614440	1509	6
874	577	Port Input	4	9614440	1509	6
874	578	Nothing	19	9646449	0	1			0		other	0
874	579	Nothing	99	9691232	0	1			0		other	0
874	580	Nothing	52	9691356	0	1			0		other	0
874	580	Response	3	9694088	2732	6
874	580	Port Input	4	9694088	2732	6
874	581	Nothing	111	9694125	0	1			0		false_alarm	1304
874	581	Response	3	9695435	1310	6
874	581	Port Input	4	9695435	1310	6
874	582	Nothing	19	9727558	0	1			0		other	0
874	583	Nothing	99	9777299	0	1			0		other	0
874	584	Nothing	51	9777466	0	1			0		other	0
874	584	Response	2	9780939	3473	6
874	584	Port Input	1	9780939	3473	6
874	585	Nothing	100	9780979	0	1			0		false_alarm	1312
874	585	Response	2	9783575	2596	6
874	585	Port Input	1	9783575	2596	6
874	586	Nothing	19	9814434	0	1			0		other	0
874	588	Nothing	99	9855703	0	1			0		other	0
874	589	Nothing	51	9855824	0	1			0		other	0
874	589	Response	3	9859019	3195	5
874	589	Port Input	4	9859019	3195	5
874	590	Nothing	101	9859051	0	1			0		false_alarm	1320
874	590	Response	3	9862170	3119	5
874	590	Port Input	4	9862170	3119	5
874	590	Response	3	9867254	8203	6
874	590	Port Input	4	9867254	8203	6
874	591	Nothing	19	9892749	0	1			0		other	0
874	592	Nothing	99	9911073	0	1			0		other	0
874	593	Nothing	51	9911195	0	1			0		other	0
874	593	Response	2	9913149	1954	6
874	593	Port Input	1	9913149	1954	6
874	594	Nothing	100	9913190	0	1			0		false_alarm	1330
874	594	Response	2	9914447	1257	6
874	594	Port Input	1	9914447	1257	6
874	595	Nothing	19	9946657	0	1			0		other	0
874	596	Nothing	99	9989124	0	1			0		other	0
874	597	Nothing	52	9989291	0	1			0		other	0
874	597	Response	3	9992419	3128	6
874	597	Port Input	4	9992419	3128	6
874	598	Nothing	111	9992459	0	1			0		false_alarm	1338
874	598	Response	3	9995155	2696	6
874	598	Port Input	4	9995155	2696	6
874	599	Nothing	19	10025950	0	1			0		other	0
874	600	Nothing	99	10038101	0	1			0		other	0
874	601	Nothing	51	10038278	0	1			0		other	0
874	601	Response	2	10040407	2129	7
874	601	Port Input	1	10040407	2129	7
874	602	Nothing	100	10040450	0	1			0		false_alarm	1346
874	602	Response	2	10041483	1033	7
874	602	Port Input	1	10041483	1033	7
874	603	Nothing	19	10074042	0	1			0		other	0
874	604	Nothing	99	10087947	0	1			0		other	0
874	605	Nothing	51	10088071	0	1			0		other	0
874	605	Response	2	10090149	2078	6
874	605	Port Input	1	10090149	2078	6
874	606	Nothing	100	10090189	0	1			0		false_alarm	1354
874	606	Response	2	10090910	721	6
874	606	Port Input	1	10090910	721	6
874	606	Response	2	10093635	3446	6
874	606	Port Input	1	10093635	3446	6
874	607	Nothing	19	10123641	0	1			0		other	0
874	609	Nothing	99	10147239	0	1			0		other	0
874	610	Nothing	52	10147398	0	1			0		other	0
874	610	Response	3	10150635	3237	5
874	610	Port Input	4	10150635	3237	5
874	611	Nothing	111	10150672	0	1			0		false_alarm	1364
874	611	Response	3	10151928	1256	6
874	611	Port Input	4	10151928	1256	6
874	612	Nothing	19	10184165	0	1			0		other	0
874	613	Nothing	99	10211029	0	1			0		other	0
874	614	Nothing	52	10211157	0	1			0		other	0
874	614	Response	3	10212635	1478	5
874	614	Port Input	4	10212635	1478	5
874	615	Nothing	111	10212672	0	1			0		false_alarm	1372
874	615	Response	3	10215066	2394	6
874	615	Port Input	4	10215066	2394	6
874	616	Nothing	19	10246072	0	1			0		other	0
874	617	Nothing	99	10274306	0	1			0		other	0
874	618	Nothing	52	10274429	0	1			0		other	0
874	618	Response	2	10278050	3621	6
874	618	Port Input	1	10278050	3621	6
874	619	Nothing	110	10278081	0	1			0		false_alarm	1380
874	619	Response	2	10279958	1877	6
874	619	Port Input	1	10279958	1877	6
874	619	Response	3	10281533	3452	5
874	619	Port Input	4	10281533	3452	5
874	619	Response	3	10284753	6672	5
874	619	Port Input	4	10284753	6672	5
874	620	Nothing	19	10311529	0	1			0		other	0
874	621	Nothing	99	10330866	0	1			0		other	0
874	622	Nothing	52	10330984	0	1			0		other	0
874	622	Response	2	10334284	3300	6
874	622	Port Input	1	10334284	3300	6
874	623	Nothing	110	10334316	0	1			0		false_alarm	1392
874	623	Response	3	10335986	1670	6
874	623	Port Input	4	10335986	1670	6
874	624	Nothing	19	10367710	0	1			0		other	0
874	625	Nothing	99	10392149	0	1			0		other	0
874	626	Nothing	52	10392277	0	1			0		other	0
874	626	Response	3	10393634	1357	6
874	626	Port Input	4	10393634	1357	6
874	627	Nothing	111	10393675	0	1			0		false_alarm	1400
874	627	Response	3	10396083	2408	6
874	627	Port Input	4	10396083	2408	6
874	628	Nothing	19	10427178	0	1			0		other	0
874	630	Nothing	99	10447583	0	1			0		other	0
874	631	Nothing	52	10447698	0	1			0		other	0
874	631	Response	2	10453116	5418	4
874	631	Port Input	1	10453116	5418	4
874	632	Nothing	110	10453148	0	1			0		false_alarm	1408
874	632	Response	3	10454537	1389	6
874	632	Port Input	4	10454537	1389	6
874	632	Response	3	10456091	2943	6
874	632	Port Input	4	10456091	2943	6
874	633	Nothing	19	10486579	0	1			0		other	0
874	634	Nothing	99	10507276	0	1			0		other	0
874	635	Nothing	52	10507403	0	1			0		other	0
874	635	Response	3	10509067	1664	6
874	635	Port Input	4	10509067	1664	6
874	636	Nothing	111	10509109	0	1			0		false_alarm	1418
874	636	Response	3	10511692	2583	6
874	636	Port Input	4	10511692	2583	6
874	637	Nothing	19	10542624	0	1			0		other	0
874	638	Nothing	99	10560610	0	1			0		other	0
874	639	Nothing	52	10560730	0	1			0		other	0
874	639	Response	2	10563788	3058	3
874	639	Port Input	1	10563788	3058	3
874	640	Nothing	110	10563819	0	1			0		false_alarm	1426
874	640	Response	2	10564044	225	6
874	640	Port Input	1	10564044	225	6
874	640	Response	2	10565510	1691	6
874	640	Port Input	1	10565510	1691	6
874	641	Nothing	19	10597295	0	1			0		other	0
874	642	Nothing	99	10636982	0	1			0		other	0
874	643	Nothing	52	10637106	0	1			0		other	0
874	643	Response	2	10639145	2039	6
874	643	Port Input	1	10639145	2039	6
874	644	Nothing	110	10639179	0	1			0		other	0
874	645	Nothing	19	10672635	0	1			0		other	0
874	646	Nothing	99	10704400	0	1			0		other	0
874	647	Nothing	52	10704522	0	1			0		other	0
874	647	Response	2	10706458	1936	6
874	647	Port Input	1	10706458	1936	6
874	648	Nothing	110	10706493	0	1			0		false_alarm	1442
874	648	Response	2	10707038	545	6
874	648	Port Input	1	10707038	545	6
874	648	Response	2	10708103	1610	5
874	648	Port Input	1	10708103	1610	5
874	649	Nothing	19	10739579	0	1			0		other	0
874	651	Nothing	99	10759984	0	1			0		other	0
874	652	Nothing	51	10760135	0	1			0		other	0
874	652	Response	2	10761999	1864	5
874	652	Port Input	1	10761999	1864	5
874	653	Nothing	100	10762038	0	1			0		false_alarm	1452
874	653	Response	2	10763130	1092	4
874	653	Port Input	1	10763130	1092	4
874	653	Response	2	10765738	3700	6
874	653	Port Input	1	10765738	3700	6
874	654	Nothing	19	10795518	0	1			0		other	0
874	655	Nothing	99	10814698	0	1			0		other	0
874	656	Nothing	51	10814821	0	1			0		other	0
874	656	Response	3	10817873	3052	3
874	656	Port Input	4	10817873	3052	3
874	657	Nothing	101	10817903	0	1			0		false_alarm	1462
874	657	Response	3	10819596	1693	5
874	657	Port Input	4	10819596	1693	5
874	658	Nothing	19	10851362	0	1			0		other	0
874	659	Nothing	99	10888542	0	1			0		other	0
874	660	Nothing	51	10888663	0	1			0		other	0
874	660	Response	2	10891901	3238	6
874	660	Port Input	1	10891901	3238	6
874	661	Nothing	100	10891944	0	1			0		false_alarm	1470
874	661	Response	2	10893220	1276	6
874	661	Port Input	1	10893220	1276	6
874	661	Response	2	10894836	2892	6
874	661	Port Input	1	10894836	2892	6
874	661	Response	2	10896090	4146	6
874	661	Port Input	1	10896090	4146	6
874	662	Nothing	19	10925454	0	1			0		other	0
874	663	Nothing	99	10963901	0	1			0		other	0
874	664	Nothing	52	10964071	0	1			0		other	0
874	664	Response	2	10966226	2155	6
874	664	Port Input	1	10966226	2155	6
874	665	Nothing	110	10966261	0	1			0		false_alarm	1482
874	665	Response	2	10967718	1457	6
874	665	Port Input	1	10967718	1457	6
874	665	Response	3	10969264	3003	6
874	665	Port Input	4	10969264	3003	6
874	666	Nothing	19	10999715	0	1			0		other	0
874	667	Nothing	99	11018722	0	1			0		other	0
874	668	Nothing	52	11018845	0	1			0		other	0
874	669	Nothing	77	11038859	0	1			0		other	0
874	670	Nothing	19	11071704	0	1			0		other	0
874	672	Nothing	99	11086818	0	1			0		other	0
874	673	Nothing	52	11086941	0	1			0		other	0
874	673	Response	2	11088976	2035	6
874	673	Port Input	1	11088976	2035	6
874	674	Nothing	110	11089008	0	1			0		false_alarm	1496
874	674	Response	2	11090333	1325	6
874	674	Port Input	1	11090333	1325	6
874	674	Response	3	11092174	3166	6
874	674	Port Input	4	11092174	3166	6
874	675	Nothing	19	11122638	0	1			0		other	0
874	676	Nothing	99	11152029	0	1			0		other	0
874	677	Nothing	52	11152153	0	1			0		other	0
874	677	Response	2	11154352	2199	6
874	677	Port Input	1	11154352	2199	6
874	678	Nothing	110	11154387	0	1			0		false_alarm	1506
874	678	Response	2	11158808	4421	6
874	678	Port Input	1	11158808	4421	6
874	679	Nothing	19	11187862	0	1			0		other	0
874	680	Nothing	99	11199023	0	1			0		other	0
874	681	Nothing	52	11199149	0	1			0		other	0
874	682	Nothing	77	11219164	0	1			0		other	0
874	683	Nothing	19	11252049	0	1			0		other	0
874	684	Nothing	99	11277534	0	1			0		other	0
874	685	Nothing	52	11277653	0	1			0		other	0
874	685	Response	3	11288888	11235	6
874	685	Port Input	4	11288888	11235	6
874	686	Nothing	111	11288925	0	1			0		false_alarm	1518
874	686	Response	3	11293177	4252	5
874	686	Port Input	4	11293177	4252	5
874	686	Response	2	11295438	6513	6
874	686	Port Input	1	11295438	6513	6
874	686	Response	2	11295693	6768	6
874	686	Port Input	1	11295693	6768	6
874	686	Response	3	11308880	19955	6
874	686	Port Input	4	11308880	19955	6
874	686	Response	3	11313735	24810	6
874	686	Port Input	4	11313735	24810	6
874	686	Response	3	11313879	24954	4
874	686	Port Input	4	11313879	24954	4
874	687	Nothing	19	11322431	0	1			0		other	0
874	688	Nothing	99	11332874	0	1			0		other	0
874	689	Nothing	52	11332999	0	1			0		other	0
874	689	Response	3	11337421	4422	4
874	689	Port Input	4	11337421	4422	4
874	690	Nothing	111	11337459	0	1			0		false_alarm	1536
874	690	Response	3	11339867	2408	6
874	690	Port Input	4	11339867	2408	6
874	691	Nothing	19	11370905	0	1			0		other	0
874	693	Nothing	99	11383991	0	1			0		other	0
874	694	Nothing	51	11384139	0	1			0		other	0
874	694	Response	3	11387191	3052	6
874	694	Port Input	4	11387191	3052	6
874	695	Nothing	101	11387225	0	1			0		false_alarm	1544
874	695	Response	3	11388637	1412	6
874	695	Port Input	4	11388637	1412	6
874	695	Response	3	11395307	8082	6
874	695	Port Input	4	11395307	8082	6
874	696	Nothing	19	11420617	0	1			0		other	0
874	697	Nothing	99	11437661	0	1			0		other	0
874	698	Nothing	52	11437826	0	1			0		other	0
874	699	Nothing	77	11457841	0	1			0		other	0
874	700	Nothing	19	11490679	0	1			0		other	0
874	701	Nothing	99	11509013	0	1			0		other	0
874	702	Nothing	51	11509176	0	1			0		other	0
874	702	Response	2	11512549	3373	6
874	702	Port Input	1	11512549	3373	6
874	703	Nothing	100	11512588	0	1			0		false_alarm	1558
874	703	Response	2	11513919	1331	6
874	703	Port Input	1	11513919	1331	6
874	704	Nothing	19	11546069	0	1			0		other	0
874	705	Nothing	99	11579482	0	1			0		other	0
874	706	Nothing	52	11579647	0	1			0		other	0
874	706	Response	2	11581079	1432	5
874	706	Port Input	1	11581079	1432	5
874	707	Nothing	110	11581109	0	1			0		false_alarm	1566
874	707	Response	2	11583021	1912	6
874	707	Port Input	1	11583021	1912	6
874	707	Response	3	11584713	3604	6
874	707	Port Input	4	11584713	3604	6
874	708	Nothing	19	11614503	0	1			0		other	0
874	709	Nothing	99	11635798	0	1			0		other	0
874	710	Nothing	52	11635920	0	1			0		other	0
874	710	Response	2	11638946	3026	6
874	710	Port Input	1	11638946	3026	6
874	711	Nothing	110	11638980	0	1			0		other	0
874	712	Nothing	19	11672436	0	1			0		other	0
874	714	Nothing	99	11704430	0	1			0		other	0
874	715	Nothing	52	11704552	0	1			0		other	0
874	715	Response	2	11707762	3210	6
874	715	Port Input	1	11707762	3210	6
874	716	Nothing	110	11707795	0	1			0		false_alarm	1582
874	716	Response	2	11709419	1624	6
874	716	Port Input	1	11709419	1624	6
874	717	Nothing	19	11741254	0	1			0		other	0
874	718	Nothing	99	11769128	0	1			0		other	0
874	719	Nothing	51	11769298	0	1			0		other	0
874	719	Response	2	11773823	4525	4
874	719	Port Input	1	11773823	4525	4
874	720	Nothing	100	11773860	0	1			0		false_alarm	1590
874	720	Response	2	11776315	2455	6
874	720	Port Input	1	11776315	2455	6
874	721	Nothing	19	11807270	0	1			0		other	0
874	722	Nothing	99	11828057	0	1			0		other	0
874	723	Nothing	52	11828221	0	1			0		other	0
874	723	Response	2	11830029	1808	6
874	723	Port Input	1	11830029	1808	6
874	724	Nothing	110	11830063	0	1			0		false_alarm	1598
874	724	Response	3	11833534	3471	6
874	724	Port Input	4	11833534	3471	6
874	724	Response	3	11838742	8679	6
874	724	Port Input	4	11838742	8679	6
874	725	Nothing	19	11863506	0	1			0		other	0
874	726	Nothing	99	11906192	0	1			0		other	0
874	727	Nothing	52	11906309	0	1			0		other	0
874	727	Response	3	11912403	6094	6
874	727	Port Input	4	11912403	6094	6
874	728	Nothing	111	11912438	0	1			0		false_alarm	1608
874	728	Response	3	11915009	2571	4
874	728	Port Input	4	11915009	2571	4
874	728	Response	3	11915012	2574	6
874	728	Port Input	4	11915012	2574	6
874	729	Nothing	19	11945874	0	1			0		other	0
874	730	Nothing	99	11966507	0	1			0		other	0
874	731	Nothing	51	11966670	0	1			0		other	0
874	731	Response	2	11968791	2121	6
874	731	Port Input	1	11968791	2121	6
874	732	Nothing	100	11968832	0	1			0		false_alarm	1618
874	732	Response	2	11969640	808	6
874	732	Port Input	1	11969640	808	6
874	733	Nothing	19	12002322	0	1			0		other	0
874	735	Nothing	99	12015239	0	1			0		other	0
874	736	Nothing	51	12015354	0	1			0		other	0
874	736	Response	2	12016618	1264	4
874	736	Port Input	1	12016618	1264	4
874	737	Nothing	100	12016654	0	1			0		false_alarm	1626
874	737	Response	2	12018980	2326	6
874	737	Port Input	1	12018980	2326	6
874	737	Response	2	12021841	5187	6
874	737	Port Input	1	12021841	5187	6
874	738	Nothing	19	12050106	0	1			0		other	0
874	739	Nothing	99	12064314	0	1			0		other	0
874	740	Nothing	51	12064436	0	1			0		other	0
874	740	Response	2	12066207	1771	6
874	740	Port Input	1	12066207	1771	6
874	741	Nothing	100	12066244	0	1			0		false_alarm	1636
874	741	Response	2	12067459	1215	5
874	741	Port Input	1	12067459	1215	5
874	742	Nothing	19	12099714	0	1			0		other	0
874	743	Nothing	99	12119673	0	1			0		other	0
874	744	Nothing	52	12119842	0	1			0		other	0
874	744	Response	2	12121082	1240	6
874	744	Port Input	1	12121082	1240	6
874	745	Nothing	110	12121116	0	1			0		false_alarm	1644
874	745	Response	2	12122598	1482	5
874	745	Port Input	1	12122598	1482	5
874	745	Response	3	12125966	4850	6
874	745	Port Input	4	12125966	4850	6
874	746	Nothing	19	12154567	0	1			0		other	0
874	747	Nothing	99	12171777	0	1			0		other	0
874	748	Nothing	52	12171900	0	1			0		other	0
874	748	Response	2	12174409	2509	6
874	748	Port Input	1	12174409	2509	6
874	749	Nothing	110	12174444	0	1			0		false_alarm	1654
874	749	Response	2	12175585	1141	5
874	749	Port Input	1	12175585	1141	5
874	750	Nothing	19	12207899	0	1			0		other	0
874	751	Nothing	99	12244383	0	1			0		other	0
874	752	Nothing	51	12244545	0	1			0		other	0
874	752	Response	2	12246544	1999	6
874	752	Port Input	1	12246544	1999	6
874	753	Nothing	100	12246585	0	1			0		false_alarm	1662
874	753	Response	3	12249753	3168	6
874	753	Port Input	4	12249753	3168	6
874	754	Nothing	19	12280063	0	1			0		other	0
874	756	Nothing	99	12321805	0	1			0		other	0
874	757	Nothing	52	12321952	0	1			0		other	0
874	757	Response	2	12324829	2877	5
874	757	Port Input	1	12324829	2877	5
874	758	Nothing	110	12324859	0	1			0		false_alarm	1670
874	758	Response	2	12327541	2682	6
874	758	Port Input	1	12327541	2682	6
874	758	Response	2	12328720	3861	6
874	758	Port Input	1	12328720	3861	6
874	759	Nothing	19	12358384	0	1			0		other	0
874	760	Nothing	99	12396780	0	1			0		other	0
874	761	Nothing	52	12396907	0	1			0		other	0
874	761	Response	2	12400763	3856	6
874	761	Port Input	1	12400763	3856	6
874	762	Nothing	110	12400798	0	1			0		false_alarm	1680
874	762	Response	2	12402839	2041	6
874	762	Port Input	1	12402839	2041	6
874	763	Nothing	19	12434217	0	1			0		other	0
874	764	Nothing	99	12460339	0	1			0		other	0
874	765	Nothing	52	12460457	0	1			0		other	0
874	765	Response	2	12462066	1609	6
874	765	Port Input	1	12462066	1609	6
874	766	Nothing	110	12462099	0	1			0		false_alarm	1688
874	766	Response	2	12463528	1429	6
874	766	Port Input	1	12463528	1429	6
874	766	Response	3	12465232	3133	6
874	766	Port Input	4	12465232	3133	6
874	767	Nothing	19	12495579	0	2			0		other	0
874	768	Nothing	99	12535531	0	1			0		other	0
874	769	Nothing	51	12535702	0	1			0		other	0
874	769	Response	2	12538644	2942	6
874	769	Port Input	1	12538644	2942	6
874	770	Nothing	100	12538687	0	1			0		false_alarm	1698
874	770	Response	2	12540067	1380	6
874	770	Port Input	1	12540067	1380	6
874	771	Nothing	19	12572126	0	1			0		other	0
874	772	Nothing	99	12601883	0	1			0		other	0
874	773	Nothing	51	12602011	0	1			0		other	0
874	773	Response	2	12604886	2875	6
874	773	Port Input	1	12604886	2875	6
874	774	Nothing	100	12604925	0	1			0		false_alarm	1706
874	774	Response	2	12606077	1152	6
874	774	Port Input	1	12606077	1152	6
874	774	Response	2	12607637	2712	5
874	774	Port Input	1	12607637	2712	5
874	774	Response	2	12608748	3823	6
874	774	Port Input	1	12608748	3823	6
874	775	Nothing	19	12638404	0	1			0		other	0
874	777	Nothing	99	12656996	0	1			0		other	0
874	778	Nothing	52	12657159	0	1			0		other	0
874	778	Response	2	12658794	1635	6
874	778	Port Input	1	12658794	1635	6
874	779	Nothing	110	12658827	0	1			0		other	0
874	780	Nothing	19	12692279	0	1			0		other	0
874	781	Nothing	99	12728367	0	1			0		other	0
874	782	Nothing	52	12728489	0	1			0		other	0
874	782	Response	2	12730480	1991	6
874	782	Port Input	1	12730480	1991	6
874	783	Nothing	110	12730513	0	1			0		false_alarm	1724
874	783	Response	2	12731004	491	6
874	783	Port Input	1	12731004	491	6
874	783	Response	3	12733833	3320	6
874	783	Port Input	4	12733833	3320	6
874	784	Nothing	19	12763978	0	1			0		other	0
874	785	Nothing	99	12791536	0	1			0		other	0
874	786	Nothing	52	12791659	0	1			0		other	0
874	786	Response	3	12797255	5596	6
874	786	Port Input	4	12797255	5596	6
874	787	Nothing	111	12797295	0	1			0		false_alarm	1734
874	787	Response	3	12801335	4040	6
874	787	Port Input	4	12801335	4040	6
874	788	Nothing	19	12830789	0	1			0		other	0
874	789	Nothing	99	12848023	0	1			0		other	0
874	790	Nothing	51	12848186	0	1			0		other	0
874	790	Response	2	12851037	2851	5
874	790	Port Input	1	12851037	2851	5
874	791	Nothing	100	12851076	0	1			0		false_alarm	1742
874	791	Response	2	12852301	1225	6
874	791	Port Input	1	12852301	1225	6
874	791	Response	2	12854756	3680	6
874	791	Port Input	1	12854756	3680	6
874	792	Nothing	19	12884530	0	1			0		other	0
874	793	Nothing	99	12900416	0	1			0		other	0
874	794	Nothing	52	12900586	0	1			0		other	0
874	794	Response	2	12902286	1700	6
874	794	Port Input	1	12902286	1700	6
874	795	Nothing	110	12902319	0	1			0		false_alarm	1752
874	795	Response	3	12909077	6758	6
874	795	Port Input	4	12909077	6758	6
874	795	Response	3	12912085	9766	6
874	795	Port Input	4	12912085	9766	6
874	796	Nothing	19	12935717	0	1			0		other	0
874	798	Nothing	99	12947434	0	1			0		other	0
874	799	Nothing	52	12947557	0	1			0		other	0
874	799	Response	2	12950360	2803	5
874	799	Port Input	1	12950360	2803	5
874	800	Nothing	110	12950393	0	1			0		false_alarm	1762
874	800	Response	2	12951220	827	6
874	800	Port Input	1	12951220	827	6
874	800	Response	2	12952548	2155	6
874	800	Port Input	1	12952548	2155	6
874	801	Nothing	19	12983855	0	1			0		other	0
874	802	Nothing	99	13001821	0	1			0		other	0
874	803	Nothing	52	13001942	0	1			0		other	0
874	803	Response	2	13004175	2233	6
874	803	Port Input	1	13004175	2233	6
874	804	Nothing	110	13004210	0	1			0		false_alarm	1772
874	804	Response	3	13007242	3032	6
874	804	Port Input	4	13007242	3032	6
874	804	Response	3	13008652	4442	6
874	804	Port Input	4	13008652	4442	6
874	805	Nothing	19	13037675	0	1			0		other	0
874	806	Nothing	99	13058419	0	1			0		other	0
874	807	Nothing	52	13058542	0	1			0		other	0
874	807	Response	3	13064525	5983	6
874	807	Port Input	4	13064525	5983	6
874	808	Nothing	111	13064566	0	1			0		false_alarm	1782
874	808	Response	3	13066031	1465	6
874	808	Port Input	4	13066031	1465	6
874	809	Nothing	19	13098012	0	1			0		other	0
874	810	Nothing	99	13118006	0	1			0		other	0
874	811	Nothing	52	13118128	0	1			0		other	0
874	812	Nothing	77	13138144	0	1			0		other	0
874	813	Nothing	19	13170938	0	1			0		other	0
874	814	Nothing	99	13197299	0	1			0		other	0
874	815	Nothing	51	13197463	0	1			0		other	0
874	815	Response	2	13201053	3590	4
874	815	Port Input	1	13201053	3590	4
874	816	Nothing	100	13201090	0	1			0		false_alarm	1794
874	816	Response	2	13203508	2418	4
874	816	Port Input	1	13203508	2418	4
874	816	Response	2	13204991	3901	5
874	816	Port Input	1	13204991	3901	5
874	817	Nothing	19	13234581	0	1			0		other	0
874	819	Nothing	99	13260982	0	1			0		other	0
874	820	Nothing	51	13261103	0	1			0		other	0
874	821	Nothing	77	13281118	0	1			0		other	0
874	822	Nothing	19	13313999	0	1			0		other	0
874	823	Nothing	99	13343893	0	1			0		other	0
874	824	Nothing	52	13344056	0	1			0		other	0
874	824	Response	3	13347534	3478	5
874	824	Port Input	4	13347534	3478	5
874	825	Nothing	111	13347574	0	1			0		false_alarm	1808
874	825	Response	3	13350170	2596	6
874	825	Port Input	4	13350170	2596	6
874	826	Nothing	19	13381095	0	1			0		other	0
874	827	Nothing	99	13411279	0	1			0		other	0
874	828	Nothing	52	13411403	0	1			0		other	0
874	828	Response	2	13413937	2534	6
874	828	Port Input	1	13413937	2534	6
874	829	Nothing	110	13413968	0	1			0		false_alarm	1816
874	829	Response	2	13415423	1455	6
874	829	Port Input	1	13415423	1455	6
874	830	Nothing	19	13447431	0	2			0		other	0
874	831	Nothing	99	13491619	0	1			0		other	0
874	832	Nothing	52	13491741	0	1			0		other	0
874	832	Response	2	13494908	3167	6
874	832	Port Input	1	13494908	3167	6
874	833	Nothing	110	13494941	0	1			0		false_alarm	1824
874	833	Response	2	13496476	1535	6
874	833	Port Input	1	13496476	1535	6
874	834	Nothing	19	13528408	0	1			0		other	0
874	835	Nothing	99	13556370	0	1			0		other	0
874	836	Nothing	52	13556496	0	1			0		other	0
874	836	Response	3	13561376	4880	6
874	836	Port Input	4	13561376	4880	6
874	837	Nothing	111	13561416	0	1			0		false_alarm	1832
874	837	Response	3	13562747	1331	6
874	837	Port Input	4	13562747	1331	6
874	838	Nothing	19	13594820	0	1			0		other	0
874	840	Nothing	99	13614727	0	1			0		other	0
874	841	Nothing	52	13614842	0	1			0		other	0
874	842	Nothing	77	13634857	0	1			0		other	0
874	843	Nothing	19	13667842	0	1			0		other	0
874	844	Nothing	99	13713407	0	1			0		other	0
874	845	Nothing	52	13713528	0	1			0		other	0
874	846	Nothing	77	13733544	0	1			0		other	0
874	847	Nothing	19	13766499	0	1			0		other	0
874	848	Nothing	99	13796245	0	1			0		other	0
874	849	Nothing	51	13796412	0	1			0		other	0
874	850	Nothing	77	13816427	0	1			0		other	0
874	851	Nothing	19	13849351	0	1			0		other	0
874	852	Nothing	99	13862617	0	1			0		other	0
874	853	Nothing	52	13862789	0	1			0		other	0
874	853	Response	2	13866082	3293	5
874	853	Port Input	1	13866082	3293	5
874	854	Nothing	110	13866115	0	1			0		other	0
874	855	Nothing	19	13899815	0	1			0		other	0
874	856	Nothing	99	13926893	0	1			0		other	0
874	857	Nothing	51	13927071	0	1			0		other	0
874	858	Nothing	77	13947087	0	1			0		other	0
874	859	Nothing	19	13980064	0	1			0		other	0
874	861	Nothing	99	13997008	0	1			0		other	0
874	862	Nothing	52	13997158	0	1			0		other	0
874	863	Nothing	77	14017175	0	1			0		other	0
874	864	Nothing	19	14049962	0	1			0		other	0
874	865	Nothing	99	14069147	0	1			0		other	0
874	866	Nothing	51	14069311	0	1			0		other	0
874	867	Nothing	77	14089325	0	1			0		other	0
874	868	Nothing	19	14122163	0	1			0		other	0
874	869	Nothing	99	14139323	0	1			0		other	0
874	870	Nothing	52	14139487	0	1			0		other	0
874	871	Nothing	77	14159504	0	1			0		other	0
874	872	Nothing	19	14192276	0	1			0		other	0
874	873	Nothing	99	14206509	0	1			0		other	0
874	874	Nothing	51	14206674	0	1			0		other	0
874	875	Nothing	77	14226689	0	1			0		other	0
874	876	Nothing	19	14259599	0	1			0		other	0
874	877	Nothing	99	14291396	0	1			0		other	0
874	878	Nothing	51	14291518	0	1			0		other	0
874	879	Nothing	77	14311533	0	1			0		other	0
874	880	Nothing	19	14344500	0	1			0		other	0
874	882	Nothing	99	14376695	0	1			0		other	0
874	883	Nothing	52	14376842	0	1			0		other	0
874	884	Nothing	77	14396859	0	1			0		other	0
874	885	Nothing	19	14429671	0	1			0		other	0
874	886	Nothing	99	14452154	0	1			0		other	0
874	887	Nothing	52	14452277	0	1			0		other	0
874	888	Nothing	77	14472293	0	1			0		other	0
874	889	Nothing	19	14505033	0	1			0		other	0
874	890	Nothing	99	14531569	0	1			0		other	0
874	891	Nothing	52	14531693	0	1			0		other	0
874	892	Nothing	77	14551709	0	1			0		other	0
874	893	Nothing	19	14584481	0	2			0		other	0
874	894	Nothing	99	14602306	0	1			0		other	0
874	895	Nothing	52	14602426	0	1			0		other	0
874	896	Nothing	77	14622438	0	1			0		other	0
874	897	Nothing	19	14655199	0	1			0		other	0
874	898	Nothing	99	14665755	0	1			0		other	0
874	899	Nothing	52	14665875	0	1			0		other	0
874	900	Nothing	77	14685891	0	1			0		other	0
874	901	Nothing	19	14718742	0	1			0		other	0
874	903	Nothing	99	14753373	0	1			0		other	0
874	904	Nothing	52	14753496	0	1			0		other	0
874	905	Nothing	77	14773511	0	1			0		other	0
874	906	Nothing	19	14806332	0	1			0		other	0
874	907	Nothing	99	14854686	0	1			0		other	0
874	908	Nothing	51	14854852	0	1			0		other	0
874	909	Nothing	77	14874867	0	1			0		other	0
874	910	Nothing	19	14907687	0	1			0		other	0
874	911	Nothing	99	14923342	0	1			0		other	0
874	912	Nothing	52	14923505	0	1			0		other	0
874	913	Nothing	77	14943520	0	1			0		other	0
874	914	Nothing	19	14976311	0	1			0		other	0
874	915	Nothing	99	15013294	0	1			0		other	0
874	916	Nothing	52	15013417	0	1			0		other	0
874	917	Nothing	77	15033433	0	1			0		other	0
874	918	Nothing	19	15066226	0	1			0		other	0
874	919	Nothing	99	15097597	0	1			0		other	0
874	920	Nothing	52	15097718	0	1			0		other	0
874	921	Nothing	77	15117733	0	1			0		other	0
874	922	Nothing	19	15150504	0	1			0		other	0
874	924	Nothing	99	15197182	0	1			0		other	0
874	925	Nothing	52	15197300	0	1			0		other	0
874	926	Nothing	77	15217316	0	1			0		other	0
874	927	Nothing	19	15250124	0	1			0		other	0
874	928	Nothing	99	15263447	0	1			0		other	0
874	929	Nothing	52	15263568	0	1			0		other	0
874	930	Nothing	77	15283584	0	1			0		other	0
874	931	Nothing	19	15316375	0	1			0		other	0
874	932	Nothing	99	15334378	0	1			0		other	0
874	933	Nothing	52	15334499	0	1			0		other	0
874	934	Nothing	77	15354514	0	1			0		other	0
874	935	Nothing	19	15387311	0	1			0		other	0
874	936	Nothing	99	15424957	0	1			0		other	0
874	937	Nothing	52	15425078	0	1			0		other	0
874	938	Nothing	77	15445093	0	1			0		other	0
874	939	Nothing	19	15477995	0	1			0		other	0
874	940	Nothing	20	15499269	0	1			0		other	0
